10-21-2023 @ 02:18:49 - Request
method: GET
uri: https://graph.facebook.com/v16.0/fbe_business?fbe_external_business_id=okpsdoor-6454b365f14df
user-agent: Facebook-for-WooCommerce/3.0.23 (WooCommerce/7.7.2; WordPress/6.3.2)
body:
duration: 0.35007s

10-21-2023 @ 02:18:49 - Response
code: 200
message: OK
body: {"business":{"name":"Okps Door"},"ads":[{"feature_instance_id":"1653664188416318","enabled":true}],"catalogs":[{"feature_instance_id":"925632232095199","enabled":true}],"catalog_feed_scheduled":{"enabled":false},"fb_shops":[{"enabled":false}],"ig_cta":{"enabled":false},"ig_shopping":{"enabled":true},"ig_shoppings":[{"feature_instance_id":"636856034922684","enabled":true}],"messenger_chat":{"enabled":true,"domains":["https:\/\/www.okpsdoor.com\/"],"default_locale":"en_US"},"messenger_chats":[{"feature_instance_id":"1644794592633150","enabled":true,"domains":["https:\/\/www.okpsdoor.com\/"],"default_locale":"en_US"}],"messenger_menu":{"enabled":false},"page_card":{"enabled":false},"page_cta":{"enabled":false},"page_post":{"enabled":false},"page_shop":{"enabled":false},"pixels":[{"feature_instance_id":"7027469227280260","enabled":true},{"enabled":false}],"thread_intent":{"enabled":false}}

10-21-2023 @ 04:47:16 - Request
method: GET
uri: https://graph.facebook.com/v16.0/fbe_business?fbe_external_business_id=okpsdoor-6454b365f14df
user-agent: Facebook-for-WooCommerce/3.0.23 (WooCommerce/7.7.2; WordPress/6.3.2)
body:
duration: 0.15207s

10-21-2023 @ 04:47:16 - Response
code: 200
message: OK
body: {"business":{"name":"Okps Door"},"ads":[{"feature_instance_id":"1653664188416318","enabled":true}],"catalogs":[{"feature_instance_id":"925632232095199","enabled":true}],"catalog_feed_scheduled":{"enabled":false},"fb_shops":[{"enabled":false}],"ig_cta":{"enabled":false},"ig_shopping":{"enabled":true},"ig_shoppings":[{"feature_instance_id":"636856034922684","enabled":true}],"messenger_chat":{"enabled":true,"domains":["https:\/\/www.okpsdoor.com\/"],"default_locale":"en_US"},"messenger_chats":[{"feature_instance_id":"1644794592633150","enabled":true,"domains":["https:\/\/www.okpsdoor.com\/"],"default_locale":"en_US"}],"messenger_menu":{"enabled":false},"page_card":{"enabled":false},"page_cta":{"enabled":false},"page_post":{"enabled":false},"page_shop":{"enabled":false},"pixels":[{"feature_instance_id":"7027469227280260","enabled":true},{"enabled":false}],"thread_intent":{"enabled":false}}

10-21-2023 @ 06:53:12 - Request
method: GET
uri: https://graph.facebook.com/v16.0/fbe_business?fbe_external_business_id=okpsdoor-6454b365f14df
user-agent: Facebook-for-WooCommerce/3.0.23 (WooCommerce/7.7.2; WordPress/6.3.2)
body:
duration: 0.27342s

10-21-2023 @ 06:53:12 - Response
code: 200
message: OK
body: {"business":{"name":"Okps Door"},"ads":[{"feature_instance_id":"1653664188416318","enabled":true}],"catalogs":[{"feature_instance_id":"925632232095199","enabled":true}],"catalog_feed_scheduled":{"enabled":false},"fb_shops":[{"enabled":false}],"ig_cta":{"enabled":false},"ig_shopping":{"enabled":true},"ig_shoppings":[{"feature_instance_id":"636856034922684","enabled":true}],"messenger_chat":{"enabled":true,"domains":["https:\/\/www.okpsdoor.com\/"],"default_locale":"en_US"},"messenger_chats":[{"feature_instance_id":"1644794592633150","enabled":true,"domains":["https:\/\/www.okpsdoor.com\/"],"default_locale":"en_US"}],"messenger_menu":{"enabled":false},"page_card":{"enabled":false},"page_cta":{"enabled":false},"page_post":{"enabled":false},"page_shop":{"enabled":false},"pixels":[{"feature_instance_id":"7027469227280260","enabled":true},{"enabled":false}],"thread_intent":{"enabled":false}}

10-21-2023 @ 06:53:13 - Request
method: POST
uri: https://graph.facebook.com/v16.0/1311088993098283/events
user-agent: Facebook-for-WooCommerce/3.0.23 (WooCommerce/7.7.2; WordPress/6.3.2)
body: {"data":[{"action_source":"website","event_time":1697863992,"event_id":"831d2cc3-391d-425e-b760-45e0b4b70bf1","event_source_url":"https:\/\/www.okpsdoor.com\/product\/p018-panel-door\/?noamp=mobile","custom_data":{"content_name":"P018 Panel Door","content_ids":"[\"P018_3936\"]","content_type":"product","contents":"[{\"id\":\"P018_3936\",\"quantity\":1}]","content_category":"Lacquered MDF Doors","value":0,"currency":"USD"},"user_data":{"client_ip_address":"114.119.131.163","client_user_agent":"Mozilla\/5.0 (Linux; Android 7.0;) AppleWebKit\/537.36 (KHTML, like Gecko) Mobile Safari\/537.36 (compatible; PetalBot;+https:\/\/webmaster.petalsearch.com\/site\/petalbot)","fbc":"","fbp":""},"event_name":"ViewContent"}],"partner_agent":"woocommerce-7.7.2-3.0.23"}
duration: 0.2271s

10-21-2023 @ 06:53:13 - Response
code: 200
message: OK
body: {"events_received":1,"messages":[],"fbtrace_id":"AgoTMtnGssDAyJKu0gTE_jj"}

10-21-2023 @ 07:03:24 - Request
method: GET
uri: https://graph.facebook.com/v16.0/fbe_business?fbe_external_business_id=okpsdoor-6454b365f14df
user-agent: Facebook-for-WooCommerce/3.0.23 (WooCommerce/7.7.2; WordPress/6.3.2)
body:
duration: 0.32574s

10-21-2023 @ 07:03:24 - Response
code: 200
message: OK
body: {"business":{"name":"Okps Door"},"ads":[{"feature_instance_id":"1653664188416318","enabled":true}],"catalogs":[{"feature_instance_id":"925632232095199","enabled":true}],"catalog_feed_scheduled":{"enabled":false},"fb_shops":[{"enabled":false}],"ig_cta":{"enabled":false},"ig_shopping":{"enabled":true},"ig_shoppings":[{"feature_instance_id":"636856034922684","enabled":true}],"messenger_chat":{"enabled":true,"domains":["https:\/\/www.okpsdoor.com\/"],"default_locale":"en_US"},"messenger_chats":[{"feature_instance_id":"1644794592633150","enabled":true,"domains":["https:\/\/www.okpsdoor.com\/"],"default_locale":"en_US"}],"messenger_menu":{"enabled":false},"page_card":{"enabled":false},"page_cta":{"enabled":false},"page_post":{"enabled":false},"page_shop":{"enabled":false},"pixels":[{"feature_instance_id":"7027469227280260","enabled":true},{"enabled":false}],"thread_intent":{"enabled":false}}

10-21-2023 @ 09:20:11 - Request
method: POST
uri: https://graph.facebook.com/v16.0/1311088993098283/events
user-agent: Facebook-for-WooCommerce/3.0.23 (WooCommerce/7.7.2; WordPress/6.3.2)
body: {"data":[{"action_source":"website","event_time":1697872811,"event_id":"609758e8-ed86-4e99-9ca7-111e23807acf","event_source_url":"https:\/\/www.okpsdoor.com\/product\/l044-lacquered-mdf-door\/?noamp=mobile","custom_data":{"content_name":"L044 Lacquered MDF Door","content_ids":"[\"L001-18-13_3776\"]","content_type":"product","contents":"[{\"id\":\"L001-18-13_3776\",\"quantity\":1}]","content_category":"Lacquered MDF Doors","value":"1","currency":"USD"},"user_data":{"client_ip_address":"114.119.158.126","client_user_agent":"Mozilla\/5.0 (Linux; Android 7.0;) AppleWebKit\/537.36 (KHTML, like Gecko) Mobile Safari\/537.36 (compatible; PetalBot;+https:\/\/webmaster.petalsearch.com\/site\/petalbot)","fbc":"","fbp":""},"event_name":"ViewContent"}],"partner_agent":"woocommerce-7.7.2-3.0.23"}
duration: 0.35482s

10-21-2023 @ 09:20:11 - Response
code: 200
message: OK
body: {"events_received":1,"messages":[],"fbtrace_id":"AN_uUZ-HSjLr8ypENbz0ErO"}

10-21-2023 @ 09:22:33 - Request
method: GET
uri: https://graph.facebook.com/v16.0/fbe_business?fbe_external_business_id=okpsdoor-6454b365f14df
user-agent: Facebook-for-WooCommerce/3.0.23 (WooCommerce/7.7.2; WordPress/6.3.2)
body:
duration: 0.45073s

10-21-2023 @ 09:22:33 - Response
code: 200
message: OK
body: {"business":{"name":"Okps Door"},"ads":[{"feature_instance_id":"1653664188416318","enabled":true}],"catalogs":[{"feature_instance_id":"925632232095199","enabled":true}],"catalog_feed_scheduled":{"enabled":false},"fb_shops":[{"enabled":false}],"ig_cta":{"enabled":false},"ig_shopping":{"enabled":true},"ig_shoppings":[{"feature_instance_id":"636856034922684","enabled":true}],"messenger_chat":{"enabled":true,"domains":["https:\/\/www.okpsdoor.com\/"],"default_locale":"en_US"},"messenger_chats":[{"feature_instance_id":"1644794592633150","enabled":true,"domains":["https:\/\/www.okpsdoor.com\/"],"default_locale":"en_US"}],"messenger_menu":{"enabled":false},"page_card":{"enabled":false},"page_cta":{"enabled":false},"page_post":{"enabled":false},"page_shop":{"enabled":false},"pixels":[{"feature_instance_id":"7027469227280260","enabled":true},{"enabled":false}],"thread_intent":{"enabled":false}}

10-21-2023 @ 09:25:26 - Request
method: POST
uri: https://graph.facebook.com/v16.0/1311088993098283/events
user-agent: Facebook-for-WooCommerce/3.0.23 (WooCommerce/7.7.2; WordPress/6.3.2)
body: {"data":[{"action_source":"website","event_time":1697873126,"event_id":"0b98204b-900e-48c3-a1ba-f16957a7212a","event_source_url":"https:\/\/www.okpsdoor.com\/product\/l012-lacquered-mdf-door\/?noamp=mobile","custom_data":{"content_name":"L012 Lacquered MDF Door","content_ids":"[\"L001-12_3733\"]","content_type":"product","contents":"[{\"id\":\"L001-12_3733\",\"quantity\":1}]","content_category":"Lacquered MDF Doors","value":"1","currency":"USD"},"user_data":{"client_ip_address":"114.119.166.95","client_user_agent":"Mozilla\/5.0 (Linux; Android 7.0;) AppleWebKit\/537.36 (KHTML, like Gecko) Mobile Safari\/537.36 (compatible; PetalBot;+https:\/\/webmaster.petalsearch.com\/site\/petalbot)","fbc":"","fbp":""},"event_name":"ViewContent"}],"partner_agent":"woocommerce-7.7.2-3.0.23"}
duration: 0.26821s

10-21-2023 @ 09:25:26 - Response
code: 200
message: OK
body: {"events_received":1,"messages":[],"fbtrace_id":"A_94VdXwijWFRxqDg7PqNKV"}

10-21-2023 @ 09:25:26 - Request
method: GET
uri: https://graph.facebook.com/v16.0/fbe_business?fbe_external_business_id=okpsdoor-6454b365f14df
user-agent: Facebook-for-WooCommerce/3.0.23 (WooCommerce/7.7.2; WordPress/6.3.2)
body:
duration: 0.32533s

10-21-2023 @ 09:25:26 - Response
code: 200
message: OK
body: {"business":{"name":"Okps Door"},"ads":[{"feature_instance_id":"1653664188416318","enabled":true}],"catalogs":[{"feature_instance_id":"925632232095199","enabled":true}],"catalog_feed_scheduled":{"enabled":false},"fb_shops":[{"enabled":false}],"ig_cta":{"enabled":false},"ig_shopping":{"enabled":true},"ig_shoppings":[{"feature_instance_id":"636856034922684","enabled":true}],"messenger_chat":{"enabled":true,"domains":["https:\/\/www.okpsdoor.com\/"],"default_locale":"en_US"},"messenger_chats":[{"feature_instance_id":"1644794592633150","enabled":true,"domains":["https:\/\/www.okpsdoor.com\/"],"default_locale":"en_US"}],"messenger_menu":{"enabled":false},"page_card":{"enabled":false},"page_cta":{"enabled":false},"page_post":{"enabled":false},"page_shop":{"enabled":false},"pixels":[{"feature_instance_id":"7027469227280260","enabled":true},{"enabled":false}],"thread_intent":{"enabled":false}}

10-21-2023 @ 11:30:15 - Request
method: GET
uri: https://graph.facebook.com/v16.0/1668026370292586/product_feeds
user-agent: Facebook-for-WooCommerce/3.0.23 (WooCommerce/7.7.2; WordPress/6.3.2)
body:
duration: 0.54138s

10-21-2023 @ 11:30:15 - Response
code: 200
message: OK
body: {"data":[{"id":"1190280915023372","file_name":"Okps Door - Catalogue - Fil d\u2019actualit\u00e9","name":"Okps Door - Catalogue - Fil d\u2019actualit\u00e9"}],"paging":{"cursors":{"before":"QVFIUnhHSmRUQk8zWlVJdWxpTzM3cDJWcDBsendLN1otRDBCV18wbTlMX3RfVVRBSlVIRVNJSUp2SE42R1hJVmszTW9OV3BYSXpPZAUl2Y3djSTJJcURKRWdR","after":"QVFIUnhHSmRUQk8zWlVJdWxpTzM3cDJWcDBsendLN1otRDBCV18wbTlMX3RfVVRBSlVIRVNJSUp2SE42R1hJVmszTW9OV3BYSXpPZAUl2Y3djSTJJcURKRWdR"}}}

10-21-2023 @ 11:30:15 - Request
method: GET
uri: https://graph.facebook.com/v16.0/1190280915023372/?fields=created_time,latest_upload,product_count,schedule,update_schedule
user-agent: Facebook-for-WooCommerce/3.0.23 (WooCommerce/7.7.2; WordPress/6.3.2)
body:
duration: 0.38286s

10-21-2023 @ 11:30:15 - Response
code: 200
message: OK
body: {"created_time":"2023-05-05T07:48:28+0000","product_count":0,"id":"1190280915023372"}

10-21-2023 @ 11:30:16 - Request
method: GET
uri: https://graph.facebook.com/v16.0/fbe_business/fbe_installs?fbe_external_business_id=okpsdoor-6454b365f14df
user-agent: Facebook-for-WooCommerce/3.0.23 (WooCommerce/7.7.2; WordPress/6.3.2)
body:
duration: 0.96042s

10-21-2023 @ 11:30:16 - Response
code: 200
message: OK
body: {"data":[{"business_manager_id":"543747223972335","commerce_merchant_settings_id":"250740394101322","onsite_eligible":false,"pixel_id":"1311088993098283","profiles":["106325218977906","17841454389513479"],"ad_account_id":"783785203099424","catalog_id":"1668026370292586","pages":["106325218977906"],"instagram_profiles":["17841454389513479"],"ig_shop":{"status":"NOT_ELIGIBLE","reasons":[{"code":"UNKNOWN","message":"Your account is not eligible for Instagram Shopping at this time."}]},"token_type":"User","installed_features":[{"feature_instance_id":"7027469227280260","feature_type":"pixel","connected_assets":{"ad_account_id":"783785203099424","ig_profile_id":"17841454389513479","page_id":"106325218977906","pixel_id":"1311088993098283"},"additional_info":{"onsite_eligible":false,"pixel_is_consolidated_container":true}},{"feature_instance_id":"1653664188416318","feature_type":"ads","connected_assets":{"ad_account_id":"783785203099424","catalog_id":"1668026370292586","ig_profile_id":"17841454389513479","page_id":"106325218977906","pixel_id":"1311088993098283"},"additional_info":{"onsite_eligible":false,"pixel_is_consolidated_container":true}},{"feature_instance_id":"925632232095199","feature_type":"catalog","connected_assets":{"ad_account_id":"783785203099424","catalog_id":"1668026370292586","ig_profile_id":"17841454389513479","page_id":"106325218977906","pixel_id":"1311088993098283"},"additional_info":{"onsite_eligible":false,"pixel_is_consolidated_container":true}},{"feature_instance_id":"636856034922684","feature_type":"ig_shopping","connected_assets":{"catalog_id":"1668026370292586","commerce_merchant_settings_id":"250740394101322","ig_profile_id":"17841454389513479","page_id":"106325218977906"},"additional_info":{"onsite_eligible":false}},{"feature_instance_id":"1644794592633150","feature_type":"messenger_chat","connected_assets":{"ig_profile_id":"17841454389513479","page_id":"106325218977906"},"additional_info":{"onsite_eligible":false}}]}]}

10-21-2023 @ 11:30:16 - Retrieving page access token
10-21-2023 @ 11:30:17 - Request
method: GET
uri: https://graph.facebook.com/v16.0/fbe_business?fbe_external_business_id=okpsdoor-6454b365f14df
user-agent: Facebook-for-WooCommerce/3.0.23 (WooCommerce/7.7.2; WordPress/6.3.2)
body:
duration: 0.32708s

10-21-2023 @ 11:30:17 - Response
code: 200
message: OK
body: {"business":{"name":"Okps Door"},"ads":[{"feature_instance_id":"1653664188416318","enabled":true}],"catalogs":[{"feature_instance_id":"925632232095199","enabled":true}],"catalog_feed_scheduled":{"enabled":false},"fb_shops":[{"enabled":false}],"ig_cta":{"enabled":false},"ig_shopping":{"enabled":true},"ig_shoppings":[{"feature_instance_id":"636856034922684","enabled":true}],"messenger_chat":{"enabled":true,"domains":["https:\/\/www.okpsdoor.com\/"],"default_locale":"en_US"},"messenger_chats":[{"feature_instance_id":"1644794592633150","enabled":true,"domains":["https:\/\/www.okpsdoor.com\/"],"default_locale":"en_US"}],"messenger_menu":{"enabled":false},"page_card":{"enabled":false},"page_cta":{"enabled":false},"page_post":{"enabled":false},"page_shop":{"enabled":false},"pixels":[{"feature_instance_id":"7027469227280260","enabled":true},{"enabled":false}],"thread_intent":{"enabled":false}}

10-21-2023 @ 11:33:13 - Request
method: GET
uri: https://graph.facebook.com/v16.0/fbe_business?fbe_external_business_id=okpsdoor-6454b365f14df
user-agent: Facebook-for-WooCommerce/3.0.23 (WooCommerce/7.7.2; WordPress/6.3.2)
body:
duration: 0.15634s

10-21-2023 @ 11:33:13 - Response
code: 200
message: OK
body: {"business":{"name":"Okps Door"},"ads":[{"feature_instance_id":"1653664188416318","enabled":true}],"catalogs":[{"feature_instance_id":"925632232095199","enabled":true}],"catalog_feed_scheduled":{"enabled":false},"fb_shops":[{"enabled":false}],"ig_cta":{"enabled":false},"ig_shopping":{"enabled":true},"ig_shoppings":[{"feature_instance_id":"636856034922684","enabled":true}],"messenger_chat":{"enabled":true,"domains":["https:\/\/www.okpsdoor.com\/"],"default_locale":"en_US"},"messenger_chats":[{"feature_instance_id":"1644794592633150","enabled":true,"domains":["https:\/\/www.okpsdoor.com\/"],"default_locale":"en_US"}],"messenger_menu":{"enabled":false},"page_card":{"enabled":false},"page_cta":{"enabled":false},"page_post":{"enabled":false},"page_shop":{"enabled":false},"pixels":[{"feature_instance_id":"7027469227280260","enabled":true},{"enabled":false}],"thread_intent":{"enabled":false}}

10-21-2023 @ 12:08:32 - Request
method: GET
uri: https://graph.facebook.com/v16.0/fbe_business?fbe_external_business_id=okpsdoor-6454b365f14df
user-agent: Facebook-for-WooCommerce/3.0.23 (WooCommerce/7.7.2; WordPress/6.3.2)
body:
duration: 0.35028s

10-21-2023 @ 12:08:32 - Response
code: 200
message: OK
body: {"business":{"name":"Okps Door"},"ads":[{"feature_instance_id":"1653664188416318","enabled":true}],"catalogs":[{"feature_instance_id":"925632232095199","enabled":true}],"catalog_feed_scheduled":{"enabled":false},"fb_shops":[{"enabled":false}],"ig_cta":{"enabled":false},"ig_shopping":{"enabled":true},"ig_shoppings":[{"feature_instance_id":"636856034922684","enabled":true}],"messenger_chat":{"enabled":true,"domains":["https:\/\/www.okpsdoor.com\/"],"default_locale":"en_US"},"messenger_chats":[{"feature_instance_id":"1644794592633150","enabled":true,"domains":["https:\/\/www.okpsdoor.com\/"],"default_locale":"en_US"}],"messenger_menu":{"enabled":false},"page_card":{"enabled":false},"page_cta":{"enabled":false},"page_post":{"enabled":false},"page_shop":{"enabled":false},"pixels":[{"feature_instance_id":"7027469227280260","enabled":true},{"enabled":false}],"thread_intent":{"enabled":false}}

10-21-2023 @ 12:48:06 - Request
method: POST
uri: https://graph.facebook.com/v16.0/1311088993098283/events
user-agent: Facebook-for-WooCommerce/3.0.23 (WooCommerce/7.7.2; WordPress/6.3.2)
body: {"data":[{"action_source":"website","event_time":1697885286,"event_id":"5a83b698-7222-42a5-8689-25c13e5116d9","event_source_url":"https:\/\/www.okpsdoor.com\/product\/k007-wood-fire-rated-door\/?noamp=mobile","custom_data":{"content_name":"F005 Wood Fire Rated Door","content_ids":"[\"F005_4111\"]","content_type":"product","contents":"[{\"id\":\"F005_4111\",\"quantity\":1}]","content_category":"Fire Rated","value":0,"currency":"USD"},"user_data":{"client_ip_address":"66.249.66.169","client_user_agent":"Mozilla\/5.0 (Linux; Android 6.0.1; Nexus 5X Build\/MMB29P) AppleWebKit\/537.36 (KHTML, like Gecko) Chrome\/118.0.5993.88 Mobile Safari\/537.36 (compatible; Googlebot\/2.1; +http:\/\/www.google.com\/bot.html)","fbc":"","fbp":""},"event_name":"ViewContent"}],"partner_agent":"woocommerce-7.7.2-3.0.23"}
duration: 0.2789s

10-21-2023 @ 12:48:06 - Response
code: 200
message: OK
body: {"events_received":1,"messages":[],"fbtrace_id":"AuFCBgHlk9nlSEBaKnzSMW5"}

10-21-2023 @ 12:51:17 - Request
method: GET
uri: https://graph.facebook.com/v16.0/fbe_business?fbe_external_business_id=okpsdoor-6454b365f14df
user-agent: Facebook-for-WooCommerce/3.0.23 (WooCommerce/7.7.2; WordPress/6.3.2)
body:
duration: 0.13216s

10-21-2023 @ 12:51:17 - Response
code: 200
message: OK
body: {"business":{"name":"Okps Door"},"ads":[{"feature_instance_id":"1653664188416318","enabled":true}],"catalogs":[{"feature_instance_id":"925632232095199","enabled":true}],"catalog_feed_scheduled":{"enabled":false},"fb_shops":[{"enabled":false}],"ig_cta":{"enabled":false},"ig_shopping":{"enabled":true},"ig_shoppings":[{"feature_instance_id":"636856034922684","enabled":true}],"messenger_chat":{"enabled":true,"domains":["https:\/\/www.okpsdoor.com\/"],"default_locale":"en_US"},"messenger_chats":[{"feature_instance_id":"1644794592633150","enabled":true,"domains":["https:\/\/www.okpsdoor.com\/"],"default_locale":"en_US"}],"messenger_menu":{"enabled":false},"page_card":{"enabled":false},"page_cta":{"enabled":false},"page_post":{"enabled":false},"page_shop":{"enabled":false},"pixels":[{"feature_instance_id":"7027469227280260","enabled":true},{"enabled":false}],"thread_intent":{"enabled":false}}

10-21-2023 @ 14:27:00 - Request
method: GET
uri: https://graph.facebook.com/v16.0/fbe_business?fbe_external_business_id=okpsdoor-6454b365f14df
user-agent: Facebook-for-WooCommerce/3.0.23 (WooCommerce/7.7.2; WordPress/6.3.2)
body:
duration: 0.50382s

10-21-2023 @ 14:27:00 - Response
code: 200
message: OK
body: {"business":{"name":"Okps Door"},"ads":[{"feature_instance_id":"1653664188416318","enabled":true}],"catalogs":[{"feature_instance_id":"925632232095199","enabled":true}],"catalog_feed_scheduled":{"enabled":false},"fb_shops":[{"enabled":false}],"ig_cta":{"enabled":false},"ig_shopping":{"enabled":true},"ig_shoppings":[{"feature_instance_id":"636856034922684","enabled":true}],"messenger_chat":{"enabled":true,"domains":["https:\/\/www.okpsdoor.com\/"],"default_locale":"en_US"},"messenger_chats":[{"feature_instance_id":"1644794592633150","enabled":true,"domains":["https:\/\/www.okpsdoor.com\/"],"default_locale":"en_US"}],"messenger_menu":{"enabled":false},"page_card":{"enabled":false},"page_cta":{"enabled":false},"page_post":{"enabled":false},"page_shop":{"enabled":false},"pixels":[{"feature_instance_id":"7027469227280260","enabled":true},{"enabled":false}],"thread_intent":{"enabled":false}}

10-21-2023 @ 14:43:38 - Request
method: POST
uri: https://graph.facebook.com/v16.0/1311088993098283/events
user-agent: Facebook-for-WooCommerce/3.0.23 (WooCommerce/7.7.2; WordPress/6.3.2)
body: {"data":[{"action_source":"website","event_time":1697892218,"event_id":"8a92d9ce-d43d-45f9-a0f0-18ee89cc124e","event_source_url":"https:\/\/www.okpsdoor.com\/product\/p019-panel-door\/?noamp=mobile","custom_data":{"content_name":"P019 Panel Door","content_ids":"[\"P019_3935\"]","content_type":"product","contents":"[{\"id\":\"P019_3935\",\"quantity\":1}]","content_category":"Lacquered MDF Doors","value":0,"currency":"USD"},"user_data":{"client_ip_address":"114.119.148.154","client_user_agent":"Mozilla\/5.0 (Linux; Android 7.0;) AppleWebKit\/537.36 (KHTML, like Gecko) Mobile Safari\/537.36 (compatible; PetalBot;+https:\/\/webmaster.petalsearch.com\/site\/petalbot)","fbc":"","fbp":""},"event_name":"ViewContent"}],"partner_agent":"woocommerce-7.7.2-3.0.23"}
duration: 0.28089s

10-21-2023 @ 14:43:38 - Response
code: 200
message: OK
body: {"events_received":1,"messages":[],"fbtrace_id":"AnYVRps8O9nupLp5GYM5PnD"}

10-21-2023 @ 15:53:53 - Request
method: GET
uri: https://graph.facebook.com/v16.0/fbe_business?fbe_external_business_id=okpsdoor-6454b365f14df
user-agent: Facebook-for-WooCommerce/3.0.23 (WooCommerce/7.7.2; WordPress/6.3.2)
body:
duration: 0.41164s

10-21-2023 @ 15:53:53 - Response
code: 200
message: OK
body: {"business":{"name":"Okps Door"},"ads":[{"feature_instance_id":"1653664188416318","enabled":true}],"catalogs":[{"feature_instance_id":"925632232095199","enabled":true}],"catalog_feed_scheduled":{"enabled":false},"fb_shops":[{"enabled":false}],"ig_cta":{"enabled":false},"ig_shopping":{"enabled":true},"ig_shoppings":[{"feature_instance_id":"636856034922684","enabled":true}],"messenger_chat":{"enabled":true,"domains":["https:\/\/www.okpsdoor.com\/"],"default_locale":"en_US"},"messenger_chats":[{"feature_instance_id":"1644794592633150","enabled":true,"domains":["https:\/\/www.okpsdoor.com\/"],"default_locale":"en_US"}],"messenger_menu":{"enabled":false},"page_card":{"enabled":false},"page_cta":{"enabled":false},"page_post":{"enabled":false},"page_shop":{"enabled":false},"pixels":[{"feature_instance_id":"7027469227280260","enabled":true},{"enabled":false}],"thread_intent":{"enabled":false}}

10-21-2023 @ 16:31:04 - Request
method: GET
uri: https://graph.facebook.com/v16.0/fbe_business?fbe_external_business_id=okpsdoor-6454b365f14df
user-agent: Facebook-for-WooCommerce/3.0.23 (WooCommerce/7.7.2; WordPress/6.3.2)
body:
duration: 0.40275s

10-21-2023 @ 16:31:04 - Response
code: 200
message: OK
body: {"business":{"name":"Okps Door"},"ads":[{"feature_instance_id":"1653664188416318","enabled":true}],"catalogs":[{"feature_instance_id":"925632232095199","enabled":true}],"catalog_feed_scheduled":{"enabled":false},"fb_shops":[{"enabled":false}],"ig_cta":{"enabled":false},"ig_shopping":{"enabled":true},"ig_shoppings":[{"feature_instance_id":"636856034922684","enabled":true}],"messenger_chat":{"enabled":true,"domains":["https:\/\/www.okpsdoor.com\/"],"default_locale":"en_US"},"messenger_chats":[{"feature_instance_id":"1644794592633150","enabled":true,"domains":["https:\/\/www.okpsdoor.com\/"],"default_locale":"en_US"}],"messenger_menu":{"enabled":false},"page_card":{"enabled":false},"page_cta":{"enabled":false},"page_post":{"enabled":false},"page_shop":{"enabled":false},"pixels":[{"feature_instance_id":"7027469227280260","enabled":true},{"enabled":false}],"thread_intent":{"enabled":false}}

10-21-2023 @ 16:54:19 - Request
method: POST
uri: https://graph.facebook.com/v16.0/1311088993098283/events
user-agent: Facebook-for-WooCommerce/3.0.23 (WooCommerce/7.7.2; WordPress/6.3.2)
body: {"data":[{"action_source":"website","event_time":1697900059,"event_id":"354a279b-5fd1-44d9-bb65-7326d00d3017","event_source_url":"https:\/\/www.okpsdoor.com\/product\/okps01-door-interior\/?noamp=mobile","custom_data":{"content_name":"OKPS01 DOOR INTERIOR","content_ids":"[\"wc_post_id_3688\"]","content_type":"product","contents":"[{\"id\":\"wc_post_id_3688\",\"quantity\":1}]","content_category":"PVC Mdf","value":"90","currency":"USD"},"user_data":{"client_ip_address":"114.119.155.69","client_user_agent":"Mozilla\/5.0 (Linux; Android 7.0;) AppleWebKit\/537.36 (KHTML, like Gecko) Mobile Safari\/537.36 (compatible; PetalBot;+https:\/\/webmaster.petalsearch.com\/site\/petalbot)","fbc":"","fbp":""},"event_name":"ViewContent"}],"partner_agent":"woocommerce-7.7.2-3.0.23"}
duration: 0.27784s

10-21-2023 @ 16:54:19 - Response
code: 200
message: OK
body: {"events_received":1,"messages":[],"fbtrace_id":"A_uBRGvhEwqHpqlixblDmDY"}

10-21-2023 @ 16:54:20 - Request
method: GET
uri: https://graph.facebook.com/v16.0/fbe_business?fbe_external_business_id=okpsdoor-6454b365f14df
user-agent: Facebook-for-WooCommerce/3.0.23 (WooCommerce/7.7.2; WordPress/6.3.2)
body:
duration: 0.36504s

10-21-2023 @ 16:54:20 - Response
code: 200
message: OK
body: {"business":{"name":"Okps Door"},"ads":[{"feature_instance_id":"1653664188416318","enabled":true}],"catalogs":[{"feature_instance_id":"925632232095199","enabled":true}],"catalog_feed_scheduled":{"enabled":false},"fb_shops":[{"enabled":false}],"ig_cta":{"enabled":false},"ig_shopping":{"enabled":true},"ig_shoppings":[{"feature_instance_id":"636856034922684","enabled":true}],"messenger_chat":{"enabled":true,"domains":["https:\/\/www.okpsdoor.com\/"],"default_locale":"en_US"},"messenger_chats":[{"feature_instance_id":"1644794592633150","enabled":true,"domains":["https:\/\/www.okpsdoor.com\/"],"default_locale":"en_US"}],"messenger_menu":{"enabled":false},"page_card":{"enabled":false},"page_cta":{"enabled":false},"page_post":{"enabled":false},"page_shop":{"enabled":false},"pixels":[{"feature_instance_id":"7027469227280260","enabled":true},{"enabled":false}],"thread_intent":{"enabled":false}}

10-21-2023 @ 17:17:57 - Request
method: POST
uri: https://graph.facebook.com/v16.0/1311088993098283/events
user-agent: Facebook-for-WooCommerce/3.0.23 (WooCommerce/7.7.2; WordPress/6.3.2)
body: {"data":[{"action_source":"website","event_time":1697901477,"event_id":"fd87e437-5db3-4318-8a78-477bcbdcafe4","event_source_url":"https:\/\/www.okpsdoor.com\/product\/p004-panel-door\/?noamp=mobile","custom_data":{"content_name":"P004 Panel Door","content_ids":"[\"P004_3950\"]","content_type":"product","contents":"[{\"id\":\"P004_3950\",\"quantity\":1}]","content_category":"Lacquered MDF Doors","value":0,"currency":"USD"},"user_data":{"client_ip_address":"114.119.158.189","client_user_agent":"Mozilla\/5.0 (Linux; Android 7.0;) AppleWebKit\/537.36 (KHTML, like Gecko) Mobile Safari\/537.36 (compatible; PetalBot;+https:\/\/webmaster.petalsearch.com\/site\/petalbot)","fbc":"","fbp":""},"event_name":"ViewContent"}],"partner_agent":"woocommerce-7.7.2-3.0.23"}
duration: 0.28696s

10-21-2023 @ 17:17:57 - Response
code: 200
message: OK
body: {"events_received":1,"messages":[],"fbtrace_id":"AgY8pt51mkt5041YnU_96pe"}

10-21-2023 @ 18:22:17 - Request
method: GET
uri: https://graph.facebook.com/v16.0/fbe_business?fbe_external_business_id=okpsdoor-6454b365f14df
user-agent: Facebook-for-WooCommerce/3.0.23 (WooCommerce/7.7.2; WordPress/6.3.2)
body:
duration: 0.49652s

10-21-2023 @ 18:22:17 - Response
code: 200
message: OK
body: {"business":{"name":"Okps Door"},"ads":[{"feature_instance_id":"1653664188416318","enabled":true}],"catalogs":[{"feature_instance_id":"925632232095199","enabled":true}],"catalog_feed_scheduled":{"enabled":false},"fb_shops":[{"enabled":false}],"ig_cta":{"enabled":false},"ig_shopping":{"enabled":true},"ig_shoppings":[{"feature_instance_id":"636856034922684","enabled":true}],"messenger_chat":{"enabled":true,"domains":["https:\/\/www.okpsdoor.com\/"],"default_locale":"en_US"},"messenger_chats":[{"feature_instance_id":"1644794592633150","enabled":true,"domains":["https:\/\/www.okpsdoor.com\/"],"default_locale":"en_US"}],"messenger_menu":{"enabled":false},"page_card":{"enabled":false},"page_cta":{"enabled":false},"page_post":{"enabled":false},"page_shop":{"enabled":false},"pixels":[{"feature_instance_id":"7027469227280260","enabled":true},{"enabled":false}],"thread_intent":{"enabled":false}}

10-21-2023 @ 18:53:27 - Request
method: GET
uri: https://graph.facebook.com/v16.0/fbe_business?fbe_external_business_id=okpsdoor-6454b365f14df
user-agent: Facebook-for-WooCommerce/3.0.23 (WooCommerce/7.7.2; WordPress/6.3.2)
body:
duration: 0.4111s

10-21-2023 @ 18:53:27 - Response
code: 200
message: OK
body: {"business":{"name":"Okps Door"},"ads":[{"feature_instance_id":"1653664188416318","enabled":true}],"catalogs":[{"feature_instance_id":"925632232095199","enabled":true}],"catalog_feed_scheduled":{"enabled":false},"fb_shops":[{"enabled":false}],"ig_cta":{"enabled":false},"ig_shopping":{"enabled":true},"ig_shoppings":[{"feature_instance_id":"636856034922684","enabled":true}],"messenger_chat":{"enabled":true,"domains":["https:\/\/www.okpsdoor.com\/"],"default_locale":"en_US"},"messenger_chats":[{"feature_instance_id":"1644794592633150","enabled":true,"domains":["https:\/\/www.okpsdoor.com\/"],"default_locale":"en_US"}],"messenger_menu":{"enabled":false},"page_card":{"enabled":false},"page_cta":{"enabled":false},"page_post":{"enabled":false},"page_shop":{"enabled":false},"pixels":[{"feature_instance_id":"7027469227280260","enabled":true},{"enabled":false}],"thread_intent":{"enabled":false}}

10-21-2023 @ 19:50:21 - Request
method: GET
uri: https://graph.facebook.com/v16.0/fbe_business?fbe_external_business_id=okpsdoor-6454b365f14df
user-agent: Facebook-for-WooCommerce/3.0.23 (WooCommerce/7.7.2; WordPress/6.3.2)
body:
duration: 0.37505s

10-21-2023 @ 19:50:21 - Response
code: 200
message: OK
body: {"business":{"name":"Okps Door"},"ads":[{"feature_instance_id":"1653664188416318","enabled":true}],"catalogs":[{"feature_instance_id":"925632232095199","enabled":true}],"catalog_feed_scheduled":{"enabled":false},"fb_shops":[{"enabled":false}],"ig_cta":{"enabled":false},"ig_shopping":{"enabled":true},"ig_shoppings":[{"feature_instance_id":"636856034922684","enabled":true}],"messenger_chat":{"enabled":true,"domains":["https:\/\/www.okpsdoor.com\/"],"default_locale":"en_US"},"messenger_chats":[{"feature_instance_id":"1644794592633150","enabled":true,"domains":["https:\/\/www.okpsdoor.com\/"],"default_locale":"en_US"}],"messenger_menu":{"enabled":false},"page_card":{"enabled":false},"page_cta":{"enabled":false},"page_post":{"enabled":false},"page_shop":{"enabled":false},"pixels":[{"feature_instance_id":"7027469227280260","enabled":true},{"enabled":false}],"thread_intent":{"enabled":false}}

10-21-2023 @ 21:24:27 - Request
method: GET
uri: https://graph.facebook.com/v16.0/fbe_business?fbe_external_business_id=okpsdoor-6454b365f14df
user-agent: Facebook-for-WooCommerce/3.0.23 (WooCommerce/7.7.2; WordPress/6.3.2)
body:
duration: 0.517s

10-21-2023 @ 21:24:27 - Response
code: 200
message: OK
body: {"business":{"name":"Okps Door"},"ads":[{"feature_instance_id":"1653664188416318","enabled":true}],"catalogs":[{"feature_instance_id":"925632232095199","enabled":true}],"catalog_feed_scheduled":{"enabled":false},"fb_shops":[{"enabled":false}],"ig_cta":{"enabled":false},"ig_shopping":{"enabled":true},"ig_shoppings":[{"feature_instance_id":"636856034922684","enabled":true}],"messenger_chat":{"enabled":true,"domains":["https:\/\/www.okpsdoor.com\/"],"default_locale":"en_US"},"messenger_chats":[{"feature_instance_id":"1644794592633150","enabled":true,"domains":["https:\/\/www.okpsdoor.com\/"],"default_locale":"en_US"}],"messenger_menu":{"enabled":false},"page_card":{"enabled":false},"page_cta":{"enabled":false},"page_post":{"enabled":false},"page_shop":{"enabled":false},"pixels":[{"feature_instance_id":"7027469227280260","enabled":true},{"enabled":false}],"thread_intent":{"enabled":false}}

10-21-2023 @ 21:30:23 - Request
method: POST
uri: https://graph.facebook.com/v16.0/1311088993098283/events
user-agent: Facebook-for-WooCommerce/3.0.23 (WooCommerce/7.7.2; WordPress/6.3.2)
body: {"data":[{"action_source":"website","event_time":1697916623,"event_id":"8340a3bc-ecf7-431a-8121-48b60d9cd0cb","event_source_url":"https:\/\/www.okpsdoor.com\/product\/l003-lacquered-mdf-door\/?noamp=mobile","custom_data":{"content_name":"L003 Lacquered MDF Door","content_ids":"[\"L001-3_3724\"]","content_type":"product","contents":"[{\"id\":\"L001-3_3724\",\"quantity\":1}]","content_category":"Lacquered MDF Doors","value":"1","currency":"USD"},"user_data":{"client_ip_address":"114.119.138.173","client_user_agent":"Mozilla\/5.0 (Linux; Android 7.0;) AppleWebKit\/537.36 (KHTML, like Gecko) Mobile Safari\/537.36 (compatible; PetalBot;+https:\/\/webmaster.petalsearch.com\/site\/petalbot)","fbc":"","fbp":""},"event_name":"ViewContent"}],"partner_agent":"woocommerce-7.7.2-3.0.23"}
duration: 0.27727s

10-21-2023 @ 21:30:23 - Response
code: 200
message: OK
body: {"events_received":1,"messages":[],"fbtrace_id":"AvdSNtKHYIQXW3LrE_hPDdF"}

10-21-2023 @ 22:15:40 - Request
method: POST
uri: https://graph.facebook.com/v16.0/1311088993098283/events
user-agent: Facebook-for-WooCommerce/3.0.23 (WooCommerce/7.7.2; WordPress/6.3.2)
body: {"data":[{"action_source":"website","event_time":1697919340,"event_id":"b1e183c5-93ae-4083-b20f-cdccd0cb6d9c","event_source_url":"https:\/\/www.okpsdoor.com\/product\/p005-panel-door\/?add-to-cart=3732","custom_data":{"content_ids":"[\"L001-11_3732\"]","content_name":"L011 Lacquered MDF Door","content_type":"product","contents":"[{\"id\":\"L001-11_3732\",\"quantity\":1}]","value":1,"currency":"USD"},"user_data":{"client_ip_address":"216.244.66.249","client_user_agent":"Mozilla\/5.0 (compatible; DotBot\/1.2; +https:\/\/opensiteexplorer.org\/dotbot; help@moz.com)","fbc":"","fbp":""},"event_name":"AddToCart"}],"partner_agent":"woocommerce-7.7.2-3.0.23"}
duration: 0.25633s

10-21-2023 @ 22:15:40 - Response
code: 200
message: OK
body: {"events_received":1,"messages":[],"fbtrace_id":"AckaLUXiKzcFLcfb-S1j338"}

10-21-2023 @ 22:24:50 - Request
method: GET
uri: https://graph.facebook.com/v16.0/fbe_business?fbe_external_business_id=okpsdoor-6454b365f14df
user-agent: Facebook-for-WooCommerce/3.0.23 (WooCommerce/7.7.2; WordPress/6.3.2)
body:
duration: 0.34331s

10-21-2023 @ 22:24:50 - Response
code: 200
message: OK
body: {"business":{"name":"Okps Door"},"ads":[{"feature_instance_id":"1653664188416318","enabled":true}],"catalogs":[{"feature_instance_id":"925632232095199","enabled":true}],"catalog_feed_scheduled":{"enabled":false},"fb_shops":[{"enabled":false}],"ig_cta":{"enabled":false},"ig_shopping":{"enabled":true},"ig_shoppings":[{"feature_instance_id":"636856034922684","enabled":true}],"messenger_chat":{"enabled":true,"domains":["https:\/\/www.okpsdoor.com\/"],"default_locale":"en_US"},"messenger_chats":[{"feature_instance_id":"1644794592633150","enabled":true,"domains":["https:\/\/www.okpsdoor.com\/"],"default_locale":"en_US"}],"messenger_menu":{"enabled":false},"page_card":{"enabled":false},"page_cta":{"enabled":false},"page_post":{"enabled":false},"page_shop":{"enabled":false},"pixels":[{"feature_instance_id":"7027469227280260","enabled":true},{"enabled":false}],"thread_intent":{"enabled":false}}

10-21-2023 @ 22:31:24 - Request
method: POST
uri: https://graph.facebook.com/v16.0/1311088993098283/events
user-agent: Facebook-for-WooCommerce/3.0.23 (WooCommerce/7.7.2; WordPress/6.3.2)
body: {"data":[{"action_source":"website","event_time":1697920283,"event_id":"0694f830-ec76-4984-8618-135fc74a947c","event_source_url":"https:\/\/www.okpsdoor.com\/product\/l067-lacquered-mdf-door\/?noamp=mobile","custom_data":{"content_name":"L067 Lacquered MDF Door","content_ids":"[\"L067_3852\"]","content_type":"product","contents":"[{\"id\":\"L067_3852\",\"quantity\":1}]","content_category":"Lacquered MDF Doors","value":0,"currency":"USD"},"user_data":{"client_ip_address":"114.119.137.31","client_user_agent":"Mozilla\/5.0 (Linux; Android 7.0;) AppleWebKit\/537.36 (KHTML, like Gecko) Mobile Safari\/537.36 (compatible; PetalBot;+https:\/\/webmaster.petalsearch.com\/site\/petalbot)","fbc":"","fbp":""},"event_name":"ViewContent"}],"partner_agent":"woocommerce-7.7.2-3.0.23"}
duration: 0.2652s

10-21-2023 @ 22:31:24 - Response
code: 200
message: OK
body: {"events_received":1,"messages":[],"fbtrace_id":"A5HlAqFNQDldGz71traj0FQ"}

10-21-2023 @ 22:46:57 - Request
method: GET
uri: https://graph.facebook.com/v16.0/fbe_business?fbe_external_business_id=okpsdoor-6454b365f14df
user-agent: Facebook-for-WooCommerce/3.0.23 (WooCommerce/7.7.2; WordPress/6.3.2)
body:
duration: 0.22101s

10-21-2023 @ 22:46:57 - Response
code: 200
message: OK
body: {"business":{"name":"Okps Door"},"ads":[{"feature_instance_id":"1653664188416318","enabled":true}],"catalogs":[{"feature_instance_id":"925632232095199","enabled":true}],"catalog_feed_scheduled":{"enabled":false},"fb_shops":[{"enabled":false}],"ig_cta":{"enabled":false},"ig_shopping":{"enabled":true},"ig_shoppings":[{"feature_instance_id":"636856034922684","enabled":true}],"messenger_chat":{"enabled":true,"domains":["https:\/\/www.okpsdoor.com\/"],"default_locale":"en_US"},"messenger_chats":[{"feature_instance_id":"1644794592633150","enabled":true,"domains":["https:\/\/www.okpsdoor.com\/"],"default_locale":"en_US"}],"messenger_menu":{"enabled":false},"page_card":{"enabled":false},"page_cta":{"enabled":false},"page_post":{"enabled":false},"page_shop":{"enabled":false},"pixels":[{"feature_instance_id":"7027469227280260","enabled":true},{"enabled":false}],"thread_intent":{"enabled":false}}

10-21-2023 @ 22:46:57 - Request
method: POST
uri: https://graph.facebook.com/v16.0/1311088993098283/events
user-agent: Facebook-for-WooCommerce/3.0.23 (WooCommerce/7.7.2; WordPress/6.3.2)
body: {"data":[{"action_source":"website","event_time":1697921217,"event_id":"c54b9253-2f9d-4353-8d75-0b989cfc1e4a","event_source_url":"https:\/\/www.okpsdoor.com\/product\/p001-panel-door\/?noamp=mobile","custom_data":{"content_name":"P001 Panel Door","content_ids":"[\"P001_3898\"]","content_type":"product","contents":"[{\"id\":\"P001_3898\",\"quantity\":1}]","content_category":"Lacquered MDF Doors","value":0,"currency":"USD"},"user_data":{"client_ip_address":"114.119.154.13","client_user_agent":"Mozilla\/5.0 (Linux; Android 7.0;) AppleWebKit\/537.36 (KHTML, like Gecko) Mobile Safari\/537.36 (compatible; PetalBot;+https:\/\/webmaster.petalsearch.com\/site\/petalbot)","fbc":"","fbp":""},"event_name":"ViewContent"}],"partner_agent":"woocommerce-7.7.2-3.0.23"}
duration: 0.28455s

10-21-2023 @ 22:46:57 - Response
code: 200
message: OK
body: {"events_received":1,"messages":[],"fbtrace_id":"AyKkztEBIcDSKDaSDMSZJ2v"}

10-21-2023 @ 23:44:43 - Request
method: POST
uri: https://graph.facebook.com/v16.0/1311088993098283/events
user-agent: Facebook-for-WooCommerce/3.0.23 (WooCommerce/7.7.2; WordPress/6.3.2)
body: {"data":[{"action_source":"website","event_time":1697924683,"event_id":"2af21f14-96cb-4b75-a836-ceb5759058ea","event_source_url":"https:\/\/www.okpsdoor.com\/product\/l050-lacquered-mdf-door-copy\/?noamp=mobile","custom_data":{"content_name":"L050 Lacquered MDF Door (","content_ids":"[\"L001-18-19-2_3839\"]","content_type":"product","contents":"[{\"id\":\"L001-18-19-2_3839\",\"quantity\":1}]","content_category":"Lacquered MDF Doors","value":0,"currency":"USD"},"user_data":{"client_ip_address":"114.119.139.148","client_user_agent":"Mozilla\/5.0 (Linux; Android 7.0;) AppleWebKit\/537.36 (KHTML, like Gecko) Mobile Safari\/537.36 (compatible; PetalBot;+https:\/\/webmaster.petalsearch.com\/site\/petalbot)","fbc":"","fbp":""},"event_name":"ViewContent"}],"partner_agent":"woocommerce-7.7.2-3.0.23"}
duration: 0.30864s

10-21-2023 @ 23:44:43 - Response
code: 200
message: OK
body: {"events_received":1,"messages":[],"fbtrace_id":"ATOA3wJozQa9sNuA95Oupax"}

10-22-2023 @ 00:31:27 - Request
method: GET
uri: https://graph.facebook.com/v16.0/fbe_business?fbe_external_business_id=okpsdoor-6454b365f14df
user-agent: Facebook-for-WooCommerce/3.0.23 (WooCommerce/7.7.2; WordPress/6.3.2)
body:
duration: 0.40611s

10-22-2023 @ 00:31:27 - Response
code: 200
message: OK
body: {"business":{"name":"Okps Door"},"ads":[{"feature_instance_id":"1653664188416318","enabled":true}],"catalogs":[{"feature_instance_id":"925632232095199","enabled":true}],"catalog_feed_scheduled":{"enabled":false},"fb_shops":[{"enabled":false}],"ig_cta":{"enabled":false},"ig_shopping":{"enabled":true},"ig_shoppings":[{"feature_instance_id":"636856034922684","enabled":true}],"messenger_chat":{"enabled":true,"domains":["https:\/\/www.okpsdoor.com\/"],"default_locale":"en_US"},"messenger_chats":[{"feature_instance_id":"1644794592633150","enabled":true,"domains":["https:\/\/www.okpsdoor.com\/"],"default_locale":"en_US"}],"messenger_menu":{"enabled":false},"page_card":{"enabled":false},"page_cta":{"enabled":false},"page_post":{"enabled":false},"page_shop":{"enabled":false},"pixels":[{"feature_instance_id":"7027469227280260","enabled":true},{"enabled":false}],"thread_intent":{"enabled":false}}

10-22-2023 @ 01:05:00 - Request
method: POST
uri: https://graph.facebook.com/v16.0/1311088993098283/events
user-agent: Facebook-for-WooCommerce/3.0.23 (WooCommerce/7.7.2; WordPress/6.3.2)
body: {"data":[{"action_source":"website","event_time":1697929500,"event_id":"e9344dd7-1b9c-4c0c-8f4d-94e8d0fba785","event_source_url":"https:\/\/www.okpsdoor.com\/product\/l003-lacquered-mdf-door\/?add-to-cart=3738","custom_data":{"content_ids":"[\"L001-17_3738\"]","content_name":"L017 Lacquered MDF Door","content_type":"product","contents":"[{\"id\":\"L001-17_3738\",\"quantity\":1}]","value":1,"currency":"USD"},"user_data":{"client_ip_address":"216.244.66.249","client_user_agent":"Mozilla\/5.0 (compatible; DotBot\/1.2; +https:\/\/opensiteexplorer.org\/dotbot; help@moz.com)","fbc":"","fbp":""},"event_name":"AddToCart"}],"partner_agent":"woocommerce-7.7.2-3.0.23"}
duration: 0.25559s

10-22-2023 @ 01:05:00 - Response
code: 200
message: OK
body: {"events_received":1,"messages":[],"fbtrace_id":"AwzEYt6_SbUcAvS5r1c3zwv"}

10-22-2023 @ 01:28:26 - Request
method: GET
uri: https://graph.facebook.com/v16.0/fbe_business?fbe_external_business_id=okpsdoor-6454b365f14df
user-agent: Facebook-for-WooCommerce/3.0.23 (WooCommerce/7.7.2; WordPress/6.3.2)
body:
duration: 0.36716s

10-22-2023 @ 01:28:26 - Response
code: 200
message: OK
body: {"business":{"name":"Okps Door"},"ads":[{"feature_instance_id":"1653664188416318","enabled":true}],"catalogs":[{"feature_instance_id":"925632232095199","enabled":true}],"catalog_feed_scheduled":{"enabled":false},"fb_shops":[{"enabled":false}],"ig_cta":{"enabled":false},"ig_shopping":{"enabled":true},"ig_shoppings":[{"feature_instance_id":"636856034922684","enabled":true}],"messenger_chat":{"enabled":true,"domains":["https:\/\/www.okpsdoor.com\/"],"default_locale":"en_US"},"messenger_chats":[{"feature_instance_id":"1644794592633150","enabled":true,"domains":["https:\/\/www.okpsdoor.com\/"],"default_locale":"en_US"}],"messenger_menu":{"enabled":false},"page_card":{"enabled":false},"page_cta":{"enabled":false},"page_post":{"enabled":false},"page_shop":{"enabled":false},"pixels":[{"feature_instance_id":"7027469227280260","enabled":true},{"enabled":false}],"thread_intent":{"enabled":false}}

