10-16-2023 @ 02:46:23 - Request
method: GET
uri: https://graph.facebook.com/v16.0/fbe_business?fbe_external_business_id=okpsdoor-6454b365f14df
user-agent: Facebook-for-WooCommerce/3.0.23 (WooCommerce/7.7.2; WordPress/6.3.2)
body:
duration: 0.41658s

10-16-2023 @ 02:46:23 - Response
code: 200
message: OK
body: {"business":{"name":"Okps Door"},"ads":[{"feature_instance_id":"1653664188416318","enabled":true}],"catalogs":[{"feature_instance_id":"925632232095199","enabled":true}],"catalog_feed_scheduled":{"enabled":false},"fb_shops":[{"enabled":false}],"ig_cta":{"enabled":false},"ig_shopping":{"enabled":true},"ig_shoppings":[{"feature_instance_id":"636856034922684","enabled":true}],"messenger_chat":{"enabled":true,"domains":["https:\/\/www.okpsdoor.com\/"],"default_locale":"en_US"},"messenger_chats":[{"feature_instance_id":"1644794592633150","enabled":true,"domains":["https:\/\/www.okpsdoor.com\/"],"default_locale":"en_US"}],"messenger_menu":{"enabled":false},"page_card":{"enabled":false},"page_cta":{"enabled":false},"page_post":{"enabled":false},"page_shop":{"enabled":false},"pixels":[{"feature_instance_id":"7027469227280260","enabled":true},{"enabled":false}],"thread_intent":{"enabled":false}}

10-16-2023 @ 02:58:44 - Request
method: GET
uri: https://graph.facebook.com/v16.0/fbe_business?fbe_external_business_id=okpsdoor-6454b365f14df
user-agent: Facebook-for-WooCommerce/3.0.23 (WooCommerce/7.7.2; WordPress/6.3.2)
body:
duration: 0.34083s

10-16-2023 @ 02:58:44 - Response
code: 200
message: OK
body: {"business":{"name":"Okps Door"},"ads":[{"feature_instance_id":"1653664188416318","enabled":true}],"catalogs":[{"feature_instance_id":"925632232095199","enabled":true}],"catalog_feed_scheduled":{"enabled":false},"fb_shops":[{"enabled":false}],"ig_cta":{"enabled":false},"ig_shopping":{"enabled":true},"ig_shoppings":[{"feature_instance_id":"636856034922684","enabled":true}],"messenger_chat":{"enabled":true,"domains":["https:\/\/www.okpsdoor.com\/"],"default_locale":"en_US"},"messenger_chats":[{"feature_instance_id":"1644794592633150","enabled":true,"domains":["https:\/\/www.okpsdoor.com\/"],"default_locale":"en_US"}],"messenger_menu":{"enabled":false},"page_card":{"enabled":false},"page_cta":{"enabled":false},"page_post":{"enabled":false},"page_shop":{"enabled":false},"pixels":[{"feature_instance_id":"7027469227280260","enabled":true},{"enabled":false}],"thread_intent":{"enabled":false}}

10-16-2023 @ 03:36:44 - Request
method: POST
uri: https://graph.facebook.com/v16.0/1311088993098283/events
user-agent: Facebook-for-WooCommerce/3.0.23 (WooCommerce/7.7.2; WordPress/6.3.2)
body: {"data":[{"action_source":"website","event_time":1697420203,"event_id":"41e444d5-296b-4c3e-a3a7-7e6789dc75e8","event_source_url":"https:\/\/www.okpsdoor.com\/product\/l044-lacquered-mdf-door\/?noamp=mobile","custom_data":{"content_name":"L044 Lacquered MDF Door","content_ids":"[\"L001-18-13_3776\"]","content_type":"product","contents":"[{\"id\":\"L001-18-13_3776\",\"quantity\":1}]","content_category":"Lacquered MDF Doors","value":"1","currency":"USD"},"user_data":{"client_ip_address":"114.119.153.72","client_user_agent":"Mozilla\/5.0 (Linux; Android 7.0;) AppleWebKit\/537.36 (KHTML, like Gecko) Mobile Safari\/537.36 (compatible; PetalBot;+https:\/\/webmaster.petalsearch.com\/site\/petalbot)","fbc":"","fbp":""},"event_name":"ViewContent"}],"partner_agent":"woocommerce-7.7.2-3.0.23"}
duration: 0.29598s

10-16-2023 @ 03:36:44 - Response
code: 200
message: OK
body: {"events_received":1,"messages":[],"fbtrace_id":"AidNoKdqc1LibjWraxFm3vw"}

10-16-2023 @ 03:52:23 - Request
method: POST
uri: https://graph.facebook.com/v16.0/1311088993098283/events
user-agent: Facebook-for-WooCommerce/3.0.23 (WooCommerce/7.7.2; WordPress/6.3.2)
body: {"data":[{"action_source":"website","event_time":1697421142,"event_id":"cc200c6c-f1a2-4bbf-be3e-fb5dc16f15de","event_source_url":"https:\/\/www.okpsdoor.com\/product\/l027-lacquered-mdf-door\/?noamp=mobile","custom_data":{"content_name":"L027 Lacquered MDF Door","content_ids":"[\"L001-18-8_3771\"]","content_type":"product","contents":"[{\"id\":\"L001-18-8_3771\",\"quantity\":1}]","content_category":"Lacquered MDF Doors","value":"1","currency":"USD"},"user_data":{"client_ip_address":"114.119.139.110","client_user_agent":"Mozilla\/5.0 (Linux; Android 7.0;) AppleWebKit\/537.36 (KHTML, like Gecko) Mobile Safari\/537.36 (compatible; PetalBot;+https:\/\/webmaster.petalsearch.com\/site\/petalbot)","fbc":"","fbp":""},"event_name":"ViewContent"}],"partner_agent":"woocommerce-7.7.2-3.0.23"}
duration: 0.32453s

10-16-2023 @ 03:52:23 - Response
code: 200
message: OK
body: {"events_received":1,"messages":[],"fbtrace_id":"AMqCwk-dByAF9C1rF5VzxpU"}

10-16-2023 @ 04:18:47 - Request
method: GET
uri: https://graph.facebook.com/v16.0/fbe_business?fbe_external_business_id=okpsdoor-6454b365f14df
user-agent: Facebook-for-WooCommerce/3.0.23 (WooCommerce/7.7.2; WordPress/6.3.2)
body:
duration: 0.33768s

10-16-2023 @ 04:18:47 - Response
code: 200
message: OK
body: {"business":{"name":"Okps Door"},"ads":[{"feature_instance_id":"1653664188416318","enabled":true}],"catalogs":[{"feature_instance_id":"925632232095199","enabled":true}],"catalog_feed_scheduled":{"enabled":false},"fb_shops":[{"enabled":false}],"ig_cta":{"enabled":false},"ig_shopping":{"enabled":true},"ig_shoppings":[{"feature_instance_id":"636856034922684","enabled":true}],"messenger_chat":{"enabled":true,"domains":["https:\/\/www.okpsdoor.com\/"],"default_locale":"en_US"},"messenger_chats":[{"feature_instance_id":"1644794592633150","enabled":true,"domains":["https:\/\/www.okpsdoor.com\/"],"default_locale":"en_US"}],"messenger_menu":{"enabled":false},"page_card":{"enabled":false},"page_cta":{"enabled":false},"page_post":{"enabled":false},"page_shop":{"enabled":false},"pixels":[{"feature_instance_id":"7027469227280260","enabled":true},{"enabled":false}],"thread_intent":{"enabled":false}}

10-16-2023 @ 05:04:53 - Request
method: GET
uri: https://graph.facebook.com/v16.0/fbe_business?fbe_external_business_id=okpsdoor-6454b365f14df
user-agent: Facebook-for-WooCommerce/3.0.23 (WooCommerce/7.7.2; WordPress/6.3.2)
body:
duration: 0.15232s

10-16-2023 @ 05:04:53 - Response
code: 200
message: OK
body: {"business":{"name":"Okps Door"},"ads":[{"feature_instance_id":"1653664188416318","enabled":true}],"catalogs":[{"feature_instance_id":"925632232095199","enabled":true}],"catalog_feed_scheduled":{"enabled":false},"fb_shops":[{"enabled":false}],"ig_cta":{"enabled":false},"ig_shopping":{"enabled":true},"ig_shoppings":[{"feature_instance_id":"636856034922684","enabled":true}],"messenger_chat":{"enabled":true,"domains":["https:\/\/www.okpsdoor.com\/"],"default_locale":"en_US"},"messenger_chats":[{"feature_instance_id":"1644794592633150","enabled":true,"domains":["https:\/\/www.okpsdoor.com\/"],"default_locale":"en_US"}],"messenger_menu":{"enabled":false},"page_card":{"enabled":false},"page_cta":{"enabled":false},"page_post":{"enabled":false},"page_shop":{"enabled":false},"pixels":[{"feature_instance_id":"7027469227280260","enabled":true},{"enabled":false}],"thread_intent":{"enabled":false}}

10-16-2023 @ 06:30:52 - Request
method: GET
uri: https://graph.facebook.com/v16.0/fbe_business?fbe_external_business_id=okpsdoor-6454b365f14df
user-agent: Facebook-for-WooCommerce/3.0.23 (WooCommerce/7.7.2; WordPress/6.3.2)
body:
duration: 0.51302s

10-16-2023 @ 06:30:52 - Response
code: 200
message: OK
body: {"business":{"name":"Okps Door"},"ads":[{"feature_instance_id":"1653664188416318","enabled":true}],"catalogs":[{"feature_instance_id":"925632232095199","enabled":true}],"catalog_feed_scheduled":{"enabled":false},"fb_shops":[{"enabled":false}],"ig_cta":{"enabled":false},"ig_shopping":{"enabled":true},"ig_shoppings":[{"feature_instance_id":"636856034922684","enabled":true}],"messenger_chat":{"enabled":true,"domains":["https:\/\/www.okpsdoor.com\/"],"default_locale":"en_US"},"messenger_chats":[{"feature_instance_id":"1644794592633150","enabled":true,"domains":["https:\/\/www.okpsdoor.com\/"],"default_locale":"en_US"}],"messenger_menu":{"enabled":false},"page_card":{"enabled":false},"page_cta":{"enabled":false},"page_post":{"enabled":false},"page_shop":{"enabled":false},"pixels":[{"feature_instance_id":"7027469227280260","enabled":true},{"enabled":false}],"thread_intent":{"enabled":false}}

10-16-2023 @ 07:15:09 - Request
method: GET
uri: https://graph.facebook.com/v16.0/fbe_business?fbe_external_business_id=okpsdoor-6454b365f14df
user-agent: Facebook-for-WooCommerce/3.0.23 (WooCommerce/7.7.2; WordPress/6.3.2)
body:
duration: 0.3357s

10-16-2023 @ 07:15:09 - Response
code: 200
message: OK
body: {"business":{"name":"Okps Door"},"ads":[{"feature_instance_id":"1653664188416318","enabled":true}],"catalogs":[{"feature_instance_id":"925632232095199","enabled":true}],"catalog_feed_scheduled":{"enabled":false},"fb_shops":[{"enabled":false}],"ig_cta":{"enabled":false},"ig_shopping":{"enabled":true},"ig_shoppings":[{"feature_instance_id":"636856034922684","enabled":true}],"messenger_chat":{"enabled":true,"domains":["https:\/\/www.okpsdoor.com\/"],"default_locale":"en_US"},"messenger_chats":[{"feature_instance_id":"1644794592633150","enabled":true,"domains":["https:\/\/www.okpsdoor.com\/"],"default_locale":"en_US"}],"messenger_menu":{"enabled":false},"page_card":{"enabled":false},"page_cta":{"enabled":false},"page_post":{"enabled":false},"page_shop":{"enabled":false},"pixels":[{"feature_instance_id":"7027469227280260","enabled":true},{"enabled":false}],"thread_intent":{"enabled":false}}

10-16-2023 @ 08:03:53 - Request
method: POST
uri: https://graph.facebook.com/v16.0/1311088993098283/events
user-agent: Facebook-for-WooCommerce/3.0.23 (WooCommerce/7.7.2; WordPress/6.3.2)
body: {"data":[{"action_source":"website","event_time":1697436232,"event_id":"02a72ceb-3803-48ef-a104-6508711e5295","event_source_url":"https:\/\/www.okpsdoor.com\/product\/okps01-door-interior\/","custom_data":{"content_name":"OKPS01 DOOR INTERIOR","content_ids":"[\"wc_post_id_3688\"]","content_type":"product","contents":"[{\"id\":\"wc_post_id_3688\",\"quantity\":1}]","content_category":"PVC Mdf","value":"90","currency":"USD"},"user_data":{"client_ip_address":"173.252.107.10","client_user_agent":"facebookexternalhit\/1.1 (+http:\/\/www.facebook.com\/externalhit_uatext.php)","fbc":"","fbp":""},"event_name":"ViewContent"}],"partner_agent":"woocommerce-7.7.2-3.0.23"}
duration: 0.27757s

10-16-2023 @ 08:03:53 - Response
code: 200
message: OK
body: {"events_received":1,"messages":[],"fbtrace_id":"AIKWXVMIOzqdOMj5MSysExw"}

10-16-2023 @ 08:03:53 - Request
method: POST
uri: https://graph.facebook.com/v16.0/1311088993098283/events
user-agent: Facebook-for-WooCommerce/3.0.23 (WooCommerce/7.7.2; WordPress/6.3.2)
body: {"data":[{"action_source":"website","event_time":1697436232,"event_id":"3265d932-1999-4235-b209-ba75fe4549d2","event_source_url":"https:\/\/www.okpsdoor.com\/product\/s001-steel-door\/","custom_data":{"content_name":"S001 Steel door","content_ids":"[\"S001_4153\"]","content_type":"product","contents":"[{\"id\":\"S001_4153\",\"quantity\":1}]","content_category":"Steel Door","value":0,"currency":"USD"},"user_data":{"client_ip_address":"173.252.107.116","client_user_agent":"facebookexternalhit\/1.1 (+http:\/\/www.facebook.com\/externalhit_uatext.php)","fbc":"","fbp":""},"event_name":"ViewContent"}],"partner_agent":"woocommerce-7.7.2-3.0.23"}
duration: 0.28018s

10-16-2023 @ 08:03:53 - Response
code: 200
message: OK
body: {"events_received":1,"messages":[],"fbtrace_id":"AwVwZEFd9mb_QRq_w-Vlw0y"}

10-16-2023 @ 09:35:39 - Request
method: GET
uri: https://graph.facebook.com/v16.0/fbe_business?fbe_external_business_id=okpsdoor-6454b365f14df
user-agent: Facebook-for-WooCommerce/3.0.23 (WooCommerce/7.7.2; WordPress/6.3.2)
body:
duration: 0.5289s

10-16-2023 @ 09:35:39 - Response
code: 200
message: OK
body: {"business":{"name":"Okps Door"},"ads":[{"feature_instance_id":"1653664188416318","enabled":true}],"catalogs":[{"feature_instance_id":"925632232095199","enabled":true}],"catalog_feed_scheduled":{"enabled":false},"fb_shops":[{"enabled":false}],"ig_cta":{"enabled":false},"ig_shopping":{"enabled":true},"ig_shoppings":[{"feature_instance_id":"636856034922684","enabled":true}],"messenger_chat":{"enabled":true,"domains":["https:\/\/www.okpsdoor.com\/"],"default_locale":"en_US"},"messenger_chats":[{"feature_instance_id":"1644794592633150","enabled":true,"domains":["https:\/\/www.okpsdoor.com\/"],"default_locale":"en_US"}],"messenger_menu":{"enabled":false},"page_card":{"enabled":false},"page_cta":{"enabled":false},"page_post":{"enabled":false},"page_shop":{"enabled":false},"pixels":[{"feature_instance_id":"7027469227280260","enabled":true},{"enabled":false}],"thread_intent":{"enabled":false}}

10-16-2023 @ 09:44:44 - Request
method: GET
uri: https://graph.facebook.com/v16.0/fbe_business?fbe_external_business_id=okpsdoor-6454b365f14df
user-agent: Facebook-for-WooCommerce/3.0.23 (WooCommerce/7.7.2; WordPress/6.3.2)
body:
duration: 0.17681s

10-16-2023 @ 09:44:44 - Response
code: 200
message: OK
body: {"business":{"name":"Okps Door"},"ads":[{"feature_instance_id":"1653664188416318","enabled":true}],"catalogs":[{"feature_instance_id":"925632232095199","enabled":true}],"catalog_feed_scheduled":{"enabled":false},"fb_shops":[{"enabled":false}],"ig_cta":{"enabled":false},"ig_shopping":{"enabled":true},"ig_shoppings":[{"feature_instance_id":"636856034922684","enabled":true}],"messenger_chat":{"enabled":true,"domains":["https:\/\/www.okpsdoor.com\/"],"default_locale":"en_US"},"messenger_chats":[{"feature_instance_id":"1644794592633150","enabled":true,"domains":["https:\/\/www.okpsdoor.com\/"],"default_locale":"en_US"}],"messenger_menu":{"enabled":false},"page_card":{"enabled":false},"page_cta":{"enabled":false},"page_post":{"enabled":false},"page_shop":{"enabled":false},"pixels":[{"feature_instance_id":"7027469227280260","enabled":true},{"enabled":false}],"thread_intent":{"enabled":false}}

10-16-2023 @ 09:52:05 - Request
method: GET
uri: https://graph.facebook.com/v16.0/1668026370292586/product_feeds
user-agent: Facebook-for-WooCommerce/3.0.23 (WooCommerce/7.7.2; WordPress/6.3.2)
body:
duration: 0.33845s

10-16-2023 @ 09:52:05 - Response
code: 200
message: OK
body: {"data":[{"id":"1190280915023372","file_name":"Okps Door - Catalogue - Fil d\u2019actualit\u00e9","name":"Okps Door - Catalogue - Fil d\u2019actualit\u00e9"}],"paging":{"cursors":{"before":"QVFIUnhHSmRUQk8zWlVJdWxpTzM3cDJWcDBsendLN1otRDBCV18wbTlMX3RfVVRBSlVIRVNJSUp2SE42R1hJVmszTW9OV3BYSXpPZAUl2Y3djSTJJcURKRWdR","after":"QVFIUnhHSmRUQk8zWlVJdWxpTzM3cDJWcDBsendLN1otRDBCV18wbTlMX3RfVVRBSlVIRVNJSUp2SE42R1hJVmszTW9OV3BYSXpPZAUl2Y3djSTJJcURKRWdR"}}}

10-16-2023 @ 09:52:05 - Request
method: GET
uri: https://graph.facebook.com/v16.0/1190280915023372/?fields=created_time,latest_upload,product_count,schedule,update_schedule
user-agent: Facebook-for-WooCommerce/3.0.23 (WooCommerce/7.7.2; WordPress/6.3.2)
body:
duration: 0.36455s

10-16-2023 @ 09:52:05 - Response
code: 200
message: OK
body: {"created_time":"2023-05-05T07:48:28+0000","product_count":0,"id":"1190280915023372"}

10-16-2023 @ 09:52:06 - Request
method: GET
uri: https://graph.facebook.com/v16.0/fbe_business/fbe_installs?fbe_external_business_id=okpsdoor-6454b365f14df
user-agent: Facebook-for-WooCommerce/3.0.23 (WooCommerce/7.7.2; WordPress/6.3.2)
body:
duration: 0.52223s

10-16-2023 @ 09:52:06 - Response
code: 200
message: OK
body: {"data":[{"business_manager_id":"543747223972335","commerce_merchant_settings_id":"250740394101322","onsite_eligible":false,"pixel_id":"1311088993098283","profiles":["106325218977906","17841454389513479"],"ad_account_id":"783785203099424","catalog_id":"1668026370292586","pages":["106325218977906"],"instagram_profiles":["17841454389513479"],"ig_shop":{"status":"NOT_ELIGIBLE","reasons":[{"code":"UNKNOWN","message":"Your account is not eligible for Instagram Shopping at this time."}]},"token_type":"User","installed_features":[{"feature_instance_id":"7027469227280260","feature_type":"pixel","connected_assets":{"ad_account_id":"783785203099424","ig_profile_id":"17841454389513479","page_id":"106325218977906","pixel_id":"1311088993098283"},"additional_info":{"onsite_eligible":false,"pixel_is_consolidated_container":true}},{"feature_instance_id":"1653664188416318","feature_type":"ads","connected_assets":{"ad_account_id":"783785203099424","catalog_id":"1668026370292586","ig_profile_id":"17841454389513479","page_id":"106325218977906","pixel_id":"1311088993098283"},"additional_info":{"onsite_eligible":false,"pixel_is_consolidated_container":true}},{"feature_instance_id":"925632232095199","feature_type":"catalog","connected_assets":{"ad_account_id":"783785203099424","catalog_id":"1668026370292586","ig_profile_id":"17841454389513479","page_id":"106325218977906","pixel_id":"1311088993098283"},"additional_info":{"onsite_eligible":false,"pixel_is_consolidated_container":true}},{"feature_instance_id":"636856034922684","feature_type":"ig_shopping","connected_assets":{"catalog_id":"1668026370292586","commerce_merchant_settings_id":"250740394101322","ig_profile_id":"17841454389513479","page_id":"106325218977906"},"additional_info":{"onsite_eligible":false}},{"feature_instance_id":"1644794592633150","feature_type":"messenger_chat","connected_assets":{"ig_profile_id":"17841454389513479","page_id":"106325218977906"},"additional_info":{"onsite_eligible":false}}]}]}

10-16-2023 @ 09:52:06 - Retrieving page access token
10-16-2023 @ 09:52:07 - Request
method: GET
uri: https://graph.facebook.com/v16.0/fbe_business?fbe_external_business_id=okpsdoor-6454b365f14df
user-agent: Facebook-for-WooCommerce/3.0.23 (WooCommerce/7.7.2; WordPress/6.3.2)
body:
duration: 0.29906s

10-16-2023 @ 09:52:07 - Response
code: 200
message: OK
body: {"business":{"name":"Okps Door"},"ads":[{"feature_instance_id":"1653664188416318","enabled":true}],"catalogs":[{"feature_instance_id":"925632232095199","enabled":true}],"catalog_feed_scheduled":{"enabled":false},"fb_shops":[{"enabled":false}],"ig_cta":{"enabled":false},"ig_shopping":{"enabled":true},"ig_shoppings":[{"feature_instance_id":"636856034922684","enabled":true}],"messenger_chat":{"enabled":true,"domains":["https:\/\/www.okpsdoor.com\/"],"default_locale":"en_US"},"messenger_chats":[{"feature_instance_id":"1644794592633150","enabled":true,"domains":["https:\/\/www.okpsdoor.com\/"],"default_locale":"en_US"}],"messenger_menu":{"enabled":false},"page_card":{"enabled":false},"page_cta":{"enabled":false},"page_post":{"enabled":false},"page_shop":{"enabled":false},"pixels":[{"feature_instance_id":"7027469227280260","enabled":true},{"enabled":false}],"thread_intent":{"enabled":false}}

10-16-2023 @ 12:36:04 - Request
method: GET
uri: https://graph.facebook.com/v16.0/fbe_business?fbe_external_business_id=okpsdoor-6454b365f14df
user-agent: Facebook-for-WooCommerce/3.0.23 (WooCommerce/7.7.2; WordPress/6.3.2)
body:
duration: 0.53799s

10-16-2023 @ 12:36:04 - Response
code: 200
message: OK
body: {"business":{"name":"Okps Door"},"ads":[{"feature_instance_id":"1653664188416318","enabled":true}],"catalogs":[{"feature_instance_id":"925632232095199","enabled":true}],"catalog_feed_scheduled":{"enabled":false},"fb_shops":[{"enabled":false}],"ig_cta":{"enabled":false},"ig_shopping":{"enabled":true},"ig_shoppings":[{"feature_instance_id":"636856034922684","enabled":true}],"messenger_chat":{"enabled":true,"domains":["https:\/\/www.okpsdoor.com\/"],"default_locale":"en_US"},"messenger_chats":[{"feature_instance_id":"1644794592633150","enabled":true,"domains":["https:\/\/www.okpsdoor.com\/"],"default_locale":"en_US"}],"messenger_menu":{"enabled":false},"page_card":{"enabled":false},"page_cta":{"enabled":false},"page_post":{"enabled":false},"page_shop":{"enabled":false},"pixels":[{"feature_instance_id":"7027469227280260","enabled":true},{"enabled":false}],"thread_intent":{"enabled":false}}

10-16-2023 @ 13:36:40 - Request
method: POST
uri: https://graph.facebook.com/v16.0/1311088993098283/events
user-agent: Facebook-for-WooCommerce/3.0.23 (WooCommerce/7.7.2; WordPress/6.3.2)
body: {"data":[{"action_source":"website","event_time":1697456199,"event_id":"e1460957-6a34-4943-81c7-32e465af8fd6","event_source_url":"https:\/\/www.okpsdoor.com\/product\/p015-panel-door\/?noamp=mobile","custom_data":{"content_name":"P015 Panel Door","content_ids":"[\"P015_3939\"]","content_type":"product","contents":"[{\"id\":\"P015_3939\",\"quantity\":1}]","content_category":"Lacquered MDF Doors","value":0,"currency":"USD"},"user_data":{"client_ip_address":"114.119.156.188","client_user_agent":"Mozilla\/5.0 (Linux; Android 7.0;) AppleWebKit\/537.36 (KHTML, like Gecko) Mobile Safari\/537.36 (compatible; PetalBot;+https:\/\/webmaster.petalsearch.com\/site\/petalbot)","fbc":"","fbp":""},"event_name":"ViewContent"}],"partner_agent":"woocommerce-7.7.2-3.0.23"}
duration: 0.31612s

10-16-2023 @ 13:36:40 - Response
code: 200
message: OK
body: {"events_received":1,"messages":[],"fbtrace_id":"A6SKeqt1MukKFM1HlXYLbFO"}

10-16-2023 @ 14:32:43 - Request
method: GET
uri: https://graph.facebook.com/v16.0/fbe_business?fbe_external_business_id=okpsdoor-6454b365f14df
user-agent: Facebook-for-WooCommerce/3.0.23 (WooCommerce/7.7.2; WordPress/6.3.2)
body:
duration: 0.32206s

10-16-2023 @ 14:32:43 - Response
code: 200
message: OK
body: {"business":{"name":"Okps Door"},"ads":[{"feature_instance_id":"1653664188416318","enabled":true}],"catalogs":[{"feature_instance_id":"925632232095199","enabled":true}],"catalog_feed_scheduled":{"enabled":false},"fb_shops":[{"enabled":false}],"ig_cta":{"enabled":false},"ig_shopping":{"enabled":true},"ig_shoppings":[{"feature_instance_id":"636856034922684","enabled":true}],"messenger_chat":{"enabled":true,"domains":["https:\/\/www.okpsdoor.com\/"],"default_locale":"en_US"},"messenger_chats":[{"feature_instance_id":"1644794592633150","enabled":true,"domains":["https:\/\/www.okpsdoor.com\/"],"default_locale":"en_US"}],"messenger_menu":{"enabled":false},"page_card":{"enabled":false},"page_cta":{"enabled":false},"page_post":{"enabled":false},"page_shop":{"enabled":false},"pixels":[{"feature_instance_id":"7027469227280260","enabled":true},{"enabled":false}],"thread_intent":{"enabled":false}}

10-16-2023 @ 14:34:35 - Request
method: GET
uri: https://graph.facebook.com/v16.0/fbe_business?fbe_external_business_id=okpsdoor-6454b365f14df
user-agent: Facebook-for-WooCommerce/3.0.23 (WooCommerce/7.7.2; WordPress/6.3.2)
body:
duration: 0.32589s

10-16-2023 @ 14:34:35 - Response
code: 200
message: OK
body: {"business":{"name":"Okps Door"},"ads":[{"feature_instance_id":"1653664188416318","enabled":true}],"catalogs":[{"feature_instance_id":"925632232095199","enabled":true}],"catalog_feed_scheduled":{"enabled":false},"fb_shops":[{"enabled":false}],"ig_cta":{"enabled":false},"ig_shopping":{"enabled":true},"ig_shoppings":[{"feature_instance_id":"636856034922684","enabled":true}],"messenger_chat":{"enabled":true,"domains":["https:\/\/www.okpsdoor.com\/"],"default_locale":"en_US"},"messenger_chats":[{"feature_instance_id":"1644794592633150","enabled":true,"domains":["https:\/\/www.okpsdoor.com\/"],"default_locale":"en_US"}],"messenger_menu":{"enabled":false},"page_card":{"enabled":false},"page_cta":{"enabled":false},"page_post":{"enabled":false},"page_shop":{"enabled":false},"pixels":[{"feature_instance_id":"7027469227280260","enabled":true},{"enabled":false}],"thread_intent":{"enabled":false}}

10-16-2023 @ 15:41:57 - Request
method: GET
uri: https://graph.facebook.com/v16.0/fbe_business?fbe_external_business_id=okpsdoor-6454b365f14df
user-agent: Facebook-for-WooCommerce/3.0.23 (WooCommerce/7.7.2; WordPress/6.3.2)
body:
duration: 0.4792s

10-16-2023 @ 15:41:57 - Response
code: 200
message: OK
body: {"business":{"name":"Okps Door"},"ads":[{"feature_instance_id":"1653664188416318","enabled":true}],"catalogs":[{"feature_instance_id":"925632232095199","enabled":true}],"catalog_feed_scheduled":{"enabled":false},"fb_shops":[{"enabled":false}],"ig_cta":{"enabled":false},"ig_shopping":{"enabled":true},"ig_shoppings":[{"feature_instance_id":"636856034922684","enabled":true}],"messenger_chat":{"enabled":true,"domains":["https:\/\/www.okpsdoor.com\/"],"default_locale":"en_US"},"messenger_chats":[{"feature_instance_id":"1644794592633150","enabled":true,"domains":["https:\/\/www.okpsdoor.com\/"],"default_locale":"en_US"}],"messenger_menu":{"enabled":false},"page_card":{"enabled":false},"page_cta":{"enabled":false},"page_post":{"enabled":false},"page_shop":{"enabled":false},"pixels":[{"feature_instance_id":"7027469227280260","enabled":true},{"enabled":false}],"thread_intent":{"enabled":false}}

10-16-2023 @ 15:45:27 - Request
method: POST
uri: https://graph.facebook.com/v16.0/1311088993098283/events
user-agent: Facebook-for-WooCommerce/3.0.23 (WooCommerce/7.7.2; WordPress/6.3.2)
body: {"data":[{"action_source":"website","event_time":1697463926,"event_id":"4c79afce-c06c-4512-be03-651d3eb25188","event_source_url":"https:\/\/www.okpsdoor.com\/product\/l022-lacquered-mdf-door\/?noamp=mobile","custom_data":{"content_name":"L022 Lacquered MDF Door","content_ids":"[\"L001-18-3_3766\"]","content_type":"product","contents":"[{\"id\":\"L001-18-3_3766\",\"quantity\":1}]","content_category":"Lacquered MDF Doors","value":"1","currency":"USD"},"user_data":{"client_ip_address":"114.119.143.58","client_user_agent":"Mozilla\/5.0 (Linux; Android 7.0;) AppleWebKit\/537.36 (KHTML, like Gecko) Mobile Safari\/537.36 (compatible; PetalBot;+https:\/\/webmaster.petalsearch.com\/site\/petalbot)","fbc":"","fbp":""},"event_name":"ViewContent"}],"partner_agent":"woocommerce-7.7.2-3.0.23"}
duration: 0.37341s

10-16-2023 @ 15:45:27 - Response
code: 200
message: OK
body: {"events_received":1,"messages":[],"fbtrace_id":"AEjakDj25ZlS5R2eNESrHEz"}

10-16-2023 @ 15:57:28 - Request
method: GET
uri: https://graph.facebook.com/v16.0/fbe_business?fbe_external_business_id=okpsdoor-6454b365f14df
user-agent: Facebook-for-WooCommerce/3.0.23 (WooCommerce/7.7.2; WordPress/6.3.2)
body:
duration: 0.36815s

10-16-2023 @ 15:57:28 - Response
code: 200
message: OK
body: {"business":{"name":"Okps Door"},"ads":[{"feature_instance_id":"1653664188416318","enabled":true}],"catalogs":[{"feature_instance_id":"925632232095199","enabled":true}],"catalog_feed_scheduled":{"enabled":false},"fb_shops":[{"enabled":false}],"ig_cta":{"enabled":false},"ig_shopping":{"enabled":true},"ig_shoppings":[{"feature_instance_id":"636856034922684","enabled":true}],"messenger_chat":{"enabled":true,"domains":["https:\/\/www.okpsdoor.com\/"],"default_locale":"en_US"},"messenger_chats":[{"feature_instance_id":"1644794592633150","enabled":true,"domains":["https:\/\/www.okpsdoor.com\/"],"default_locale":"en_US"}],"messenger_menu":{"enabled":false},"page_card":{"enabled":false},"page_cta":{"enabled":false},"page_post":{"enabled":false},"page_shop":{"enabled":false},"pixels":[{"feature_instance_id":"7027469227280260","enabled":true},{"enabled":false}],"thread_intent":{"enabled":false}}

10-16-2023 @ 18:46:32 - Request
method: GET
uri: https://graph.facebook.com/v16.0/fbe_business?fbe_external_business_id=okpsdoor-6454b365f14df
user-agent: Facebook-for-WooCommerce/3.0.23 (WooCommerce/7.7.2; WordPress/6.3.2)
body:
duration: 0.53257s

10-16-2023 @ 18:46:32 - Response
code: 200
message: OK
body: {"business":{"name":"Okps Door"},"ads":[{"feature_instance_id":"1653664188416318","enabled":true}],"catalogs":[{"feature_instance_id":"925632232095199","enabled":true}],"catalog_feed_scheduled":{"enabled":false},"fb_shops":[{"enabled":false}],"ig_cta":{"enabled":false},"ig_shopping":{"enabled":true},"ig_shoppings":[{"feature_instance_id":"636856034922684","enabled":true}],"messenger_chat":{"enabled":true,"domains":["https:\/\/www.okpsdoor.com\/"],"default_locale":"en_US"},"messenger_chats":[{"feature_instance_id":"1644794592633150","enabled":true,"domains":["https:\/\/www.okpsdoor.com\/"],"default_locale":"en_US"}],"messenger_menu":{"enabled":false},"page_card":{"enabled":false},"page_cta":{"enabled":false},"page_post":{"enabled":false},"page_shop":{"enabled":false},"pixels":[{"feature_instance_id":"7027469227280260","enabled":true},{"enabled":false}],"thread_intent":{"enabled":false}}

10-16-2023 @ 19:30:48 - Request
method: GET
uri: https://graph.facebook.com/v16.0/fbe_business?fbe_external_business_id=okpsdoor-6454b365f14df
user-agent: Facebook-for-WooCommerce/3.0.23 (WooCommerce/7.7.2; WordPress/6.3.2)
body:
duration: 0.34873s

10-16-2023 @ 19:30:48 - Response
code: 200
message: OK
body: {"business":{"name":"Okps Door"},"ads":[{"feature_instance_id":"1653664188416318","enabled":true}],"catalogs":[{"feature_instance_id":"925632232095199","enabled":true}],"catalog_feed_scheduled":{"enabled":false},"fb_shops":[{"enabled":false}],"ig_cta":{"enabled":false},"ig_shopping":{"enabled":true},"ig_shoppings":[{"feature_instance_id":"636856034922684","enabled":true}],"messenger_chat":{"enabled":true,"domains":["https:\/\/www.okpsdoor.com\/"],"default_locale":"en_US"},"messenger_chats":[{"feature_instance_id":"1644794592633150","enabled":true,"domains":["https:\/\/www.okpsdoor.com\/"],"default_locale":"en_US"}],"messenger_menu":{"enabled":false},"page_card":{"enabled":false},"page_cta":{"enabled":false},"page_post":{"enabled":false},"page_shop":{"enabled":false},"pixels":[{"feature_instance_id":"7027469227280260","enabled":true},{"enabled":false}],"thread_intent":{"enabled":false}}

10-16-2023 @ 19:30:48 - Request
method: POST
uri: https://graph.facebook.com/v16.0/1311088993098283/events
user-agent: Facebook-for-WooCommerce/3.0.23 (WooCommerce/7.7.2; WordPress/6.3.2)
body: {"data":[{"action_source":"website","event_time":1697477447,"event_id":"5f6dc292-71fd-43f5-a330-9aa659017a96","event_source_url":"https:\/\/www.okpsdoor.com\/product\/l045-lacquered-mdf-door\/?noamp=mobile","custom_data":{"content_name":"L045 Lacquered MDF Door","content_ids":"[\"L001-18-14_3777\"]","content_type":"product","contents":"[{\"id\":\"L001-18-14_3777\",\"quantity\":1}]","content_category":"Lacquered MDF Doors","value":"1","currency":"USD"},"user_data":{"client_ip_address":"114.119.135.202","client_user_agent":"Mozilla\/5.0 (Linux; Android 7.0;) AppleWebKit\/537.36 (KHTML, like Gecko) Mobile Safari\/537.36 (compatible; PetalBot;+https:\/\/webmaster.petalsearch.com\/site\/petalbot)","fbc":"","fbp":""},"event_name":"ViewContent"}],"partner_agent":"woocommerce-7.7.2-3.0.23"}
duration: 0.32429s

10-16-2023 @ 19:30:48 - Response
code: 200
message: OK
body: {"events_received":1,"messages":[],"fbtrace_id":"AU7_cfkTfY7RQ8zBecFcdGt"}

10-16-2023 @ 20:19:47 - Request
method: POST
uri: https://graph.facebook.com/v16.0/1311088993098283/events
user-agent: Facebook-for-WooCommerce/3.0.23 (WooCommerce/7.7.2; WordPress/6.3.2)
body: {"data":[{"action_source":"website","event_time":1697480387,"event_id":"b65c8d56-7f2f-4a89-a74b-5e4c7bfa2856","event_source_url":"https:\/\/www.okpsdoor.com\/product\/s001-steel-door\/","custom_data":{"content_name":"S001 Steel door","content_ids":"[\"S001_4153\"]","content_type":"product","contents":"[{\"id\":\"S001_4153\",\"quantity\":1}]","content_category":"Steel Door","value":0,"currency":"USD"},"user_data":{"client_ip_address":"173.252.107.116","client_user_agent":"facebookexternalhit\/1.1 (+http:\/\/www.facebook.com\/externalhit_uatext.php)","fbc":"","fbp":""},"event_name":"ViewContent"}],"partner_agent":"woocommerce-7.7.2-3.0.23"}
duration: 0.271s

10-16-2023 @ 20:19:47 - Response
code: 200
message: OK
body: {"events_received":1,"messages":[],"fbtrace_id":"AuFercLvaENhzLT3RbjSuO8"}

10-16-2023 @ 20:19:47 - Request
method: GET
uri: https://graph.facebook.com/v16.0/fbe_business?fbe_external_business_id=okpsdoor-6454b365f14df
user-agent: Facebook-for-WooCommerce/3.0.23 (WooCommerce/7.7.2; WordPress/6.3.2)
body:
duration: 0.38733s

10-16-2023 @ 20:19:47 - Response
code: 200
message: OK
body: {"business":{"name":"Okps Door"},"ads":[{"feature_instance_id":"1653664188416318","enabled":true}],"catalogs":[{"feature_instance_id":"925632232095199","enabled":true}],"catalog_feed_scheduled":{"enabled":false},"fb_shops":[{"enabled":false}],"ig_cta":{"enabled":false},"ig_shopping":{"enabled":true},"ig_shoppings":[{"feature_instance_id":"636856034922684","enabled":true}],"messenger_chat":{"enabled":true,"domains":["https:\/\/www.okpsdoor.com\/"],"default_locale":"en_US"},"messenger_chats":[{"feature_instance_id":"1644794592633150","enabled":true,"domains":["https:\/\/www.okpsdoor.com\/"],"default_locale":"en_US"}],"messenger_menu":{"enabled":false},"page_card":{"enabled":false},"page_cta":{"enabled":false},"page_post":{"enabled":false},"page_shop":{"enabled":false},"pixels":[{"feature_instance_id":"7027469227280260","enabled":true},{"enabled":false}],"thread_intent":{"enabled":false}}

10-16-2023 @ 20:19:50 - Request
method: POST
uri: https://graph.facebook.com/v16.0/1311088993098283/events
user-agent: Facebook-for-WooCommerce/3.0.23 (WooCommerce/7.7.2; WordPress/6.3.2)
body: {"data":[{"action_source":"website","event_time":1697480389,"event_id":"39be21d5-30f1-4525-ab76-610d3a71ca1f","event_source_url":"https:\/\/www.okpsdoor.com\/product\/s004-pivot-door\/","custom_data":{"content_name":"S004 Pivot door","content_ids":"[\"S004_4158\"]","content_type":"product","contents":"[{\"id\":\"S004_4158\",\"quantity\":1}]","content_category":"Popular","value":0,"currency":"USD"},"user_data":{"client_ip_address":"173.252.107.7","client_user_agent":"facebookexternalhit\/1.1 (+http:\/\/www.facebook.com\/externalhit_uatext.php)","fbc":"","fbp":""},"event_name":"ViewContent"}],"partner_agent":"woocommerce-7.7.2-3.0.23"}
duration: 0.27131s

10-16-2023 @ 20:19:50 - Response
code: 200
message: OK
body: {"events_received":1,"messages":[],"fbtrace_id":"AUgou21TnDmNYVe_pssVvya"}

10-16-2023 @ 20:19:56 - Request
method: POST
uri: https://graph.facebook.com/v16.0/1311088993098283/events
user-agent: Facebook-for-WooCommerce/3.0.23 (WooCommerce/7.7.2; WordPress/6.3.2)
body: {"data":[{"action_source":"website","event_time":1697480395,"event_id":"7308e775-8a6f-4830-983e-d321a3e3155f","event_source_url":"https:\/\/www.okpsdoor.com\/product\/okps01-door-interior\/","custom_data":{"content_name":"OKPS01 DOOR INTERIOR","content_ids":"[\"wc_post_id_3688\"]","content_type":"product","contents":"[{\"id\":\"wc_post_id_3688\",\"quantity\":1}]","content_category":"PVC Mdf","value":"90","currency":"USD"},"user_data":{"client_ip_address":"173.252.107.3","client_user_agent":"facebookexternalhit\/1.1 (+http:\/\/www.facebook.com\/externalhit_uatext.php)","fbc":"","fbp":""},"event_name":"ViewContent"}],"partner_agent":"woocommerce-7.7.2-3.0.23"}
duration: 0.45914s

10-16-2023 @ 20:19:56 - Response
code: 200
message: OK
body: {"events_received":1,"messages":[],"fbtrace_id":"AKjdYQZskxl47fJzdC_ymXY"}

10-16-2023 @ 22:14:19 - Request
method: GET
uri: https://graph.facebook.com/v16.0/fbe_business?fbe_external_business_id=okpsdoor-6454b365f14df
user-agent: Facebook-for-WooCommerce/3.0.23 (WooCommerce/7.7.2; WordPress/6.3.2)
body:
duration: 0.59393s

10-16-2023 @ 22:14:19 - Response
code: 200
message: OK
body: {"business":{"name":"Okps Door"},"ads":[{"feature_instance_id":"1653664188416318","enabled":true}],"catalogs":[{"feature_instance_id":"925632232095199","enabled":true}],"catalog_feed_scheduled":{"enabled":false},"fb_shops":[{"enabled":false}],"ig_cta":{"enabled":false},"ig_shopping":{"enabled":true},"ig_shoppings":[{"feature_instance_id":"636856034922684","enabled":true}],"messenger_chat":{"enabled":true,"domains":["https:\/\/www.okpsdoor.com\/"],"default_locale":"en_US"},"messenger_chats":[{"feature_instance_id":"1644794592633150","enabled":true,"domains":["https:\/\/www.okpsdoor.com\/"],"default_locale":"en_US"}],"messenger_menu":{"enabled":false},"page_card":{"enabled":false},"page_cta":{"enabled":false},"page_post":{"enabled":false},"page_shop":{"enabled":false},"pixels":[{"feature_instance_id":"7027469227280260","enabled":true},{"enabled":false}],"thread_intent":{"enabled":false}}

10-17-2023 @ 00:00:02 - Request
method: GET
uri: https://graph.facebook.com/v16.0/fbe_business?fbe_external_business_id=okpsdoor-6454b365f14df
user-agent: Facebook-for-WooCommerce/3.0.23 (WooCommerce/7.7.2; WordPress/6.3.2)
body:
duration: 0.50109s

10-17-2023 @ 00:00:02 - Response
code: 200
message: OK
body: {"business":{"name":"Okps Door"},"ads":[{"feature_instance_id":"1653664188416318","enabled":true}],"catalogs":[{"feature_instance_id":"925632232095199","enabled":true}],"catalog_feed_scheduled":{"enabled":false},"fb_shops":[{"enabled":false}],"ig_cta":{"enabled":false},"ig_shopping":{"enabled":true},"ig_shoppings":[{"feature_instance_id":"636856034922684","enabled":true}],"messenger_chat":{"enabled":true,"domains":["https:\/\/www.okpsdoor.com\/"],"default_locale":"en_US"},"messenger_chats":[{"feature_instance_id":"1644794592633150","enabled":true,"domains":["https:\/\/www.okpsdoor.com\/"],"default_locale":"en_US"}],"messenger_menu":{"enabled":false},"page_card":{"enabled":false},"page_cta":{"enabled":false},"page_post":{"enabled":false},"page_shop":{"enabled":false},"pixels":[{"feature_instance_id":"7027469227280260","enabled":true},{"enabled":false}],"thread_intent":{"enabled":false}}

