10-26-2023 @ 02:00:24 - Request
method: POST
uri: https://graph.facebook.com/v16.0/1311088993098283/events
user-agent: Facebook-for-WooCommerce/3.0.23 (WooCommerce/7.7.2; WordPress/6.3.2)
body: {"data":[{"action_source":"website","event_time":1698278424,"event_id":"72a679dd-ad50-4930-ae51-ce9c484b3cc2","event_source_url":"https:\/\/www.okpsdoor.com\/product\/ml004-melamine-door\/?noamp=mobile","custom_data":{"content_name":"ML004 Melamine Door","content_ids":"[\"ML004_3896\"]","content_type":"product","contents":"[{\"id\":\"ML004_3896\",\"quantity\":1}]","content_category":"Lacquered MDF Doors","value":0,"currency":"USD"},"user_data":{"client_ip_address":"47.128.27.150","client_user_agent":"Mozilla\/5.0 (Linux; Android 5.0) AppleWebKit\/537.36 (KHTML, like Gecko) Mobile Safari\/537.36 (compatible; Bytespider; spider-feedback@bytedance.com)","fbc":"","fbp":""},"event_name":"ViewContent"}],"partner_agent":"woocommerce-7.7.2-3.0.23"}
duration: 0.32785s

10-26-2023 @ 02:00:24 - Response
code: 200
message: OK
body: {"events_received":1,"messages":[],"fbtrace_id":"AwW6I8KXjQSWOZur3cjwlp8"}

10-26-2023 @ 02:04:29 - Request
method: POST
uri: https://graph.facebook.com/v16.0/1311088993098283/events
user-agent: Facebook-for-WooCommerce/3.0.23 (WooCommerce/7.7.2; WordPress/6.3.2)
body: {"data":[{"action_source":"website","event_time":1698278668,"event_id":"4e6d212c-41f7-4d07-bd54-9b8c9e84f33b","event_source_url":"https:\/\/www.okpsdoor.com\/product\/ml007-melamine-door\/?noamp=mobile","custom_data":{"content_name":"ML007 Melamine Door","content_ids":"[\"ML007_3893\"]","content_type":"product","contents":"[{\"id\":\"ML007_3893\",\"quantity\":1}]","content_category":"Lacquered MDF Doors","value":0,"currency":"USD"},"user_data":{"client_ip_address":"47.128.32.97","client_user_agent":"Mozilla\/5.0 (Linux; Android 5.0) AppleWebKit\/537.36 (KHTML, like Gecko) Mobile Safari\/537.36 (compatible; Bytespider; spider-feedback@bytedance.com)","fbc":"","fbp":""},"event_name":"ViewContent"}],"partner_agent":"woocommerce-7.7.2-3.0.23"}
duration: 0.11374s

10-26-2023 @ 02:04:29 - Response
code: 200
message: OK
body: {"events_received":1,"messages":[],"fbtrace_id":"ASvUAFxJL_dYcaDwTYnH04G"}

10-26-2023 @ 02:04:29 - Request
method: GET
uri: https://graph.facebook.com/v16.0/fbe_business?fbe_external_business_id=okpsdoor-6454b365f14df
user-agent: Facebook-for-WooCommerce/3.0.23 (WooCommerce/7.7.2; WordPress/6.3.2)
body:
duration: 0.18009s

10-26-2023 @ 02:04:29 - Response
code: 200
message: OK
body: {"business":{"name":"Okps Door"},"ads":[{"feature_instance_id":"1653664188416318","enabled":true}],"catalogs":[{"feature_instance_id":"925632232095199","enabled":true}],"catalog_feed_scheduled":{"enabled":false},"fb_shops":[{"enabled":false}],"ig_cta":{"enabled":false},"ig_shopping":{"enabled":true},"ig_shoppings":[{"feature_instance_id":"636856034922684","enabled":true}],"messenger_chat":{"enabled":true,"domains":["https:\/\/www.okpsdoor.com\/"],"default_locale":"en_US"},"messenger_chats":[{"feature_instance_id":"1644794592633150","enabled":true,"domains":["https:\/\/www.okpsdoor.com\/"],"default_locale":"en_US"}],"messenger_menu":{"enabled":false},"page_card":{"enabled":false},"page_cta":{"enabled":false},"page_post":{"enabled":false},"page_shop":{"enabled":false},"pixels":[{"feature_instance_id":"7027469227280260","enabled":true},{"enabled":false}],"thread_intent":{"enabled":false}}

10-26-2023 @ 03:12:13 - Request
method: GET
uri: https://graph.facebook.com/v16.0/fbe_business?fbe_external_business_id=okpsdoor-6454b365f14df
user-agent: Facebook-for-WooCommerce/3.0.23 (WooCommerce/7.7.2; WordPress/6.3.2)
body:
duration: 0.4182s

10-26-2023 @ 03:12:13 - Response
code: 200
message: OK
body: {"business":{"name":"Okps Door"},"ads":[{"feature_instance_id":"1653664188416318","enabled":true}],"catalogs":[{"feature_instance_id":"925632232095199","enabled":true}],"catalog_feed_scheduled":{"enabled":false},"fb_shops":[{"enabled":false}],"ig_cta":{"enabled":false},"ig_shopping":{"enabled":true},"ig_shoppings":[{"feature_instance_id":"636856034922684","enabled":true}],"messenger_chat":{"enabled":true,"domains":["https:\/\/www.okpsdoor.com\/"],"default_locale":"en_US"},"messenger_chats":[{"feature_instance_id":"1644794592633150","enabled":true,"domains":["https:\/\/www.okpsdoor.com\/"],"default_locale":"en_US"}],"messenger_menu":{"enabled":false},"page_card":{"enabled":false},"page_cta":{"enabled":false},"page_post":{"enabled":false},"page_shop":{"enabled":false},"pixels":[{"feature_instance_id":"7027469227280260","enabled":true},{"enabled":false}],"thread_intent":{"enabled":false}}

10-26-2023 @ 04:03:24 - Request
method: GET
uri: https://graph.facebook.com/v16.0/fbe_business?fbe_external_business_id=okpsdoor-6454b365f14df
user-agent: Facebook-for-WooCommerce/3.0.23 (WooCommerce/7.7.2; WordPress/6.3.2)
body:
duration: 0.52778s

10-26-2023 @ 04:03:24 - Response
code: 200
message: OK
body: {"business":{"name":"Okps Door"},"ads":[{"feature_instance_id":"1653664188416318","enabled":true}],"catalogs":[{"feature_instance_id":"925632232095199","enabled":true}],"catalog_feed_scheduled":{"enabled":false},"fb_shops":[{"enabled":false}],"ig_cta":{"enabled":false},"ig_shopping":{"enabled":true},"ig_shoppings":[{"feature_instance_id":"636856034922684","enabled":true}],"messenger_chat":{"enabled":true,"domains":["https:\/\/www.okpsdoor.com\/"],"default_locale":"en_US"},"messenger_chats":[{"feature_instance_id":"1644794592633150","enabled":true,"domains":["https:\/\/www.okpsdoor.com\/"],"default_locale":"en_US"}],"messenger_menu":{"enabled":false},"page_card":{"enabled":false},"page_cta":{"enabled":false},"page_post":{"enabled":false},"page_shop":{"enabled":false},"pixels":[{"feature_instance_id":"7027469227280260","enabled":true},{"enabled":false}],"thread_intent":{"enabled":false}}

10-26-2023 @ 04:45:06 - Request
method: POST
uri: https://graph.facebook.com/v16.0/1311088993098283/events
user-agent: Facebook-for-WooCommerce/3.0.23 (WooCommerce/7.7.2; WordPress/6.3.2)
body: {"data":[{"action_source":"website","event_time":1698288305,"event_id":"8eb82e58-db51-4525-b2f3-d202abb0f92a","event_source_url":"https:\/\/www.okpsdoor.com\/product\/k004-wood-veneer-door\/?noamp=mobile","custom_data":{"content_name":"K004 Wood Veneer Door","content_ids":"[\"K004 Wood Veneer Door_3967\"]","content_type":"product","contents":"[{\"id\":\"K004 Wood Veneer Door_3967\",\"quantity\":1}]","content_category":"Wood Veneer Doors","value":0,"currency":"USD"},"user_data":{"client_ip_address":"47.128.38.125","client_user_agent":"Mozilla\/5.0 (Linux; Android 5.0) AppleWebKit\/537.36 (KHTML, like Gecko) Mobile Safari\/537.36 (compatible; Bytespider; spider-feedback@bytedance.com)","fbc":"","fbp":""},"event_name":"ViewContent"}],"partner_agent":"woocommerce-7.7.2-3.0.23"}
duration: 0.26711s

10-26-2023 @ 04:45:06 - Response
code: 200
message: OK
body: {"events_received":1,"messages":[],"fbtrace_id":"AgXFDf9bzsauGdhstCeycZ2"}

10-26-2023 @ 04:52:15 - Request
method: GET
uri: https://graph.facebook.com/v16.0/fbe_business?fbe_external_business_id=okpsdoor-6454b365f14df
user-agent: Facebook-for-WooCommerce/3.0.23 (WooCommerce/7.7.2; WordPress/6.3.2)
body:
duration: 0.34307s

10-26-2023 @ 04:52:15 - Response
code: 200
message: OK
body: {"business":{"name":"Okps Door"},"ads":[{"feature_instance_id":"1653664188416318","enabled":true}],"catalogs":[{"feature_instance_id":"925632232095199","enabled":true}],"catalog_feed_scheduled":{"enabled":false},"fb_shops":[{"enabled":false}],"ig_cta":{"enabled":false},"ig_shopping":{"enabled":true},"ig_shoppings":[{"feature_instance_id":"636856034922684","enabled":true}],"messenger_chat":{"enabled":true,"domains":["https:\/\/www.okpsdoor.com\/"],"default_locale":"en_US"},"messenger_chats":[{"feature_instance_id":"1644794592633150","enabled":true,"domains":["https:\/\/www.okpsdoor.com\/"],"default_locale":"en_US"}],"messenger_menu":{"enabled":false},"page_card":{"enabled":false},"page_cta":{"enabled":false},"page_post":{"enabled":false},"page_shop":{"enabled":false},"pixels":[{"feature_instance_id":"7027469227280260","enabled":true},{"enabled":false}],"thread_intent":{"enabled":false}}

10-26-2023 @ 05:29:55 - Request
method: POST
uri: https://graph.facebook.com/v16.0/1311088993098283/events
user-agent: Facebook-for-WooCommerce/3.0.23 (WooCommerce/7.7.2; WordPress/6.3.2)
body: {"data":[{"action_source":"website","event_time":1698290994,"event_id":"cd704055-0428-450e-bd0d-5c64e7d8de67","event_source_url":"https:\/\/www.okpsdoor.com\/product\/pvc010-pvc-door\/?noamp=mobile","custom_data":{"content_name":"PVC010 PVC Door","content_ids":"[\"PVC010_3982\"]","content_type":"product","contents":"[{\"id\":\"PVC010_3982\",\"quantity\":1}]","content_category":"PVC Doors","value":0,"currency":"USD"},"user_data":{"client_ip_address":"47.128.43.79","client_user_agent":"Mozilla\/5.0 (Linux; Android 5.0) AppleWebKit\/537.36 (KHTML, like Gecko) Mobile Safari\/537.36 (compatible; Bytespider; spider-feedback@bytedance.com)","fbc":"","fbp":""},"event_name":"ViewContent"}],"partner_agent":"woocommerce-7.7.2-3.0.23"}
duration: 0.32955s

10-26-2023 @ 05:29:55 - Response
code: 200
message: OK
body: {"events_received":1,"messages":[],"fbtrace_id":"A81hX1NKZpHT7-AW2W3-NRt"}

10-26-2023 @ 06:07:49 - Request
method: GET
uri: https://graph.facebook.com/v16.0/fbe_business?fbe_external_business_id=okpsdoor-6454b365f14df
user-agent: Facebook-for-WooCommerce/3.0.23 (WooCommerce/7.7.2; WordPress/6.3.2)
body:
duration: 0.21919s

10-26-2023 @ 06:07:49 - Response
code: 200
message: OK
body: {"business":{"name":"Okps Door"},"ads":[{"feature_instance_id":"1653664188416318","enabled":true}],"catalogs":[{"feature_instance_id":"925632232095199","enabled":true}],"catalog_feed_scheduled":{"enabled":false},"fb_shops":[{"enabled":false}],"ig_cta":{"enabled":false},"ig_shopping":{"enabled":true},"ig_shoppings":[{"feature_instance_id":"636856034922684","enabled":true}],"messenger_chat":{"enabled":true,"domains":["https:\/\/www.okpsdoor.com\/"],"default_locale":"en_US"},"messenger_chats":[{"feature_instance_id":"1644794592633150","enabled":true,"domains":["https:\/\/www.okpsdoor.com\/"],"default_locale":"en_US"}],"messenger_menu":{"enabled":false},"page_card":{"enabled":false},"page_cta":{"enabled":false},"page_post":{"enabled":false},"page_shop":{"enabled":false},"pixels":[{"feature_instance_id":"7027469227280260","enabled":true},{"enabled":false}],"thread_intent":{"enabled":false}}

10-26-2023 @ 07:02:32 - Request
method: POST
uri: https://graph.facebook.com/v16.0/1311088993098283/events
user-agent: Facebook-for-WooCommerce/3.0.23 (WooCommerce/7.7.2; WordPress/6.3.2)
body: {"data":[{"action_source":"website","event_time":1698296551,"event_id":"6148d135-6a08-461b-b648-ffc7732cc493","event_source_url":"https:\/\/www.okpsdoor.com\/product\/l025-lacquered-mdf-door\/?noamp=mobile","custom_data":{"content_name":"L025 Lacquered MDF Door","content_ids":"[\"L001-18-6_3769\"]","content_type":"product","contents":"[{\"id\":\"L001-18-6_3769\",\"quantity\":1}]","content_category":"Lacquered MDF Doors","value":"1","currency":"USD"},"user_data":{"client_ip_address":"114.119.141.217","client_user_agent":"Mozilla\/5.0 (Linux; Android 7.0;) AppleWebKit\/537.36 (KHTML, like Gecko) Mobile Safari\/537.36 (compatible; PetalBot;+https:\/\/webmaster.petalsearch.com\/site\/petalbot)","fbc":"","fbp":""},"event_name":"ViewContent"}],"partner_agent":"woocommerce-7.7.2-3.0.23"}
duration: 0.27274s

10-26-2023 @ 07:02:32 - Response
code: 200
message: OK
body: {"events_received":1,"messages":[],"fbtrace_id":"A9R1qvEbPmB2riYsCtxBO3B"}

10-26-2023 @ 07:11:09 - Request
method: GET
uri: https://graph.facebook.com/v16.0/fbe_business?fbe_external_business_id=okpsdoor-6454b365f14df
user-agent: Facebook-for-WooCommerce/3.0.23 (WooCommerce/7.7.2; WordPress/6.3.2)
body:
duration: 0.28672s

10-26-2023 @ 07:11:09 - Response
code: 200
message: OK
body: {"business":{"name":"Okps Door"},"ads":[{"feature_instance_id":"1653664188416318","enabled":true}],"catalogs":[{"feature_instance_id":"925632232095199","enabled":true}],"catalog_feed_scheduled":{"enabled":false},"fb_shops":[{"enabled":false}],"ig_cta":{"enabled":false},"ig_shopping":{"enabled":true},"ig_shoppings":[{"feature_instance_id":"636856034922684","enabled":true}],"messenger_chat":{"enabled":true,"domains":["https:\/\/www.okpsdoor.com\/"],"default_locale":"en_US"},"messenger_chats":[{"feature_instance_id":"1644794592633150","enabled":true,"domains":["https:\/\/www.okpsdoor.com\/"],"default_locale":"en_US"}],"messenger_menu":{"enabled":false},"page_card":{"enabled":false},"page_cta":{"enabled":false},"page_post":{"enabled":false},"page_shop":{"enabled":false},"pixels":[{"feature_instance_id":"7027469227280260","enabled":true},{"enabled":false}],"thread_intent":{"enabled":false}}

10-26-2023 @ 07:46:47 - Request
method: POST
uri: https://graph.facebook.com/v16.0/1311088993098283/events
user-agent: Facebook-for-WooCommerce/3.0.23 (WooCommerce/7.7.2; WordPress/6.3.2)
body: {"data":[{"action_source":"website","event_time":1698299207,"event_id":"c73b4d11-ba3d-4890-9788-6b58b45a7d23","event_source_url":"https:\/\/www.okpsdoor.com\/product\/l017-lacquered-mdf-door-copy\/?noamp=mobile","custom_data":{"content_name":"L017 Lacquered MDF Door","content_ids":"[\"L001-17_3738\"]","content_type":"product","contents":"[{\"id\":\"L001-17_3738\",\"quantity\":1}]","content_category":"Lacquered MDF Doors","value":"1","currency":"USD"},"user_data":{"client_ip_address":"47.128.38.242","client_user_agent":"Mozilla\/5.0 (Linux; Android 5.0) AppleWebKit\/537.36 (KHTML, like Gecko) Mobile Safari\/537.36 (compatible; Bytespider; spider-feedback@bytedance.com)","fbc":"","fbp":""},"event_name":"ViewContent"}],"partner_agent":"woocommerce-7.7.2-3.0.23"}
duration: 0.15309s

10-26-2023 @ 07:46:47 - Response
code: 200
message: OK
body: {"events_received":1,"messages":[],"fbtrace_id":"Ak_M6uHcgIne-vxTDasBgx2"}

10-26-2023 @ 07:50:51 - Request
method: POST
uri: https://graph.facebook.com/v16.0/1311088993098283/events
user-agent: Facebook-for-WooCommerce/3.0.23 (WooCommerce/7.7.2; WordPress/6.3.2)
body: {"data":[{"action_source":"website","event_time":1698299451,"event_id":"2b93bb9f-c025-4991-bb47-9588728b4f1d","event_source_url":"https:\/\/www.okpsdoor.com\/product\/pvc005-pvc-door\/?noamp=mobile","custom_data":{"content_name":"PVC005 PVC Door","content_ids":"[\"PVC005_3987\"]","content_type":"product","contents":"[{\"id\":\"PVC005_3987\",\"quantity\":1}]","content_category":"PVC Doors","value":0,"currency":"USD"},"user_data":{"client_ip_address":"47.128.35.61","client_user_agent":"Mozilla\/5.0 (Linux; Android 5.0) AppleWebKit\/537.36 (KHTML, like Gecko) Mobile Safari\/537.36 (compatible; Bytespider; spider-feedback@bytedance.com)","fbc":"","fbp":""},"event_name":"ViewContent"}],"partner_agent":"woocommerce-7.7.2-3.0.23"}
duration: 0.26276s

10-26-2023 @ 07:50:51 - Response
code: 200
message: OK
body: {"events_received":1,"messages":[],"fbtrace_id":"ARZz0uIph5ahledD5wjKODr"}

10-26-2023 @ 08:01:14 - Request
method: GET
uri: https://graph.facebook.com/v16.0/fbe_business?fbe_external_business_id=okpsdoor-6454b365f14df
user-agent: Facebook-for-WooCommerce/3.0.23 (WooCommerce/7.7.2; WordPress/6.3.2)
body:
duration: 0.6025s

10-26-2023 @ 08:01:14 - Response
code: 200
message: OK
body: {"business":{"name":"Okps Door"},"ads":[{"feature_instance_id":"1653664188416318","enabled":true}],"catalogs":[{"feature_instance_id":"925632232095199","enabled":true}],"catalog_feed_scheduled":{"enabled":false},"fb_shops":[{"enabled":false}],"ig_cta":{"enabled":false},"ig_shopping":{"enabled":true},"ig_shoppings":[{"feature_instance_id":"636856034922684","enabled":true}],"messenger_chat":{"enabled":true,"domains":["https:\/\/www.okpsdoor.com\/"],"default_locale":"en_US"},"messenger_chats":[{"feature_instance_id":"1644794592633150","enabled":true,"domains":["https:\/\/www.okpsdoor.com\/"],"default_locale":"en_US"}],"messenger_menu":{"enabled":false},"page_card":{"enabled":false},"page_cta":{"enabled":false},"page_post":{"enabled":false},"page_shop":{"enabled":false},"pixels":[{"feature_instance_id":"7027469227280260","enabled":true},{"enabled":false}],"thread_intent":{"enabled":false}}

10-26-2023 @ 08:08:20 - Request
method: POST
uri: https://graph.facebook.com/v16.0/1311088993098283/events
user-agent: Facebook-for-WooCommerce/3.0.23 (WooCommerce/7.7.2; WordPress/6.3.2)
body: {"data":[{"action_source":"website","event_time":1698300500,"event_id":"dabbd9e2-18ea-4bdf-9265-1d3cad2ac0db","event_source_url":"https:\/\/www.okpsdoor.com\/product\/k006-wood-veneer-door\/?noamp=mobile","custom_data":{"content_name":"K006 Wood Veneer Door","content_ids":"[\"K006 Wood Veneer Door_3965\"]","content_type":"product","contents":"[{\"id\":\"K006 Wood Veneer Door_3965\",\"quantity\":1}]","content_category":"Wood Veneer Doors","value":0,"currency":"USD"},"user_data":{"client_ip_address":"47.128.54.36","client_user_agent":"Mozilla\/5.0 (Linux; Android 5.0) AppleWebKit\/537.36 (KHTML, like Gecko) Mobile Safari\/537.36 (compatible; Bytespider; spider-feedback@bytedance.com)","fbc":"","fbp":""},"event_name":"ViewContent"}],"partner_agent":"woocommerce-7.7.2-3.0.23"}
duration: 0.28461s

10-26-2023 @ 08:08:20 - Response
code: 200
message: OK
body: {"events_received":1,"messages":[],"fbtrace_id":"AMvQ1nye0xFkEl-1m3YFJYr"}

10-26-2023 @ 09:03:40 - Request
method: GET
uri: https://graph.facebook.com/v16.0/fbe_business?fbe_external_business_id=okpsdoor-6454b365f14df
user-agent: Facebook-for-WooCommerce/3.0.23 (WooCommerce/7.7.2; WordPress/6.3.2)
body:
duration: 0.29063s

10-26-2023 @ 09:03:40 - Response
code: 200
message: OK
body: {"business":{"name":"Okps Door"},"ads":[{"feature_instance_id":"1653664188416318","enabled":true}],"catalogs":[{"feature_instance_id":"925632232095199","enabled":true}],"catalog_feed_scheduled":{"enabled":false},"fb_shops":[{"enabled":false}],"ig_cta":{"enabled":false},"ig_shopping":{"enabled":true},"ig_shoppings":[{"feature_instance_id":"636856034922684","enabled":true}],"messenger_chat":{"enabled":true,"domains":["https:\/\/www.okpsdoor.com\/"],"default_locale":"en_US"},"messenger_chats":[{"feature_instance_id":"1644794592633150","enabled":true,"domains":["https:\/\/www.okpsdoor.com\/"],"default_locale":"en_US"}],"messenger_menu":{"enabled":false},"page_card":{"enabled":false},"page_cta":{"enabled":false},"page_post":{"enabled":false},"page_shop":{"enabled":false},"pixels":[{"feature_instance_id":"7027469227280260","enabled":true},{"enabled":false}],"thread_intent":{"enabled":false}}

10-26-2023 @ 10:11:20 - Request
method: GET
uri: https://graph.facebook.com/v16.0/1668026370292586/product_feeds
user-agent: Facebook-for-WooCommerce/3.0.23 (WooCommerce/7.7.2; WordPress/6.3.2)
body:
duration: 0.48199s

10-26-2023 @ 10:11:20 - Response
code: 200
message: OK
body: {"data":[{"id":"1190280915023372","file_name":"Okps Door - Catalogue - Fil d\u2019actualit\u00e9","name":"Okps Door - Catalogue - Fil d\u2019actualit\u00e9"}],"paging":{"cursors":{"before":"QVFIUnhHSmRUQk8zWlVJdWxpTzM3cDJWcDBsendLN1otRDBCV18wbTlMX3RfVVRBSlVIRVNJSUp2SE42R1hJVmszTW9OV3BYSXpPZAUl2Y3djSTJJcURKRWdR","after":"QVFIUnhHSmRUQk8zWlVJdWxpTzM3cDJWcDBsendLN1otRDBCV18wbTlMX3RfVVRBSlVIRVNJSUp2SE42R1hJVmszTW9OV3BYSXpPZAUl2Y3djSTJJcURKRWdR"}}}

10-26-2023 @ 10:11:20 - Request
method: GET
uri: https://graph.facebook.com/v16.0/1190280915023372/?fields=created_time,latest_upload,product_count,schedule,update_schedule
user-agent: Facebook-for-WooCommerce/3.0.23 (WooCommerce/7.7.2; WordPress/6.3.2)
body:
duration: 0.30214s

10-26-2023 @ 10:11:20 - Response
code: 200
message: OK
body: {"created_time":"2023-05-05T07:48:28+0000","product_count":0,"id":"1190280915023372"}

10-26-2023 @ 10:11:20 - Request
method: GET
uri: https://graph.facebook.com/v16.0/fbe_business/fbe_installs?fbe_external_business_id=okpsdoor-6454b365f14df
user-agent: Facebook-for-WooCommerce/3.0.23 (WooCommerce/7.7.2; WordPress/6.3.2)
body:
duration: 0.48804s

10-26-2023 @ 10:11:20 - Response
code: 200
message: OK
body: {"data":[{"business_manager_id":"543747223972335","commerce_merchant_settings_id":"250740394101322","onsite_eligible":false,"pixel_id":"1311088993098283","profiles":["106325218977906","17841454389513479"],"ad_account_id":"783785203099424","catalog_id":"1668026370292586","pages":["106325218977906"],"instagram_profiles":["17841454389513479"],"ig_shop":{"status":"NOT_ELIGIBLE","reasons":[{"code":"UNKNOWN","message":"Your account is not eligible for Instagram Shopping at this time."}]},"token_type":"User","installed_features":[{"feature_instance_id":"7027469227280260","feature_type":"pixel","connected_assets":{"ad_account_id":"783785203099424","ig_profile_id":"17841454389513479","page_id":"106325218977906","pixel_id":"1311088993098283"},"additional_info":{"onsite_eligible":false,"pixel_is_consolidated_container":true}},{"feature_instance_id":"1653664188416318","feature_type":"ads","connected_assets":{"ad_account_id":"783785203099424","catalog_id":"1668026370292586","ig_profile_id":"17841454389513479","page_id":"106325218977906","pixel_id":"1311088993098283"},"additional_info":{"onsite_eligible":false,"pixel_is_consolidated_container":true}},{"feature_instance_id":"925632232095199","feature_type":"catalog","connected_assets":{"ad_account_id":"783785203099424","catalog_id":"1668026370292586","ig_profile_id":"17841454389513479","page_id":"106325218977906","pixel_id":"1311088993098283"},"additional_info":{"onsite_eligible":false,"pixel_is_consolidated_container":true}},{"feature_instance_id":"636856034922684","feature_type":"ig_shopping","connected_assets":{"catalog_id":"1668026370292586","commerce_merchant_settings_id":"250740394101322","ig_profile_id":"17841454389513479","page_id":"106325218977906"},"additional_info":{"onsite_eligible":false}},{"feature_instance_id":"1644794592633150","feature_type":"messenger_chat","connected_assets":{"ig_profile_id":"17841454389513479","page_id":"106325218977906"},"additional_info":{"onsite_eligible":false}}]}]}

10-26-2023 @ 10:11:20 - Retrieving page access token
10-26-2023 @ 10:11:21 - Request
method: GET
uri: https://graph.facebook.com/v16.0/fbe_business?fbe_external_business_id=okpsdoor-6454b365f14df
user-agent: Facebook-for-WooCommerce/3.0.23 (WooCommerce/7.7.2; WordPress/6.3.2)
body:
duration: 0.28425s

10-26-2023 @ 10:11:21 - Response
code: 200
message: OK
body: {"business":{"name":"Okps Door"},"ads":[{"feature_instance_id":"1653664188416318","enabled":true}],"catalogs":[{"feature_instance_id":"925632232095199","enabled":true}],"catalog_feed_scheduled":{"enabled":false},"fb_shops":[{"enabled":false}],"ig_cta":{"enabled":false},"ig_shopping":{"enabled":true},"ig_shoppings":[{"feature_instance_id":"636856034922684","enabled":true}],"messenger_chat":{"enabled":true,"domains":["https:\/\/www.okpsdoor.com\/"],"default_locale":"en_US"},"messenger_chats":[{"feature_instance_id":"1644794592633150","enabled":true,"domains":["https:\/\/www.okpsdoor.com\/"],"default_locale":"en_US"}],"messenger_menu":{"enabled":false},"page_card":{"enabled":false},"page_cta":{"enabled":false},"page_post":{"enabled":false},"page_shop":{"enabled":false},"pixels":[{"feature_instance_id":"7027469227280260","enabled":true},{"enabled":false}],"thread_intent":{"enabled":false}}

10-26-2023 @ 10:44:09 - Request
method: POST
uri: https://graph.facebook.com/v16.0/1311088993098283/events
user-agent: Facebook-for-WooCommerce/3.0.23 (WooCommerce/7.7.2; WordPress/6.3.2)
body: {"data":[{"action_source":"website","event_time":1698309849,"event_id":"569c82ee-b90d-48c8-a766-18e07f940e95","event_source_url":"https:\/\/www.okpsdoor.com\/product\/s001-steel-door\/?add-to-cart=3724","custom_data":{"content_ids":"[\"L001-3_3724\"]","content_name":"L003 Lacquered MDF Door","content_type":"product","contents":"[{\"id\":\"L001-3_3724\",\"quantity\":1}]","value":1,"currency":"USD"},"user_data":{"client_ip_address":"95.108.213.185","client_user_agent":"Mozilla\/5.0 (compatible; YandexBot\/3.0; +http:\/\/yandex.com\/bots)","fbc":"","fbp":""},"event_name":"AddToCart"}],"partner_agent":"woocommerce-7.7.2-3.0.23"}
duration: 0.27958s

10-26-2023 @ 10:44:09 - Response
code: 200
message: OK
body: {"events_received":1,"messages":[],"fbtrace_id":"AWGHoK5bpVOWQF4w3enVNrC"}

10-26-2023 @ 10:48:42 - Request
method: POST
uri: https://graph.facebook.com/v16.0/1311088993098283/events
user-agent: Facebook-for-WooCommerce/3.0.23 (WooCommerce/7.7.2; WordPress/6.3.2)
body: {"data":[{"action_source":"website","event_time":1698310122,"event_id":"02158d7d-2c3f-4941-8f77-fdd7f84aa564","event_source_url":"https:\/\/www.okpsdoor.com\/product\/k008-wood-veneer-door\/?noamp=mobile","custom_data":{"content_name":"K008 Wood Veneer Door","content_ids":"[\"K008_3963\"]","content_type":"product","contents":"[{\"id\":\"K008_3963\",\"quantity\":1}]","content_category":"Wood Veneer Doors","value":0,"currency":"USD"},"user_data":{"client_ip_address":"47.128.18.244","client_user_agent":"Mozilla\/5.0 (Linux; Android 5.0) AppleWebKit\/537.36 (KHTML, like Gecko) Mobile Safari\/537.36 (compatible; Bytespider; spider-feedback@bytedance.com)","fbc":"","fbp":""},"event_name":"ViewContent"}],"partner_agent":"woocommerce-7.7.2-3.0.23"}
duration: 0.26365s

10-26-2023 @ 10:48:42 - Response
code: 200
message: OK
body: {"events_received":1,"messages":[],"fbtrace_id":"AAffr4FGTzejDXtXr_AEGS8"}

10-26-2023 @ 10:51:27 - Request
method: GET
uri: https://graph.facebook.com/v16.0/fbe_business?fbe_external_business_id=okpsdoor-6454b365f14df
user-agent: Facebook-for-WooCommerce/3.0.23 (WooCommerce/7.7.2; WordPress/6.3.2)
body:
duration: 0.32906s

10-26-2023 @ 10:51:27 - Response
code: 200
message: OK
body: {"business":{"name":"Okps Door"},"ads":[{"feature_instance_id":"1653664188416318","enabled":true}],"catalogs":[{"feature_instance_id":"925632232095199","enabled":true}],"catalog_feed_scheduled":{"enabled":false},"fb_shops":[{"enabled":false}],"ig_cta":{"enabled":false},"ig_shopping":{"enabled":true},"ig_shoppings":[{"feature_instance_id":"636856034922684","enabled":true}],"messenger_chat":{"enabled":true,"domains":["https:\/\/www.okpsdoor.com\/"],"default_locale":"en_US"},"messenger_chats":[{"feature_instance_id":"1644794592633150","enabled":true,"domains":["https:\/\/www.okpsdoor.com\/"],"default_locale":"en_US"}],"messenger_menu":{"enabled":false},"page_card":{"enabled":false},"page_cta":{"enabled":false},"page_post":{"enabled":false},"page_shop":{"enabled":false},"pixels":[{"feature_instance_id":"7027469227280260","enabled":true},{"enabled":false}],"thread_intent":{"enabled":false}}

10-26-2023 @ 12:12:13 - Request
method: POST
uri: https://graph.facebook.com/v16.0/1311088993098283/events
user-agent: Facebook-for-WooCommerce/3.0.23 (WooCommerce/7.7.2; WordPress/6.3.2)
body: {"data":[{"action_source":"website","event_time":1698315132,"event_id":"096d888a-45ab-41c3-96d3-a2b3b8002993","event_source_url":"https:\/\/www.okpsdoor.com\/product\/l016-lacquered-mdf-door-copy\/?noamp=mobile","custom_data":{"content_name":"L016 Lacquered MDF Door","content_ids":"[\"L001-16_3737\"]","content_type":"product","contents":"[{\"id\":\"L001-16_3737\",\"quantity\":1}]","content_category":"Lacquered MDF Doors","value":"1","currency":"USD"},"user_data":{"client_ip_address":"47.128.33.5","client_user_agent":"Mozilla\/5.0 (Linux; Android 5.0) AppleWebKit\/537.36 (KHTML, like Gecko) Mobile Safari\/537.36 (compatible; Bytespider; spider-feedback@bytedance.com)","fbc":"","fbp":""},"event_name":"ViewContent"}],"partner_agent":"woocommerce-7.7.2-3.0.23"}
duration: 0.3221s

10-26-2023 @ 12:12:13 - Response
code: 200
message: OK
body: {"events_received":1,"messages":[],"fbtrace_id":"AujUfiIBzNyxho54qC7cD7W"}

10-26-2023 @ 12:16:14 - Request
method: POST
uri: https://graph.facebook.com/v16.0/1311088993098283/events
user-agent: Facebook-for-WooCommerce/3.0.23 (WooCommerce/7.7.2; WordPress/6.3.2)
body: {"data":[{"action_source":"website","event_time":1698315374,"event_id":"6818ce72-869d-41cc-9fde-13c380ccb6bc","event_source_url":"https:\/\/www.okpsdoor.com\/product\/l040-lacquered-mdf-door\/?noamp=mobile","custom_data":{"content_name":"L040 Lacquered MDF Door","content_ids":"[\"L001-18-9_3772\"]","content_type":"product","contents":"[{\"id\":\"L001-18-9_3772\",\"quantity\":1}]","content_category":"Lacquered MDF Doors","value":"1","currency":"USD"},"user_data":{"client_ip_address":"47.128.53.229","client_user_agent":"Mozilla\/5.0 (Linux; Android 5.0) AppleWebKit\/537.36 (KHTML, like Gecko) Mobile Safari\/537.36 (compatible; Bytespider; spider-feedback@bytedance.com)","fbc":"","fbp":""},"event_name":"ViewContent"}],"partner_agent":"woocommerce-7.7.2-3.0.23"}
duration: 0.29169s

10-26-2023 @ 12:16:14 - Response
code: 200
message: OK
body: {"events_received":1,"messages":[],"fbtrace_id":"AAgQW-avW85WMjPwykJ0E-T"}

10-26-2023 @ 12:21:51 - Request
method: GET
uri: https://graph.facebook.com/v16.0/fbe_business?fbe_external_business_id=okpsdoor-6454b365f14df
user-agent: Facebook-for-WooCommerce/3.0.23 (WooCommerce/7.7.2; WordPress/6.3.2)
body:
duration: 0.4387s

10-26-2023 @ 12:21:51 - Response
code: 200
message: OK
body: {"business":{"name":"Okps Door"},"ads":[{"feature_instance_id":"1653664188416318","enabled":true}],"catalogs":[{"feature_instance_id":"925632232095199","enabled":true}],"catalog_feed_scheduled":{"enabled":false},"fb_shops":[{"enabled":false}],"ig_cta":{"enabled":false},"ig_shopping":{"enabled":true},"ig_shoppings":[{"feature_instance_id":"636856034922684","enabled":true}],"messenger_chat":{"enabled":true,"domains":["https:\/\/www.okpsdoor.com\/"],"default_locale":"en_US"},"messenger_chats":[{"feature_instance_id":"1644794592633150","enabled":true,"domains":["https:\/\/www.okpsdoor.com\/"],"default_locale":"en_US"}],"messenger_menu":{"enabled":false},"page_card":{"enabled":false},"page_cta":{"enabled":false},"page_post":{"enabled":false},"page_shop":{"enabled":false},"pixels":[{"feature_instance_id":"7027469227280260","enabled":true},{"enabled":false}],"thread_intent":{"enabled":false}}

10-26-2023 @ 13:00:47 - Request
method: GET
uri: https://graph.facebook.com/v16.0/fbe_business?fbe_external_business_id=okpsdoor-6454b365f14df
user-agent: Facebook-for-WooCommerce/3.0.23 (WooCommerce/7.7.2; WordPress/6.3.2)
body:
duration: 0.28883s

10-26-2023 @ 13:00:47 - Response
code: 200
message: OK
body: {"business":{"name":"Okps Door"},"ads":[{"feature_instance_id":"1653664188416318","enabled":true}],"catalogs":[{"feature_instance_id":"925632232095199","enabled":true}],"catalog_feed_scheduled":{"enabled":false},"fb_shops":[{"enabled":false}],"ig_cta":{"enabled":false},"ig_shopping":{"enabled":true},"ig_shoppings":[{"feature_instance_id":"636856034922684","enabled":true}],"messenger_chat":{"enabled":true,"domains":["https:\/\/www.okpsdoor.com\/"],"default_locale":"en_US"},"messenger_chats":[{"feature_instance_id":"1644794592633150","enabled":true,"domains":["https:\/\/www.okpsdoor.com\/"],"default_locale":"en_US"}],"messenger_menu":{"enabled":false},"page_card":{"enabled":false},"page_cta":{"enabled":false},"page_post":{"enabled":false},"page_shop":{"enabled":false},"pixels":[{"feature_instance_id":"7027469227280260","enabled":true},{"enabled":false}],"thread_intent":{"enabled":false}}

10-26-2023 @ 14:03:23 - Request
method: POST
uri: https://graph.facebook.com/v16.0/1311088993098283/events
user-agent: Facebook-for-WooCommerce/3.0.23 (WooCommerce/7.7.2; WordPress/6.3.2)
body: {"data":[{"action_source":"website","event_time":1698321802,"event_id":"208e1b54-49d6-43dc-972f-1384943d4f6c","event_source_url":"https:\/\/www.okpsdoor.com\/product\/ml012-melamine-door\/?noamp=mobile","custom_data":{"content_name":"ML012 Melamine Door","content_ids":"[\"ML012_3888\"]","content_type":"product","contents":"[{\"id\":\"ML012_3888\",\"quantity\":1}]","content_category":"Lacquered MDF Doors","value":0,"currency":"USD"},"user_data":{"client_ip_address":"47.128.23.137","client_user_agent":"Mozilla\/5.0 (Linux; Android 5.0) AppleWebKit\/537.36 (KHTML, like Gecko) Mobile Safari\/537.36 (compatible; Bytespider; spider-feedback@bytedance.com)","fbc":"","fbp":""},"event_name":"ViewContent"}],"partner_agent":"woocommerce-7.7.2-3.0.23"}
duration: 0.41353s

10-26-2023 @ 14:03:23 - Response
code: 200
message: OK
body: {"events_received":1,"messages":[],"fbtrace_id":"AjP-Mtp69HeAmCU-wf-x2Ks"}

10-26-2023 @ 14:08:37 - Request
method: GET
uri: https://graph.facebook.com/v16.0/fbe_business?fbe_external_business_id=okpsdoor-6454b365f14df
user-agent: Facebook-for-WooCommerce/3.0.23 (WooCommerce/7.7.2; WordPress/6.3.2)
body:
duration: 0.4112s

10-26-2023 @ 14:08:37 - Response
code: 200
message: OK
body: {"business":{"name":"Okps Door"},"ads":[{"feature_instance_id":"1653664188416318","enabled":true}],"catalogs":[{"feature_instance_id":"925632232095199","enabled":true}],"catalog_feed_scheduled":{"enabled":false},"fb_shops":[{"enabled":false}],"ig_cta":{"enabled":false},"ig_shopping":{"enabled":true},"ig_shoppings":[{"feature_instance_id":"636856034922684","enabled":true}],"messenger_chat":{"enabled":true,"domains":["https:\/\/www.okpsdoor.com\/"],"default_locale":"en_US"},"messenger_chats":[{"feature_instance_id":"1644794592633150","enabled":true,"domains":["https:\/\/www.okpsdoor.com\/"],"default_locale":"en_US"}],"messenger_menu":{"enabled":false},"page_card":{"enabled":false},"page_cta":{"enabled":false},"page_post":{"enabled":false},"page_shop":{"enabled":false},"pixels":[{"feature_instance_id":"7027469227280260","enabled":true},{"enabled":false}],"thread_intent":{"enabled":false}}

10-26-2023 @ 14:47:38 - Request
method: POST
uri: https://graph.facebook.com/v16.0/1311088993098283/events
user-agent: Facebook-for-WooCommerce/3.0.23 (WooCommerce/7.7.2; WordPress/6.3.2)
body: {"data":[{"action_source":"website","event_time":1698324457,"event_id":"1345b0d1-d4b6-4a27-a466-f629fc349025","event_source_url":"https:\/\/www.okpsdoor.com\/product-category\/door\/steel-door\/?orderby=price","custom_data":{"content_name":"Steel Door","content_category":"Steel Door","content_ids":"[\"S001_4153\"]","content_type":"product","contents":[{"id":"S001_4153","quantity":1}]},"user_data":{"client_ip_address":"176.89.67.48","client_user_agent":"Mozilla\/5.0 (Linux; Android 10; K) AppleWebKit\/537.36 (KHTML, like Gecko) Chrome\/111.0.0.0 Mobile Safari\/537.36","fbc":"","fbp":"fb.1.1698323277631.1420254851"},"event_name":"ViewCategory"}],"partner_agent":"woocommerce-7.7.2-3.0.23"}
duration: 0.37325s

10-26-2023 @ 14:47:38 - Response
code: 200
message: OK
body: {"events_received":1,"messages":[],"fbtrace_id":"AP27mEXICWOo5rABdCx9yc2"}

10-26-2023 @ 14:51:05 - Request
method: GET
uri: https://graph.facebook.com/v16.0/fbe_business?fbe_external_business_id=okpsdoor-6454b365f14df
user-agent: Facebook-for-WooCommerce/3.0.23 (WooCommerce/7.7.2; WordPress/6.3.2)
body:
duration: 0.29194s

10-26-2023 @ 14:51:05 - Response
code: 200
message: OK
body: {"business":{"name":"Okps Door"},"ads":[{"feature_instance_id":"1653664188416318","enabled":true}],"catalogs":[{"feature_instance_id":"925632232095199","enabled":true}],"catalog_feed_scheduled":{"enabled":false},"fb_shops":[{"enabled":false}],"ig_cta":{"enabled":false},"ig_shopping":{"enabled":true},"ig_shoppings":[{"feature_instance_id":"636856034922684","enabled":true}],"messenger_chat":{"enabled":true,"domains":["https:\/\/www.okpsdoor.com\/"],"default_locale":"en_US"},"messenger_chats":[{"feature_instance_id":"1644794592633150","enabled":true,"domains":["https:\/\/www.okpsdoor.com\/"],"default_locale":"en_US"}],"messenger_menu":{"enabled":false},"page_card":{"enabled":false},"page_cta":{"enabled":false},"page_post":{"enabled":false},"page_shop":{"enabled":false},"pixels":[{"feature_instance_id":"7027469227280260","enabled":true},{"enabled":false}],"thread_intent":{"enabled":false}}

10-26-2023 @ 15:01:53 - Request
method: POST
uri: https://graph.facebook.com/v16.0/1311088993098283/events
user-agent: Facebook-for-WooCommerce/3.0.23 (WooCommerce/7.7.2; WordPress/6.3.2)
body: {"data":[{"action_source":"website","event_time":1698325313,"event_id":"00f56129-b73d-4bfe-ae2d-a49f4fcabb5f","event_source_url":"https:\/\/www.okpsdoor.com\/product\/pvc006-pvc-door\/?noamp=mobile","custom_data":{"content_name":"PVC006 PVC Door","content_ids":"[\"PVC006_3986\"]","content_type":"product","contents":"[{\"id\":\"PVC006_3986\",\"quantity\":1}]","content_category":"PVC Doors","value":0,"currency":"USD"},"user_data":{"client_ip_address":"47.128.44.111","client_user_agent":"Mozilla\/5.0 (Linux; Android 5.0) AppleWebKit\/537.36 (KHTML, like Gecko) Mobile Safari\/537.36 (compatible; Bytespider; spider-feedback@bytedance.com)","fbc":"","fbp":""},"event_name":"ViewContent"}],"partner_agent":"woocommerce-7.7.2-3.0.23"}
duration: 0.28106s

10-26-2023 @ 15:01:53 - Response
code: 200
message: OK
body: {"events_received":1,"messages":[],"fbtrace_id":"AHQPjjj3dlz3DeQcL2ItCQ9"}

10-26-2023 @ 15:19:33 - Request
method: POST
uri: https://graph.facebook.com/v16.0/1311088993098283/events
user-agent: Facebook-for-WooCommerce/3.0.23 (WooCommerce/7.7.2; WordPress/6.3.2)
body: {"data":[{"action_source":"website","event_time":1698326372,"event_id":"6fd2cdf4-eaf5-4d01-996e-33e8c51dbbd8","event_source_url":"https:\/\/www.okpsdoor.com\/product\/ml001-lacquered-mdf-door\/?noamp=mobile","custom_data":{"content_name":"ML001 Lacquered MDF Door","content_ids":"[\"ML001_3871\"]","content_type":"product","contents":"[{\"id\":\"ML001_3871\",\"quantity\":1}]","content_category":"Lacquered MDF Doors","value":0,"currency":"USD"},"user_data":{"client_ip_address":"114.119.132.10","client_user_agent":"Mozilla\/5.0 (Linux; Android 7.0;) AppleWebKit\/537.36 (KHTML, like Gecko) Mobile Safari\/537.36 (compatible; PetalBot;+https:\/\/webmaster.petalsearch.com\/site\/petalbot)","fbc":"","fbp":""},"event_name":"ViewContent"}],"partner_agent":"woocommerce-7.7.2-3.0.23"}
duration: 0.34959s

10-26-2023 @ 15:19:33 - Response
code: 200
message: OK
body: {"events_received":1,"messages":[],"fbtrace_id":"AvXnqEgeiE0s__hHXIUIV27"}

10-26-2023 @ 15:57:55 - Request
method: POST
uri: https://graph.facebook.com/v16.0/1311088993098283/events
user-agent: Facebook-for-WooCommerce/3.0.23 (WooCommerce/7.7.2; WordPress/6.3.2)
body: {"data":[{"action_source":"website","event_time":1698328674,"event_id":"a35f2b42-3e38-4749-a7a0-722037f2f18c","event_source_url":"https:\/\/www.okpsdoor.com\/product\/l020-lacquered-mdf-door\/?noamp=mobile","custom_data":{"content_name":"L020 Lacquered MDF Door","content_ids":"[\"L001-18-1_3764\"]","content_type":"product","contents":"[{\"id\":\"L001-18-1_3764\",\"quantity\":1}]","content_category":"Lacquered MDF Doors","value":"1","currency":"USD"},"user_data":{"client_ip_address":"47.128.19.74","client_user_agent":"Mozilla\/5.0 (compatible; Bytespider; spider-feedback@bytedance.com) AppleWebKit\/537.36 (KHTML, like Gecko) Chrome\/70.0.0.0 Safari\/537.36","fbc":"","fbp":""},"event_name":"ViewContent"}],"partner_agent":"woocommerce-7.7.2-3.0.23"}
duration: 0.45336s

10-26-2023 @ 15:57:55 - Response
code: 200
message: OK
body: {"events_received":1,"messages":[],"fbtrace_id":"AXoB04fyhCp9KE4emLIo7G5"}

10-26-2023 @ 16:03:12 - Request
method: POST
uri: https://graph.facebook.com/v16.0/1311088993098283/events
user-agent: Facebook-for-WooCommerce/3.0.23 (WooCommerce/7.7.2; WordPress/6.3.2)
body: {"data":[{"action_source":"website","event_time":1698328991,"event_id":"a881b1dc-7889-4fa6-a16d-c50abe5e0ee0","event_source_url":"https:\/\/www.okpsdoor.com\/product\/l006-lacquered-mdf-door\/?noamp=mobile","custom_data":{"content_name":"L006 Lacquered MDF Door","content_ids":"[\"L001-6_3727\"]","content_type":"product","contents":"[{\"id\":\"L001-6_3727\",\"quantity\":1}]","content_category":"Lacquered MDF Doors","value":"1","currency":"USD"},"user_data":{"client_ip_address":"47.128.21.53","client_user_agent":"Mozilla\/5.0 (Linux; Android 5.0) AppleWebKit\/537.36 (KHTML, like Gecko) Mobile Safari\/537.36 (compatible; Bytespider; spider-feedback@bytedance.com)","fbc":"","fbp":""},"event_name":"ViewContent"}],"partner_agent":"woocommerce-7.7.2-3.0.23"}
duration: 0.37443s

10-26-2023 @ 16:03:12 - Response
code: 200
message: OK
body: {"events_received":1,"messages":[],"fbtrace_id":"APTlIFt0iHKmY0alN6fNRxe"}

10-26-2023 @ 16:03:12 - Request
method: GET
uri: https://graph.facebook.com/v16.0/fbe_business?fbe_external_business_id=okpsdoor-6454b365f14df
user-agent: Facebook-for-WooCommerce/3.0.23 (WooCommerce/7.7.2; WordPress/6.3.2)
body:
duration: 0.43332s

10-26-2023 @ 16:03:12 - Response
code: 200
message: OK
body: {"business":{"name":"Okps Door"},"ads":[{"feature_instance_id":"1653664188416318","enabled":true}],"catalogs":[{"feature_instance_id":"925632232095199","enabled":true}],"catalog_feed_scheduled":{"enabled":false},"fb_shops":[{"enabled":false}],"ig_cta":{"enabled":false},"ig_shopping":{"enabled":true},"ig_shoppings":[{"feature_instance_id":"636856034922684","enabled":true}],"messenger_chat":{"enabled":true,"domains":["https:\/\/www.okpsdoor.com\/"],"default_locale":"en_US"},"messenger_chats":[{"feature_instance_id":"1644794592633150","enabled":true,"domains":["https:\/\/www.okpsdoor.com\/"],"default_locale":"en_US"}],"messenger_menu":{"enabled":false},"page_card":{"enabled":false},"page_cta":{"enabled":false},"page_post":{"enabled":false},"page_shop":{"enabled":false},"pixels":[{"feature_instance_id":"7027469227280260","enabled":true},{"enabled":false}],"thread_intent":{"enabled":false}}

10-26-2023 @ 16:32:52 - Request
method: POST
uri: https://graph.facebook.com/v16.0/1311088993098283/events
user-agent: Facebook-for-WooCommerce/3.0.23 (WooCommerce/7.7.2; WordPress/6.3.2)
body: {"data":[{"action_source":"website","event_time":1698330771,"event_id":"384210fb-58fb-476e-9679-3ccfd0ba0776","event_source_url":"https:\/\/www.okpsdoor.com\/product\/p018-panel-door\/?noamp=mobile","custom_data":{"content_name":"P018 Panel Door","content_ids":"[\"P018_3936\"]","content_type":"product","contents":"[{\"id\":\"P018_3936\",\"quantity\":1}]","content_category":"Lacquered MDF Doors","value":0,"currency":"USD"},"user_data":{"client_ip_address":"47.128.63.118","client_user_agent":"Mozilla\/5.0 (Linux; Android 5.0) AppleWebKit\/537.36 (KHTML, like Gecko) Mobile Safari\/537.36 (compatible; Bytespider; spider-feedback@bytedance.com)","fbc":"","fbp":""},"event_name":"ViewContent"}],"partner_agent":"woocommerce-7.7.2-3.0.23"}
duration: 0.39201s

10-26-2023 @ 16:32:52 - Response
code: 200
message: OK
body: {"events_received":1,"messages":[],"fbtrace_id":"APWJCS7gqWeSuA-mCz0yqBD"}

10-26-2023 @ 16:59:08 - Request
method: POST
uri: https://graph.facebook.com/v16.0/1311088993098283/events
user-agent: Facebook-for-WooCommerce/3.0.23 (WooCommerce/7.7.2; WordPress/6.3.2)
body: {"data":[{"action_source":"website","event_time":1698332347,"event_id":"3d9c3720-ec11-4ff7-8ac9-44b3c731cae9","event_source_url":"https:\/\/www.okpsdoor.com\/product\/k002-wood-veneer-door\/?noamp=mobile","custom_data":{"content_name":"K002 Wood Veneer Door","content_ids":"[\"K002_3969\"]","content_type":"product","contents":"[{\"id\":\"K002_3969\",\"quantity\":1}]","content_category":"Wood Veneer Doors","value":0,"currency":"USD"},"user_data":{"client_ip_address":"114.119.152.27","client_user_agent":"Mozilla\/5.0 (Linux; Android 7.0;) AppleWebKit\/537.36 (KHTML, like Gecko) Mobile Safari\/537.36 (compatible; PetalBot;+https:\/\/webmaster.petalsearch.com\/site\/petalbot)","fbc":"","fbp":""},"event_name":"ViewContent"}],"partner_agent":"woocommerce-7.7.2-3.0.23"}
duration: 0.36348s

10-26-2023 @ 16:59:08 - Response
code: 200
message: OK
body: {"events_received":1,"messages":[],"fbtrace_id":"AULuFZDGgwQj-cN4986j1m4"}

10-26-2023 @ 17:05:52 - Request
method: GET
uri: https://graph.facebook.com/v16.0/fbe_business?fbe_external_business_id=okpsdoor-6454b365f14df
user-agent: Facebook-for-WooCommerce/3.0.23 (WooCommerce/7.7.2; WordPress/6.3.2)
body:
duration: 0.404s

10-26-2023 @ 17:05:52 - Response
code: 200
message: OK
body: {"business":{"name":"Okps Door"},"ads":[{"feature_instance_id":"1653664188416318","enabled":true}],"catalogs":[{"feature_instance_id":"925632232095199","enabled":true}],"catalog_feed_scheduled":{"enabled":false},"fb_shops":[{"enabled":false}],"ig_cta":{"enabled":false},"ig_shopping":{"enabled":true},"ig_shoppings":[{"feature_instance_id":"636856034922684","enabled":true}],"messenger_chat":{"enabled":true,"domains":["https:\/\/www.okpsdoor.com\/"],"default_locale":"en_US"},"messenger_chats":[{"feature_instance_id":"1644794592633150","enabled":true,"domains":["https:\/\/www.okpsdoor.com\/"],"default_locale":"en_US"}],"messenger_menu":{"enabled":false},"page_card":{"enabled":false},"page_cta":{"enabled":false},"page_post":{"enabled":false},"page_shop":{"enabled":false},"pixels":[{"feature_instance_id":"7027469227280260","enabled":true},{"enabled":false}],"thread_intent":{"enabled":false}}

10-26-2023 @ 17:10:09 - Request
method: POST
uri: https://graph.facebook.com/v16.0/1311088993098283/events
user-agent: Facebook-for-WooCommerce/3.0.23 (WooCommerce/7.7.2; WordPress/6.3.2)
body: {"data":[{"action_source":"website","event_time":1698333008,"event_id":"8b853f23-b054-480b-b67b-c7026de5f0e8","event_source_url":"https:\/\/www.okpsdoor.com\/product\/p019-panel-door\/?noamp=mobile","custom_data":{"content_name":"P019 Panel Door","content_ids":"[\"P019_3935\"]","content_type":"product","contents":"[{\"id\":\"P019_3935\",\"quantity\":1}]","content_category":"Lacquered MDF Doors","value":0,"currency":"USD"},"user_data":{"client_ip_address":"47.128.22.28","client_user_agent":"Mozilla\/5.0 (Linux; Android 5.0) AppleWebKit\/537.36 (KHTML, like Gecko) Mobile Safari\/537.36 (compatible; Bytespider; spider-feedback@bytedance.com)","fbc":"","fbp":""},"event_name":"ViewContent"}],"partner_agent":"woocommerce-7.7.2-3.0.23"}
duration: 0.39876s

10-26-2023 @ 17:10:09 - Response
code: 200
message: OK
body: {"events_received":1,"messages":[],"fbtrace_id":"A0X0Mrlhln-KWGUc3VDynp7"}

10-26-2023 @ 17:13:08 - Request
method: POST
uri: https://graph.facebook.com/v16.0/1311088993098283/events
user-agent: Facebook-for-WooCommerce/3.0.23 (WooCommerce/7.7.2; WordPress/6.3.2)
body: {"data":[{"action_source":"website","event_time":1698333187,"event_id":"aa17effb-cee3-414a-a107-6c79072606cd","event_source_url":"https:\/\/www.okpsdoor.com\/product\/l051-lacquered-mdf-door\/?noamp=mobile","custom_data":{"content_name":"L051 Lacquered MDF Door","content_ids":"[\"L051_3868\"]","content_type":"product","contents":"[{\"id\":\"L051_3868\",\"quantity\":1}]","content_category":"Lacquered MDF Doors","value":0,"currency":"USD"},"user_data":{"client_ip_address":"114.119.131.97","client_user_agent":"Mozilla\/5.0 (Linux; Android 7.0;) AppleWebKit\/537.36 (KHTML, like Gecko) Mobile Safari\/537.36 (compatible; PetalBot;+https:\/\/webmaster.petalsearch.com\/site\/petalbot)","fbc":"","fbp":""},"event_name":"ViewContent"}],"partner_agent":"woocommerce-7.7.2-3.0.23"}
duration: 0.35356s

10-26-2023 @ 17:13:08 - Response
code: 200
message: OK
body: {"events_received":1,"messages":[],"fbtrace_id":"A0opJpZ3xLmGM1JeT2A9nkN"}

10-26-2023 @ 17:13:54 - Request
method: POST
uri: https://graph.facebook.com/v16.0/1311088993098283/events
user-agent: Facebook-for-WooCommerce/3.0.23 (WooCommerce/7.7.2; WordPress/6.3.2)
body: {"data":[{"action_source":"website","event_time":1698333233,"event_id":"06a5a887-0ee0-44a9-9ce5-f81469abae53","event_source_url":"https:\/\/www.okpsdoor.com\/product\/p017-panel-door\/?noamp=mobile","custom_data":{"content_name":"P017 Panel Door","content_ids":"[\"P001-4_3937\"]","content_type":"product","contents":"[{\"id\":\"P001-4_3937\",\"quantity\":1}]","content_category":"Lacquered MDF Doors","value":0,"currency":"USD"},"user_data":{"client_ip_address":"47.128.26.14","client_user_agent":"Mozilla\/5.0 (Linux; Android 5.0) AppleWebKit\/537.36 (KHTML, like Gecko) Mobile Safari\/537.36 (compatible; Bytespider; spider-feedback@bytedance.com)","fbc":"","fbp":""},"event_name":"ViewContent"}],"partner_agent":"woocommerce-7.7.2-3.0.23"}
duration: 0.3509s

10-26-2023 @ 17:13:54 - Response
code: 200
message: OK
body: {"events_received":1,"messages":[],"fbtrace_id":"ASTLa1TLL0BWZx9V2U4kSfz"}

10-26-2023 @ 17:29:52 - Request
method: POST
uri: https://graph.facebook.com/v16.0/1311088993098283/events
user-agent: Facebook-for-WooCommerce/3.0.23 (WooCommerce/7.7.2; WordPress/6.3.2)
body: {"data":[{"action_source":"website","event_time":1698334191,"event_id":"a3b374e7-58f3-4e2e-af27-6f1b722f0ef2","event_source_url":"https:\/\/www.okpsdoor.com\/product\/jhon-vladimir-copy-5\/?noamp=mobile","custom_data":{"content_name":"White Primed Iseo 1\/2 Hour Firecheck (44mm)","content_ids":"[\"$18\\\/m\\u00b2-5_3123\"]","content_type":"product","contents":"[{\"id\":\"$18\\\/m\\u00b2-5_3123\",\"quantity\":1}]","content_category":"Popular","value":0,"currency":"USD"},"user_data":{"client_ip_address":"114.119.131.123","client_user_agent":"Mozilla\/5.0 (Linux; Android 7.0;) AppleWebKit\/537.36 (KHTML, like Gecko) Mobile Safari\/537.36 (compatible; PetalBot;+https:\/\/webmaster.petalsearch.com\/site\/petalbot)","fbc":"","fbp":""},"event_name":"ViewContent"}],"partner_agent":"woocommerce-7.7.2-3.0.23"}
duration: 0.37198s

10-26-2023 @ 17:29:52 - Response
code: 200
message: OK
body: {"events_received":1,"messages":[],"fbtrace_id":"AnpmXmEmkjLSls-KLXkYlUW"}

10-26-2023 @ 17:59:11 - Request
method: GET
uri: https://graph.facebook.com/v16.0/fbe_business?fbe_external_business_id=okpsdoor-6454b365f14df
user-agent: Facebook-for-WooCommerce/3.0.23 (WooCommerce/7.7.2; WordPress/6.3.2)
body:
duration: 0.48649s

10-26-2023 @ 17:59:11 - Response
code: 200
message: OK
body: {"business":{"name":"Okps Door"},"ads":[{"feature_instance_id":"1653664188416318","enabled":true}],"catalogs":[{"feature_instance_id":"925632232095199","enabled":true}],"catalog_feed_scheduled":{"enabled":false},"fb_shops":[{"enabled":false}],"ig_cta":{"enabled":false},"ig_shopping":{"enabled":true},"ig_shoppings":[{"feature_instance_id":"636856034922684","enabled":true}],"messenger_chat":{"enabled":true,"domains":["https:\/\/www.okpsdoor.com\/"],"default_locale":"en_US"},"messenger_chats":[{"feature_instance_id":"1644794592633150","enabled":true,"domains":["https:\/\/www.okpsdoor.com\/"],"default_locale":"en_US"}],"messenger_menu":{"enabled":false},"page_card":{"enabled":false},"page_cta":{"enabled":false},"page_post":{"enabled":false},"page_shop":{"enabled":false},"pixels":[{"feature_instance_id":"7027469227280260","enabled":true},{"enabled":false}],"thread_intent":{"enabled":false}}

10-26-2023 @ 18:05:31 - Request
method: POST
uri: https://graph.facebook.com/v16.0/1311088993098283/events
user-agent: Facebook-for-WooCommerce/3.0.23 (WooCommerce/7.7.2; WordPress/6.3.2)
body: {"data":[{"action_source":"website","event_time":1698336331,"event_id":"7754bb39-7d6a-49e9-9eb2-5f6969ed210d","event_source_url":"https:\/\/www.okpsdoor.com\/product\/l070-lacquered-mdf-door\/?noamp=mobile","custom_data":{"content_name":"L070 Lacquered MDF Door","content_ids":"[\"L070_3849\"]","content_type":"product","contents":"[{\"id\":\"L070_3849\",\"quantity\":1}]","content_category":"Lacquered MDF Doors","value":0,"currency":"USD"},"user_data":{"client_ip_address":"114.119.159.148","client_user_agent":"Mozilla\/5.0 (Linux; Android 7.0;) AppleWebKit\/537.36 (KHTML, like Gecko) Mobile Safari\/537.36 (compatible; PetalBot;+https:\/\/webmaster.petalsearch.com\/site\/petalbot)","fbc":"","fbp":""},"event_name":"ViewContent"}],"partner_agent":"woocommerce-7.7.2-3.0.23"}
duration: 0.37691s

10-26-2023 @ 18:05:31 - Response
code: 200
message: OK
body: {"events_received":1,"messages":[],"fbtrace_id":"A7Z3XyX5XOBPAh0RFwJFRPx"}

10-26-2023 @ 18:25:39 - Request
method: POST
uri: https://graph.facebook.com/v16.0/1311088993098283/events
user-agent: Facebook-for-WooCommerce/3.0.23 (WooCommerce/7.7.2; WordPress/6.3.2)
body: {"data":[{"action_source":"website","event_time":1698337539,"event_id":"937979f8-81c4-4a39-b80a-b56532605bb5","event_source_url":"https:\/\/www.okpsdoor.com\/product\/l012-lacquered-mdf-door\/?noamp=mobile","custom_data":{"content_name":"L012 Lacquered MDF Door","content_ids":"[\"L001-12_3733\"]","content_type":"product","contents":"[{\"id\":\"L001-12_3733\",\"quantity\":1}]","content_category":"Lacquered MDF Doors","value":"1","currency":"USD"},"user_data":{"client_ip_address":"114.119.128.181","client_user_agent":"Mozilla\/5.0 (Linux; Android 7.0;) AppleWebKit\/537.36 (KHTML, like Gecko) Mobile Safari\/537.36 (compatible; PetalBot;+https:\/\/webmaster.petalsearch.com\/site\/petalbot)","fbc":"","fbp":""},"event_name":"ViewContent"}],"partner_agent":"woocommerce-7.7.2-3.0.23"}
duration: 0.37805s

10-26-2023 @ 18:25:39 - Response
code: 200
message: OK
body: {"events_received":1,"messages":[],"fbtrace_id":"AoKHMjUILt6IiY_OP-xGBfA"}

10-26-2023 @ 18:31:51 - Request
method: POST
uri: https://graph.facebook.com/v16.0/1311088993098283/events
user-agent: Facebook-for-WooCommerce/3.0.23 (WooCommerce/7.7.2; WordPress/6.3.2)
body: {"data":[{"action_source":"website","event_time":1698337910,"event_id":"efc09416-79fa-428d-a8d5-f9867d9518ba","event_source_url":"https:\/\/www.okpsdoor.com\/product\/l022-lacquered-mdf-door\/?noamp=mobile","custom_data":{"content_name":"L022 Lacquered MDF Door","content_ids":"[\"L001-18-3_3766\"]","content_type":"product","contents":"[{\"id\":\"L001-18-3_3766\",\"quantity\":1}]","content_category":"Lacquered MDF Doors","value":"1","currency":"USD"},"user_data":{"client_ip_address":"47.128.61.154","client_user_agent":"Mozilla\/5.0 (Linux; Android 5.0) AppleWebKit\/537.36 (KHTML, like Gecko) Mobile Safari\/537.36 (compatible; Bytespider; spider-feedback@bytedance.com)","fbc":"","fbp":""},"event_name":"ViewContent"}],"partner_agent":"woocommerce-7.7.2-3.0.23"}
duration: 0.35448s

10-26-2023 @ 18:31:51 - Response
code: 200
message: OK
body: {"events_received":1,"messages":[],"fbtrace_id":"A_tXpxaBdRNfFrATmiudOPl"}

10-26-2023 @ 18:35:53 - Request
method: POST
uri: https://graph.facebook.com/v16.0/1311088993098283/events
user-agent: Facebook-for-WooCommerce/3.0.23 (WooCommerce/7.7.2; WordPress/6.3.2)
body: {"data":[{"action_source":"website","event_time":1698338153,"event_id":"43ed9796-ed6d-49d3-9d41-cd2d5ae6cb6a","event_source_url":"https:\/\/www.okpsdoor.com\/product\/l044-lacquered-mdf-door\/?noamp=mobile","custom_data":{"content_name":"L044 Lacquered MDF Door","content_ids":"[\"L001-18-13_3776\"]","content_type":"product","contents":"[{\"id\":\"L001-18-13_3776\",\"quantity\":1}]","content_category":"Lacquered MDF Doors","value":"1","currency":"USD"},"user_data":{"client_ip_address":"47.128.23.19","client_user_agent":"Mozilla\/5.0 (Linux; Android 5.0) AppleWebKit\/537.36 (KHTML, like Gecko) Mobile Safari\/537.36 (compatible; Bytespider; spider-feedback@bytedance.com)","fbc":"","fbp":""},"event_name":"ViewContent"}],"partner_agent":"woocommerce-7.7.2-3.0.23"}
duration: 0.36629s

10-26-2023 @ 18:35:53 - Response
code: 200
message: OK
body: {"events_received":1,"messages":[],"fbtrace_id":"Aze876E5GkvJyTzoLL_KZ5p"}

10-26-2023 @ 18:39:53 - Request
method: POST
uri: https://graph.facebook.com/v16.0/1311088993098283/events
user-agent: Facebook-for-WooCommerce/3.0.23 (WooCommerce/7.7.2; WordPress/6.3.2)
body: {"data":[{"action_source":"website","event_time":1698338393,"event_id":"2694568b-a65a-4763-8875-65857b1467f9","event_source_url":"https:\/\/www.okpsdoor.com\/product\/p001-panel-door\/?noamp=mobile","custom_data":{"content_name":"P001 Panel Door","content_ids":"[\"P001_3898\"]","content_type":"product","contents":"[{\"id\":\"P001_3898\",\"quantity\":1}]","content_category":"Lacquered MDF Doors","value":0,"currency":"USD"},"user_data":{"client_ip_address":"47.128.42.197","client_user_agent":"Mozilla\/5.0 (Linux; Android 5.0) AppleWebKit\/537.36 (KHTML, like Gecko) Mobile Safari\/537.36 (compatible; Bytespider; spider-feedback@bytedance.com)","fbc":"","fbp":""},"event_name":"ViewContent"}],"partner_agent":"woocommerce-7.7.2-3.0.23"}
duration: 0.40327s

10-26-2023 @ 18:39:53 - Response
code: 200
message: OK
body: {"events_received":1,"messages":[],"fbtrace_id":"AiVZh9W4oB62IfY8pHr7KGG"}

10-26-2023 @ 18:57:46 - Request
method: GET
uri: https://graph.facebook.com/v16.0/fbe_business?fbe_external_business_id=okpsdoor-6454b365f14df
user-agent: Facebook-for-WooCommerce/3.0.23 (WooCommerce/7.7.2; WordPress/6.3.2)
body:
duration: 0.39816s

10-26-2023 @ 18:57:46 - Response
code: 200
message: OK
body: {"business":{"name":"Okps Door"},"ads":[{"feature_instance_id":"1653664188416318","enabled":true}],"catalogs":[{"feature_instance_id":"925632232095199","enabled":true}],"catalog_feed_scheduled":{"enabled":false},"fb_shops":[{"enabled":false}],"ig_cta":{"enabled":false},"ig_shopping":{"enabled":true},"ig_shoppings":[{"feature_instance_id":"636856034922684","enabled":true}],"messenger_chat":{"enabled":true,"domains":["https:\/\/www.okpsdoor.com\/"],"default_locale":"en_US"},"messenger_chats":[{"feature_instance_id":"1644794592633150","enabled":true,"domains":["https:\/\/www.okpsdoor.com\/"],"default_locale":"en_US"}],"messenger_menu":{"enabled":false},"page_card":{"enabled":false},"page_cta":{"enabled":false},"page_post":{"enabled":false},"page_shop":{"enabled":false},"pixels":[{"feature_instance_id":"7027469227280260","enabled":true},{"enabled":false}],"thread_intent":{"enabled":false}}

10-26-2023 @ 19:21:58 - Request
method: POST
uri: https://graph.facebook.com/v16.0/1311088993098283/events
user-agent: Facebook-for-WooCommerce/3.0.23 (WooCommerce/7.7.2; WordPress/6.3.2)
body: {"data":[{"action_source":"website","event_time":1698340918,"event_id":"5659575b-58ec-415d-bf60-b75b60ad52cc","event_source_url":"https:\/\/www.okpsdoor.com\/product\/l056-lacquered-mdf-door\/?noamp=mobile","custom_data":{"content_name":"L056 Lacquered MDF Door","content_ids":"[\"L056_3862\"]","content_type":"product","contents":"[{\"id\":\"L056_3862\",\"quantity\":1}]","content_category":"Lacquered MDF Doors","value":0,"currency":"USD"},"user_data":{"client_ip_address":"47.128.16.193","client_user_agent":"Mozilla\/5.0 (Linux; Android 5.0) AppleWebKit\/537.36 (KHTML, like Gecko) Mobile Safari\/537.36 (compatible; Bytespider; spider-feedback@bytedance.com)","fbc":"","fbp":""},"event_name":"ViewContent"}],"partner_agent":"woocommerce-7.7.2-3.0.23"}
duration: 0.39127s

10-26-2023 @ 19:21:58 - Response
code: 200
message: OK
body: {"events_received":1,"messages":[],"fbtrace_id":"Arxi6J7XKCOKE70pHbZbMwI"}

10-26-2023 @ 19:28:53 - Request
method: POST
uri: https://graph.facebook.com/v16.0/1311088993098283/events
user-agent: Facebook-for-WooCommerce/3.0.23 (WooCommerce/7.7.2; WordPress/6.3.2)
body: {"data":[{"action_source":"website","event_time":1698341333,"event_id":"b6885bfa-34c7-4dd4-a733-f22764159c16","event_source_url":"https:\/\/www.okpsdoor.com\/product\/k007-wood-fire-rated-door\/?noamp=mobile","custom_data":{"content_name":"F005 Wood Fire Rated Door","content_ids":"[\"F005_4111\"]","content_type":"product","contents":"[{\"id\":\"F005_4111\",\"quantity\":1}]","content_category":"Fire Rated","value":0,"currency":"USD"},"user_data":{"client_ip_address":"47.128.18.80","client_user_agent":"Mozilla\/5.0 (Linux; Android 5.0) AppleWebKit\/537.36 (KHTML, like Gecko) Mobile Safari\/537.36 (compatible; Bytespider; spider-feedback@bytedance.com)","fbc":"","fbp":""},"event_name":"ViewContent"}],"partner_agent":"woocommerce-7.7.2-3.0.23"}
duration: 0.37147s

10-26-2023 @ 19:28:53 - Response
code: 200
message: OK
body: {"events_received":1,"messages":[],"fbtrace_id":"AMBqi_bc1uMLiQ4cQEsluUg"}

10-26-2023 @ 20:09:34 - Request
method: GET
uri: https://graph.facebook.com/v16.0/fbe_business?fbe_external_business_id=okpsdoor-6454b365f14df
user-agent: Facebook-for-WooCommerce/3.0.23 (WooCommerce/7.7.2; WordPress/6.3.2)
body:
duration: 0.53722s

10-26-2023 @ 20:09:34 - Response
code: 200
message: OK
body: {"business":{"name":"Okps Door"},"ads":[{"feature_instance_id":"1653664188416318","enabled":true}],"catalogs":[{"feature_instance_id":"925632232095199","enabled":true}],"catalog_feed_scheduled":{"enabled":false},"fb_shops":[{"enabled":false}],"ig_cta":{"enabled":false},"ig_shopping":{"enabled":true},"ig_shoppings":[{"feature_instance_id":"636856034922684","enabled":true}],"messenger_chat":{"enabled":true,"domains":["https:\/\/www.okpsdoor.com\/"],"default_locale":"en_US"},"messenger_chats":[{"feature_instance_id":"1644794592633150","enabled":true,"domains":["https:\/\/www.okpsdoor.com\/"],"default_locale":"en_US"}],"messenger_menu":{"enabled":false},"page_card":{"enabled":false},"page_cta":{"enabled":false},"page_post":{"enabled":false},"page_shop":{"enabled":false},"pixels":[{"feature_instance_id":"7027469227280260","enabled":true},{"enabled":false}],"thread_intent":{"enabled":false}}

10-26-2023 @ 20:10:25 - Request
method: POST
uri: https://graph.facebook.com/v16.0/1311088993098283/events
user-agent: Facebook-for-WooCommerce/3.0.23 (WooCommerce/7.7.2; WordPress/6.3.2)
body: {"data":[{"action_source":"website","event_time":1698343824,"event_id":"3b6b1b77-d0fe-486a-8a15-ec732cf43e1a","event_source_url":"https:\/\/www.okpsdoor.com\/product\/k008-wood-veneer-door\/?noamp=mobile","custom_data":{"content_name":"K008 Wood Veneer Door","content_ids":"[\"K008_3963\"]","content_type":"product","contents":"[{\"id\":\"K008_3963\",\"quantity\":1}]","content_category":"Wood Veneer Doors","value":0,"currency":"USD"},"user_data":{"client_ip_address":"114.119.138.28","client_user_agent":"Mozilla\/5.0 (Linux; Android 7.0;) AppleWebKit\/537.36 (KHTML, like Gecko) Mobile Safari\/537.36 (compatible; PetalBot;+https:\/\/webmaster.petalsearch.com\/site\/petalbot)","fbc":"","fbp":""},"event_name":"ViewContent"}],"partner_agent":"woocommerce-7.7.2-3.0.23"}
duration: 0.26844s

10-26-2023 @ 20:10:25 - Response
code: 200
message: OK
body: {"events_received":1,"messages":[],"fbtrace_id":"AxADd_ULF85mkvLJ3tvsDZ7"}

10-26-2023 @ 20:35:07 - Request
method: POST
uri: https://graph.facebook.com/v16.0/1311088993098283/events
user-agent: Facebook-for-WooCommerce/3.0.23 (WooCommerce/7.7.2; WordPress/6.3.2)
body: {"data":[{"action_source":"website","event_time":1698345307,"event_id":"c8c94f4f-ab23-4555-befb-b10244c3afcc","event_source_url":"https:\/\/www.okpsdoor.com\/product\/ml013-melamine-door\/?noamp=mobile","custom_data":{"content_name":"ML013 Melamine Door","content_ids":"[\"ML013_3887\"]","content_type":"product","contents":"[{\"id\":\"ML013_3887\",\"quantity\":1}]","content_category":"Lacquered MDF Doors","value":0,"currency":"USD"},"user_data":{"client_ip_address":"47.128.63.161","client_user_agent":"Mozilla\/5.0 (Linux; Android 5.0) AppleWebKit\/537.36 (KHTML, like Gecko) Mobile Safari\/537.36 (compatible; Bytespider; spider-feedback@bytedance.com)","fbc":"","fbp":""},"event_name":"ViewContent"}],"partner_agent":"woocommerce-7.7.2-3.0.23"}
duration: 0.31498s

10-26-2023 @ 20:35:07 - Response
code: 200
message: OK
body: {"events_received":1,"messages":[],"fbtrace_id":"Ak_u2QPbGqxWDDJvt5h8rTd"}

10-26-2023 @ 20:37:33 - Request
method: POST
uri: https://graph.facebook.com/v16.0/1311088993098283/events
user-agent: Facebook-for-WooCommerce/3.0.23 (WooCommerce/7.7.2; WordPress/6.3.2)
body: {"data":[{"action_source":"website","event_time":1698345453,"event_id":"b599a1f8-7c6d-4747-a062-523ce8f31808","event_source_url":"https:\/\/www.okpsdoor.com\/product\/l073-lacquered-mdf-door\/?noamp=mobile","custom_data":{"content_name":"L073 Lacquered MDF Door","content_ids":"[\"L073_3846\"]","content_type":"product","contents":"[{\"id\":\"L073_3846\",\"quantity\":1}]","content_category":"Lacquered MDF Doors","value":0,"currency":"USD"},"user_data":{"client_ip_address":"114.119.154.115","client_user_agent":"Mozilla\/5.0 (Linux; Android 7.0;) AppleWebKit\/537.36 (KHTML, like Gecko) Mobile Safari\/537.36 (compatible; PetalBot;+https:\/\/webmaster.petalsearch.com\/site\/petalbot)","fbc":"","fbp":""},"event_name":"ViewContent"}],"partner_agent":"woocommerce-7.7.2-3.0.23"}
duration: 0.2732s

10-26-2023 @ 20:37:33 - Response
code: 200
message: OK
body: {"events_received":1,"messages":[],"fbtrace_id":"A-l5zT8QojQSYrhT02cfD7P"}

10-26-2023 @ 20:38:47 - Request
method: POST
uri: https://graph.facebook.com/v16.0/1311088993098283/events
user-agent: Facebook-for-WooCommerce/3.0.23 (WooCommerce/7.7.2; WordPress/6.3.2)
body: {"data":[{"action_source":"website","event_time":1698345526,"event_id":"643f8d4f-14b2-4aff-b2fc-ff32be0361c7","event_source_url":"https:\/\/www.okpsdoor.com\/product\/l001-lacquered-mdf-door-copy\/?noamp=mobile","custom_data":{"content_name":"L001 Lacquered MDF Door (Copy)","content_ids":"[\"L001-1_3722\"]","content_type":"product","contents":"[{\"id\":\"L001-1_3722\",\"quantity\":1}]","content_category":"Lacquered MDF Doors","value":0,"currency":"USD"},"user_data":{"client_ip_address":"47.128.52.154","client_user_agent":"Mozilla\/5.0 (Linux; Android 5.0) AppleWebKit\/537.36 (KHTML, like Gecko) Mobile Safari\/537.36 (compatible; Bytespider; spider-feedback@bytedance.com)","fbc":"","fbp":""},"event_name":"ViewContent"}],"partner_agent":"woocommerce-7.7.2-3.0.23"}
duration: 0.28005s

10-26-2023 @ 20:38:47 - Response
code: 200
message: OK
body: {"events_received":1,"messages":[],"fbtrace_id":"A0lacFy1MwGjJlYDASqcwe3"}

10-26-2023 @ 20:45:35 - Request
method: GET
uri: https://graph.facebook.com/v16.0/fbe_business?fbe_external_business_id=okpsdoor-6454b365f14df
user-agent: Facebook-for-WooCommerce/3.0.23 (WooCommerce/7.7.2; WordPress/6.3.2)
body:
duration: 0.32085s

10-26-2023 @ 20:45:35 - Response
code: 200
message: OK
body: {"business":{"name":"Okps Door"},"ads":[{"feature_instance_id":"1653664188416318","enabled":true}],"catalogs":[{"feature_instance_id":"925632232095199","enabled":true}],"catalog_feed_scheduled":{"enabled":false},"fb_shops":[{"enabled":false}],"ig_cta":{"enabled":false},"ig_shopping":{"enabled":true},"ig_shoppings":[{"feature_instance_id":"636856034922684","enabled":true}],"messenger_chat":{"enabled":true,"domains":["https:\/\/www.okpsdoor.com\/"],"default_locale":"en_US"},"messenger_chats":[{"feature_instance_id":"1644794592633150","enabled":true,"domains":["https:\/\/www.okpsdoor.com\/"],"default_locale":"en_US"}],"messenger_menu":{"enabled":false},"page_card":{"enabled":false},"page_cta":{"enabled":false},"page_post":{"enabled":false},"page_shop":{"enabled":false},"pixels":[{"feature_instance_id":"7027469227280260","enabled":true},{"enabled":false}],"thread_intent":{"enabled":false}}

10-26-2023 @ 21:20:18 - Request
method: POST
uri: https://graph.facebook.com/v16.0/1311088993098283/events
user-agent: Facebook-for-WooCommerce/3.0.23 (WooCommerce/7.7.2; WordPress/6.3.2)
body: {"data":[{"action_source":"website","event_time":1698348017,"event_id":"4b03bc61-d85c-4da5-a133-ed9d5b5eb98a","event_source_url":"https:\/\/www.okpsdoor.com\/product\/k007-wood-fire-rated-door\/?noamp=mobile","custom_data":{"content_name":"F005 Wood Fire Rated Door","content_ids":"[\"F005_4111\"]","content_type":"product","contents":"[{\"id\":\"F005_4111\",\"quantity\":1}]","content_category":"Fire Rated","value":0,"currency":"USD"},"user_data":{"client_ip_address":"114.119.152.216","client_user_agent":"Mozilla\/5.0 (Linux; Android 7.0;) AppleWebKit\/537.36 (KHTML, like Gecko) Mobile Safari\/537.36 (compatible; PetalBot;+https:\/\/webmaster.petalsearch.com\/site\/petalbot)","fbc":"","fbp":""},"event_name":"ViewContent"}],"partner_agent":"woocommerce-7.7.2-3.0.23"}
duration: 0.19149s

10-26-2023 @ 21:20:18 - Response
code: 200
message: OK
body: {"events_received":1,"messages":[],"fbtrace_id":"Ahyn-XzpqSH_8HrqNmpg3DD"}

10-26-2023 @ 21:24:51 - Request
method: POST
uri: https://graph.facebook.com/v16.0/1311088993098283/events
user-agent: Facebook-for-WooCommerce/3.0.23 (WooCommerce/7.7.2; WordPress/6.3.2)
body: {"data":[{"action_source":"website","event_time":1698348291,"event_id":"42119d38-f836-45b8-8574-08f23a2e7fa8","event_source_url":"https:\/\/www.okpsdoor.com\/product\/l025-lacquered-mdf-door\/?noamp=mobile","custom_data":{"content_name":"L025 Lacquered MDF Door","content_ids":"[\"L001-18-6_3769\"]","content_type":"product","contents":"[{\"id\":\"L001-18-6_3769\",\"quantity\":1}]","content_category":"Lacquered MDF Doors","value":"1","currency":"USD"},"user_data":{"client_ip_address":"47.128.43.201","client_user_agent":"Mozilla\/5.0 (Linux; Android 5.0) AppleWebKit\/537.36 (KHTML, like Gecko) Mobile Safari\/537.36 (compatible; Bytespider; spider-feedback@bytedance.com)","fbc":"","fbp":""},"event_name":"ViewContent"}],"partner_agent":"woocommerce-7.7.2-3.0.23"}
duration: 0.29516s

10-26-2023 @ 21:24:51 - Response
code: 200
message: OK
body: {"events_received":1,"messages":[],"fbtrace_id":"AHOcoQrzHEHDXYsKcndVcSf"}

10-26-2023 @ 21:33:00 - Request
method: POST
uri: https://graph.facebook.com/v16.0/1311088993098283/events
user-agent: Facebook-for-WooCommerce/3.0.23 (WooCommerce/7.7.2; WordPress/6.3.2)
body: {"data":[{"action_source":"website","event_time":1698348779,"event_id":"9ed7974d-9bcd-45b9-91bb-2bfcac2a0555","event_source_url":"https:\/\/www.okpsdoor.com\/product\/jhon-vladimir\/?noamp=mobile","custom_data":{"content_name":"Jhon Vladimir","content_ids":"[\"$18\\\/m\\u00b2_2901\"]","content_type":"product","contents":"[{\"id\":\"$18\\\/m\\u00b2_2901\",\"quantity\":1}]","content_category":"Popular","value":0,"currency":"USD"},"user_data":{"client_ip_address":"47.128.47.19","client_user_agent":"Mozilla\/5.0 (Linux; Android 5.0) AppleWebKit\/537.36 (KHTML, like Gecko) Mobile Safari\/537.36 (compatible; Bytespider; spider-feedback@bytedance.com)","fbc":"","fbp":""},"event_name":"ViewContent"}],"partner_agent":"woocommerce-7.7.2-3.0.23"}
duration: 0.31111s

10-26-2023 @ 21:33:00 - Response
code: 200
message: OK
body: {"events_received":1,"messages":[],"fbtrace_id":"A6kyEKCwmH9sKB3Ps5XCmna"}

10-26-2023 @ 21:53:39 - Request
method: POST
uri: https://graph.facebook.com/v16.0/1311088993098283/events
user-agent: Facebook-for-WooCommerce/3.0.23 (WooCommerce/7.7.2; WordPress/6.3.2)
body: {"data":[{"action_source":"website","event_time":1698350019,"event_id":"9fd2b388-6255-4bf7-b942-3c9503bedc84","event_source_url":"https:\/\/www.okpsdoor.com\/product\/l076-lacquered-mdf-door\/?noamp=mobile","custom_data":{"content_name":"L076 Lacquered MDF Door","content_ids":"[\"L076_3843\"]","content_type":"product","contents":"[{\"id\":\"L076_3843\",\"quantity\":1}]","content_category":"Lacquered MDF Doors","value":0,"currency":"USD"},"user_data":{"client_ip_address":"114.119.155.185","client_user_agent":"Mozilla\/5.0 (Linux; Android 7.0;) AppleWebKit\/537.36 (KHTML, like Gecko) Mobile Safari\/537.36 (compatible; PetalBot;+https:\/\/webmaster.petalsearch.com\/site\/petalbot)","fbc":"","fbp":""},"event_name":"ViewContent"}],"partner_agent":"woocommerce-7.7.2-3.0.23"}
duration: 0.32806s

10-26-2023 @ 21:53:39 - Response
code: 200
message: OK
body: {"events_received":1,"messages":[],"fbtrace_id":"A7QEs-o_So6Zu2MkSoJ8Kp7"}

10-26-2023 @ 22:20:31 - Request
method: GET
uri: https://graph.facebook.com/v16.0/fbe_business?fbe_external_business_id=okpsdoor-6454b365f14df
user-agent: Facebook-for-WooCommerce/3.0.23 (WooCommerce/7.7.2; WordPress/6.3.2)
body:
duration: 0.22181s

10-26-2023 @ 22:20:31 - Response
code: 200
message: OK
body: {"business":{"name":"Okps Door"},"ads":[{"feature_instance_id":"1653664188416318","enabled":true}],"catalogs":[{"feature_instance_id":"925632232095199","enabled":true}],"catalog_feed_scheduled":{"enabled":false},"fb_shops":[{"enabled":false}],"ig_cta":{"enabled":false},"ig_shopping":{"enabled":true},"ig_shoppings":[{"feature_instance_id":"636856034922684","enabled":true}],"messenger_chat":{"enabled":true,"domains":["https:\/\/www.okpsdoor.com\/"],"default_locale":"en_US"},"messenger_chats":[{"feature_instance_id":"1644794592633150","enabled":true,"domains":["https:\/\/www.okpsdoor.com\/"],"default_locale":"en_US"}],"messenger_menu":{"enabled":false},"page_card":{"enabled":false},"page_cta":{"enabled":false},"page_post":{"enabled":false},"page_shop":{"enabled":false},"pixels":[{"feature_instance_id":"7027469227280260","enabled":true},{"enabled":false}],"thread_intent":{"enabled":false}}

10-26-2023 @ 22:20:32 - Request
method: POST
uri: https://graph.facebook.com/v16.0/1311088993098283/events
user-agent: Facebook-for-WooCommerce/3.0.23 (WooCommerce/7.7.2; WordPress/6.3.2)
body: {"data":[{"action_source":"website","event_time":1698351632,"event_id":"7b58163e-302c-450d-9cfb-2243fe160569","event_source_url":"https:\/\/www.okpsdoor.com\/product\/p016-panel-door\/?noamp=mobile","custom_data":{"content_name":"P016 Panel Door","content_ids":"[\"P016_3938\"]","content_type":"product","contents":"[{\"id\":\"P016_3938\",\"quantity\":1}]","content_category":"Lacquered MDF Doors","value":0,"currency":"USD"},"user_data":{"client_ip_address":"47.128.31.89","client_user_agent":"Mozilla\/5.0 (Linux; Android 5.0) AppleWebKit\/537.36 (KHTML, like Gecko) Mobile Safari\/537.36 (compatible; Bytespider; spider-feedback@bytedance.com)","fbc":"","fbp":""},"event_name":"ViewContent"}],"partner_agent":"woocommerce-7.7.2-3.0.23"}
duration: 0.08612s

10-26-2023 @ 22:20:32 - Response
code: 200
message: OK
body: {"events_received":1,"messages":[],"fbtrace_id":"An6PQnbFyEhG93-1sU90UBo"}

10-26-2023 @ 22:24:27 - Request
method: POST
uri: https://graph.facebook.com/v16.0/1311088993098283/events
user-agent: Facebook-for-WooCommerce/3.0.23 (WooCommerce/7.7.2; WordPress/6.3.2)
body: {"data":[{"action_source":"website","event_time":1698351866,"event_id":"8232e01b-b16f-454a-8ba7-bffecb406c1a","event_source_url":"https:\/\/www.okpsdoor.com\/product\/ml014-melamine-door\/?noamp=mobile","custom_data":{"content_name":"ML014 Melamine Door","content_ids":"[\"ML014_3886\"]","content_type":"product","contents":"[{\"id\":\"ML014_3886\",\"quantity\":1}]","content_category":"Lacquered MDF Doors","value":0,"currency":"USD"},"user_data":{"client_ip_address":"47.128.51.64","client_user_agent":"Mozilla\/5.0 (Linux; Android 5.0) AppleWebKit\/537.36 (KHTML, like Gecko) Mobile Safari\/537.36 (compatible; Bytespider; spider-feedback@bytedance.com)","fbc":"","fbp":""},"event_name":"ViewContent"}],"partner_agent":"woocommerce-7.7.2-3.0.23"}
duration: 0.2831s

10-26-2023 @ 22:24:27 - Response
code: 200
message: OK
body: {"events_received":1,"messages":[],"fbtrace_id":"A4AWXVlAAddueEGFC5loV4x"}

10-26-2023 @ 22:32:54 - Request
method: POST
uri: https://graph.facebook.com/v16.0/1311088993098283/events
user-agent: Facebook-for-WooCommerce/3.0.23 (WooCommerce/7.7.2; WordPress/6.3.2)
body: {"data":[{"action_source":"website","event_time":1698352373,"event_id":"c85d4405-cf25-4386-9134-4457c692b0d5","event_source_url":"https:\/\/www.okpsdoor.com\/product\/k004-wood-veneer-door\/?noamp=mobile","custom_data":{"content_name":"K004 Wood Veneer Door","content_ids":"[\"K004 Wood Veneer Door_3967\"]","content_type":"product","contents":"[{\"id\":\"K004 Wood Veneer Door_3967\",\"quantity\":1}]","content_category":"Wood Veneer Doors","value":0,"currency":"USD"},"user_data":{"client_ip_address":"114.119.134.231","client_user_agent":"Mozilla\/5.0 (Linux; Android 7.0;) AppleWebKit\/537.36 (KHTML, like Gecko) Mobile Safari\/537.36 (compatible; PetalBot;+https:\/\/webmaster.petalsearch.com\/site\/petalbot)","fbc":"","fbp":""},"event_name":"ViewContent"}],"partner_agent":"woocommerce-7.7.2-3.0.23"}
duration: 0.26435s

10-26-2023 @ 22:32:54 - Response
code: 200
message: OK
body: {"events_received":1,"messages":[],"fbtrace_id":"ARHnoTKio5jVmHmagj2-v_N"}

10-26-2023 @ 23:33:10 - Request
method: GET
uri: https://graph.facebook.com/v16.0/fbe_business?fbe_external_business_id=okpsdoor-6454b365f14df
user-agent: Facebook-for-WooCommerce/3.0.23 (WooCommerce/7.7.2; WordPress/6.3.2)
body:
duration: 0.35519s

10-26-2023 @ 23:33:10 - Response
code: 200
message: OK
body: {"business":{"name":"Okps Door"},"ads":[{"feature_instance_id":"1653664188416318","enabled":true}],"catalogs":[{"feature_instance_id":"925632232095199","enabled":true}],"catalog_feed_scheduled":{"enabled":false},"fb_shops":[{"enabled":false}],"ig_cta":{"enabled":false},"ig_shopping":{"enabled":true},"ig_shoppings":[{"feature_instance_id":"636856034922684","enabled":true}],"messenger_chat":{"enabled":true,"domains":["https:\/\/www.okpsdoor.com\/"],"default_locale":"en_US"},"messenger_chats":[{"feature_instance_id":"1644794592633150","enabled":true,"domains":["https:\/\/www.okpsdoor.com\/"],"default_locale":"en_US"}],"messenger_menu":{"enabled":false},"page_card":{"enabled":false},"page_cta":{"enabled":false},"page_post":{"enabled":false},"page_shop":{"enabled":false},"pixels":[{"feature_instance_id":"7027469227280260","enabled":true},{"enabled":false}],"thread_intent":{"enabled":false}}

10-26-2023 @ 23:36:59 - Request
method: POST
uri: https://graph.facebook.com/v16.0/1311088993098283/events
user-agent: Facebook-for-WooCommerce/3.0.23 (WooCommerce/7.7.2; WordPress/6.3.2)
body: {"data":[{"action_source":"website","event_time":1698356219,"event_id":"86dca24f-ad96-4422-a398-06fa0a2b864e","event_source_url":"https:\/\/www.okpsdoor.com\/product\/l046-lacquered-mdf-door\/?noamp=mobile","custom_data":{"content_name":"L046 Lacquered MDF Door","content_ids":"[\"L001-18-15_3778\"]","content_type":"product","contents":"[{\"id\":\"L001-18-15_3778\",\"quantity\":1}]","content_category":"Lacquered MDF Doors","value":"1","currency":"USD"},"user_data":{"client_ip_address":"47.128.21.91","client_user_agent":"Mozilla\/5.0 (Linux; Android 5.0) AppleWebKit\/537.36 (KHTML, like Gecko) Mobile Safari\/537.36 (compatible; Bytespider; spider-feedback@bytedance.com)","fbc":"","fbp":""},"event_name":"ViewContent"}],"partner_agent":"woocommerce-7.7.2-3.0.23"}
duration: 0.2599s

10-26-2023 @ 23:36:59 - Response
code: 200
message: OK
body: {"events_received":1,"messages":[],"fbtrace_id":"AHXtrzhz-Ryrp8dNzfhEg0w"}

10-26-2023 @ 23:50:11 - Request
method: POST
uri: https://graph.facebook.com/v16.0/1311088993098283/events
user-agent: Facebook-for-WooCommerce/3.0.23 (WooCommerce/7.7.2; WordPress/6.3.2)
body: {"data":[{"action_source":"website","event_time":1698357011,"event_id":"395789c3-d674-416d-a8ec-5d61d66a0361","event_source_url":"https:\/\/www.okpsdoor.com\/product\/l009-lacquered-mdf-door\/?noamp=mobile","custom_data":{"content_name":"L009 Lacquered MDF Door","content_ids":"[\"L001-9_3730\"]","content_type":"product","contents":"[{\"id\":\"L001-9_3730\",\"quantity\":1}]","content_category":"Lacquered MDF Doors","value":"1","currency":"USD"},"user_data":{"client_ip_address":"114.119.129.24","client_user_agent":"Mozilla\/5.0 (Linux; Android 7.0;) AppleWebKit\/537.36 (KHTML, like Gecko) Mobile Safari\/537.36 (compatible; PetalBot;+https:\/\/webmaster.petalsearch.com\/site\/petalbot)","fbc":"","fbp":""},"event_name":"ViewContent"}],"partner_agent":"woocommerce-7.7.2-3.0.23"}
duration: 0.27162s

10-26-2023 @ 23:50:11 - Response
code: 200
message: OK
body: {"events_received":1,"messages":[],"fbtrace_id":"Anf70KXaHg4RWRw1hEiJZTO"}

10-26-2023 @ 23:50:11 - Request
method: GET
uri: https://graph.facebook.com/v16.0/fbe_business?fbe_external_business_id=okpsdoor-6454b365f14df
user-agent: Facebook-for-WooCommerce/3.0.23 (WooCommerce/7.7.2; WordPress/6.3.2)
body:
duration: 0.35957s

10-26-2023 @ 23:50:11 - Response
code: 200
message: OK
body: {"business":{"name":"Okps Door"},"ads":[{"feature_instance_id":"1653664188416318","enabled":true}],"catalogs":[{"feature_instance_id":"925632232095199","enabled":true}],"catalog_feed_scheduled":{"enabled":false},"fb_shops":[{"enabled":false}],"ig_cta":{"enabled":false},"ig_shopping":{"enabled":true},"ig_shoppings":[{"feature_instance_id":"636856034922684","enabled":true}],"messenger_chat":{"enabled":true,"domains":["https:\/\/www.okpsdoor.com\/"],"default_locale":"en_US"},"messenger_chats":[{"feature_instance_id":"1644794592633150","enabled":true,"domains":["https:\/\/www.okpsdoor.com\/"],"default_locale":"en_US"}],"messenger_menu":{"enabled":false},"page_card":{"enabled":false},"page_cta":{"enabled":false},"page_post":{"enabled":false},"page_shop":{"enabled":false},"pixels":[{"feature_instance_id":"7027469227280260","enabled":true},{"enabled":false}],"thread_intent":{"enabled":false}}

10-27-2023 @ 00:32:29 - Request
method: POST
uri: https://graph.facebook.com/v16.0/1311088993098283/events
user-agent: Facebook-for-WooCommerce/3.0.23 (WooCommerce/7.7.2; WordPress/6.3.2)
body: {"data":[{"action_source":"website","event_time":1698359548,"event_id":"ef90fc70-e628-4eb4-b069-7b7dbfcffb55","event_source_url":"https:\/\/www.okpsdoor.com\/product\/l064-lacquered-mdf-door\/?noamp=mobile","custom_data":{"content_name":"L064 Lacquered MDF Door","content_ids":"[\"L064_3855\"]","content_type":"product","contents":"[{\"id\":\"L064_3855\",\"quantity\":1}]","content_category":"Lacquered MDF Doors","value":0,"currency":"USD"},"user_data":{"client_ip_address":"47.128.40.244","client_user_agent":"Mozilla\/5.0 (Linux; Android 5.0) AppleWebKit\/537.36 (KHTML, like Gecko) Mobile Safari\/537.36 (compatible; Bytespider; spider-feedback@bytedance.com)","fbc":"","fbp":""},"event_name":"ViewContent"}],"partner_agent":"woocommerce-7.7.2-3.0.23"}
duration: 0.28167s

10-27-2023 @ 00:32:29 - Response
code: 200
message: OK
body: {"events_received":1,"messages":[],"fbtrace_id":"Atrus9EycXqIo8Fnep4mMUF"}

10-27-2023 @ 00:44:31 - Request
method: POST
uri: https://graph.facebook.com/v16.0/1311088993098283/events
user-agent: Facebook-for-WooCommerce/3.0.23 (WooCommerce/7.7.2; WordPress/6.3.2)
body: {"data":[{"action_source":"website","event_time":1698360270,"event_id":"501725b7-5ceb-45ba-9e61-7ab401245a05","event_source_url":"https:\/\/www.okpsdoor.com\/product\/l058-lacquered-mdf-door\/?noamp=mobile","custom_data":{"content_name":"L058 Lacquered MDF Door","content_ids":"[\"L058_3860\"]","content_type":"product","contents":"[{\"id\":\"L058_3860\",\"quantity\":1}]","content_category":"Lacquered MDF Doors","value":0,"currency":"USD"},"user_data":{"client_ip_address":"47.128.25.124","client_user_agent":"Mozilla\/5.0 (Linux; Android 5.0) AppleWebKit\/537.36 (KHTML, like Gecko) Mobile Safari\/537.36 (compatible; Bytespider; spider-feedback@bytedance.com)","fbc":"","fbp":""},"event_name":"ViewContent"}],"partner_agent":"woocommerce-7.7.2-3.0.23"}
duration: 0.25809s

10-27-2023 @ 00:44:31 - Response
code: 200
message: OK
body: {"events_received":1,"messages":[],"fbtrace_id":"A4tJwkE9YhNH_xvIhjw6Hyc"}

10-27-2023 @ 01:18:07 - Request
method: GET
uri: https://graph.facebook.com/v16.0/fbe_business?fbe_external_business_id=okpsdoor-6454b365f14df
user-agent: Facebook-for-WooCommerce/3.0.23 (WooCommerce/7.7.2; WordPress/6.3.2)
body:
duration: 0.40752s

10-27-2023 @ 01:18:07 - Response
code: 200
message: OK
body: {"business":{"name":"Okps Door"},"ads":[{"feature_instance_id":"1653664188416318","enabled":true}],"catalogs":[{"feature_instance_id":"925632232095199","enabled":true}],"catalog_feed_scheduled":{"enabled":false},"fb_shops":[{"enabled":false}],"ig_cta":{"enabled":false},"ig_shopping":{"enabled":true},"ig_shoppings":[{"feature_instance_id":"636856034922684","enabled":true}],"messenger_chat":{"enabled":true,"domains":["https:\/\/www.okpsdoor.com\/"],"default_locale":"en_US"},"messenger_chats":[{"feature_instance_id":"1644794592633150","enabled":true,"domains":["https:\/\/www.okpsdoor.com\/"],"default_locale":"en_US"}],"messenger_menu":{"enabled":false},"page_card":{"enabled":false},"page_cta":{"enabled":false},"page_post":{"enabled":false},"page_shop":{"enabled":false},"pixels":[{"feature_instance_id":"7027469227280260","enabled":true},{"enabled":false}],"thread_intent":{"enabled":false}}

10-27-2023 @ 01:49:01 - Request
method: GET
uri: https://graph.facebook.com/v16.0/fbe_business?fbe_external_business_id=okpsdoor-6454b365f14df
user-agent: Facebook-for-WooCommerce/3.0.23 (WooCommerce/7.7.2; WordPress/6.3.2)
body:
duration: 0.33936s

10-27-2023 @ 01:49:01 - Response
code: 200
message: OK
body: {"business":{"name":"Okps Door"},"ads":[{"feature_instance_id":"1653664188416318","enabled":true}],"catalogs":[{"feature_instance_id":"925632232095199","enabled":true}],"catalog_feed_scheduled":{"enabled":false},"fb_shops":[{"enabled":false}],"ig_cta":{"enabled":false},"ig_shopping":{"enabled":true},"ig_shoppings":[{"feature_instance_id":"636856034922684","enabled":true}],"messenger_chat":{"enabled":true,"domains":["https:\/\/www.okpsdoor.com\/"],"default_locale":"en_US"},"messenger_chats":[{"feature_instance_id":"1644794592633150","enabled":true,"domains":["https:\/\/www.okpsdoor.com\/"],"default_locale":"en_US"}],"messenger_menu":{"enabled":false},"page_card":{"enabled":false},"page_cta":{"enabled":false},"page_post":{"enabled":false},"page_shop":{"enabled":false},"pixels":[{"feature_instance_id":"7027469227280260","enabled":true},{"enabled":false}],"thread_intent":{"enabled":false}}

10-27-2023 @ 01:52:41 - Request
method: POST
uri: https://graph.facebook.com/v16.0/1311088993098283/events
user-agent: Facebook-for-WooCommerce/3.0.23 (WooCommerce/7.7.2; WordPress/6.3.2)
body: {"data":[{"action_source":"website","event_time":1698364360,"event_id":"6a5dd1a0-17c3-4ce0-8490-4e8ba2fe1080","event_source_url":"https:\/\/www.okpsdoor.com\/product\/l053-lacquered-mdf-door\/?noamp=mobile","custom_data":{"content_name":"L053 Lacquered MDF Door","content_ids":"[\"L053_3866\"]","content_type":"product","contents":"[{\"id\":\"L053_3866\",\"quantity\":1}]","content_category":"Lacquered MDF Doors","value":0,"currency":"USD"},"user_data":{"client_ip_address":"47.128.63.34","client_user_agent":"Mozilla\/5.0 (Linux; Android 5.0) AppleWebKit\/537.36 (KHTML, like Gecko) Mobile Safari\/537.36 (compatible; Bytespider; spider-feedback@bytedance.com)","fbc":"","fbp":""},"event_name":"ViewContent"}],"partner_agent":"woocommerce-7.7.2-3.0.23"}
duration: 0.26558s

10-27-2023 @ 01:52:41 - Response
code: 200
message: OK
body: {"events_received":1,"messages":[],"fbtrace_id":"A-f8SghVaWpEpCk7Dazov8r"}

10-27-2023 @ 01:56:46 - Request
method: POST
uri: https://graph.facebook.com/v16.0/1311088993098283/events
user-agent: Facebook-for-WooCommerce/3.0.23 (WooCommerce/7.7.2; WordPress/6.3.2)
body: {"data":[{"action_source":"website","event_time":1698364606,"event_id":"1aa928a8-b8a6-4c56-8245-ecf864255416","event_source_url":"https:\/\/www.okpsdoor.com\/product\/ml001-lacquered-mdf-door\/?noamp=mobile","custom_data":{"content_name":"ML001 Lacquered MDF Door","content_ids":"[\"ML001_3871\"]","content_type":"product","contents":"[{\"id\":\"ML001_3871\",\"quantity\":1}]","content_category":"Lacquered MDF Doors","value":0,"currency":"USD"},"user_data":{"client_ip_address":"47.128.25.18","client_user_agent":"Mozilla\/5.0 (Linux; Android 5.0) AppleWebKit\/537.36 (KHTML, like Gecko) Mobile Safari\/537.36 (compatible; Bytespider; spider-feedback@bytedance.com)","fbc":"","fbp":""},"event_name":"ViewContent"}],"partner_agent":"woocommerce-7.7.2-3.0.23"}
duration: 0.26801s

10-27-2023 @ 01:56:46 - Response
code: 200
message: OK
body: {"events_received":1,"messages":[],"fbtrace_id":"AOEsdb9D98DbYUIfZ-nNSLf"}

