11-12-2023 @ 02:17:55 - Request
method: GET
uri: https://graph.facebook.com/v16.0/fbe_business?fbe_external_business_id=okpsdoor-6454b365f14df
user-agent: Facebook-for-WooCommerce/3.0.23 (WooCommerce/7.7.2; WordPress/6.4.1)
body:
duration: 0.14365s

11-12-2023 @ 02:17:55 - Response
code: 200
message: OK
body: {"business":{"name":"Okps Door"},"ads":[{"feature_instance_id":"1653664188416318","enabled":true}],"catalogs":[{"feature_instance_id":"925632232095199","enabled":true}],"catalog_feed_scheduled":{"enabled":false},"fb_shops":[{"enabled":false}],"ig_cta":{"enabled":false},"ig_shopping":{"enabled":true},"ig_shoppings":[{"feature_instance_id":"636856034922684","enabled":true}],"messenger_chat":{"enabled":true,"domains":["https:\/\/www.okpsdoor.com\/"],"default_locale":"en_US"},"messenger_chats":[{"feature_instance_id":"1644794592633150","enabled":true,"domains":["https:\/\/www.okpsdoor.com\/"],"default_locale":"en_US"}],"messenger_menu":{"enabled":false},"page_card":{"enabled":false},"page_cta":{"enabled":false},"page_post":{"enabled":false},"page_shop":{"enabled":false},"pixels":[{"feature_instance_id":"7027469227280260","enabled":true},{"enabled":false}],"thread_intent":{"enabled":false}}

11-12-2023 @ 02:17:55 - Request
method: POST
uri: https://graph.facebook.com/v16.0/1311088993098283/events
user-agent: Facebook-for-WooCommerce/3.0.23 (WooCommerce/7.7.2; WordPress/6.4.1)
body: {"data":[{"action_source":"website","event_time":1699748274,"event_id":"cfd8f7c4-834b-4571-a98c-0bffdf4760ff","event_source_url":"https:\/\/www.okpsdoor.com\/product\/l056-lacquered-mdf-door\/?noamp=mobile","custom_data":{"content_name":"L056 Lacquered MDF Door","content_ids":"[\"L056_3862\"]","content_type":"product","contents":"[{\"id\":\"L056_3862\",\"quantity\":1}]","content_category":"Lacquered MDF Doors","value":0,"currency":"USD"},"user_data":{"client_ip_address":"114.119.131.97","client_user_agent":"Mozilla\/5.0 (Linux; Android 7.0;) AppleWebKit\/537.36 (KHTML, like Gecko) Mobile Safari\/537.36 (compatible; PetalBot;+https:\/\/webmaster.petalsearch.com\/site\/petalbot)","fbc":"","fbp":""},"event_name":"ViewContent"}],"partner_agent":"woocommerce-7.7.2-3.0.23"}
duration: 0.26519s

11-12-2023 @ 02:17:55 - Response
code: 200
message: OK
body: {"events_received":1,"messages":[],"fbtrace_id":"AkZNiIuJm37wb8M6VIEiWII"}

11-12-2023 @ 03:47:35 - Request
method: GET
uri: https://graph.facebook.com/v16.0/fbe_business?fbe_external_business_id=okpsdoor-6454b365f14df
user-agent: Facebook-for-WooCommerce/3.0.23 (WooCommerce/7.7.2; WordPress/6.4.1)
body:
duration: 0.34123s

11-12-2023 @ 03:47:35 - Response
code: 200
message: OK
body: {"business":{"name":"Okps Door"},"ads":[{"feature_instance_id":"1653664188416318","enabled":true}],"catalogs":[{"feature_instance_id":"925632232095199","enabled":true}],"catalog_feed_scheduled":{"enabled":false},"fb_shops":[{"enabled":false}],"ig_cta":{"enabled":false},"ig_shopping":{"enabled":true},"ig_shoppings":[{"feature_instance_id":"636856034922684","enabled":true}],"messenger_chat":{"enabled":true,"domains":["https:\/\/www.okpsdoor.com\/"],"default_locale":"en_US"},"messenger_chats":[{"feature_instance_id":"1644794592633150","enabled":true,"domains":["https:\/\/www.okpsdoor.com\/"],"default_locale":"en_US"}],"messenger_menu":{"enabled":false},"page_card":{"enabled":false},"page_cta":{"enabled":false},"page_post":{"enabled":false},"page_shop":{"enabled":false},"pixels":[{"feature_instance_id":"7027469227280260","enabled":true},{"enabled":false}],"thread_intent":{"enabled":false}}

11-12-2023 @ 04:13:31 - Request
method: GET
uri: https://graph.facebook.com/v16.0/fbe_business?fbe_external_business_id=okpsdoor-6454b365f14df
user-agent: Facebook-for-WooCommerce/3.0.23 (WooCommerce/7.7.2; WordPress/6.4.1)
body:
duration: 0.31657s

11-12-2023 @ 04:13:31 - Response
code: 200
message: OK
body: {"business":{"name":"Okps Door"},"ads":[{"feature_instance_id":"1653664188416318","enabled":true}],"catalogs":[{"feature_instance_id":"925632232095199","enabled":true}],"catalog_feed_scheduled":{"enabled":false},"fb_shops":[{"enabled":false}],"ig_cta":{"enabled":false},"ig_shopping":{"enabled":true},"ig_shoppings":[{"feature_instance_id":"636856034922684","enabled":true}],"messenger_chat":{"enabled":true,"domains":["https:\/\/www.okpsdoor.com\/"],"default_locale":"en_US"},"messenger_chats":[{"feature_instance_id":"1644794592633150","enabled":true,"domains":["https:\/\/www.okpsdoor.com\/"],"default_locale":"en_US"}],"messenger_menu":{"enabled":false},"page_card":{"enabled":false},"page_cta":{"enabled":false},"page_post":{"enabled":false},"page_shop":{"enabled":false},"pixels":[{"feature_instance_id":"7027469227280260","enabled":true},{"enabled":false}],"thread_intent":{"enabled":false}}

11-12-2023 @ 05:44:26 - Request
method: POST
uri: https://graph.facebook.com/v16.0/1311088993098283/events
user-agent: Facebook-for-WooCommerce/3.0.23 (WooCommerce/7.7.2; WordPress/6.4.1)
body: {"data":[{"action_source":"website","event_time":1699760666,"event_id":"2401c0d8-30e1-40c9-b072-aeb25d9920bc","event_source_url":"https:\/\/www.okpsdoor.com\/product\/l019-lacquered-mdf-door-copy\/?noamp=mobile","custom_data":{"content_name":"L019 Lacquered MDF Door","content_ids":"[\"L001-18_3739\"]","content_type":"product","contents":"[{\"id\":\"L001-18_3739\",\"quantity\":1}]","content_category":"Lacquered MDF Doors","value":"1","currency":"USD"},"user_data":{"client_ip_address":"47.128.23.251","client_user_agent":"Mozilla\/5.0 (compatible; Bytespider; spider-feedback@bytedance.com) AppleWebKit\/537.36 (KHTML, like Gecko) Chrome\/70.0.0.0 Safari\/537.36","fbc":"","fbp":""},"event_name":"ViewContent"}],"partner_agent":"woocommerce-7.7.2-3.0.23"}
duration: 0.28453s

11-12-2023 @ 05:44:26 - Response
code: 200
message: OK
body: {"events_received":1,"messages":[],"fbtrace_id":"AYOOXNfMYhbq6FIU5LAQXUT"}

11-12-2023 @ 07:07:11 - Request
method: GET
uri: https://graph.facebook.com/v16.0/fbe_business?fbe_external_business_id=okpsdoor-6454b365f14df
user-agent: Facebook-for-WooCommerce/3.0.23 (WooCommerce/7.7.2; WordPress/6.4.1)
body:
duration: 0.46687s

11-12-2023 @ 07:07:11 - Response
code: 200
message: OK
body: {"business":{"name":"Okps Door"},"ads":[{"feature_instance_id":"1653664188416318","enabled":true}],"catalogs":[{"feature_instance_id":"925632232095199","enabled":true}],"catalog_feed_scheduled":{"enabled":false},"fb_shops":[{"enabled":false}],"ig_cta":{"enabled":false},"ig_shopping":{"enabled":true},"ig_shoppings":[{"feature_instance_id":"636856034922684","enabled":true}],"messenger_chat":{"enabled":true,"domains":["https:\/\/www.okpsdoor.com\/"],"default_locale":"en_US"},"messenger_chats":[{"feature_instance_id":"1644794592633150","enabled":true,"domains":["https:\/\/www.okpsdoor.com\/"],"default_locale":"en_US"}],"messenger_menu":{"enabled":false},"page_card":{"enabled":false},"page_cta":{"enabled":false},"page_post":{"enabled":false},"page_shop":{"enabled":false},"pixels":[{"feature_instance_id":"7027469227280260","enabled":true},{"enabled":false}],"thread_intent":{"enabled":false}}

11-12-2023 @ 07:09:30 - Request
method: GET
uri: https://graph.facebook.com/v16.0/fbe_business?fbe_external_business_id=okpsdoor-6454b365f14df
user-agent: Facebook-for-WooCommerce/3.0.23 (WooCommerce/7.7.2; WordPress/6.4.1)
body:
duration: 0.11486s

11-12-2023 @ 07:09:30 - Response
code: 200
message: OK
body: {"business":{"name":"Okps Door"},"ads":[{"feature_instance_id":"1653664188416318","enabled":true}],"catalogs":[{"feature_instance_id":"925632232095199","enabled":true}],"catalog_feed_scheduled":{"enabled":false},"fb_shops":[{"enabled":false}],"ig_cta":{"enabled":false},"ig_shopping":{"enabled":true},"ig_shoppings":[{"feature_instance_id":"636856034922684","enabled":true}],"messenger_chat":{"enabled":true,"domains":["https:\/\/www.okpsdoor.com\/"],"default_locale":"en_US"},"messenger_chats":[{"feature_instance_id":"1644794592633150","enabled":true,"domains":["https:\/\/www.okpsdoor.com\/"],"default_locale":"en_US"}],"messenger_menu":{"enabled":false},"page_card":{"enabled":false},"page_cta":{"enabled":false},"page_post":{"enabled":false},"page_shop":{"enabled":false},"pixels":[{"feature_instance_id":"7027469227280260","enabled":true},{"enabled":false}],"thread_intent":{"enabled":false}}

11-12-2023 @ 08:45:14 - Request
method: GET
uri: https://graph.facebook.com/v16.0/fbe_business?fbe_external_business_id=okpsdoor-6454b365f14df
user-agent: Facebook-for-WooCommerce/3.0.23 (WooCommerce/7.7.2; WordPress/6.4.1)
body:
duration: 0.59996s

11-12-2023 @ 08:45:14 - Response
code: 200
message: OK
body: {"business":{"name":"Okps Door"},"ads":[{"feature_instance_id":"1653664188416318","enabled":true}],"catalogs":[{"feature_instance_id":"925632232095199","enabled":true}],"catalog_feed_scheduled":{"enabled":false},"fb_shops":[{"enabled":false}],"ig_cta":{"enabled":false},"ig_shopping":{"enabled":true},"ig_shoppings":[{"feature_instance_id":"636856034922684","enabled":true}],"messenger_chat":{"enabled":true,"domains":["https:\/\/www.okpsdoor.com\/"],"default_locale":"en_US"},"messenger_chats":[{"feature_instance_id":"1644794592633150","enabled":true,"domains":["https:\/\/www.okpsdoor.com\/"],"default_locale":"en_US"}],"messenger_menu":{"enabled":false},"page_card":{"enabled":false},"page_cta":{"enabled":false},"page_post":{"enabled":false},"page_shop":{"enabled":false},"pixels":[{"feature_instance_id":"7027469227280260","enabled":true},{"enabled":false}],"thread_intent":{"enabled":false}}

11-12-2023 @ 08:52:08 - Request
method: GET
uri: https://graph.facebook.com/v16.0/fbe_business?fbe_external_business_id=okpsdoor-6454b365f14df
user-agent: Facebook-for-WooCommerce/3.0.23 (WooCommerce/7.7.2; WordPress/6.4.1)
body:
duration: 0.43645s

11-12-2023 @ 08:52:08 - Response
code: 200
message: OK
body: {"business":{"name":"Okps Door"},"ads":[{"feature_instance_id":"1653664188416318","enabled":true}],"catalogs":[{"feature_instance_id":"925632232095199","enabled":true}],"catalog_feed_scheduled":{"enabled":false},"fb_shops":[{"enabled":false}],"ig_cta":{"enabled":false},"ig_shopping":{"enabled":true},"ig_shoppings":[{"feature_instance_id":"636856034922684","enabled":true}],"messenger_chat":{"enabled":true,"domains":["https:\/\/www.okpsdoor.com\/"],"default_locale":"en_US"},"messenger_chats":[{"feature_instance_id":"1644794592633150","enabled":true,"domains":["https:\/\/www.okpsdoor.com\/"],"default_locale":"en_US"}],"messenger_menu":{"enabled":false},"page_card":{"enabled":false},"page_cta":{"enabled":false},"page_post":{"enabled":false},"page_shop":{"enabled":false},"pixels":[{"feature_instance_id":"7027469227280260","enabled":true},{"enabled":false}],"thread_intent":{"enabled":false}}

11-12-2023 @ 09:10:23 - Request
method: POST
uri: https://graph.facebook.com/v16.0/1311088993098283/events
user-agent: Facebook-for-WooCommerce/3.0.23 (WooCommerce/7.7.2; WordPress/6.4.1)
body: {"data":[{"action_source":"website","event_time":1699773022,"event_id":"8eafb7c6-4099-4e30-9a25-b503f5554c2e","event_source_url":"https:\/\/www.okpsdoor.com\/product\/jhon-vladimir\/?noamp=mobile","custom_data":{"content_name":"Jhon Vladimir","content_ids":"[\"$18\\\/m\\u00b2_2901\"]","content_type":"product","contents":"[{\"id\":\"$18\\\/m\\u00b2_2901\",\"quantity\":1}]","content_category":"Popular","value":0,"currency":"USD"},"user_data":{"client_ip_address":"47.128.60.135","client_user_agent":"Mozilla\/5.0 (compatible; Bytespider; spider-feedback@bytedance.com) AppleWebKit\/537.36 (KHTML, like Gecko) Chrome\/70.0.0.0 Safari\/537.36","fbc":"","fbp":""},"event_name":"ViewContent"}],"partner_agent":"woocommerce-7.7.2-3.0.23"}
duration: 0.32446s

11-12-2023 @ 09:10:23 - Response
code: 200
message: OK
body: {"events_received":1,"messages":[],"fbtrace_id":"AW1FbVQ055YeBG5u6I7m8_k"}

11-12-2023 @ 10:04:37 - Request
method: GET
uri: https://graph.facebook.com/v16.0/1668026370292586/product_feeds
user-agent: Facebook-for-WooCommerce/3.0.23 (WooCommerce/7.7.2; WordPress/6.4.1)
body:
duration: 0.45794s

11-12-2023 @ 10:04:37 - Response
code: 200
message: OK
body: {"data":[{"id":"1190280915023372","file_name":"Okps Door - Catalogue - Fil d\u2019actualit\u00e9","name":"Okps Door - Catalogue - Fil d\u2019actualit\u00e9"}],"paging":{"cursors":{"before":"QVFIUnhHSmRUQk8zWlVJdWxpTzM3cDJWcDBsendLN1otRDBCV18wbTlMX3RfVVRBSlVIRVNJSUp2SE42R1hJVmszTW9OV3BYSXpPZAUl2Y3djSTJJcURKRWdR","after":"QVFIUnhHSmRUQk8zWlVJdWxpTzM3cDJWcDBsendLN1otRDBCV18wbTlMX3RfVVRBSlVIRVNJSUp2SE42R1hJVmszTW9OV3BYSXpPZAUl2Y3djSTJJcURKRWdR"}}}

11-12-2023 @ 10:04:37 - Request
method: GET
uri: https://graph.facebook.com/v16.0/1190280915023372/?fields=created_time,latest_upload,product_count,schedule,update_schedule
user-agent: Facebook-for-WooCommerce/3.0.23 (WooCommerce/7.7.2; WordPress/6.4.1)
body:
duration: 0.45821s

11-12-2023 @ 10:04:37 - Response
code: 200
message: OK
body: {"created_time":"2023-05-05T07:48:28+0000","product_count":0,"id":"1190280915023372"}

11-12-2023 @ 10:04:38 - Request
method: GET
uri: https://graph.facebook.com/v16.0/fbe_business/fbe_installs?fbe_external_business_id=okpsdoor-6454b365f14df
user-agent: Facebook-for-WooCommerce/3.0.23 (WooCommerce/7.7.2; WordPress/6.4.1)
body:
duration: 0.87598s

11-12-2023 @ 10:04:38 - Response
code: 200
message: OK
body: {"data":[{"business_manager_id":"543747223972335","commerce_merchant_settings_id":"250740394101322","onsite_eligible":false,"pixel_id":"1311088993098283","profiles":["106325218977906","17841454389513479"],"ad_account_id":"783785203099424","catalog_id":"1668026370292586","pages":["106325218977906"],"instagram_profiles":["17841454389513479"],"ig_shop":{"status":"NOT_ELIGIBLE","reasons":[{"code":"UNKNOWN","message":"Your account is not eligible for Instagram Shopping at this time."}]},"token_type":"User","installed_features":[{"feature_instance_id":"7027469227280260","feature_type":"pixel","connected_assets":{"ad_account_id":"783785203099424","ig_profile_id":"17841454389513479","page_id":"106325218977906","pixel_id":"1311088993098283"},"additional_info":{"onsite_eligible":false,"pixel_is_consolidated_container":true}},{"feature_instance_id":"1653664188416318","feature_type":"ads","connected_assets":{"ad_account_id":"783785203099424","catalog_id":"1668026370292586","ig_profile_id":"17841454389513479","page_id":"106325218977906","pixel_id":"1311088993098283"},"additional_info":{"onsite_eligible":false,"pixel_is_consolidated_container":true}},{"feature_instance_id":"925632232095199","feature_type":"catalog","connected_assets":{"ad_account_id":"783785203099424","catalog_id":"1668026370292586","ig_profile_id":"17841454389513479","page_id":"106325218977906","pixel_id":"1311088993098283"},"additional_info":{"onsite_eligible":false,"pixel_is_consolidated_container":true}},{"feature_instance_id":"636856034922684","feature_type":"ig_shopping","connected_assets":{"catalog_id":"1668026370292586","commerce_merchant_settings_id":"250740394101322","ig_profile_id":"17841454389513479","page_id":"106325218977906"},"additional_info":{"onsite_eligible":false}},{"feature_instance_id":"1644794592633150","feature_type":"messenger_chat","connected_assets":{"ig_profile_id":"17841454389513479","page_id":"106325218977906"},"additional_info":{"onsite_eligible":false}}]}]}

11-12-2023 @ 10:04:38 - Retrieving page access token
11-12-2023 @ 10:04:39 - Request
method: GET
uri: https://graph.facebook.com/v16.0/fbe_business?fbe_external_business_id=okpsdoor-6454b365f14df
user-agent: Facebook-for-WooCommerce/3.0.23 (WooCommerce/7.7.2; WordPress/6.4.1)
body:
duration: 0.35313s

11-12-2023 @ 10:04:39 - Response
code: 200
message: OK
body: {"business":{"name":"Okps Door"},"ads":[{"feature_instance_id":"1653664188416318","enabled":true}],"catalogs":[{"feature_instance_id":"925632232095199","enabled":true}],"catalog_feed_scheduled":{"enabled":false},"fb_shops":[{"enabled":false}],"ig_cta":{"enabled":false},"ig_shopping":{"enabled":true},"ig_shoppings":[{"feature_instance_id":"636856034922684","enabled":true}],"messenger_chat":{"enabled":true,"domains":["https:\/\/www.okpsdoor.com\/"],"default_locale":"en_US"},"messenger_chats":[{"feature_instance_id":"1644794592633150","enabled":true,"domains":["https:\/\/www.okpsdoor.com\/"],"default_locale":"en_US"}],"messenger_menu":{"enabled":false},"page_card":{"enabled":false},"page_cta":{"enabled":false},"page_post":{"enabled":false},"page_shop":{"enabled":false},"pixels":[{"feature_instance_id":"7027469227280260","enabled":true},{"enabled":false}],"thread_intent":{"enabled":false}}

11-12-2023 @ 10:24:26 - Request
method: POST
uri: https://graph.facebook.com/v16.0/1311088993098283/events
user-agent: Facebook-for-WooCommerce/3.0.23 (WooCommerce/7.7.2; WordPress/6.4.1)
body: {"data":[{"action_source":"website","event_time":1699777465,"event_id":"8b2dcc04-e261-42ae-9f4a-3c875ddae84b","event_source_url":"https:\/\/www.okpsdoor.com\/product\/l069-lacquered-mdf-door\/?noamp=mobile","custom_data":{"content_name":"L069 Lacquered MDF Door","content_ids":"[\"L069_3850\"]","content_type":"product","contents":"[{\"id\":\"L069_3850\",\"quantity\":1}]","content_category":"Lacquered MDF Doors","value":0,"currency":"USD"},"user_data":{"client_ip_address":"114.119.146.171","client_user_agent":"Mozilla\/5.0 (Linux; Android 7.0;) AppleWebKit\/537.36 (KHTML, like Gecko) Mobile Safari\/537.36 (compatible; PetalBot;+https:\/\/webmaster.petalsearch.com\/site\/petalbot)","fbc":"","fbp":""},"event_name":"ViewContent"}],"partner_agent":"woocommerce-7.7.2-3.0.23"}
duration: 0.26399s

11-12-2023 @ 10:24:26 - Response
code: 200
message: OK
body: {"events_received":1,"messages":[],"fbtrace_id":"An636gEFBM5A6Ul4ZtLBIGB"}

11-12-2023 @ 10:25:46 - Request
method: POST
uri: https://graph.facebook.com/v16.0/1311088993098283/events
user-agent: Facebook-for-WooCommerce/3.0.23 (WooCommerce/7.7.2; WordPress/6.4.1)
body: {"data":[{"action_source":"website","event_time":1699777545,"event_id":"13363a59-8e00-47f1-a67e-8df9dbc7c48e","event_source_url":"https:\/\/www.okpsdoor.com\/product\/l013-lacquered-mdf-door\/?noamp=mobile","custom_data":{"content_name":"L013 Lacquered MDF Door","content_ids":"[\"L001-13_3734\"]","content_type":"product","contents":"[{\"id\":\"L001-13_3734\",\"quantity\":1}]","content_category":"Lacquered MDF Doors","value":"1","currency":"USD"},"user_data":{"client_ip_address":"114.119.128.26","client_user_agent":"Mozilla\/5.0 (Linux; Android 7.0;) AppleWebKit\/537.36 (KHTML, like Gecko) Mobile Safari\/537.36 (compatible; PetalBot;+https:\/\/webmaster.petalsearch.com\/site\/petalbot)","fbc":"","fbp":""},"event_name":"ViewContent"}],"partner_agent":"woocommerce-7.7.2-3.0.23"}
duration: 0.26501s

11-12-2023 @ 10:25:46 - Response
code: 200
message: OK
body: {"events_received":1,"messages":[],"fbtrace_id":"AfDck6n96XZlxizgA-56NoB"}

11-12-2023 @ 11:36:10 - Request
method: GET
uri: https://graph.facebook.com/v16.0/fbe_business?fbe_external_business_id=okpsdoor-6454b365f14df
user-agent: Facebook-for-WooCommerce/3.0.23 (WooCommerce/7.7.2; WordPress/6.4.1)
body:
duration: 0.24271s

11-12-2023 @ 11:36:10 - Response
code: 200
message: OK
body: {"business":{"name":"Okps Door"},"ads":[{"feature_instance_id":"1653664188416318","enabled":true}],"catalogs":[{"feature_instance_id":"925632232095199","enabled":true}],"catalog_feed_scheduled":{"enabled":false},"fb_shops":[{"enabled":false}],"ig_cta":{"enabled":false},"ig_shopping":{"enabled":true},"ig_shoppings":[{"feature_instance_id":"636856034922684","enabled":true}],"messenger_chat":{"enabled":true,"domains":["https:\/\/www.okpsdoor.com\/"],"default_locale":"en_US"},"messenger_chats":[{"feature_instance_id":"1644794592633150","enabled":true,"domains":["https:\/\/www.okpsdoor.com\/"],"default_locale":"en_US"}],"messenger_menu":{"enabled":false},"page_card":{"enabled":false},"page_cta":{"enabled":false},"page_post":{"enabled":false},"page_shop":{"enabled":false},"pixels":[{"feature_instance_id":"7027469227280260","enabled":true},{"enabled":false}],"thread_intent":{"enabled":false}}

11-12-2023 @ 11:39:20 - Request
method: POST
uri: https://graph.facebook.com/v16.0/1311088993098283/events
user-agent: Facebook-for-WooCommerce/3.0.23 (WooCommerce/7.7.2; WordPress/6.4.1)
body: {"data":[{"action_source":"website","event_time":1699781959,"event_id":"1dd0f67f-e134-41fb-b7ea-f476cf31caf4","event_source_url":"https:\/\/www.okpsdoor.com\/product\/l009-lacquered-mdf-door\/?noamp=mobile","custom_data":{"content_name":"L009 Lacquered MDF Door","content_ids":"[\"L001-9_3730\"]","content_type":"product","contents":"[{\"id\":\"L001-9_3730\",\"quantity\":1}]","content_category":"Lacquered MDF Doors","value":"1","currency":"USD"},"user_data":{"client_ip_address":"114.119.133.78","client_user_agent":"Mozilla\/5.0 (Linux; Android 7.0;) AppleWebKit\/537.36 (KHTML, like Gecko) Mobile Safari\/537.36 (compatible; PetalBot;+https:\/\/webmaster.petalsearch.com\/site\/petalbot)","fbc":"","fbp":""},"event_name":"ViewContent"}],"partner_agent":"woocommerce-7.7.2-3.0.23"}
duration: 0.35426s

11-12-2023 @ 11:39:20 - Response
code: 200
message: OK
body: {"events_received":1,"messages":[],"fbtrace_id":"AvS9OrmZ-VyeGv3zDWNs6BJ"}

11-12-2023 @ 12:35:23 - Request
method: GET
uri: https://graph.facebook.com/v16.0/fbe_business?fbe_external_business_id=okpsdoor-6454b365f14df
user-agent: Facebook-for-WooCommerce/3.0.23 (WooCommerce/7.7.2; WordPress/6.4.1)
body:
duration: 0.44432s

11-12-2023 @ 12:35:23 - Response
code: 200
message: OK
body: {"business":{"name":"Okps Door"},"ads":[{"feature_instance_id":"1653664188416318","enabled":true}],"catalogs":[{"feature_instance_id":"925632232095199","enabled":true}],"catalog_feed_scheduled":{"enabled":false},"fb_shops":[{"enabled":false}],"ig_cta":{"enabled":false},"ig_shopping":{"enabled":true},"ig_shoppings":[{"feature_instance_id":"636856034922684","enabled":true}],"messenger_chat":{"enabled":true,"domains":["https:\/\/www.okpsdoor.com\/"],"default_locale":"en_US"},"messenger_chats":[{"feature_instance_id":"1644794592633150","enabled":true,"domains":["https:\/\/www.okpsdoor.com\/"],"default_locale":"en_US"}],"messenger_menu":{"enabled":false},"page_card":{"enabled":false},"page_cta":{"enabled":false},"page_post":{"enabled":false},"page_shop":{"enabled":false},"pixels":[{"feature_instance_id":"7027469227280260","enabled":true},{"enabled":false}],"thread_intent":{"enabled":false}}

11-12-2023 @ 13:06:20 - Request
method: GET
uri: https://graph.facebook.com/v16.0/fbe_business?fbe_external_business_id=okpsdoor-6454b365f14df
user-agent: Facebook-for-WooCommerce/3.0.23 (WooCommerce/7.7.2; WordPress/6.4.1)
body:
duration: 0.4086s

11-12-2023 @ 13:06:20 - Response
code: 200
message: OK
body: {"business":{"name":"Okps Door"},"ads":[{"feature_instance_id":"1653664188416318","enabled":true}],"catalogs":[{"feature_instance_id":"925632232095199","enabled":true}],"catalog_feed_scheduled":{"enabled":false},"fb_shops":[{"enabled":false}],"ig_cta":{"enabled":false},"ig_shopping":{"enabled":true},"ig_shoppings":[{"feature_instance_id":"636856034922684","enabled":true}],"messenger_chat":{"enabled":true,"domains":["https:\/\/www.okpsdoor.com\/"],"default_locale":"en_US"},"messenger_chats":[{"feature_instance_id":"1644794592633150","enabled":true,"domains":["https:\/\/www.okpsdoor.com\/"],"default_locale":"en_US"}],"messenger_menu":{"enabled":false},"page_card":{"enabled":false},"page_cta":{"enabled":false},"page_post":{"enabled":false},"page_shop":{"enabled":false},"pixels":[{"feature_instance_id":"7027469227280260","enabled":true},{"enabled":false}],"thread_intent":{"enabled":false}}

11-12-2023 @ 13:20:10 - Request
method: POST
uri: https://graph.facebook.com/v16.0/1311088993098283/events
user-agent: Facebook-for-WooCommerce/3.0.23 (WooCommerce/7.7.2; WordPress/6.4.1)
body: {"data":[{"action_source":"website","event_time":1699788010,"event_id":"ce5103ff-9ba3-421b-a8fd-51da9eeb3b51","event_source_url":"https:\/\/www.okpsdoor.com\/product\/p008-panel-door\/?noamp=mobile","custom_data":{"content_name":"P008 Panel Door","content_ids":"[\"P008_3946\"]","content_type":"product","contents":"[{\"id\":\"P008_3946\",\"quantity\":1}]","content_category":"Lacquered MDF Doors","value":0,"currency":"USD"},"user_data":{"client_ip_address":"114.119.161.177","client_user_agent":"Mozilla\/5.0 (Linux; Android 7.0;) AppleWebKit\/537.36 (KHTML, like Gecko) Mobile Safari\/537.36 (compatible; PetalBot;+https:\/\/webmaster.petalsearch.com\/site\/petalbot)","fbc":"","fbp":""},"event_name":"ViewContent"}],"partner_agent":"woocommerce-7.7.2-3.0.23"}
duration: 0.20021s

11-12-2023 @ 13:20:10 - Response
code: 200
message: OK
body: {"events_received":1,"messages":[],"fbtrace_id":"A5jwIHeyxg21KXPi6ocGODJ"}

11-12-2023 @ 13:44:58 - Request
method: GET
uri: https://graph.facebook.com/v16.0/fbe_business?fbe_external_business_id=okpsdoor-6454b365f14df
user-agent: Facebook-for-WooCommerce/3.0.23 (WooCommerce/7.7.2; WordPress/6.4.1)
body:
duration: 0.45031s

11-12-2023 @ 13:44:58 - Response
code: 200
message: OK
body: {"business":{"name":"Okps Door"},"ads":[{"feature_instance_id":"1653664188416318","enabled":true}],"catalogs":[{"feature_instance_id":"925632232095199","enabled":true}],"catalog_feed_scheduled":{"enabled":false},"fb_shops":[{"enabled":false}],"ig_cta":{"enabled":false},"ig_shopping":{"enabled":true},"ig_shoppings":[{"feature_instance_id":"636856034922684","enabled":true}],"messenger_chat":{"enabled":true,"domains":["https:\/\/www.okpsdoor.com\/"],"default_locale":"en_US"},"messenger_chats":[{"feature_instance_id":"1644794592633150","enabled":true,"domains":["https:\/\/www.okpsdoor.com\/"],"default_locale":"en_US"}],"messenger_menu":{"enabled":false},"page_card":{"enabled":false},"page_cta":{"enabled":false},"page_post":{"enabled":false},"page_shop":{"enabled":false},"pixels":[{"feature_instance_id":"7027469227280260","enabled":true},{"enabled":false}],"thread_intent":{"enabled":false}}

11-12-2023 @ 14:47:29 - Request
method: GET
uri: https://graph.facebook.com/v16.0/fbe_business?fbe_external_business_id=okpsdoor-6454b365f14df
user-agent: Facebook-for-WooCommerce/3.0.23 (WooCommerce/7.7.2; WordPress/6.4.1)
body:
duration: 0.37565s

11-12-2023 @ 14:47:29 - Response
code: 200
message: OK
body: {"business":{"name":"Okps Door"},"ads":[{"feature_instance_id":"1653664188416318","enabled":true}],"catalogs":[{"feature_instance_id":"925632232095199","enabled":true}],"catalog_feed_scheduled":{"enabled":false},"fb_shops":[{"enabled":false}],"ig_cta":{"enabled":false},"ig_shopping":{"enabled":true},"ig_shoppings":[{"feature_instance_id":"636856034922684","enabled":true}],"messenger_chat":{"enabled":true,"domains":["https:\/\/www.okpsdoor.com\/"],"default_locale":"en_US"},"messenger_chats":[{"feature_instance_id":"1644794592633150","enabled":true,"domains":["https:\/\/www.okpsdoor.com\/"],"default_locale":"en_US"}],"messenger_menu":{"enabled":false},"page_card":{"enabled":false},"page_cta":{"enabled":false},"page_post":{"enabled":false},"page_shop":{"enabled":false},"pixels":[{"feature_instance_id":"7027469227280260","enabled":true},{"enabled":false}],"thread_intent":{"enabled":false}}

11-12-2023 @ 16:07:09 - Request
method: GET
uri: https://graph.facebook.com/v16.0/fbe_business?fbe_external_business_id=okpsdoor-6454b365f14df
user-agent: Facebook-for-WooCommerce/3.0.23 (WooCommerce/7.7.2; WordPress/6.4.1)
body:
duration: 0.29774s

11-12-2023 @ 16:07:09 - Response
code: 200
message: OK
body: {"business":{"name":"Okps Door"},"ads":[{"feature_instance_id":"1653664188416318","enabled":true}],"catalogs":[{"feature_instance_id":"925632232095199","enabled":true}],"catalog_feed_scheduled":{"enabled":false},"fb_shops":[{"enabled":false}],"ig_cta":{"enabled":false},"ig_shopping":{"enabled":true},"ig_shoppings":[{"feature_instance_id":"636856034922684","enabled":true}],"messenger_chat":{"enabled":true,"domains":["https:\/\/www.okpsdoor.com\/"],"default_locale":"en_US"},"messenger_chats":[{"feature_instance_id":"1644794592633150","enabled":true,"domains":["https:\/\/www.okpsdoor.com\/"],"default_locale":"en_US"}],"messenger_menu":{"enabled":false},"page_card":{"enabled":false},"page_cta":{"enabled":false},"page_post":{"enabled":false},"page_shop":{"enabled":false},"pixels":[{"feature_instance_id":"7027469227280260","enabled":true},{"enabled":false}],"thread_intent":{"enabled":false}}

11-12-2023 @ 17:34:13 - Request
method: GET
uri: https://graph.facebook.com/v16.0/fbe_business?fbe_external_business_id=okpsdoor-6454b365f14df
user-agent: Facebook-for-WooCommerce/3.0.23 (WooCommerce/7.7.2; WordPress/6.4.1)
body:
duration: 0.27397s

11-12-2023 @ 17:34:13 - Response
code: 200
message: OK
body: {"business":{"name":"Okps Door"},"ads":[{"feature_instance_id":"1653664188416318","enabled":true}],"catalogs":[{"feature_instance_id":"925632232095199","enabled":true}],"catalog_feed_scheduled":{"enabled":false},"fb_shops":[{"enabled":false}],"ig_cta":{"enabled":false},"ig_shopping":{"enabled":true},"ig_shoppings":[{"feature_instance_id":"636856034922684","enabled":true}],"messenger_chat":{"enabled":true,"domains":["https:\/\/www.okpsdoor.com\/"],"default_locale":"en_US"},"messenger_chats":[{"feature_instance_id":"1644794592633150","enabled":true,"domains":["https:\/\/www.okpsdoor.com\/"],"default_locale":"en_US"}],"messenger_menu":{"enabled":false},"page_card":{"enabled":false},"page_cta":{"enabled":false},"page_post":{"enabled":false},"page_shop":{"enabled":false},"pixels":[{"feature_instance_id":"7027469227280260","enabled":true},{"enabled":false}],"thread_intent":{"enabled":false}}

11-12-2023 @ 17:46:34 - Request
method: POST
uri: https://graph.facebook.com/v16.0/1311088993098283/events
user-agent: Facebook-for-WooCommerce/3.0.23 (WooCommerce/7.7.2; WordPress/6.4.1)
body: {"data":[{"action_source":"website","event_time":1699803994,"event_id":"6032f751-a4f8-4e50-b1c6-5cf88daea11a","event_source_url":"https:\/\/www.okpsdoor.com\/product\/l005-lacquered-mdf-door\/?noamp=mobile","custom_data":{"content_name":"L005 Lacquered MDF Door","content_ids":"[\"L001-5_3726\"]","content_type":"product","contents":"[{\"id\":\"L001-5_3726\",\"quantity\":1}]","content_category":"Lacquered MDF Doors","value":"1","currency":"USD"},"user_data":{"client_ip_address":"47.128.31.119","client_user_agent":"Mozilla\/5.0 (compatible; Bytespider; spider-feedback@bytedance.com) AppleWebKit\/537.36 (KHTML, like Gecko) Chrome\/70.0.0.0 Safari\/537.36","fbc":"","fbp":""},"event_name":"ViewContent"}],"partner_agent":"woocommerce-7.7.2-3.0.23"}
duration: 0.0914s

11-12-2023 @ 17:46:34 - Response
code: 200
message: OK
body: {"events_received":1,"messages":[],"fbtrace_id":"A3ftYoZ88HpRBEzbB9jVFOB"}

11-12-2023 @ 18:13:09 - Request
method: GET
uri: https://graph.facebook.com/v16.0/fbe_business?fbe_external_business_id=okpsdoor-6454b365f14df
user-agent: Facebook-for-WooCommerce/3.0.23 (WooCommerce/7.7.2; WordPress/6.4.1)
body:
duration: 0.31988s

11-12-2023 @ 18:13:09 - Response
code: 200
message: OK
body: {"business":{"name":"Okps Door"},"ads":[{"feature_instance_id":"1653664188416318","enabled":true}],"catalogs":[{"feature_instance_id":"925632232095199","enabled":true}],"catalog_feed_scheduled":{"enabled":false},"fb_shops":[{"enabled":false}],"ig_cta":{"enabled":false},"ig_shopping":{"enabled":true},"ig_shoppings":[{"feature_instance_id":"636856034922684","enabled":true}],"messenger_chat":{"enabled":true,"domains":["https:\/\/www.okpsdoor.com\/"],"default_locale":"en_US"},"messenger_chats":[{"feature_instance_id":"1644794592633150","enabled":true,"domains":["https:\/\/www.okpsdoor.com\/"],"default_locale":"en_US"}],"messenger_menu":{"enabled":false},"page_card":{"enabled":false},"page_cta":{"enabled":false},"page_post":{"enabled":false},"page_shop":{"enabled":false},"pixels":[{"feature_instance_id":"7027469227280260","enabled":true},{"enabled":false}],"thread_intent":{"enabled":false}}

11-12-2023 @ 18:13:09 - Request
method: POST
uri: https://graph.facebook.com/v16.0/1311088993098283/events
user-agent: Facebook-for-WooCommerce/3.0.23 (WooCommerce/7.7.2; WordPress/6.4.1)
body: {"data":[{"action_source":"website","event_time":1699805588,"event_id":"4b12cee8-883d-40dd-b7dc-d936a790d044","event_source_url":"https:\/\/www.okpsdoor.com\/product\/ml010-melamine-door\/?noamp=mobile","custom_data":{"content_name":"ML010 Melamine Door","content_ids":"[\"ML010_3890\"]","content_type":"product","contents":"[{\"id\":\"ML010_3890\",\"quantity\":1}]","content_category":"Lacquered MDF Doors","value":0,"currency":"USD"},"user_data":{"client_ip_address":"114.119.151.126","client_user_agent":"Mozilla\/5.0 (Linux; Android 7.0;) AppleWebKit\/537.36 (KHTML, like Gecko) Mobile Safari\/537.36 (compatible; PetalBot;+https:\/\/webmaster.petalsearch.com\/site\/petalbot)","fbc":"","fbp":""},"event_name":"ViewContent"}],"partner_agent":"woocommerce-7.7.2-3.0.23"}
duration: 0.26045s

11-12-2023 @ 18:13:09 - Response
code: 200
message: OK
body: {"events_received":1,"messages":[],"fbtrace_id":"AHLMKL0H-6WZAN2TN6NXPmV"}

11-12-2023 @ 18:31:06 - Request
method: POST
uri: https://graph.facebook.com/v16.0/1311088993098283/events
user-agent: Facebook-for-WooCommerce/3.0.23 (WooCommerce/7.7.2; WordPress/6.4.1)
body: {"data":[{"action_source":"website","event_time":1699806666,"event_id":"ef80ff20-96e3-4f24-abaf-14106a7dfde9","event_source_url":"https:\/\/www.okpsdoor.com\/product\/l062-lacquered-mdf-door\/?noamp=mobile","custom_data":{"content_name":"L062 Lacquered MDF Door","content_ids":"[\"L062_3857\"]","content_type":"product","contents":"[{\"id\":\"L062_3857\",\"quantity\":1}]","content_category":"Lacquered MDF Doors","value":0,"currency":"USD"},"user_data":{"client_ip_address":"47.128.59.19","client_user_agent":"Mozilla\/5.0 (compatible; Bytespider; spider-feedback@bytedance.com) AppleWebKit\/537.36 (KHTML, like Gecko) Chrome\/70.0.0.0 Safari\/537.36","fbc":"","fbp":""},"event_name":"ViewContent"}],"partner_agent":"woocommerce-7.7.2-3.0.23"}
duration: 0.26889s

11-12-2023 @ 18:31:06 - Response
code: 200
message: OK
body: {"events_received":1,"messages":[],"fbtrace_id":"AMriCgr7vCAxqRu4g3kd8YO"}

11-12-2023 @ 18:32:42 - Request
method: POST
uri: https://graph.facebook.com/v16.0/1311088993098283/events
user-agent: Facebook-for-WooCommerce/3.0.23 (WooCommerce/7.7.2; WordPress/6.4.1)
body: {"data":[{"action_source":"website","event_time":1699806762,"event_id":"ae2c1018-4a21-4e79-89ec-01522577dac3","event_source_url":"https:\/\/www.okpsdoor.com\/product\/jhon-doe-copy\/?noamp=mobile","custom_data":{"content_name":"L001 Lacquered MDF Door","content_ids":"[\"L001_3124\"]","content_type":"product","contents":"[{\"id\":\"L001_3124\",\"quantity\":1}]","content_category":"Lacquered MDF Doors","value":0,"currency":"USD"},"user_data":{"client_ip_address":"47.128.60.130","client_user_agent":"Mozilla\/5.0 (compatible; Bytespider; spider-feedback@bytedance.com) AppleWebKit\/537.36 (KHTML, like Gecko) Chrome\/70.0.0.0 Safari\/537.36","fbc":"","fbp":""},"event_name":"ViewContent"}],"partner_agent":"woocommerce-7.7.2-3.0.23"}
duration: 0.28052s

11-12-2023 @ 18:32:42 - Response
code: 200
message: OK
body: {"events_received":1,"messages":[],"fbtrace_id":"A4_YFMLWPPCdf2JePYfQSn5"}

11-12-2023 @ 19:02:12 - Request
method: GET
uri: https://graph.facebook.com/v16.0/fbe_business?fbe_external_business_id=okpsdoor-6454b365f14df
user-agent: Facebook-for-WooCommerce/3.0.23 (WooCommerce/7.7.2; WordPress/6.4.1)
body:
duration: 0.18631s

11-12-2023 @ 19:02:12 - Response
code: 200
message: OK
body: {"business":{"name":"Okps Door"},"ads":[{"feature_instance_id":"1653664188416318","enabled":true}],"catalogs":[{"feature_instance_id":"925632232095199","enabled":true}],"catalog_feed_scheduled":{"enabled":false},"fb_shops":[{"enabled":false}],"ig_cta":{"enabled":false},"ig_shopping":{"enabled":true},"ig_shoppings":[{"feature_instance_id":"636856034922684","enabled":true}],"messenger_chat":{"enabled":true,"domains":["https:\/\/www.okpsdoor.com\/"],"default_locale":"en_US"},"messenger_chats":[{"feature_instance_id":"1644794592633150","enabled":true,"domains":["https:\/\/www.okpsdoor.com\/"],"default_locale":"en_US"}],"messenger_menu":{"enabled":false},"page_card":{"enabled":false},"page_cta":{"enabled":false},"page_post":{"enabled":false},"page_shop":{"enabled":false},"pixels":[{"feature_instance_id":"7027469227280260","enabled":true},{"enabled":false}],"thread_intent":{"enabled":false}}

11-12-2023 @ 19:45:47 - Request
method: POST
uri: https://graph.facebook.com/v16.0/1311088993098283/events
user-agent: Facebook-for-WooCommerce/3.0.23 (WooCommerce/7.7.2; WordPress/6.4.1)
body: {"data":[{"action_source":"website","event_time":1699811147,"event_id":"bf13b6ae-707c-4019-8019-0e9c8fd91767","event_source_url":"https:\/\/www.okpsdoor.com\/product\/l058-lacquered-mdf-door\/?noamp=mobile","custom_data":{"content_name":"L058 Lacquered MDF Door","content_ids":"[\"L058_3860\"]","content_type":"product","contents":"[{\"id\":\"L058_3860\",\"quantity\":1}]","content_category":"Lacquered MDF Doors","value":0,"currency":"USD"},"user_data":{"client_ip_address":"47.128.17.99","client_user_agent":"Mozilla\/5.0 (compatible; Bytespider; spider-feedback@bytedance.com) AppleWebKit\/537.36 (KHTML, like Gecko) Chrome\/70.0.0.0 Safari\/537.36","fbc":"","fbp":""},"event_name":"ViewContent"}],"partner_agent":"woocommerce-7.7.2-3.0.23"}
duration: 0.33147s

11-12-2023 @ 19:45:47 - Response
code: 200
message: OK
body: {"events_received":1,"messages":[],"fbtrace_id":"A-baIK3ixA_S-s_0qN5OchG"}

11-12-2023 @ 19:46:36 - Request
method: POST
uri: https://graph.facebook.com/v16.0/1311088993098283/events
user-agent: Facebook-for-WooCommerce/3.0.23 (WooCommerce/7.7.2; WordPress/6.4.1)
body: {"data":[{"action_source":"website","event_time":1699811195,"event_id":"18c42a0b-8f6a-43dd-b8fe-334a6f6ab6e2","event_source_url":"https:\/\/www.okpsdoor.com\/product\/l049-lacquered-mdf-door\/?noamp=mobile","custom_data":{"content_name":"L049 Lacquered MDF Door","content_ids":"[\"L001-18-18_3781\"]","content_type":"product","contents":"[{\"id\":\"L001-18-18_3781\",\"quantity\":1}]","content_category":"Lacquered MDF Doors","value":"1","currency":"USD"},"user_data":{"client_ip_address":"47.128.29.46","client_user_agent":"Mozilla\/5.0 (compatible; Bytespider; spider-feedback@bytedance.com) AppleWebKit\/537.36 (KHTML, like Gecko) Chrome\/70.0.0.0 Safari\/537.36","fbc":"","fbp":""},"event_name":"ViewContent"}],"partner_agent":"woocommerce-7.7.2-3.0.23"}
duration: 0.27104s

11-12-2023 @ 19:46:36 - Response
code: 200
message: OK
body: {"events_received":1,"messages":[],"fbtrace_id":"AteSEShSoBMiFrXR5qEPwyn"}

11-12-2023 @ 19:47:19 - Request
method: POST
uri: https://graph.facebook.com/v16.0/1311088993098283/events
user-agent: Facebook-for-WooCommerce/3.0.23 (WooCommerce/7.7.2; WordPress/6.4.1)
body: {"data":[{"action_source":"website","event_time":1699811239,"event_id":"4b5f8d1c-d4c3-4a5a-8024-9bb8f3d50943","event_source_url":"https:\/\/www.okpsdoor.com\/product\/l026-lacquered-mdf-door\/?noamp=mobile","custom_data":{"content_name":"L026 Lacquered MDF Door","content_ids":"[\"L001-18-7_3770\"]","content_type":"product","contents":"[{\"id\":\"L001-18-7_3770\",\"quantity\":1}]","content_category":"Lacquered MDF Doors","value":"1","currency":"USD"},"user_data":{"client_ip_address":"47.128.29.170","client_user_agent":"Mozilla\/5.0 (compatible; Bytespider; spider-feedback@bytedance.com) AppleWebKit\/537.36 (KHTML, like Gecko) Chrome\/70.0.0.0 Safari\/537.36","fbc":"","fbp":""},"event_name":"ViewContent"}],"partner_agent":"woocommerce-7.7.2-3.0.23"}
duration: 0.26818s

11-12-2023 @ 19:47:19 - Response
code: 200
message: OK
body: {"events_received":1,"messages":[],"fbtrace_id":"Al8xgZwztZ75FxZhDihPLra"}

11-12-2023 @ 20:05:21 - Request
method: GET
uri: https://graph.facebook.com/v16.0/fbe_business?fbe_external_business_id=okpsdoor-6454b365f14df
user-agent: Facebook-for-WooCommerce/3.0.23 (WooCommerce/7.7.2; WordPress/6.4.1)
body:
duration: 0.40743s

11-12-2023 @ 20:05:21 - Response
code: 200
message: OK
body: {"business":{"name":"Okps Door"},"ads":[{"feature_instance_id":"1653664188416318","enabled":true}],"catalogs":[{"feature_instance_id":"925632232095199","enabled":true}],"catalog_feed_scheduled":{"enabled":false},"fb_shops":[{"enabled":false}],"ig_cta":{"enabled":false},"ig_shopping":{"enabled":true},"ig_shoppings":[{"feature_instance_id":"636856034922684","enabled":true}],"messenger_chat":{"enabled":true,"domains":["https:\/\/www.okpsdoor.com\/"],"default_locale":"en_US"},"messenger_chats":[{"feature_instance_id":"1644794592633150","enabled":true,"domains":["https:\/\/www.okpsdoor.com\/"],"default_locale":"en_US"}],"messenger_menu":{"enabled":false},"page_card":{"enabled":false},"page_cta":{"enabled":false},"page_post":{"enabled":false},"page_shop":{"enabled":false},"pixels":[{"feature_instance_id":"7027469227280260","enabled":true},{"enabled":false}],"thread_intent":{"enabled":false}}

11-12-2023 @ 20:10:41 - Request
method: POST
uri: https://graph.facebook.com/v16.0/1311088993098283/events
user-agent: Facebook-for-WooCommerce/3.0.23 (WooCommerce/7.7.2; WordPress/6.4.1)
body: {"data":[{"action_source":"website","event_time":1699812641,"event_id":"944a71dd-a175-4319-a6fc-4d04bcec8894","event_source_url":"https:\/\/www.okpsdoor.com\/product\/l070-lacquered-mdf-door\/?noamp=mobile","custom_data":{"content_name":"L070 Lacquered MDF Door","content_ids":"[\"L070_3849\"]","content_type":"product","contents":"[{\"id\":\"L070_3849\",\"quantity\":1}]","content_category":"Lacquered MDF Doors","value":0,"currency":"USD"},"user_data":{"client_ip_address":"47.128.35.171","client_user_agent":"Mozilla\/5.0 (compatible; Bytespider; spider-feedback@bytedance.com) AppleWebKit\/537.36 (KHTML, like Gecko) Chrome\/70.0.0.0 Safari\/537.36","fbc":"","fbp":""},"event_name":"ViewContent"}],"partner_agent":"woocommerce-7.7.2-3.0.23"}
duration: 0.26329s

11-12-2023 @ 20:10:41 - Response
code: 200
message: OK
body: {"events_received":1,"messages":[],"fbtrace_id":"AKbS3l7fWyq-3PqddlBAaUS"}

11-12-2023 @ 20:11:04 - Request
method: POST
uri: https://graph.facebook.com/v16.0/1311088993098283/events
user-agent: Facebook-for-WooCommerce/3.0.23 (WooCommerce/7.7.2; WordPress/6.4.1)
body: {"data":[{"action_source":"website","event_time":1699812664,"event_id":"d2b46386-180f-4f31-843e-29dc34be7902","event_source_url":"https:\/\/www.okpsdoor.com\/product\/l027-lacquered-mdf-door\/?noamp=mobile","custom_data":{"content_name":"L027 Lacquered MDF Door","content_ids":"[\"L001-18-8_3771\"]","content_type":"product","contents":"[{\"id\":\"L001-18-8_3771\",\"quantity\":1}]","content_category":"Lacquered MDF Doors","value":"1","currency":"USD"},"user_data":{"client_ip_address":"47.128.35.135","client_user_agent":"Mozilla\/5.0 (compatible; Bytespider; spider-feedback@bytedance.com) AppleWebKit\/537.36 (KHTML, like Gecko) Chrome\/70.0.0.0 Safari\/537.36","fbc":"","fbp":""},"event_name":"ViewContent"}],"partner_agent":"woocommerce-7.7.2-3.0.23"}
duration: 0.25737s

11-12-2023 @ 20:11:04 - Response
code: 200
message: OK
body: {"events_received":1,"messages":[],"fbtrace_id":"AanIMk41y_DupmJWWZWG1Td"}

11-12-2023 @ 20:28:43 - Request
method: POST
uri: https://graph.facebook.com/v16.0/1311088993098283/events
user-agent: Facebook-for-WooCommerce/3.0.23 (WooCommerce/7.7.2; WordPress/6.4.1)
body: {"data":[{"action_source":"website","event_time":1699813723,"event_id":"a6f8402c-5e8c-44bb-baac-a068a0431047","event_source_url":"https:\/\/www.okpsdoor.com\/product\/l074-lacquered-mdf-door\/?noamp=mobile","custom_data":{"content_name":"L074 Lacquered MDF Door","content_ids":"[\"L001-18-19-2-5_3845\"]","content_type":"product","contents":"[{\"id\":\"L001-18-19-2-5_3845\",\"quantity\":1}]","content_category":"Lacquered MDF Doors","value":0,"currency":"USD"},"user_data":{"client_ip_address":"114.119.141.27","client_user_agent":"Mozilla\/5.0 (Linux; Android 7.0;) AppleWebKit\/537.36 (KHTML, like Gecko) Mobile Safari\/537.36 (compatible; PetalBot;+https:\/\/webmaster.petalsearch.com\/site\/petalbot)","fbc":"","fbp":""},"event_name":"ViewContent"}],"partner_agent":"woocommerce-7.7.2-3.0.23"}
duration: 0.27215s

11-12-2023 @ 20:28:43 - Response
code: 200
message: OK
body: {"events_received":1,"messages":[],"fbtrace_id":"AuS1eC1lvtfWZYtvUhe4quD"}

11-12-2023 @ 20:56:05 - Request
method: GET
uri: https://graph.facebook.com/v16.0/fbe_business?fbe_external_business_id=okpsdoor-6454b365f14df
user-agent: Facebook-for-WooCommerce/3.0.23 (WooCommerce/7.7.2; WordPress/6.4.1)
body:
duration: 0.32181s

11-12-2023 @ 20:56:05 - Response
code: 200
message: OK
body: {"business":{"name":"Okps Door"},"ads":[{"feature_instance_id":"1653664188416318","enabled":true}],"catalogs":[{"feature_instance_id":"925632232095199","enabled":true}],"catalog_feed_scheduled":{"enabled":false},"fb_shops":[{"enabled":false}],"ig_cta":{"enabled":false},"ig_shopping":{"enabled":true},"ig_shoppings":[{"feature_instance_id":"636856034922684","enabled":true}],"messenger_chat":{"enabled":true,"domains":["https:\/\/www.okpsdoor.com\/"],"default_locale":"en_US"},"messenger_chats":[{"feature_instance_id":"1644794592633150","enabled":true,"domains":["https:\/\/www.okpsdoor.com\/"],"default_locale":"en_US"}],"messenger_menu":{"enabled":false},"page_card":{"enabled":false},"page_cta":{"enabled":false},"page_post":{"enabled":false},"page_shop":{"enabled":false},"pixels":[{"feature_instance_id":"7027469227280260","enabled":true},{"enabled":false}],"thread_intent":{"enabled":false}}

11-12-2023 @ 21:21:13 - Request
method: POST
uri: https://graph.facebook.com/v16.0/1311088993098283/events
user-agent: Facebook-for-WooCommerce/3.0.23 (WooCommerce/7.7.2; WordPress/6.4.1)
body: {"data":[{"action_source":"website","event_time":1699816872,"event_id":"f494cbff-9d9d-4f23-a655-3926eaa31ab0","event_source_url":"https:\/\/www.okpsdoor.com\/product\/l067-lacquered-mdf-door\/?noamp=mobile","custom_data":{"content_name":"L067 Lacquered MDF Door","content_ids":"[\"L067_3852\"]","content_type":"product","contents":"[{\"id\":\"L067_3852\",\"quantity\":1}]","content_category":"Lacquered MDF Doors","value":0,"currency":"USD"},"user_data":{"client_ip_address":"47.128.63.101","client_user_agent":"Mozilla\/5.0 (compatible; Bytespider; spider-feedback@bytedance.com) AppleWebKit\/537.36 (KHTML, like Gecko) Chrome\/70.0.0.0 Safari\/537.36","fbc":"","fbp":""},"event_name":"ViewContent"}],"partner_agent":"woocommerce-7.7.2-3.0.23"}
duration: 0.1195s

11-12-2023 @ 21:21:13 - Response
code: 200
message: OK
body: {"events_received":1,"messages":[],"fbtrace_id":"Aon8798NU61jjO_Xg-AsUSn"}

11-12-2023 @ 21:21:34 - Request
method: POST
uri: https://graph.facebook.com/v16.0/1311088993098283/events
user-agent: Facebook-for-WooCommerce/3.0.23 (WooCommerce/7.7.2; WordPress/6.4.1)
body: {"data":[{"action_source":"website","event_time":1699816894,"event_id":"1e4737cc-7fc9-4100-896b-714619de08c8","event_source_url":"https:\/\/www.okpsdoor.com\/product\/p007-panel-door\/?noamp=mobile","custom_data":{"content_name":"P007 Panel Door","content_ids":"[\"P007_3947\"]","content_type":"product","contents":"[{\"id\":\"P007_3947\",\"quantity\":1}]","content_category":"Lacquered MDF Doors","value":0,"currency":"USD"},"user_data":{"client_ip_address":"47.128.63.138","client_user_agent":"Mozilla\/5.0 (compatible; Bytespider; spider-feedback@bytedance.com) AppleWebKit\/537.36 (KHTML, like Gecko) Chrome\/70.0.0.0 Safari\/537.36","fbc":"","fbp":""},"event_name":"ViewContent"}],"partner_agent":"woocommerce-7.7.2-3.0.23"}
duration: 0.28768s

11-12-2023 @ 21:21:34 - Response
code: 200
message: OK
body: {"events_received":1,"messages":[],"fbtrace_id":"AWO-dQVQhR5xH77kgBlhZ61"}

11-12-2023 @ 21:21:55 - Request
method: POST
uri: https://graph.facebook.com/v16.0/1311088993098283/events
user-agent: Facebook-for-WooCommerce/3.0.23 (WooCommerce/7.7.2; WordPress/6.4.1)
body: {"data":[{"action_source":"website","event_time":1699816915,"event_id":"289c08c1-7f60-4bc0-add8-3029136e8712","event_source_url":"https:\/\/www.okpsdoor.com\/product\/l008-lacquered-mdf-door\/?noamp=mobile","custom_data":{"content_name":"L008 Lacquered MDF Door","content_ids":"[\"L001-8_3729\"]","content_type":"product","contents":"[{\"id\":\"L001-8_3729\",\"quantity\":1}]","content_category":"Lacquered MDF Doors","value":"1","currency":"USD"},"user_data":{"client_ip_address":"47.128.58.62","client_user_agent":"Mozilla\/5.0 (compatible; Bytespider; spider-feedback@bytedance.com) AppleWebKit\/537.36 (KHTML, like Gecko) Chrome\/70.0.0.0 Safari\/537.36","fbc":"","fbp":""},"event_name":"ViewContent"}],"partner_agent":"woocommerce-7.7.2-3.0.23"}
duration: 0.26149s

11-12-2023 @ 21:21:55 - Response
code: 200
message: OK
body: {"events_received":1,"messages":[],"fbtrace_id":"AGzig-FOzyvFnAi_m9FJr0W"}

11-12-2023 @ 21:22:23 - Request
method: POST
uri: https://graph.facebook.com/v16.0/1311088993098283/events
user-agent: Facebook-for-WooCommerce/3.0.23 (WooCommerce/7.7.2; WordPress/6.4.1)
body: {"data":[{"action_source":"website","event_time":1699816942,"event_id":"3eeb4404-f3a0-4107-9a72-3e6cd986b60a","event_source_url":"https:\/\/www.okpsdoor.com\/product\/pvc002-pvc-door\/?noamp=mobile","custom_data":{"content_name":"PVC002 PVC Door","content_ids":"[\"PVC002_3989\"]","content_type":"product","contents":"[{\"id\":\"PVC002_3989\",\"quantity\":1}]","content_category":"PVC Doors","value":0,"currency":"USD"},"user_data":{"client_ip_address":"47.128.53.254","client_user_agent":"Mozilla\/5.0 (compatible; Bytespider; spider-feedback@bytedance.com) AppleWebKit\/537.36 (KHTML, like Gecko) Chrome\/70.0.0.0 Safari\/537.36","fbc":"","fbp":""},"event_name":"ViewContent"}],"partner_agent":"woocommerce-7.7.2-3.0.23"}
duration: 0.26374s

11-12-2023 @ 21:22:23 - Response
code: 200
message: OK
body: {"events_received":1,"messages":[],"fbtrace_id":"AcwvV48tYzCRjfiQQ_n7WQm"}

11-12-2023 @ 21:58:22 - Request
method: GET
uri: https://graph.facebook.com/v16.0/fbe_business?fbe_external_business_id=okpsdoor-6454b365f14df
user-agent: Facebook-for-WooCommerce/3.0.23 (WooCommerce/7.7.2; WordPress/6.4.1)
body:
duration: 0.46353s

11-12-2023 @ 21:58:22 - Response
code: 200
message: OK
body: {"business":{"name":"Okps Door"},"ads":[{"feature_instance_id":"1653664188416318","enabled":true}],"catalogs":[{"feature_instance_id":"925632232095199","enabled":true}],"catalog_feed_scheduled":{"enabled":false},"fb_shops":[{"enabled":false}],"ig_cta":{"enabled":false},"ig_shopping":{"enabled":true},"ig_shoppings":[{"feature_instance_id":"636856034922684","enabled":true}],"messenger_chat":{"enabled":true,"domains":["https:\/\/www.okpsdoor.com\/"],"default_locale":"en_US"},"messenger_chats":[{"feature_instance_id":"1644794592633150","enabled":true,"domains":["https:\/\/www.okpsdoor.com\/"],"default_locale":"en_US"}],"messenger_menu":{"enabled":false},"page_card":{"enabled":false},"page_cta":{"enabled":false},"page_post":{"enabled":false},"page_shop":{"enabled":false},"pixels":[{"feature_instance_id":"7027469227280260","enabled":true},{"enabled":false}],"thread_intent":{"enabled":false}}

11-12-2023 @ 21:59:44 - Request
method: POST
uri: https://graph.facebook.com/v16.0/1311088993098283/events
user-agent: Facebook-for-WooCommerce/3.0.23 (WooCommerce/7.7.2; WordPress/6.4.1)
body: {"data":[{"action_source":"website","event_time":1699819184,"event_id":"58f8d118-2f88-458e-a0b7-0f164da95874","event_source_url":"https:\/\/www.okpsdoor.com\/product\/l044-lacquered-mdf-door\/?noamp=mobile","custom_data":{"content_name":"L044 Lacquered MDF Door","content_ids":"[\"L001-18-13_3776\"]","content_type":"product","contents":"[{\"id\":\"L001-18-13_3776\",\"quantity\":1}]","content_category":"Lacquered MDF Doors","value":"1","currency":"USD"},"user_data":{"client_ip_address":"47.128.55.250","client_user_agent":"Mozilla\/5.0 (compatible; Bytespider; spider-feedback@bytedance.com) AppleWebKit\/537.36 (KHTML, like Gecko) Chrome\/70.0.0.0 Safari\/537.36","fbc":"","fbp":""},"event_name":"ViewContent"}],"partner_agent":"woocommerce-7.7.2-3.0.23"}
duration: 0.26971s

11-12-2023 @ 21:59:44 - Response
code: 200
message: OK
body: {"events_received":1,"messages":[],"fbtrace_id":"AgqBYYz0VeQBi4rggjKtZPu"}

11-12-2023 @ 22:00:37 - Request
method: POST
uri: https://graph.facebook.com/v16.0/1311088993098283/events
user-agent: Facebook-for-WooCommerce/3.0.23 (WooCommerce/7.7.2; WordPress/6.4.1)
body: {"data":[{"action_source":"website","event_time":1699819237,"event_id":"03394761-5d84-4504-bc64-f7e5cd6953b6","event_source_url":"https:\/\/www.okpsdoor.com\/product\/l001-lacquered-mdf-door-copy\/?noamp=mobile","custom_data":{"content_name":"L001 Lacquered MDF Door (Copy)","content_ids":"[\"L001-1_3722\"]","content_type":"product","contents":"[{\"id\":\"L001-1_3722\",\"quantity\":1}]","content_category":"Lacquered MDF Doors","value":0,"currency":"USD"},"user_data":{"client_ip_address":"47.128.63.49","client_user_agent":"Mozilla\/5.0 (compatible; Bytespider; spider-feedback@bytedance.com) AppleWebKit\/537.36 (KHTML, like Gecko) Chrome\/70.0.0.0 Safari\/537.36","fbc":"","fbp":""},"event_name":"ViewContent"}],"partner_agent":"woocommerce-7.7.2-3.0.23"}
duration: 0.26764s

11-12-2023 @ 22:00:37 - Response
code: 200
message: OK
body: {"events_received":1,"messages":[],"fbtrace_id":"AuWEZ_G_-dJlzCQ7FyGjbA4"}

11-12-2023 @ 22:46:03 - Request
method: POST
uri: https://graph.facebook.com/v16.0/1311088993098283/events
user-agent: Facebook-for-WooCommerce/3.0.23 (WooCommerce/7.7.2; WordPress/6.4.1)
body: {"data":[{"action_source":"website","event_time":1699821963,"event_id":"0a7205e6-3b1e-4f2f-b830-42f6e6c2bd8b","event_source_url":"https:\/\/www.okpsdoor.com\/product\/l051-lacquered-mdf-door\/?noamp=mobile","custom_data":{"content_name":"L051 Lacquered MDF Door","content_ids":"[\"L051_3868\"]","content_type":"product","contents":"[{\"id\":\"L051_3868\",\"quantity\":1}]","content_category":"Lacquered MDF Doors","value":0,"currency":"USD"},"user_data":{"client_ip_address":"47.128.19.161","client_user_agent":"Mozilla\/5.0 (compatible; Bytespider; spider-feedback@bytedance.com) AppleWebKit\/537.36 (KHTML, like Gecko) Chrome\/70.0.0.0 Safari\/537.36","fbc":"","fbp":""},"event_name":"ViewContent"}],"partner_agent":"woocommerce-7.7.2-3.0.23"}
duration: 0.26493s

11-12-2023 @ 22:46:03 - Response
code: 200
message: OK
body: {"events_received":1,"messages":[],"fbtrace_id":"AQY4qD__QeqSBuNpigyyr57"}

11-12-2023 @ 22:54:08 - Request
method: GET
uri: https://graph.facebook.com/v16.0/fbe_business?fbe_external_business_id=okpsdoor-6454b365f14df
user-agent: Facebook-for-WooCommerce/3.0.23 (WooCommerce/7.7.2; WordPress/6.4.1)
body:
duration: 0.29251s

11-12-2023 @ 22:54:08 - Response
code: 200
message: OK
body: {"business":{"name":"Okps Door"},"ads":[{"feature_instance_id":"1653664188416318","enabled":true}],"catalogs":[{"feature_instance_id":"925632232095199","enabled":true}],"catalog_feed_scheduled":{"enabled":false},"fb_shops":[{"enabled":false}],"ig_cta":{"enabled":false},"ig_shopping":{"enabled":true},"ig_shoppings":[{"feature_instance_id":"636856034922684","enabled":true}],"messenger_chat":{"enabled":true,"domains":["https:\/\/www.okpsdoor.com\/"],"default_locale":"en_US"},"messenger_chats":[{"feature_instance_id":"1644794592633150","enabled":true,"domains":["https:\/\/www.okpsdoor.com\/"],"default_locale":"en_US"}],"messenger_menu":{"enabled":false},"page_card":{"enabled":false},"page_cta":{"enabled":false},"page_post":{"enabled":false},"page_shop":{"enabled":false},"pixels":[{"feature_instance_id":"7027469227280260","enabled":true},{"enabled":false}],"thread_intent":{"enabled":false}}

11-12-2023 @ 23:00:56 - Request
method: POST
uri: https://graph.facebook.com/v16.0/1311088993098283/events
user-agent: Facebook-for-WooCommerce/3.0.23 (WooCommerce/7.7.2; WordPress/6.4.1)
body: {"data":[{"action_source":"website","event_time":1699822855,"event_id":"a920e7ad-2f90-422b-bddc-2f0f981fed81","event_source_url":"https:\/\/www.okpsdoor.com\/product\/ml009-melamine-door\/?noamp=mobile","custom_data":{"content_name":"ML009 Melamine Door","content_ids":"[\"ML009_3891\"]","content_type":"product","contents":"[{\"id\":\"ML009_3891\",\"quantity\":1}]","content_category":"Lacquered MDF Doors","value":0,"currency":"USD"},"user_data":{"client_ip_address":"47.128.42.189","client_user_agent":"Mozilla\/5.0 (compatible; Bytespider; spider-feedback@bytedance.com) AppleWebKit\/537.36 (KHTML, like Gecko) Chrome\/70.0.0.0 Safari\/537.36","fbc":"","fbp":""},"event_name":"ViewContent"}],"partner_agent":"woocommerce-7.7.2-3.0.23"}
duration: 0.27552s

11-12-2023 @ 23:00:56 - Response
code: 200
message: OK
body: {"events_received":1,"messages":[],"fbtrace_id":"AJmkWGMl7VpAQ4hz420Mohx"}

11-12-2023 @ 23:01:47 - Request
method: POST
uri: https://graph.facebook.com/v16.0/1311088993098283/events
user-agent: Facebook-for-WooCommerce/3.0.23 (WooCommerce/7.7.2; WordPress/6.4.1)
body: {"data":[{"action_source":"website","event_time":1699822906,"event_id":"1218bedd-c031-4378-abf7-7cc1cbeff3dd","event_source_url":"https:\/\/www.okpsdoor.com\/product\/l048-lacquered-mdf-door\/?noamp=mobile","custom_data":{"content_name":"L048 Lacquered MDF Door","content_ids":"[\"L001-18-17_3780\"]","content_type":"product","contents":"[{\"id\":\"L001-18-17_3780\",\"quantity\":1}]","content_category":"Lacquered MDF Doors","value":"1","currency":"USD"},"user_data":{"client_ip_address":"47.128.42.181","client_user_agent":"Mozilla\/5.0 (compatible; Bytespider; spider-feedback@bytedance.com) AppleWebKit\/537.36 (KHTML, like Gecko) Chrome\/70.0.0.0 Safari\/537.36","fbc":"","fbp":""},"event_name":"ViewContent"}],"partner_agent":"woocommerce-7.7.2-3.0.23"}
duration: 0.26607s

11-12-2023 @ 23:01:47 - Response
code: 200
message: OK
body: {"events_received":1,"messages":[],"fbtrace_id":"AQoQVsYIKO2T-FhOUbcrFjH"}

11-13-2023 @ 00:15:36 - Request
method: GET
uri: https://graph.facebook.com/v16.0/fbe_business?fbe_external_business_id=okpsdoor-6454b365f14df
user-agent: Facebook-for-WooCommerce/3.0.23 (WooCommerce/7.7.2; WordPress/6.4.1)
body:
duration: 0.43199s

11-13-2023 @ 00:15:36 - Response
code: 200
message: OK
body: {"business":{"name":"Okps Door"},"ads":[{"feature_instance_id":"1653664188416318","enabled":true}],"catalogs":[{"feature_instance_id":"925632232095199","enabled":true}],"catalog_feed_scheduled":{"enabled":false},"fb_shops":[{"enabled":false}],"ig_cta":{"enabled":false},"ig_shopping":{"enabled":true},"ig_shoppings":[{"feature_instance_id":"636856034922684","enabled":true}],"messenger_chat":{"enabled":true,"domains":["https:\/\/www.okpsdoor.com\/"],"default_locale":"en_US"},"messenger_chats":[{"feature_instance_id":"1644794592633150","enabled":true,"domains":["https:\/\/www.okpsdoor.com\/"],"default_locale":"en_US"}],"messenger_menu":{"enabled":false},"page_card":{"enabled":false},"page_cta":{"enabled":false},"page_post":{"enabled":false},"page_shop":{"enabled":false},"pixels":[{"feature_instance_id":"7027469227280260","enabled":true},{"enabled":false}],"thread_intent":{"enabled":false}}

11-13-2023 @ 00:35:22 - Request
method: POST
uri: https://graph.facebook.com/v16.0/1311088993098283/events
user-agent: Facebook-for-WooCommerce/3.0.23 (WooCommerce/7.7.2; WordPress/6.4.1)
body: {"data":[{"action_source":"website","event_time":1699828522,"event_id":"bd2a072d-b65f-4e13-be3b-22a6a3caf2cb","event_source_url":"https:\/\/www.okpsdoor.com\/product\/ml001-lacquered-mdf-door\/?noamp=mobile","custom_data":{"content_name":"ML001 Lacquered MDF Door","content_ids":"[\"ML001_3871\"]","content_type":"product","contents":"[{\"id\":\"ML001_3871\",\"quantity\":1}]","content_category":"Lacquered MDF Doors","value":0,"currency":"USD"},"user_data":{"client_ip_address":"47.128.56.166","client_user_agent":"Mozilla\/5.0 (compatible; Bytespider; spider-feedback@bytedance.com) AppleWebKit\/537.36 (KHTML, like Gecko) Chrome\/70.0.0.0 Safari\/537.36","fbc":"","fbp":""},"event_name":"ViewContent"}],"partner_agent":"woocommerce-7.7.2-3.0.23"}
duration: 0.27277s

11-13-2023 @ 00:35:22 - Response
code: 200
message: OK
body: {"events_received":1,"messages":[],"fbtrace_id":"AKyFSzv_5M9TzhAMfk6js-n"}

11-13-2023 @ 00:35:44 - Request
method: POST
uri: https://graph.facebook.com/v16.0/1311088993098283/events
user-agent: Facebook-for-WooCommerce/3.0.23 (WooCommerce/7.7.2; WordPress/6.4.1)
body: {"data":[{"action_source":"website","event_time":1699828544,"event_id":"a8260ecc-c198-4c2a-ac99-0abaf9fbcbc5","event_source_url":"https:\/\/www.okpsdoor.com\/product\/p018-panel-door\/?noamp=mobile","custom_data":{"content_name":"P018 Panel Door","content_ids":"[\"P018_3936\"]","content_type":"product","contents":"[{\"id\":\"P018_3936\",\"quantity\":1}]","content_category":"Lacquered MDF Doors","value":0,"currency":"USD"},"user_data":{"client_ip_address":"47.128.56.150","client_user_agent":"Mozilla\/5.0 (compatible; Bytespider; spider-feedback@bytedance.com) AppleWebKit\/537.36 (KHTML, like Gecko) Chrome\/70.0.0.0 Safari\/537.36","fbc":"","fbp":""},"event_name":"ViewContent"}],"partner_agent":"woocommerce-7.7.2-3.0.23"}
duration: 0.09959s

11-13-2023 @ 00:35:44 - Response
code: 200
message: OK
body: {"events_received":1,"messages":[],"fbtrace_id":"AIz6AEx4fyisjgwQgaTGNH1"}

11-13-2023 @ 00:36:02 - Request
method: POST
uri: https://graph.facebook.com/v16.0/1311088993098283/events
user-agent: Facebook-for-WooCommerce/3.0.23 (WooCommerce/7.7.2; WordPress/6.4.1)
body: {"data":[{"action_source":"website","event_time":1699828562,"event_id":"4595177d-4cd2-4be3-9841-1a47cf97c6b0","event_source_url":"https:\/\/www.okpsdoor.com\/product\/p018-panel-door\/?noamp=mobile","custom_data":{"content_name":"P018 Panel Door","content_ids":"[\"P018_3936\"]","content_type":"product","contents":"[{\"id\":\"P018_3936\",\"quantity\":1}]","content_category":"Lacquered MDF Doors","value":0,"currency":"USD"},"user_data":{"client_ip_address":"47.128.56.150","client_user_agent":"Mozilla\/5.0 (compatible; Bytespider; spider-feedback@bytedance.com) AppleWebKit\/537.36 (KHTML, like Gecko) Chrome\/70.0.0.0 Safari\/537.36","fbc":"","fbp":""},"event_name":"ViewContent"}],"partner_agent":"woocommerce-7.7.2-3.0.23"}
duration: 0.09493s

11-13-2023 @ 00:36:02 - Response
code: 200
message: OK
body: {"events_received":1,"messages":[],"fbtrace_id":"A9Pu3GDufPMZcVmdjnKNRS-"}

11-13-2023 @ 00:49:22 - Request
method: POST
uri: https://graph.facebook.com/v16.0/1311088993098283/events
user-agent: Facebook-for-WooCommerce/3.0.23 (WooCommerce/7.7.2; WordPress/6.4.1)
body: {"data":[{"action_source":"website","event_time":1699829362,"event_id":"c45fc8ff-ad38-4718-90ec-519f95623976","event_source_url":"https:\/\/www.okpsdoor.com\/product\/pvc001-pvc-door\/?noamp=mobile","custom_data":{"content_name":"PVC001 PVC Door","content_ids":"[\"PVC001_3970\"]","content_type":"product","contents":"[{\"id\":\"PVC001_3970\",\"quantity\":1}]","content_category":"PVC Doors","value":0,"currency":"USD"},"user_data":{"client_ip_address":"47.128.61.15","client_user_agent":"Mozilla\/5.0 (compatible; Bytespider; spider-feedback@bytedance.com) AppleWebKit\/537.36 (KHTML, like Gecko) Chrome\/70.0.0.0 Safari\/537.36","fbc":"","fbp":""},"event_name":"ViewContent"}],"partner_agent":"woocommerce-7.7.2-3.0.23"}
duration: 0.31884s

11-13-2023 @ 00:49:22 - Response
code: 200
message: OK
body: {"events_received":1,"messages":[],"fbtrace_id":"AMsT9sRaL06-c96Khj7yo9M"}

11-13-2023 @ 00:55:40 - Request
method: GET
uri: https://graph.facebook.com/v16.0/fbe_business?fbe_external_business_id=okpsdoor-6454b365f14df
user-agent: Facebook-for-WooCommerce/3.0.23 (WooCommerce/7.7.2; WordPress/6.4.1)
body:
duration: 0.34003s

11-13-2023 @ 00:55:40 - Response
code: 200
message: OK
body: {"business":{"name":"Okps Door"},"ads":[{"feature_instance_id":"1653664188416318","enabled":true}],"catalogs":[{"feature_instance_id":"925632232095199","enabled":true}],"catalog_feed_scheduled":{"enabled":false},"fb_shops":[{"enabled":false}],"ig_cta":{"enabled":false},"ig_shopping":{"enabled":true},"ig_shoppings":[{"feature_instance_id":"636856034922684","enabled":true}],"messenger_chat":{"enabled":true,"domains":["https:\/\/www.okpsdoor.com\/"],"default_locale":"en_US"},"messenger_chats":[{"feature_instance_id":"1644794592633150","enabled":true,"domains":["https:\/\/www.okpsdoor.com\/"],"default_locale":"en_US"}],"messenger_menu":{"enabled":false},"page_card":{"enabled":false},"page_cta":{"enabled":false},"page_post":{"enabled":false},"page_shop":{"enabled":false},"pixels":[{"feature_instance_id":"7027469227280260","enabled":true},{"enabled":false}],"thread_intent":{"enabled":false}}

11-13-2023 @ 01:13:24 - Request
method: POST
uri: https://graph.facebook.com/v16.0/1311088993098283/events
user-agent: Facebook-for-WooCommerce/3.0.23 (WooCommerce/7.7.2; WordPress/6.4.1)
body: {"data":[{"action_source":"website","event_time":1699830804,"event_id":"b35d1090-d9d6-4ce6-9261-df6b860d9ff5","event_source_url":"https:\/\/www.okpsdoor.com\/product\/l022-lacquered-mdf-door\/?noamp=mobile","custom_data":{"content_name":"L022 Lacquered MDF Door","content_ids":"[\"L001-18-3_3766\"]","content_type":"product","contents":"[{\"id\":\"L001-18-3_3766\",\"quantity\":1}]","content_category":"Lacquered MDF Doors","value":"1","currency":"USD"},"user_data":{"client_ip_address":"114.119.135.66","client_user_agent":"Mozilla\/5.0 (Linux; Android 7.0;) AppleWebKit\/537.36 (KHTML, like Gecko) Mobile Safari\/537.36 (compatible; PetalBot;+https:\/\/webmaster.petalsearch.com\/site\/petalbot)","fbc":"","fbp":""},"event_name":"ViewContent"}],"partner_agent":"woocommerce-7.7.2-3.0.23"}
duration: 0.26206s

11-13-2023 @ 01:13:24 - Response
code: 200
message: OK
body: {"events_received":1,"messages":[],"fbtrace_id":"Ar_1EjZOLyN0kctX5zLIR2K"}

11-13-2023 @ 01:27:53 - Request
method: POST
uri: https://graph.facebook.com/v16.0/1311088993098283/events
user-agent: Facebook-for-WooCommerce/3.0.23 (WooCommerce/7.7.2; WordPress/6.4.1)
body: {"data":[{"action_source":"website","event_time":1699831673,"event_id":"5224d152-e9a4-4f85-b3bd-4e9e83513283","event_source_url":"https:\/\/www.okpsdoor.com\/product\/l015-lacquered-mdf-door\/?noamp=mobile","custom_data":{"content_name":"L015 Lacquered MDF Door","content_ids":"[\"L001-15_3736\"]","content_type":"product","contents":"[{\"id\":\"L001-15_3736\",\"quantity\":1}]","content_category":"Lacquered MDF Doors","value":"1","currency":"USD"},"user_data":{"client_ip_address":"114.119.152.27","client_user_agent":"Mozilla\/5.0 (Linux; Android 7.0;) AppleWebKit\/537.36 (KHTML, like Gecko) Mobile Safari\/537.36 (compatible; PetalBot;+https:\/\/webmaster.petalsearch.com\/site\/petalbot)","fbc":"","fbp":""},"event_name":"ViewContent"}],"partner_agent":"woocommerce-7.7.2-3.0.23"}
duration: 0.27517s

11-13-2023 @ 01:27:53 - Response
code: 200
message: OK
body: {"events_received":1,"messages":[],"fbtrace_id":"AZRFEFiVh-Atb1FTJETTAHO"}

11-13-2023 @ 01:29:50 - Request
method: POST
uri: https://graph.facebook.com/v16.0/1311088993098283/events
user-agent: Facebook-for-WooCommerce/3.0.23 (WooCommerce/7.7.2; WordPress/6.4.1)
body: {"data":[{"action_source":"website","event_time":1699831790,"event_id":"84acecc1-adab-4624-b02b-d72cc76a5cd4","event_source_url":"https:\/\/www.okpsdoor.com\/product\/l078-lacquered-mdf-door\/?noamp=mobile","custom_data":{"content_name":"L078 Lacquered MDF Door","content_ids":"[\"L078_3841\"]","content_type":"product","contents":"[{\"id\":\"L078_3841\",\"quantity\":1}]","content_category":"Lacquered MDF Doors","value":0,"currency":"USD"},"user_data":{"client_ip_address":"47.128.19.147","client_user_agent":"Mozilla\/5.0 (compatible; Bytespider; spider-feedback@bytedance.com) AppleWebKit\/537.36 (KHTML, like Gecko) Chrome\/70.0.0.0 Safari\/537.36","fbc":"","fbp":""},"event_name":"ViewContent"}],"partner_agent":"woocommerce-7.7.2-3.0.23"}
duration: 0.25789s

11-13-2023 @ 01:29:50 - Response
code: 200
message: OK
body: {"events_received":1,"messages":[],"fbtrace_id":"Awz-gNmxpTtLr1NP9rurVx4"}

11-13-2023 @ 01:30:25 - Request
method: POST
uri: https://graph.facebook.com/v16.0/1311088993098283/events
user-agent: Facebook-for-WooCommerce/3.0.23 (WooCommerce/7.7.2; WordPress/6.4.1)
body: {"data":[{"action_source":"website","event_time":1699831825,"event_id":"c212c077-762d-4f9f-bd22-816001f06620","event_source_url":"https:\/\/www.okpsdoor.com\/product\/pvc008-pvc-door\/?noamp=mobile","custom_data":{"content_name":"PVC008 PVC Door","content_ids":"[\"PVC008_3984\"]","content_type":"product","contents":"[{\"id\":\"PVC008_3984\",\"quantity\":1}]","content_category":"PVC Doors","value":0,"currency":"USD"},"user_data":{"client_ip_address":"47.128.55.101","client_user_agent":"Mozilla\/5.0 (compatible; Bytespider; spider-feedback@bytedance.com) AppleWebKit\/537.36 (KHTML, like Gecko) Chrome\/70.0.0.0 Safari\/537.36","fbc":"","fbp":""},"event_name":"ViewContent"}],"partner_agent":"woocommerce-7.7.2-3.0.23"}
duration: 0.26022s

11-13-2023 @ 01:30:25 - Response
code: 200
message: OK
body: {"events_received":1,"messages":[],"fbtrace_id":"AO0F3Srh0SXcCmJAmxfpSas"}

11-13-2023 @ 01:32:12 - Request
method: POST
uri: https://graph.facebook.com/v16.0/1311088993098283/events
user-agent: Facebook-for-WooCommerce/3.0.23 (WooCommerce/7.7.2; WordPress/6.4.1)
body: {"data":[{"action_source":"website","event_time":1699831931,"event_id":"761edb45-f1df-4619-a43e-f622e9505258","event_source_url":"https:\/\/www.okpsdoor.com\/product\/jhon-vladimir-copy-2\/?noamp=mobile","custom_data":{"content_name":"Jhon Vladimir (Copy)","content_ids":"[\"$18\\\/m\\u00b2-2_3106\"]","content_type":"product","contents":"[{\"id\":\"$18\\\/m\\u00b2-2_3106\",\"quantity\":1}]","content_category":"Popular","value":"29","currency":"USD"},"user_data":{"client_ip_address":"47.128.37.207","client_user_agent":"Mozilla\/5.0 (compatible; Bytespider; spider-feedback@bytedance.com) AppleWebKit\/537.36 (KHTML, like Gecko) Chrome\/70.0.0.0 Safari\/537.36","fbc":"","fbp":""},"event_name":"ViewContent"}],"partner_agent":"woocommerce-7.7.2-3.0.23"}
duration: 0.25793s

11-13-2023 @ 01:32:12 - Response
code: 200
message: OK
body: {"events_received":1,"messages":[],"fbtrace_id":"Al6r97Fy2-86pp8unGMA6QB"}

