11-14-2023 @ 02:02:53 - Request
method: GET
uri: https://graph.facebook.com/v16.0/fbe_business?fbe_external_business_id=okpsdoor-6454b365f14df
user-agent: Facebook-for-WooCommerce/3.0.23 (WooCommerce/7.7.2; WordPress/6.4.1)
body:
duration: 0.32256s

11-14-2023 @ 02:02:53 - Response
code: 200
message: OK
body: {"business":{"name":"Okps Door"},"ads":[{"feature_instance_id":"1653664188416318","enabled":true}],"catalogs":[{"feature_instance_id":"925632232095199","enabled":true}],"catalog_feed_scheduled":{"enabled":false},"fb_shops":[{"enabled":false}],"ig_cta":{"enabled":false},"ig_shopping":{"enabled":true},"ig_shoppings":[{"feature_instance_id":"636856034922684","enabled":true}],"messenger_chat":{"enabled":true,"domains":["https:\/\/www.okpsdoor.com\/"],"default_locale":"en_US"},"messenger_chats":[{"feature_instance_id":"1644794592633150","enabled":true,"domains":["https:\/\/www.okpsdoor.com\/"],"default_locale":"en_US"}],"messenger_menu":{"enabled":false},"page_card":{"enabled":false},"page_cta":{"enabled":false},"page_post":{"enabled":false},"page_shop":{"enabled":false},"pixels":[{"feature_instance_id":"7027469227280260","enabled":true},{"enabled":false}],"thread_intent":{"enabled":false}}

11-14-2023 @ 02:45:27 - Request
method: POST
uri: https://graph.facebook.com/v16.0/1311088993098283/events
user-agent: Facebook-for-WooCommerce/3.0.23 (WooCommerce/7.7.2; WordPress/6.4.1)
body: {"data":[{"action_source":"website","event_time":1699922726,"event_id":"da9b33af-67e7-43a6-bb40-3368046ce618","event_source_url":"https:\/\/www.okpsdoor.com\/product\/k005-wood-veneer-door\/?noamp=mobile","custom_data":{"content_name":"K005 Wood Veneer Door","content_ids":"[\"K005_3966\"]","content_type":"product","contents":"[{\"id\":\"K005_3966\",\"quantity\":1}]","content_category":"Wood Veneer Doors","value":0,"currency":"USD"},"user_data":{"client_ip_address":"47.128.42.135","client_user_agent":"Mozilla\/5.0 (compatible; Bytespider; spider-feedback@bytedance.com) AppleWebKit\/537.36 (KHTML, like Gecko) Chrome\/70.0.0.0 Safari\/537.36","fbc":"","fbp":""},"event_name":"ViewContent"}],"partner_agent":"woocommerce-7.7.2-3.0.23"}
duration: 0.33506s

11-14-2023 @ 02:45:27 - Response
code: 200
message: OK
body: {"events_received":1,"messages":[],"fbtrace_id":"AUwj1eigP5pD_FJqOFJ-Dl6"}

11-14-2023 @ 03:13:26 - Request
method: GET
uri: https://graph.facebook.com/v16.0/fbe_business?fbe_external_business_id=okpsdoor-6454b365f14df
user-agent: Facebook-for-WooCommerce/3.0.23 (WooCommerce/7.7.2; WordPress/6.4.1)
body:
duration: 0.31025s

11-14-2023 @ 03:13:26 - Response
code: 200
message: OK
body: {"business":{"name":"Okps Door"},"ads":[{"feature_instance_id":"1653664188416318","enabled":true}],"catalogs":[{"feature_instance_id":"925632232095199","enabled":true}],"catalog_feed_scheduled":{"enabled":false},"fb_shops":[{"enabled":false}],"ig_cta":{"enabled":false},"ig_shopping":{"enabled":true},"ig_shoppings":[{"feature_instance_id":"636856034922684","enabled":true}],"messenger_chat":{"enabled":true,"domains":["https:\/\/www.okpsdoor.com\/"],"default_locale":"en_US"},"messenger_chats":[{"feature_instance_id":"1644794592633150","enabled":true,"domains":["https:\/\/www.okpsdoor.com\/"],"default_locale":"en_US"}],"messenger_menu":{"enabled":false},"page_card":{"enabled":false},"page_cta":{"enabled":false},"page_post":{"enabled":false},"page_shop":{"enabled":false},"pixels":[{"feature_instance_id":"7027469227280260","enabled":true},{"enabled":false}],"thread_intent":{"enabled":false}}

11-14-2023 @ 03:17:36 - Request
method: POST
uri: https://graph.facebook.com/v16.0/1311088993098283/events
user-agent: Facebook-for-WooCommerce/3.0.23 (WooCommerce/7.7.2; WordPress/6.4.1)
body: {"data":[{"action_source":"website","event_time":1699924655,"event_id":"0c173825-f753-403a-97b5-b35c1ed954da","event_source_url":"https:\/\/www.okpsdoor.com\/product\/l047-lacquered-mdf-door\/?noamp=mobile","custom_data":{"content_name":"L047 Lacquered MDF Door","content_ids":"[\"L001-18-16_3779\"]","content_type":"product","contents":"[{\"id\":\"L001-18-16_3779\",\"quantity\":1}]","content_category":"Lacquered MDF Doors","value":"1","currency":"USD"},"user_data":{"client_ip_address":"114.119.128.34","client_user_agent":"Mozilla\/5.0 (Linux; Android 7.0;) AppleWebKit\/537.36 (KHTML, like Gecko) Mobile Safari\/537.36 (compatible; PetalBot;+https:\/\/webmaster.petalsearch.com\/site\/petalbot)","fbc":"","fbp":""},"event_name":"ViewContent"}],"partner_agent":"woocommerce-7.7.2-3.0.23"}
duration: 0.27168s

11-14-2023 @ 03:17:36 - Response
code: 200
message: OK
body: {"events_received":1,"messages":[],"fbtrace_id":"AiqnSrRHjqeOYowJBLA3AJW"}

11-14-2023 @ 03:31:18 - Request
method: POST
uri: https://graph.facebook.com/v16.0/1311088993098283/events
user-agent: Facebook-for-WooCommerce/3.0.23 (WooCommerce/7.7.2; WordPress/6.4.1)
body: {"data":[{"action_source":"website","event_time":1699925478,"event_id":"955c3d94-dcb8-464d-b29c-78d738dfe51e","event_source_url":"https:\/\/www.okpsdoor.com\/product\/l050-lacquered-mdf-door\/?noamp=mobile","custom_data":{"content_name":"L050 Lacquered MDF Door","content_ids":"[\"L001-18-19_3782\"]","content_type":"product","contents":"[{\"id\":\"L001-18-19_3782\",\"quantity\":1}]","content_category":"Lacquered MDF Doors","value":"1","currency":"USD"},"user_data":{"client_ip_address":"114.119.133.208","client_user_agent":"Mozilla\/5.0 (Linux; Android 7.0;) AppleWebKit\/537.36 (KHTML, like Gecko) Mobile Safari\/537.36 (compatible; PetalBot;+https:\/\/webmaster.petalsearch.com\/site\/petalbot)","fbc":"","fbp":""},"event_name":"ViewContent"}],"partner_agent":"woocommerce-7.7.2-3.0.23"}
duration: 0.28251s

11-14-2023 @ 03:31:18 - Response
code: 200
message: OK
body: {"events_received":1,"messages":[],"fbtrace_id":"AXuD6JXwZ-u7Gk8qaOQOUei"}

11-14-2023 @ 04:05:49 - Request
method: POST
uri: https://graph.facebook.com/v16.0/1311088993098283/events
user-agent: Facebook-for-WooCommerce/3.0.23 (WooCommerce/7.7.2; WordPress/6.4.1)
body: {"data":[{"action_source":"website","event_time":1699927548,"event_id":"f0c4ffde-171d-4434-80cc-115e5a872c53","event_source_url":"https:\/\/www.okpsdoor.com\/product\/l011-lacquered-mdf-door\/?noamp=mobile","custom_data":{"content_name":"L011 Lacquered MDF Door","content_ids":"[\"L001-11_3732\"]","content_type":"product","contents":"[{\"id\":\"L001-11_3732\",\"quantity\":1}]","content_category":"Lacquered MDF Doors","value":"1","currency":"USD"},"user_data":{"client_ip_address":"114.119.150.38","client_user_agent":"Mozilla\/5.0 (Linux; Android 7.0;) AppleWebKit\/537.36 (KHTML, like Gecko) Mobile Safari\/537.36 (compatible; PetalBot;+https:\/\/webmaster.petalsearch.com\/site\/petalbot)","fbc":"","fbp":""},"event_name":"ViewContent"}],"partner_agent":"woocommerce-7.7.2-3.0.23"}
duration: 0.27048s

11-14-2023 @ 04:05:49 - Response
code: 200
message: OK
body: {"events_received":1,"messages":[],"fbtrace_id":"AXUpSEwxJnUUvI0U342Othe"}

11-14-2023 @ 04:07:01 - Request
method: GET
uri: https://graph.facebook.com/v16.0/fbe_business?fbe_external_business_id=okpsdoor-6454b365f14df
user-agent: Facebook-for-WooCommerce/3.0.23 (WooCommerce/7.7.2; WordPress/6.4.1)
body:
duration: 0.28531s

11-14-2023 @ 04:07:01 - Response
code: 200
message: OK
body: {"business":{"name":"Okps Door"},"ads":[{"feature_instance_id":"1653664188416318","enabled":true}],"catalogs":[{"feature_instance_id":"925632232095199","enabled":true}],"catalog_feed_scheduled":{"enabled":false},"fb_shops":[{"enabled":false}],"ig_cta":{"enabled":false},"ig_shopping":{"enabled":true},"ig_shoppings":[{"feature_instance_id":"636856034922684","enabled":true}],"messenger_chat":{"enabled":true,"domains":["https:\/\/www.okpsdoor.com\/"],"default_locale":"en_US"},"messenger_chats":[{"feature_instance_id":"1644794592633150","enabled":true,"domains":["https:\/\/www.okpsdoor.com\/"],"default_locale":"en_US"}],"messenger_menu":{"enabled":false},"page_card":{"enabled":false},"page_cta":{"enabled":false},"page_post":{"enabled":false},"page_shop":{"enabled":false},"pixels":[{"feature_instance_id":"7027469227280260","enabled":true},{"enabled":false}],"thread_intent":{"enabled":false}}

11-14-2023 @ 04:33:15 - Request
method: POST
uri: https://graph.facebook.com/v16.0/1311088993098283/events
user-agent: Facebook-for-WooCommerce/3.0.23 (WooCommerce/7.7.2; WordPress/6.4.1)
body: {"data":[{"action_source":"website","event_time":1699929195,"event_id":"1ad1d32d-be85-4a31-80e8-4ca572cbaa89","event_source_url":"https:\/\/www.okpsdoor.com\/product\/l002-lacquered-mdf-door\/?noamp=mobile","custom_data":{"content_name":"L002 Lacquered MDF Door","content_ids":"[\"L001-2_3723\"]","content_type":"product","contents":"[{\"id\":\"L001-2_3723\",\"quantity\":1}]","content_category":"Lacquered MDF Doors","value":0,"currency":"USD"},"user_data":{"client_ip_address":"47.128.51.255","client_user_agent":"Mozilla\/5.0 (compatible; Bytespider; spider-feedback@bytedance.com) AppleWebKit\/537.36 (KHTML, like Gecko) Chrome\/70.0.0.0 Safari\/537.36","fbc":"","fbp":""},"event_name":"ViewContent"}],"partner_agent":"woocommerce-7.7.2-3.0.23"}
duration: 0.29304s

11-14-2023 @ 04:33:15 - Response
code: 200
message: OK
body: {"events_received":1,"messages":[],"fbtrace_id":"A6qeGhoKd25U8eslh8wHg0B"}

11-14-2023 @ 04:50:28 - Request
method: POST
uri: https://graph.facebook.com/v16.0/1311088993098283/events
user-agent: Facebook-for-WooCommerce/3.0.23 (WooCommerce/7.7.2; WordPress/6.4.1)
body: {"data":[{"action_source":"website","event_time":1699930228,"event_id":"5650e85f-ce4b-471f-832a-be0e5be28bcc","event_source_url":"https:\/\/www.okpsdoor.com\/product\/l072-lacquered-mdf-door\/?noamp=mobile","custom_data":{"content_name":"L072 Lacquered MDF Door","content_ids":"[\"L072_3847\"]","content_type":"product","contents":"[{\"id\":\"L072_3847\",\"quantity\":1}]","content_category":"Lacquered MDF Doors","value":0,"currency":"USD"},"user_data":{"client_ip_address":"47.128.46.241","client_user_agent":"Mozilla\/5.0 (compatible; Bytespider; spider-feedback@bytedance.com) AppleWebKit\/537.36 (KHTML, like Gecko) Chrome\/70.0.0.0 Safari\/537.36","fbc":"","fbp":""},"event_name":"ViewContent"}],"partner_agent":"woocommerce-7.7.2-3.0.23"}
duration: 0.28191s

11-14-2023 @ 04:50:28 - Response
code: 200
message: OK
body: {"events_received":1,"messages":[],"fbtrace_id":"AulAou5erq8JERaL4eMtlC3"}

11-14-2023 @ 05:28:41 - Request
method: GET
uri: https://graph.facebook.com/v16.0/fbe_business?fbe_external_business_id=okpsdoor-6454b365f14df
user-agent: Facebook-for-WooCommerce/3.0.23 (WooCommerce/7.7.2; WordPress/6.4.1)
body:
duration: 0.29443s

11-14-2023 @ 05:28:41 - Response
code: 200
message: OK
body: {"business":{"name":"Okps Door"},"ads":[{"feature_instance_id":"1653664188416318","enabled":true}],"catalogs":[{"feature_instance_id":"925632232095199","enabled":true}],"catalog_feed_scheduled":{"enabled":false},"fb_shops":[{"enabled":false}],"ig_cta":{"enabled":false},"ig_shopping":{"enabled":true},"ig_shoppings":[{"feature_instance_id":"636856034922684","enabled":true}],"messenger_chat":{"enabled":true,"domains":["https:\/\/www.okpsdoor.com\/"],"default_locale":"en_US"},"messenger_chats":[{"feature_instance_id":"1644794592633150","enabled":true,"domains":["https:\/\/www.okpsdoor.com\/"],"default_locale":"en_US"}],"messenger_menu":{"enabled":false},"page_card":{"enabled":false},"page_cta":{"enabled":false},"page_post":{"enabled":false},"page_shop":{"enabled":false},"pixels":[{"feature_instance_id":"7027469227280260","enabled":true},{"enabled":false}],"thread_intent":{"enabled":false}}

11-14-2023 @ 05:41:57 - Request
method: POST
uri: https://graph.facebook.com/v16.0/1311088993098283/events
user-agent: Facebook-for-WooCommerce/3.0.23 (WooCommerce/7.7.2; WordPress/6.4.1)
body: {"data":[{"action_source":"website","event_time":1699933316,"event_id":"5d7539c3-9a23-4d34-b27f-ad986892a46e","event_source_url":"https:\/\/www.okpsdoor.com\/product\/p001-panel-door\/?noamp=mobile","custom_data":{"content_name":"P001 Panel Door","content_ids":"[\"P001_3898\"]","content_type":"product","contents":"[{\"id\":\"P001_3898\",\"quantity\":1}]","content_category":"Lacquered MDF Doors","value":0,"currency":"USD"},"user_data":{"client_ip_address":"47.128.56.145","client_user_agent":"Mozilla\/5.0 (compatible; Bytespider; spider-feedback@bytedance.com) AppleWebKit\/537.36 (KHTML, like Gecko) Chrome\/70.0.0.0 Safari\/537.36","fbc":"","fbp":""},"event_name":"ViewContent"}],"partner_agent":"woocommerce-7.7.2-3.0.23"}
duration: 0.28591s

11-14-2023 @ 05:41:57 - Response
code: 200
message: OK
body: {"events_received":1,"messages":[],"fbtrace_id":"AnXCBJ4lgpDl15y8pOdq-41"}

11-14-2023 @ 05:55:55 - Request
method: POST
uri: https://graph.facebook.com/v16.0/1311088993098283/events
user-agent: Facebook-for-WooCommerce/3.0.23 (WooCommerce/7.7.2; WordPress/6.4.1)
body: {"data":[{"action_source":"website","event_time":1699934155,"event_id":"8b3baca2-54e6-4a02-84c8-9167667f786f","event_source_url":"https:\/\/www.okpsdoor.com\/product\/p010-panel-door\/?noamp=mobile","custom_data":{"content_name":"P010 Panel Door","content_ids":"[\"P010_3944\"]","content_type":"product","contents":"[{\"id\":\"P010_3944\",\"quantity\":1}]","content_category":"Lacquered MDF Doors","value":0,"currency":"USD"},"user_data":{"client_ip_address":"47.128.25.115","client_user_agent":"Mozilla\/5.0 (compatible; Bytespider; spider-feedback@bytedance.com) AppleWebKit\/537.36 (KHTML, like Gecko) Chrome\/70.0.0.0 Safari\/537.36","fbc":"","fbp":""},"event_name":"ViewContent"}],"partner_agent":"woocommerce-7.7.2-3.0.23"}
duration: 0.28376s

11-14-2023 @ 05:55:55 - Response
code: 200
message: OK
body: {"events_received":1,"messages":[],"fbtrace_id":"A18u2tX9LcEqotLRKjd0kWO"}

11-14-2023 @ 06:32:37 - Request
method: GET
uri: https://graph.facebook.com/v16.0/fbe_business?fbe_external_business_id=okpsdoor-6454b365f14df
user-agent: Facebook-for-WooCommerce/3.0.23 (WooCommerce/7.7.2; WordPress/6.4.1)
body:
duration: 0.50636s

11-14-2023 @ 06:32:37 - Response
code: 200
message: OK
body: {"business":{"name":"Okps Door"},"ads":[{"feature_instance_id":"1653664188416318","enabled":true}],"catalogs":[{"feature_instance_id":"925632232095199","enabled":true}],"catalog_feed_scheduled":{"enabled":false},"fb_shops":[{"enabled":false}],"ig_cta":{"enabled":false},"ig_shopping":{"enabled":true},"ig_shoppings":[{"feature_instance_id":"636856034922684","enabled":true}],"messenger_chat":{"enabled":true,"domains":["https:\/\/www.okpsdoor.com\/"],"default_locale":"en_US"},"messenger_chats":[{"feature_instance_id":"1644794592633150","enabled":true,"domains":["https:\/\/www.okpsdoor.com\/"],"default_locale":"en_US"}],"messenger_menu":{"enabled":false},"page_card":{"enabled":false},"page_cta":{"enabled":false},"page_post":{"enabled":false},"page_shop":{"enabled":false},"pixels":[{"feature_instance_id":"7027469227280260","enabled":true},{"enabled":false}],"thread_intent":{"enabled":false}}

11-14-2023 @ 06:32:44 - Request
method: POST
uri: https://graph.facebook.com/v16.0/1311088993098283/events
user-agent: Facebook-for-WooCommerce/3.0.23 (WooCommerce/7.7.2; WordPress/6.4.1)
body: {"data":[{"action_source":"website","event_time":1699936363,"event_id":"7e68b040-a0d9-4523-97fb-9d1444e79abd","event_source_url":"https:\/\/www.okpsdoor.com\/product\/l011-lacquered-mdf-door\/?noamp=mobile","custom_data":{"content_name":"L011 Lacquered MDF Door","content_ids":"[\"L001-11_3732\"]","content_type":"product","contents":"[{\"id\":\"L001-11_3732\",\"quantity\":1}]","content_category":"Lacquered MDF Doors","value":"1","currency":"USD"},"user_data":{"client_ip_address":"47.128.42.122","client_user_agent":"Mozilla\/5.0 (compatible; Bytespider; spider-feedback@bytedance.com) AppleWebKit\/537.36 (KHTML, like Gecko) Chrome\/70.0.0.0 Safari\/537.36","fbc":"","fbp":""},"event_name":"ViewContent"}],"partner_agent":"woocommerce-7.7.2-3.0.23"}
duration: 0.25744s

11-14-2023 @ 06:32:44 - Response
code: 200
message: OK
body: {"events_received":1,"messages":[],"fbtrace_id":"A4KAtzoTS7BAaIBTN6bSfa5"}

11-14-2023 @ 07:20:22 - Request
method: POST
uri: https://graph.facebook.com/v16.0/1311088993098283/events
user-agent: Facebook-for-WooCommerce/3.0.23 (WooCommerce/7.7.2; WordPress/6.4.1)
body: {"data":[{"action_source":"website","event_time":1699939222,"event_id":"16e9a3d5-ae71-4cf3-8f92-a8ef89bee8a7","event_source_url":"https:\/\/www.okpsdoor.com\/product\/p014-panel-door\/?noamp=mobile","custom_data":{"content_name":"P014 Panel Door","content_ids":"[\"P014_3940\"]","content_type":"product","contents":"[{\"id\":\"P014_3940\",\"quantity\":1}]","content_category":"Lacquered MDF Doors","value":0,"currency":"USD"},"user_data":{"client_ip_address":"47.128.48.78","client_user_agent":"Mozilla\/5.0 (compatible; Bytespider; spider-feedback@bytedance.com) AppleWebKit\/537.36 (KHTML, like Gecko) Chrome\/70.0.0.0 Safari\/537.36","fbc":"","fbp":""},"event_name":"ViewContent"}],"partner_agent":"woocommerce-7.7.2-3.0.23"}
duration: 0.28494s

11-14-2023 @ 07:20:22 - Response
code: 200
message: OK
body: {"events_received":1,"messages":[],"fbtrace_id":"AJmJgoXPgarQBc6hsCfQX15"}

11-14-2023 @ 07:20:31 - Request
method: POST
uri: https://graph.facebook.com/v16.0/1311088993098283/events
user-agent: Facebook-for-WooCommerce/3.0.23 (WooCommerce/7.7.2; WordPress/6.4.1)
body: {"data":[{"action_source":"website","event_time":1699939231,"event_id":"7641909e-a524-4808-be3e-52a9d80fff08","event_source_url":"https:\/\/www.okpsdoor.com\/product\/p013-panel-door\/?noamp=mobile","custom_data":{"content_name":"P013 Panel Door","content_ids":"[\"P013_3941\"]","content_type":"product","contents":"[{\"id\":\"P013_3941\",\"quantity\":1}]","content_category":"Lacquered MDF Doors","value":0,"currency":"USD"},"user_data":{"client_ip_address":"47.128.29.233","client_user_agent":"Mozilla\/5.0 (compatible; Bytespider; spider-feedback@bytedance.com) AppleWebKit\/537.36 (KHTML, like Gecko) Chrome\/70.0.0.0 Safari\/537.36","fbc":"","fbp":""},"event_name":"ViewContent"}],"partner_agent":"woocommerce-7.7.2-3.0.23"}
duration: 0.10129s

11-14-2023 @ 07:20:31 - Response
code: 200
message: OK
body: {"events_received":1,"messages":[],"fbtrace_id":"A--XcMgcT4FJVJEs3TgdBUy"}

11-14-2023 @ 07:21:51 - Request
method: POST
uri: https://graph.facebook.com/v16.0/1311088993098283/events
user-agent: Facebook-for-WooCommerce/3.0.23 (WooCommerce/7.7.2; WordPress/6.4.1)
body: {"data":[{"action_source":"website","event_time":1699939310,"event_id":"6ef94da6-b641-4bde-b18c-89e038cea0c6","event_source_url":"https:\/\/www.okpsdoor.com\/product\/p014-panel-door\/?noamp=mobile","custom_data":{"content_name":"P014 Panel Door","content_ids":"[\"P014_3940\"]","content_type":"product","contents":"[{\"id\":\"P014_3940\",\"quantity\":1}]","content_category":"Lacquered MDF Doors","value":0,"currency":"USD"},"user_data":{"client_ip_address":"47.128.48.78","client_user_agent":"Mozilla\/5.0 (compatible; Bytespider; spider-feedback@bytedance.com) AppleWebKit\/537.36 (KHTML, like Gecko) Chrome\/70.0.0.0 Safari\/537.36","fbc":"","fbp":""},"event_name":"ViewContent"}],"partner_agent":"woocommerce-7.7.2-3.0.23"}
duration: 0.27389s

11-14-2023 @ 07:21:51 - Response
code: 200
message: OK
body: {"events_received":1,"messages":[],"fbtrace_id":"A6Y4LtB47PdelEBrUZLfWfs"}

11-14-2023 @ 07:21:51 - Request
method: GET
uri: https://graph.facebook.com/v16.0/fbe_business?fbe_external_business_id=okpsdoor-6454b365f14df
user-agent: Facebook-for-WooCommerce/3.0.23 (WooCommerce/7.7.2; WordPress/6.4.1)
body:
duration: 0.29878s

11-14-2023 @ 07:21:51 - Response
code: 200
message: OK
body: {"business":{"name":"Okps Door"},"ads":[{"feature_instance_id":"1653664188416318","enabled":true}],"catalogs":[{"feature_instance_id":"925632232095199","enabled":true}],"catalog_feed_scheduled":{"enabled":false},"fb_shops":[{"enabled":false}],"ig_cta":{"enabled":false},"ig_shopping":{"enabled":true},"ig_shoppings":[{"feature_instance_id":"636856034922684","enabled":true}],"messenger_chat":{"enabled":true,"domains":["https:\/\/www.okpsdoor.com\/"],"default_locale":"en_US"},"messenger_chats":[{"feature_instance_id":"1644794592633150","enabled":true,"domains":["https:\/\/www.okpsdoor.com\/"],"default_locale":"en_US"}],"messenger_menu":{"enabled":false},"page_card":{"enabled":false},"page_cta":{"enabled":false},"page_post":{"enabled":false},"page_shop":{"enabled":false},"pixels":[{"feature_instance_id":"7027469227280260","enabled":true},{"enabled":false}],"thread_intent":{"enabled":false}}

11-14-2023 @ 07:27:15 - Request
method: POST
uri: https://graph.facebook.com/v16.0/1311088993098283/events
user-agent: Facebook-for-WooCommerce/3.0.23 (WooCommerce/7.7.2; WordPress/6.4.1)
body: {"data":[{"action_source":"website","event_time":1699939635,"event_id":"d8a9d5e7-aba3-44fa-8c06-520c33af5968","event_source_url":"https:\/\/www.okpsdoor.com\/product\/ml007-melamine-door\/?noamp=mobile","custom_data":{"content_name":"ML007 Melamine Door","content_ids":"[\"ML007_3893\"]","content_type":"product","contents":"[{\"id\":\"ML007_3893\",\"quantity\":1}]","content_category":"Lacquered MDF Doors","value":0,"currency":"USD"},"user_data":{"client_ip_address":"114.119.137.28","client_user_agent":"Mozilla\/5.0 (Linux; Android 7.0;) AppleWebKit\/537.36 (KHTML, like Gecko) Mobile Safari\/537.36 (compatible; PetalBot;+https:\/\/webmaster.petalsearch.com\/site\/petalbot)","fbc":"","fbp":""},"event_name":"ViewContent"}],"partner_agent":"woocommerce-7.7.2-3.0.23"}
duration: 0.26705s

11-14-2023 @ 07:27:15 - Response
code: 200
message: OK
body: {"events_received":1,"messages":[],"fbtrace_id":"AGLhz6WQKAd-vvVs-X0Kzk2"}

11-14-2023 @ 07:31:03 - Request
method: POST
uri: https://graph.facebook.com/v16.0/1311088993098283/events
user-agent: Facebook-for-WooCommerce/3.0.23 (WooCommerce/7.7.2; WordPress/6.4.1)
body: {"data":[{"action_source":"website","event_time":1699939863,"event_id":"bf81f70e-76eb-45a6-9068-c18689201818","event_source_url":"https:\/\/www.okpsdoor.com\/product\/l045-lacquered-mdf-door\/?noamp=mobile","custom_data":{"content_name":"L045 Lacquered MDF Door","content_ids":"[\"L001-18-14_3777\"]","content_type":"product","contents":"[{\"id\":\"L001-18-14_3777\",\"quantity\":1}]","content_category":"Lacquered MDF Doors","value":"1","currency":"USD"},"user_data":{"client_ip_address":"114.119.150.140","client_user_agent":"Mozilla\/5.0 (Linux; Android 7.0;) AppleWebKit\/537.36 (KHTML, like Gecko) Mobile Safari\/537.36 (compatible; PetalBot;+https:\/\/webmaster.petalsearch.com\/site\/petalbot)","fbc":"","fbp":""},"event_name":"ViewContent"}],"partner_agent":"woocommerce-7.7.2-3.0.23"}
duration: 0.26682s

11-14-2023 @ 07:31:03 - Response
code: 200
message: OK
body: {"events_received":1,"messages":[],"fbtrace_id":"AA-Czt81vIWNxsnS8cxXNFa"}

11-14-2023 @ 07:38:12 - Request
method: POST
uri: https://graph.facebook.com/v16.0/1311088993098283/events
user-agent: Facebook-for-WooCommerce/3.0.23 (WooCommerce/7.7.2; WordPress/6.4.1)
body: {"data":[{"action_source":"website","event_time":1699940291,"event_id":"ba3717e3-b50c-46a7-84af-9b7fd6736825","event_source_url":"https:\/\/www.okpsdoor.com\/product\/l006-lacquered-mdf-door\/?noamp=mobile","custom_data":{"content_name":"L006 Lacquered MDF Door","content_ids":"[\"L001-6_3727\"]","content_type":"product","contents":"[{\"id\":\"L001-6_3727\",\"quantity\":1}]","content_category":"Lacquered MDF Doors","value":"1","currency":"USD"},"user_data":{"client_ip_address":"114.119.148.252","client_user_agent":"Mozilla\/5.0 (Linux; Android 7.0;) AppleWebKit\/537.36 (KHTML, like Gecko) Mobile Safari\/537.36 (compatible; PetalBot;+https:\/\/webmaster.petalsearch.com\/site\/petalbot)","fbc":"","fbp":""},"event_name":"ViewContent"}],"partner_agent":"woocommerce-7.7.2-3.0.23"}
duration: 0.25889s

11-14-2023 @ 07:38:12 - Response
code: 200
message: OK
body: {"events_received":1,"messages":[],"fbtrace_id":"AA1-3eWV_GRqUB3mKATd04F"}

11-14-2023 @ 07:44:49 - Request
method: POST
uri: https://graph.facebook.com/v16.0/1311088993098283/events
user-agent: Facebook-for-WooCommerce/3.0.23 (WooCommerce/7.7.2; WordPress/6.4.1)
body: {"data":[{"action_source":"website","event_time":1699940689,"event_id":"b4bde61d-2397-4cbb-83f8-dc478d8de009","event_source_url":"https:\/\/www.okpsdoor.com\/product\/ak0001-door-pvc-mdf\/?noamp=mobile","custom_data":{"content_name":"Ak0001 Door PVC MDF","content_ids":"[\"okps01_3680\"]","content_type":"product","contents":"[{\"id\":\"okps01_3680\",\"quantity\":1}]","content_category":"PVC Mdf","value":"90","currency":"USD"},"user_data":{"client_ip_address":"114.119.139.247","client_user_agent":"Mozilla\/5.0 (Linux; Android 7.0;) AppleWebKit\/537.36 (KHTML, like Gecko) Mobile Safari\/537.36 (compatible; PetalBot;+https:\/\/webmaster.petalsearch.com\/site\/petalbot)","fbc":"","fbp":""},"event_name":"ViewContent"}],"partner_agent":"woocommerce-7.7.2-3.0.23"}
duration: 0.25515s

11-14-2023 @ 07:44:49 - Response
code: 200
message: OK
body: {"events_received":1,"messages":[],"fbtrace_id":"Aqm0maCoAt81KF_6VH5y8s_"}

11-14-2023 @ 07:44:49 - Request
method: GET
uri: https://graph.facebook.com/v16.0/fbe_business?fbe_external_business_id=okpsdoor-6454b365f14df
user-agent: Facebook-for-WooCommerce/3.0.23 (WooCommerce/7.7.2; WordPress/6.4.1)
body:
duration: 0.28441s

11-14-2023 @ 07:44:49 - Response
code: 200
message: OK
body: {"business":{"name":"Okps Door"},"ads":[{"feature_instance_id":"1653664188416318","enabled":true}],"catalogs":[{"feature_instance_id":"925632232095199","enabled":true}],"catalog_feed_scheduled":{"enabled":false},"fb_shops":[{"enabled":false}],"ig_cta":{"enabled":false},"ig_shopping":{"enabled":true},"ig_shoppings":[{"feature_instance_id":"636856034922684","enabled":true}],"messenger_chat":{"enabled":true,"domains":["https:\/\/www.okpsdoor.com\/"],"default_locale":"en_US"},"messenger_chats":[{"feature_instance_id":"1644794592633150","enabled":true,"domains":["https:\/\/www.okpsdoor.com\/"],"default_locale":"en_US"}],"messenger_menu":{"enabled":false},"page_card":{"enabled":false},"page_cta":{"enabled":false},"page_post":{"enabled":false},"page_shop":{"enabled":false},"pixels":[{"feature_instance_id":"7027469227280260","enabled":true},{"enabled":false}],"thread_intent":{"enabled":false}}

11-14-2023 @ 07:58:36 - Request
method: POST
uri: https://graph.facebook.com/v16.0/1311088993098283/events
user-agent: Facebook-for-WooCommerce/3.0.23 (WooCommerce/7.7.2; WordPress/6.4.1)
body: {"data":[{"action_source":"website","event_time":1699941516,"event_id":"c0199f4a-cd4b-43b2-9a2a-8d3eb18f92d2","event_source_url":"https:\/\/www.okpsdoor.com\/product\/okps01-door-interior\/","custom_data":{"content_name":"OKPS01 DOOR INTERIOR","content_ids":"[\"wc_post_id_3688\"]","content_type":"product","contents":"[{\"id\":\"wc_post_id_3688\",\"quantity\":1}]","content_category":"PVC Mdf","value":"90","currency":"USD"},"user_data":{"client_ip_address":"69.63.184.4","client_user_agent":"facebookexternalhit\/1.1 (+http:\/\/www.facebook.com\/externalhit_uatext.php)","fbc":"","fbp":""},"event_name":"ViewContent"}],"partner_agent":"woocommerce-7.7.2-3.0.23"}
duration: 0.2692s

11-14-2023 @ 07:58:36 - Response
code: 200
message: OK
body: {"events_received":1,"messages":[],"fbtrace_id":"Av-UrfbULXzN5dCQSWZDfP0"}

11-14-2023 @ 08:21:38 - Request
method: POST
uri: https://graph.facebook.com/v16.0/1311088993098283/events
user-agent: Facebook-for-WooCommerce/3.0.23 (WooCommerce/7.7.2; WordPress/6.4.1)
body: {"data":[{"action_source":"website","event_time":1699942897,"event_id":"b235a57f-3420-4819-9493-d3f8ce615218","event_source_url":"https:\/\/www.okpsdoor.com\/product\/p012-panel-door\/?noamp=mobile","custom_data":{"content_name":"P012 Panel Door","content_ids":"[\"P012_3942\"]","content_type":"product","contents":"[{\"id\":\"P012_3942\",\"quantity\":1}]","content_category":"Lacquered MDF Doors","value":0,"currency":"USD"},"user_data":{"client_ip_address":"47.128.19.13","client_user_agent":"Mozilla\/5.0 (compatible; Bytespider; spider-feedback@bytedance.com) AppleWebKit\/537.36 (KHTML, like Gecko) Chrome\/70.0.0.0 Safari\/537.36","fbc":"","fbp":""},"event_name":"ViewContent"}],"partner_agent":"woocommerce-7.7.2-3.0.23"}
duration: 0.36737s

11-14-2023 @ 08:21:38 - Response
code: 200
message: OK
body: {"events_received":1,"messages":[],"fbtrace_id":"A7JJjEN01L0y6XW0W-zibyy"}

11-14-2023 @ 08:29:38 - Request
method: POST
uri: https://graph.facebook.com/v16.0/1311088993098283/events
user-agent: Facebook-for-WooCommerce/3.0.23 (WooCommerce/7.7.2; WordPress/6.4.1)
body: {"data":[{"action_source":"website","event_time":1699943377,"event_id":"cff649c0-0df8-4a90-9f3c-468fef7fed79","event_source_url":"https:\/\/www.okpsdoor.com\/product\/p015-panel-door\/?noamp=mobile","custom_data":{"content_name":"P015 Panel Door","content_ids":"[\"P015_3939\"]","content_type":"product","contents":"[{\"id\":\"P015_3939\",\"quantity\":1}]","content_category":"Lacquered MDF Doors","value":0,"currency":"USD"},"user_data":{"client_ip_address":"47.128.34.174","client_user_agent":"Mozilla\/5.0 (compatible; Bytespider; spider-feedback@bytedance.com) AppleWebKit\/537.36 (KHTML, like Gecko) Chrome\/70.0.0.0 Safari\/537.36","fbc":"","fbp":""},"event_name":"ViewContent"}],"partner_agent":"woocommerce-7.7.2-3.0.23"}
duration: 0.28863s

11-14-2023 @ 08:29:38 - Response
code: 200
message: OK
body: {"events_received":1,"messages":[],"fbtrace_id":"AA2tuJOFmCKBfui8mCyI8Gi"}

11-14-2023 @ 08:57:07 - Request
method: POST
uri: https://graph.facebook.com/v16.0/1311088993098283/events
user-agent: Facebook-for-WooCommerce/3.0.23 (WooCommerce/7.7.2; WordPress/6.4.1)
body: {"data":[{"action_source":"website","event_time":1699945026,"event_id":"3d5254fa-b05e-44e7-9970-593a44d2ebcb","event_source_url":"https:\/\/www.okpsdoor.com\/product\/p005-panel-door\/?noamp=mobile","custom_data":{"content_name":"P005 Panel Door","content_ids":"[\"P005_3949\"]","content_type":"product","contents":"[{\"id\":\"P005_3949\",\"quantity\":1}]","content_category":"Lacquered MDF Doors","value":0,"currency":"USD"},"user_data":{"client_ip_address":"47.128.18.31","client_user_agent":"Mozilla\/5.0 (compatible; Bytespider; spider-feedback@bytedance.com) AppleWebKit\/537.36 (KHTML, like Gecko) Chrome\/70.0.0.0 Safari\/537.36","fbc":"","fbp":""},"event_name":"ViewContent"}],"partner_agent":"woocommerce-7.7.2-3.0.23"}
duration: 0.41394s

11-14-2023 @ 08:57:07 - Response
code: 200
message: OK
body: {"events_received":1,"messages":[],"fbtrace_id":"AXAEW521Z8lFgwntgsWuIir"}

11-14-2023 @ 09:19:52 - Request
method: POST
uri: https://graph.facebook.com/v16.0/1311088993098283/events
user-agent: Facebook-for-WooCommerce/3.0.23 (WooCommerce/7.7.2; WordPress/6.4.1)
body: {"data":[{"action_source":"website","event_time":1699946391,"event_id":"7d09c286-80f6-4322-850e-d5de23da2cf1","event_source_url":"https:\/\/www.okpsdoor.com\/product\/p003-panel-door\/?noamp=mobile","custom_data":{"content_name":"P003 Panel Door","content_ids":"[\"P003_3951\"]","content_type":"product","contents":"[{\"id\":\"P003_3951\",\"quantity\":1}]","content_category":"Lacquered MDF Doors","value":0,"currency":"USD"},"user_data":{"client_ip_address":"47.128.28.179","client_user_agent":"Mozilla\/5.0 (compatible; Bytespider; spider-feedback@bytedance.com) AppleWebKit\/537.36 (KHTML, like Gecko) Chrome\/70.0.0.0 Safari\/537.36","fbc":"","fbp":""},"event_name":"ViewContent"}],"partner_agent":"woocommerce-7.7.2-3.0.23"}
duration: 0.2643s

11-14-2023 @ 09:19:52 - Response
code: 200
message: OK
body: {"events_received":1,"messages":[],"fbtrace_id":"ApnDyT6wv7POBnrFGYHiJ0A"}

11-14-2023 @ 09:19:52 - Request
method: GET
uri: https://graph.facebook.com/v16.0/fbe_business?fbe_external_business_id=okpsdoor-6454b365f14df
user-agent: Facebook-for-WooCommerce/3.0.23 (WooCommerce/7.7.2; WordPress/6.4.1)
body:
duration: 0.40273s

11-14-2023 @ 09:19:52 - Response
code: 200
message: OK
body: {"business":{"name":"Okps Door"},"ads":[{"feature_instance_id":"1653664188416318","enabled":true}],"catalogs":[{"feature_instance_id":"925632232095199","enabled":true}],"catalog_feed_scheduled":{"enabled":false},"fb_shops":[{"enabled":false}],"ig_cta":{"enabled":false},"ig_shopping":{"enabled":true},"ig_shoppings":[{"feature_instance_id":"636856034922684","enabled":true}],"messenger_chat":{"enabled":true,"domains":["https:\/\/www.okpsdoor.com\/"],"default_locale":"en_US"},"messenger_chats":[{"feature_instance_id":"1644794592633150","enabled":true,"domains":["https:\/\/www.okpsdoor.com\/"],"default_locale":"en_US"}],"messenger_menu":{"enabled":false},"page_card":{"enabled":false},"page_cta":{"enabled":false},"page_post":{"enabled":false},"page_shop":{"enabled":false},"pixels":[{"feature_instance_id":"7027469227280260","enabled":true},{"enabled":false}],"thread_intent":{"enabled":false}}

11-14-2023 @ 10:39:07 - Request
method: POST
uri: https://graph.facebook.com/v16.0/1311088993098283/events
user-agent: Facebook-for-WooCommerce/3.0.23 (WooCommerce/7.7.2; WordPress/6.4.1)
body: {"data":[{"action_source":"website","event_time":1699951147,"event_id":"a76ad208-aed6-4a4a-9636-55f93f348e6a","event_source_url":"https:\/\/www.okpsdoor.com\/product\/jhon-doe\/?noamp=mobile","custom_data":{"content_name":"Jhon doe","content_ids":"[\"$18\\\/m\\u00b2-1_2904\"]","content_type":"product","contents":"[{\"id\":\"$18\\\/m\\u00b2-1_2904\",\"quantity\":1}]","content_category":"Popular","value":0,"currency":"USD"},"user_data":{"client_ip_address":"47.128.34.231","client_user_agent":"Mozilla\/5.0 (compatible; Bytespider; spider-feedback@bytedance.com) AppleWebKit\/537.36 (KHTML, like Gecko) Chrome\/70.0.0.0 Safari\/537.36","fbc":"","fbp":""},"event_name":"ViewContent"}],"partner_agent":"woocommerce-7.7.2-3.0.23"}
duration: 0.13943s

11-14-2023 @ 10:39:07 - Response
code: 200
message: OK
body: {"events_received":1,"messages":[],"fbtrace_id":"AJjcMqi8CTZLQl66achYXsp"}

11-14-2023 @ 10:40:42 - Request
method: GET
uri: https://graph.facebook.com/v16.0/1668026370292586/product_feeds
user-agent: Facebook-for-WooCommerce/3.0.23 (WooCommerce/7.7.2; WordPress/6.4.1)
body:
duration: 0.34584s

11-14-2023 @ 10:40:42 - Response
code: 200
message: OK
body: {"data":[{"id":"1190280915023372","file_name":"Okps Door - Catalogue - Fil d\u2019actualit\u00e9","name":"Okps Door - Catalogue - Fil d\u2019actualit\u00e9"}],"paging":{"cursors":{"before":"QVFIUnhHSmRUQk8zWlVJdWxpTzM3cDJWcDBsendLN1otRDBCV18wbTlMX3RfVVRBSlVIRVNJSUp2SE42R1hJVmszTW9OV3BYSXpPZAUl2Y3djSTJJcURKRWdR","after":"QVFIUnhHSmRUQk8zWlVJdWxpTzM3cDJWcDBsendLN1otRDBCV18wbTlMX3RfVVRBSlVIRVNJSUp2SE42R1hJVmszTW9OV3BYSXpPZAUl2Y3djSTJJcURKRWdR"}}}

11-14-2023 @ 10:40:43 - Request
method: GET
uri: https://graph.facebook.com/v16.0/1190280915023372/?fields=created_time,latest_upload,product_count,schedule,update_schedule
user-agent: Facebook-for-WooCommerce/3.0.23 (WooCommerce/7.7.2; WordPress/6.4.1)
body:
duration: 0.33614s

11-14-2023 @ 10:40:43 - Response
code: 200
message: OK
body: {"created_time":"2023-05-05T07:48:28+0000","product_count":0,"id":"1190280915023372"}

11-14-2023 @ 10:40:43 - Request
method: GET
uri: https://graph.facebook.com/v16.0/fbe_business/fbe_installs?fbe_external_business_id=okpsdoor-6454b365f14df
user-agent: Facebook-for-WooCommerce/3.0.23 (WooCommerce/7.7.2; WordPress/6.4.1)
body:
duration: 0.45021s

11-14-2023 @ 10:40:43 - Response
code: 200
message: OK
body: {"data":[{"business_manager_id":"543747223972335","commerce_merchant_settings_id":"250740394101322","onsite_eligible":false,"pixel_id":"1311088993098283","profiles":["106325218977906","17841454389513479"],"ad_account_id":"783785203099424","catalog_id":"1668026370292586","pages":["106325218977906"],"instagram_profiles":["17841454389513479"],"ig_shop":{"status":"NOT_ELIGIBLE","reasons":[{"code":"UNKNOWN","message":"Your account is not eligible for Instagram Shopping at this time."}]},"token_type":"User","installed_features":[{"feature_instance_id":"7027469227280260","feature_type":"pixel","connected_assets":{"ad_account_id":"783785203099424","ig_profile_id":"17841454389513479","page_id":"106325218977906","pixel_id":"1311088993098283"},"additional_info":{"onsite_eligible":false,"pixel_is_consolidated_container":true}},{"feature_instance_id":"1653664188416318","feature_type":"ads","connected_assets":{"ad_account_id":"783785203099424","catalog_id":"1668026370292586","ig_profile_id":"17841454389513479","page_id":"106325218977906","pixel_id":"1311088993098283"},"additional_info":{"onsite_eligible":false,"pixel_is_consolidated_container":true}},{"feature_instance_id":"925632232095199","feature_type":"catalog","connected_assets":{"ad_account_id":"783785203099424","catalog_id":"1668026370292586","ig_profile_id":"17841454389513479","page_id":"106325218977906","pixel_id":"1311088993098283"},"additional_info":{"onsite_eligible":false,"pixel_is_consolidated_container":true}},{"feature_instance_id":"636856034922684","feature_type":"ig_shopping","connected_assets":{"catalog_id":"1668026370292586","commerce_merchant_settings_id":"250740394101322","ig_profile_id":"17841454389513479","page_id":"106325218977906"},"additional_info":{"onsite_eligible":false}},{"feature_instance_id":"1644794592633150","feature_type":"messenger_chat","connected_assets":{"ig_profile_id":"17841454389513479","page_id":"106325218977906"},"additional_info":{"onsite_eligible":false}}]}]}

11-14-2023 @ 10:40:43 - Retrieving page access token
11-14-2023 @ 10:40:44 - Request
method: GET
uri: https://graph.facebook.com/v16.0/fbe_business?fbe_external_business_id=okpsdoor-6454b365f14df
user-agent: Facebook-for-WooCommerce/3.0.23 (WooCommerce/7.7.2; WordPress/6.4.1)
body:
duration: 0.30724s

11-14-2023 @ 10:40:44 - Response
code: 200
message: OK
body: {"business":{"name":"Okps Door"},"ads":[{"feature_instance_id":"1653664188416318","enabled":true}],"catalogs":[{"feature_instance_id":"925632232095199","enabled":true}],"catalog_feed_scheduled":{"enabled":false},"fb_shops":[{"enabled":false}],"ig_cta":{"enabled":false},"ig_shopping":{"enabled":true},"ig_shoppings":[{"feature_instance_id":"636856034922684","enabled":true}],"messenger_chat":{"enabled":true,"domains":["https:\/\/www.okpsdoor.com\/"],"default_locale":"en_US"},"messenger_chats":[{"feature_instance_id":"1644794592633150","enabled":true,"domains":["https:\/\/www.okpsdoor.com\/"],"default_locale":"en_US"}],"messenger_menu":{"enabled":false},"page_card":{"enabled":false},"page_cta":{"enabled":false},"page_post":{"enabled":false},"page_shop":{"enabled":false},"pixels":[{"feature_instance_id":"7027469227280260","enabled":true},{"enabled":false}],"thread_intent":{"enabled":false}}

11-14-2023 @ 10:46:22 - Request
method: POST
uri: https://graph.facebook.com/v16.0/1311088993098283/events
user-agent: Facebook-for-WooCommerce/3.0.23 (WooCommerce/7.7.2; WordPress/6.4.1)
body: {"data":[{"action_source":"website","event_time":1699951582,"event_id":"1d37afef-9e2f-47a5-9941-83cfe453ad00","event_source_url":"https:\/\/www.okpsdoor.com\/product\/l065-lacquered-mdf-door\/?noamp=mobile","custom_data":{"content_name":"L065 Lacquered MDF Door","content_ids":"[\"L065_3854\"]","content_type":"product","contents":"[{\"id\":\"L065_3854\",\"quantity\":1}]","content_category":"Lacquered MDF Doors","value":0,"currency":"USD"},"user_data":{"client_ip_address":"114.119.148.197","client_user_agent":"Mozilla\/5.0 (Linux; Android 7.0;) AppleWebKit\/537.36 (KHTML, like Gecko) Mobile Safari\/537.36 (compatible; PetalBot;+https:\/\/webmaster.petalsearch.com\/site\/petalbot)","fbc":"","fbp":""},"event_name":"ViewContent"}],"partner_agent":"woocommerce-7.7.2-3.0.23"}
duration: 0.26181s

11-14-2023 @ 10:46:22 - Response
code: 200
message: OK
body: {"events_received":1,"messages":[],"fbtrace_id":"A9vOQa4Naar5Kw0tGjC7BuL"}

11-14-2023 @ 10:47:37 - Request
method: GET
uri: https://graph.facebook.com/v16.0/fbe_business?fbe_external_business_id=okpsdoor-6454b365f14df
user-agent: Facebook-for-WooCommerce/3.0.23 (WooCommerce/7.7.2; WordPress/6.4.1)
body:
duration: 0.2864s

11-14-2023 @ 10:47:37 - Response
code: 200
message: OK
body: {"business":{"name":"Okps Door"},"ads":[{"feature_instance_id":"1653664188416318","enabled":true}],"catalogs":[{"feature_instance_id":"925632232095199","enabled":true}],"catalog_feed_scheduled":{"enabled":false},"fb_shops":[{"enabled":false}],"ig_cta":{"enabled":false},"ig_shopping":{"enabled":true},"ig_shoppings":[{"feature_instance_id":"636856034922684","enabled":true}],"messenger_chat":{"enabled":true,"domains":["https:\/\/www.okpsdoor.com\/"],"default_locale":"en_US"},"messenger_chats":[{"feature_instance_id":"1644794592633150","enabled":true,"domains":["https:\/\/www.okpsdoor.com\/"],"default_locale":"en_US"}],"messenger_menu":{"enabled":false},"page_card":{"enabled":false},"page_cta":{"enabled":false},"page_post":{"enabled":false},"page_shop":{"enabled":false},"pixels":[{"feature_instance_id":"7027469227280260","enabled":true},{"enabled":false}],"thread_intent":{"enabled":false}}

11-14-2023 @ 10:49:09 - Request
method: POST
uri: https://graph.facebook.com/v16.0/1311088993098283/events
user-agent: Facebook-for-WooCommerce/3.0.23 (WooCommerce/7.7.2; WordPress/6.4.1)
body: {"data":[{"action_source":"website","event_time":1699951749,"event_id":"bc944717-9c43-488d-a41a-46f7c999ac6f","event_source_url":"https:\/\/www.okpsdoor.com\/product\/jhon-vladimir-copy-2\/?noamp=mobile","custom_data":{"content_name":"Jhon Vladimir (Copy)","content_ids":"[\"$18\\\/m\\u00b2-2_3106\"]","content_type":"product","contents":"[{\"id\":\"$18\\\/m\\u00b2-2_3106\",\"quantity\":1}]","content_category":"Popular","value":"29","currency":"USD"},"user_data":{"client_ip_address":"114.119.135.171","client_user_agent":"Mozilla\/5.0 (Linux; Android 7.0;) AppleWebKit\/537.36 (KHTML, like Gecko) Mobile Safari\/537.36 (compatible; PetalBot;+https:\/\/webmaster.petalsearch.com\/site\/petalbot)","fbc":"","fbp":""},"event_name":"ViewContent"}],"partner_agent":"woocommerce-7.7.2-3.0.23"}
duration: 0.29274s

11-14-2023 @ 10:49:09 - Response
code: 200
message: OK
body: {"events_received":1,"messages":[],"fbtrace_id":"Ah0yWAYkHz4of66388m5ypB"}

11-14-2023 @ 11:53:42 - Request
method: POST
uri: https://graph.facebook.com/v16.0/1311088993098283/events
user-agent: Facebook-for-WooCommerce/3.0.23 (WooCommerce/7.7.2; WordPress/6.4.1)
body: {"data":[{"action_source":"website","event_time":1699955622,"event_id":"a1f3bed3-cd76-468a-b903-13c5c3dd8cd2","event_source_url":"https:\/\/www.okpsdoor.com\/product\/p002-panel-door\/?noamp=mobile","custom_data":{"content_name":"P002 Panel Door","content_ids":"[\"P002_3952\"]","content_type":"product","contents":"[{\"id\":\"P002_3952\",\"quantity\":1}]","content_category":"Lacquered MDF Doors","value":0,"currency":"USD"},"user_data":{"client_ip_address":"47.128.57.54","client_user_agent":"Mozilla\/5.0 (compatible; Bytespider; spider-feedback@bytedance.com) AppleWebKit\/537.36 (KHTML, like Gecko) Chrome\/70.0.0.0 Safari\/537.36","fbc":"","fbp":""},"event_name":"ViewContent"}],"partner_agent":"woocommerce-7.7.2-3.0.23"}
duration: 0.35691s

11-14-2023 @ 11:53:42 - Response
code: 200
message: OK
body: {"events_received":1,"messages":[],"fbtrace_id":"Ao2Raykx1RX6BG7RrKgAd_F"}

11-14-2023 @ 12:13:21 - Request
method: POST
uri: https://graph.facebook.com/v16.0/1311088993098283/events
user-agent: Facebook-for-WooCommerce/3.0.23 (WooCommerce/7.7.2; WordPress/6.4.1)
body: {"data":[{"action_source":"website","event_time":1699956801,"event_id":"72114734-0212-4e83-aa79-cadeb6142a01","event_source_url":"https:\/\/www.okpsdoor.com\/product\/ml011-melamine-door\/?noamp=mobile","custom_data":{"content_name":"ML011 Melamine Door","content_ids":"[\"ML011_3889\"]","content_type":"product","contents":"[{\"id\":\"ML011_3889\",\"quantity\":1}]","content_category":"Lacquered MDF Doors","value":0,"currency":"USD"},"user_data":{"client_ip_address":"47.128.47.34","client_user_agent":"Mozilla\/5.0 (compatible; Bytespider; spider-feedback@bytedance.com) AppleWebKit\/537.36 (KHTML, like Gecko) Chrome\/70.0.0.0 Safari\/537.36","fbc":"","fbp":""},"event_name":"ViewContent"}],"partner_agent":"woocommerce-7.7.2-3.0.23"}
duration: 0.366s

11-14-2023 @ 12:13:21 - Response
code: 200
message: OK
body: {"events_received":1,"messages":[],"fbtrace_id":"APJScrzTozUzty5M79Ksted"}

11-14-2023 @ 12:27:28 - Request
method: GET
uri: https://graph.facebook.com/v16.0/fbe_business?fbe_external_business_id=okpsdoor-6454b365f14df
user-agent: Facebook-for-WooCommerce/3.0.23 (WooCommerce/7.7.2; WordPress/6.4.1)
body:
duration: 0.51629s

11-14-2023 @ 12:27:28 - Response
code: 200
message: OK
body: {"business":{"name":"Okps Door"},"ads":[{"feature_instance_id":"1653664188416318","enabled":true}],"catalogs":[{"feature_instance_id":"925632232095199","enabled":true}],"catalog_feed_scheduled":{"enabled":false},"fb_shops":[{"enabled":false}],"ig_cta":{"enabled":false},"ig_shopping":{"enabled":true},"ig_shoppings":[{"feature_instance_id":"636856034922684","enabled":true}],"messenger_chat":{"enabled":true,"domains":["https:\/\/www.okpsdoor.com\/"],"default_locale":"en_US"},"messenger_chats":[{"feature_instance_id":"1644794592633150","enabled":true,"domains":["https:\/\/www.okpsdoor.com\/"],"default_locale":"en_US"}],"messenger_menu":{"enabled":false},"page_card":{"enabled":false},"page_cta":{"enabled":false},"page_post":{"enabled":false},"page_shop":{"enabled":false},"pixels":[{"feature_instance_id":"7027469227280260","enabled":true},{"enabled":false}],"thread_intent":{"enabled":false}}

11-14-2023 @ 12:51:47 - Request
method: POST
uri: https://graph.facebook.com/v16.0/1311088993098283/events
user-agent: Facebook-for-WooCommerce/3.0.23 (WooCommerce/7.7.2; WordPress/6.4.1)
body: {"data":[{"action_source":"website","event_time":1699959107,"event_id":"b0e26d04-670e-4e77-ad74-3c8a279a384f","event_source_url":"https:\/\/www.okpsdoor.com\/product-category\/door\/lacquered-mdf-doors\/page\/8\/?add-to-cart=3727","custom_data":{"content_ids":"[\"L001-6_3727\"]","content_name":"L006 Lacquered MDF Door","content_type":"product","contents":"[{\"id\":\"L001-6_3727\",\"quantity\":1}]","value":1,"currency":"USD"},"user_data":{"client_ip_address":"216.244.66.249","client_user_agent":"Mozilla\/5.0 (compatible; DotBot\/1.2; +https:\/\/opensiteexplorer.org\/dotbot; help@moz.com)","fbc":"","fbp":""},"event_name":"AddToCart"}],"partner_agent":"woocommerce-7.7.2-3.0.23"}
duration: 0.35107s

11-14-2023 @ 12:51:47 - Response
code: 200
message: OK
body: {"events_received":1,"messages":[],"fbtrace_id":"AfYX78oDupt_F4pOe8Sy9qr"}

11-14-2023 @ 12:58:46 - Request
method: POST
uri: https://graph.facebook.com/v16.0/1311088993098283/events
user-agent: Facebook-for-WooCommerce/3.0.23 (WooCommerce/7.7.2; WordPress/6.4.1)
body: {"data":[{"action_source":"website","event_time":1699959526,"event_id":"e67cea44-a1c8-483d-bd29-745c8077111b","event_source_url":"https:\/\/www.okpsdoor.com\/product\/p015-panel-door\/?add-to-cart=3734","custom_data":{"content_ids":"[\"L001-13_3734\"]","content_name":"L013 Lacquered MDF Door","content_type":"product","contents":"[{\"id\":\"L001-13_3734\",\"quantity\":1}]","value":1,"currency":"USD"},"user_data":{"client_ip_address":"217.113.194.209","client_user_agent":"Mozilla\/5.0 (compatible; Barkrowler\/0.9; +https:\/\/babbar.tech\/crawler)","fbc":"","fbp":""},"event_name":"AddToCart"}],"partner_agent":"woocommerce-7.7.2-3.0.23"}
duration: 0.35555s

11-14-2023 @ 12:58:46 - Response
code: 200
message: OK
body: {"events_received":1,"messages":[],"fbtrace_id":"AYcdJvWMwcnkoTXGL-VVqgo"}

11-14-2023 @ 13:32:32 - Request
method: POST
uri: https://graph.facebook.com/v16.0/1311088993098283/events
user-agent: Facebook-for-WooCommerce/3.0.23 (WooCommerce/7.7.2; WordPress/6.4.1)
body: {"data":[{"action_source":"website","event_time":1699961551,"event_id":"42edf804-eb4b-43de-b4c4-a54b64acb5d2","event_source_url":"https:\/\/www.okpsdoor.com\/product\/ml003-melamine-door\/?noamp=mobile","custom_data":{"content_name":"ML003 Melamine Door","content_ids":"[\"ML003_3897\"]","content_type":"product","contents":"[{\"id\":\"ML003_3897\",\"quantity\":1}]","content_category":"Lacquered MDF Doors","value":0,"currency":"USD"},"user_data":{"client_ip_address":"47.128.39.203","client_user_agent":"Mozilla\/5.0 (compatible; Bytespider; spider-feedback@bytedance.com) AppleWebKit\/537.36 (KHTML, like Gecko) Chrome\/70.0.0.0 Safari\/537.36","fbc":"","fbp":""},"event_name":"ViewContent"}],"partner_agent":"woocommerce-7.7.2-3.0.23"}
duration: 0.31404s

11-14-2023 @ 13:32:32 - Response
code: 200
message: OK
body: {"events_received":1,"messages":[],"fbtrace_id":"AQCvW5Alr4kn4vqpeNcUiS-"}

11-14-2023 @ 13:32:32 - Request
method: GET
uri: https://graph.facebook.com/v16.0/fbe_business?fbe_external_business_id=okpsdoor-6454b365f14df
user-agent: Facebook-for-WooCommerce/3.0.23 (WooCommerce/7.7.2; WordPress/6.4.1)
body:
duration: 0.46075s

11-14-2023 @ 13:32:32 - Response
code: 200
message: OK
body: {"business":{"name":"Okps Door"},"ads":[{"feature_instance_id":"1653664188416318","enabled":true}],"catalogs":[{"feature_instance_id":"925632232095199","enabled":true}],"catalog_feed_scheduled":{"enabled":false},"fb_shops":[{"enabled":false}],"ig_cta":{"enabled":false},"ig_shopping":{"enabled":true},"ig_shoppings":[{"feature_instance_id":"636856034922684","enabled":true}],"messenger_chat":{"enabled":true,"domains":["https:\/\/www.okpsdoor.com\/"],"default_locale":"en_US"},"messenger_chats":[{"feature_instance_id":"1644794592633150","enabled":true,"domains":["https:\/\/www.okpsdoor.com\/"],"default_locale":"en_US"}],"messenger_menu":{"enabled":false},"page_card":{"enabled":false},"page_cta":{"enabled":false},"page_post":{"enabled":false},"page_shop":{"enabled":false},"pixels":[{"feature_instance_id":"7027469227280260","enabled":true},{"enabled":false}],"thread_intent":{"enabled":false}}

11-14-2023 @ 13:43:13 - Request
method: POST
uri: https://graph.facebook.com/v16.0/1311088993098283/events
user-agent: Facebook-for-WooCommerce/3.0.23 (WooCommerce/7.7.2; WordPress/6.4.1)
body: {"data":[{"action_source":"website","event_time":1699962193,"event_id":"9bf65f74-bfbe-43f1-8555-eaaf2f0e855b","event_source_url":"https:\/\/www.okpsdoor.com\/product-category\/door\/lacquered-mdf-doors\/page\/7\/?add-to-cart=3739","custom_data":{"content_ids":"[\"L001-18_3739\"]","content_name":"L019 Lacquered MDF Door","content_type":"product","contents":"[{\"id\":\"L001-18_3739\",\"quantity\":1}]","value":1,"currency":"USD"},"user_data":{"client_ip_address":"216.244.66.249","client_user_agent":"Mozilla\/5.0 (compatible; DotBot\/1.2; +https:\/\/opensiteexplorer.org\/dotbot; help@moz.com)","fbc":"","fbp":""},"event_name":"AddToCart"}],"partner_agent":"woocommerce-7.7.2-3.0.23"}
duration: 0.27197s

11-14-2023 @ 13:43:13 - Response
code: 200
message: OK
body: {"events_received":1,"messages":[],"fbtrace_id":"AG5BNGROLqW0lYwVJX7mdWr"}

11-14-2023 @ 13:43:44 - Request
method: POST
uri: https://graph.facebook.com/v16.0/1311088993098283/events
user-agent: Facebook-for-WooCommerce/3.0.23 (WooCommerce/7.7.2; WordPress/6.4.1)
body: {"data":[{"action_source":"website","event_time":1699962224,"event_id":"b4081a86-29be-447c-8254-23701f39e837","event_source_url":"https:\/\/www.okpsdoor.com\/product\/k001-wood-veneer-door\/?add-to-cart=3723","custom_data":{"content_ids":"[\"L001-2_3723\"]","content_name":"L002 Lacquered MDF Door","content_type":"product","contents":"[{\"id\":\"L001-2_3723\",\"quantity\":1}]","value":0,"currency":"USD"},"user_data":{"client_ip_address":"216.244.66.249","client_user_agent":"Mozilla\/5.0 (compatible; DotBot\/1.2; +https:\/\/opensiteexplorer.org\/dotbot; help@moz.com)","fbc":"","fbp":""},"event_name":"AddToCart"}],"partner_agent":"woocommerce-7.7.2-3.0.23"}
duration: 0.26826s

11-14-2023 @ 13:43:44 - Response
code: 200
message: OK
body: {"events_received":1,"messages":[],"fbtrace_id":"AnKr9Js3nhD9PaipceDm9vu"}

11-14-2023 @ 13:44:18 - Request
method: POST
uri: https://graph.facebook.com/v16.0/1311088993098283/events
user-agent: Facebook-for-WooCommerce/3.0.23 (WooCommerce/7.7.2; WordPress/6.4.1)
body: {"data":[{"action_source":"website","event_time":1699962258,"event_id":"7c9ac0fc-886e-495b-a775-9d6073c4c9e4","event_source_url":"https:\/\/www.okpsdoor.com\/product\/k002-wood-veneer-door\/?add-to-cart=3724","custom_data":{"content_ids":"[\"L001-3_3724\"]","content_name":"L003 Lacquered MDF Door","content_type":"product","contents":"[{\"id\":\"L001-3_3724\",\"quantity\":1}]","value":1,"currency":"USD"},"user_data":{"client_ip_address":"216.244.66.249","client_user_agent":"Mozilla\/5.0 (compatible; DotBot\/1.2; +https:\/\/opensiteexplorer.org\/dotbot; help@moz.com)","fbc":"","fbp":""},"event_name":"AddToCart"}],"partner_agent":"woocommerce-7.7.2-3.0.23"}
duration: 0.26293s

11-14-2023 @ 13:44:18 - Response
code: 200
message: OK
body: {"events_received":1,"messages":[],"fbtrace_id":"AEidthQ-1wXCBcLsjSjz5jH"}

11-14-2023 @ 13:44:48 - Request
method: POST
uri: https://graph.facebook.com/v16.0/1311088993098283/events
user-agent: Facebook-for-WooCommerce/3.0.23 (WooCommerce/7.7.2; WordPress/6.4.1)
body: {"data":[{"action_source":"website","event_time":1699962287,"event_id":"bc11f3a4-bde0-4639-9c8e-c0036551dd47","event_source_url":"https:\/\/www.okpsdoor.com\/product\/p007-panel-door\/?add-to-cart=3764","custom_data":{"content_ids":"[\"L001-18-1_3764\"]","content_name":"L020 Lacquered MDF Door","content_type":"product","contents":"[{\"id\":\"L001-18-1_3764\",\"quantity\":1}]","value":1,"currency":"USD"},"user_data":{"client_ip_address":"216.244.66.249","client_user_agent":"Mozilla\/5.0 (compatible; DotBot\/1.2; +https:\/\/opensiteexplorer.org\/dotbot; help@moz.com)","fbc":"","fbp":""},"event_name":"AddToCart"}],"partner_agent":"woocommerce-7.7.2-3.0.23"}
duration: 0.35807s

11-14-2023 @ 13:44:48 - Response
code: 200
message: OK
body: {"events_received":1,"messages":[],"fbtrace_id":"A5TQ81d-75UZNY1554kWONN"}

11-14-2023 @ 13:45:16 - Request
method: POST
uri: https://graph.facebook.com/v16.0/1311088993098283/events
user-agent: Facebook-for-WooCommerce/3.0.23 (WooCommerce/7.7.2; WordPress/6.4.1)
body: {"data":[{"action_source":"website","event_time":1699962315,"event_id":"c697ed7e-f6eb-4865-b40c-d72c31615270","event_source_url":"https:\/\/www.okpsdoor.com\/product\/s001-steel-door\/?add-to-cart=3725","custom_data":{"content_ids":"[\"L001-4_3725\"]","content_name":"L004 Lacquered MDF Door","content_type":"product","contents":"[{\"id\":\"L001-4_3725\",\"quantity\":1}]","value":1,"currency":"USD"},"user_data":{"client_ip_address":"216.244.66.249","client_user_agent":"Mozilla\/5.0 (compatible; DotBot\/1.2; +https:\/\/opensiteexplorer.org\/dotbot; help@moz.com)","fbc":"","fbp":""},"event_name":"AddToCart"}],"partner_agent":"woocommerce-7.7.2-3.0.23"}
duration: 0.36993s

11-14-2023 @ 13:45:16 - Response
code: 200
message: OK
body: {"events_received":1,"messages":[],"fbtrace_id":"AxAjxBXZ9d714FGPenELz3c"}

11-14-2023 @ 14:13:14 - Request
method: POST
uri: https://graph.facebook.com/v16.0/1311088993098283/events
user-agent: Facebook-for-WooCommerce/3.0.23 (WooCommerce/7.7.2; WordPress/6.4.1)
body: {"data":[{"action_source":"website","event_time":1699963994,"event_id":"b7d74078-81d7-4060-80c2-5efca0a6bcd9","event_source_url":"https:\/\/www.okpsdoor.com\/product\/ml014-melamine-door\/?noamp=mobile","custom_data":{"content_name":"ML014 Melamine Door","content_ids":"[\"ML014_3886\"]","content_type":"product","contents":"[{\"id\":\"ML014_3886\",\"quantity\":1}]","content_category":"Lacquered MDF Doors","value":0,"currency":"USD"},"user_data":{"client_ip_address":"47.128.48.195","client_user_agent":"Mozilla\/5.0 (compatible; Bytespider; spider-feedback@bytedance.com) AppleWebKit\/537.36 (KHTML, like Gecko) Chrome\/70.0.0.0 Safari\/537.36","fbc":"","fbp":""},"event_name":"ViewContent"}],"partner_agent":"woocommerce-7.7.2-3.0.23"}
duration: 0.29889s

11-14-2023 @ 14:13:14 - Response
code: 200
message: OK
body: {"events_received":1,"messages":[],"fbtrace_id":"A78JHyv490vbcT7fJfEFLgQ"}

11-14-2023 @ 14:20:07 - Request
method: GET
uri: https://graph.facebook.com/v16.0/fbe_business?fbe_external_business_id=okpsdoor-6454b365f14df
user-agent: Facebook-for-WooCommerce/3.0.23 (WooCommerce/7.7.2; WordPress/6.4.1)
body:
duration: 0.29908s

11-14-2023 @ 14:20:07 - Response
code: 200
message: OK
body: {"business":{"name":"Okps Door"},"ads":[{"feature_instance_id":"1653664188416318","enabled":true}],"catalogs":[{"feature_instance_id":"925632232095199","enabled":true}],"catalog_feed_scheduled":{"enabled":false},"fb_shops":[{"enabled":false}],"ig_cta":{"enabled":false},"ig_shopping":{"enabled":true},"ig_shoppings":[{"feature_instance_id":"636856034922684","enabled":true}],"messenger_chat":{"enabled":true,"domains":["https:\/\/www.okpsdoor.com\/"],"default_locale":"en_US"},"messenger_chats":[{"feature_instance_id":"1644794592633150","enabled":true,"domains":["https:\/\/www.okpsdoor.com\/"],"default_locale":"en_US"}],"messenger_menu":{"enabled":false},"page_card":{"enabled":false},"page_cta":{"enabled":false},"page_post":{"enabled":false},"page_shop":{"enabled":false},"pixels":[{"feature_instance_id":"7027469227280260","enabled":true},{"enabled":false}],"thread_intent":{"enabled":false}}

11-14-2023 @ 14:25:50 - Request
method: POST
uri: https://graph.facebook.com/v16.0/1311088993098283/events
user-agent: Facebook-for-WooCommerce/3.0.23 (WooCommerce/7.7.2; WordPress/6.4.1)
body: {"data":[{"action_source":"website","event_time":1699964749,"event_id":"7d5435df-b098-4bfc-8219-e1f31d88214c","event_source_url":"https:\/\/www.okpsdoor.com\/product\/p007-panel-door\/?add-to-cart=3688","custom_data":{"content_ids":"[\"wc_post_id_3688\"]","content_name":"OKPS01 DOOR INTERIOR","content_type":"product","contents":"[{\"id\":\"wc_post_id_3688\",\"quantity\":1}]","value":90,"currency":"USD"},"user_data":{"client_ip_address":"216.244.66.249","client_user_agent":"Mozilla\/5.0 (compatible; DotBot\/1.2; +https:\/\/opensiteexplorer.org\/dotbot; help@moz.com)","fbc":"","fbp":""},"event_name":"AddToCart"}],"partner_agent":"woocommerce-7.7.2-3.0.23"}
duration: 0.28708s

11-14-2023 @ 14:25:50 - Response
code: 200
message: OK
body: {"events_received":1,"messages":[],"fbtrace_id":"ALXBV3apMNX_ZvkMcbfGa4H"}

11-14-2023 @ 14:26:22 - Request
method: POST
uri: https://graph.facebook.com/v16.0/1311088993098283/events
user-agent: Facebook-for-WooCommerce/3.0.23 (WooCommerce/7.7.2; WordPress/6.4.1)
body: {"data":[{"action_source":"website","event_time":1699964782,"event_id":"f4c2c2bc-2141-4771-85fa-d1f5ec990239","event_source_url":"https:\/\/www.okpsdoor.com\/product\/pvc002-pvc-door\/?add-to-cart=3765","custom_data":{"content_ids":"[\"L001-18-2_3765\"]","content_name":"L021 Lacquered MDF Door","content_type":"product","contents":"[{\"id\":\"L001-18-2_3765\",\"quantity\":1}]","value":1,"currency":"USD"},"user_data":{"client_ip_address":"216.244.66.249","client_user_agent":"Mozilla\/5.0 (compatible; DotBot\/1.2; +https:\/\/opensiteexplorer.org\/dotbot; help@moz.com)","fbc":"","fbp":""},"event_name":"AddToCart"}],"partner_agent":"woocommerce-7.7.2-3.0.23"}
duration: 0.27775s

11-14-2023 @ 14:26:22 - Response
code: 200
message: OK
body: {"events_received":1,"messages":[],"fbtrace_id":"AUgTSYpVDTDfnxqJ_T-AV0V"}

11-14-2023 @ 14:26:55 - Request
method: POST
uri: https://graph.facebook.com/v16.0/1311088993098283/events
user-agent: Facebook-for-WooCommerce/3.0.23 (WooCommerce/7.7.2; WordPress/6.4.1)
body: {"data":[{"action_source":"website","event_time":1699964814,"event_id":"af71f581-329c-477c-bd2f-46ac7c4bc5f7","event_source_url":"https:\/\/www.okpsdoor.com\/product\/pvc005-pvc-door\/?add-to-cart=3765","custom_data":{"content_ids":"[\"L001-18-2_3765\"]","content_name":"L021 Lacquered MDF Door","content_type":"product","contents":"[{\"id\":\"L001-18-2_3765\",\"quantity\":1}]","value":1,"currency":"USD"},"user_data":{"client_ip_address":"216.244.66.249","client_user_agent":"Mozilla\/5.0 (compatible; DotBot\/1.2; +https:\/\/opensiteexplorer.org\/dotbot; help@moz.com)","fbc":"","fbp":""},"event_name":"AddToCart"}],"partner_agent":"woocommerce-7.7.2-3.0.23"}
duration: 0.26633s

11-14-2023 @ 14:26:55 - Response
code: 200
message: OK
body: {"events_received":1,"messages":[],"fbtrace_id":"A0geOGy0J9zwcFqlwihsjGL"}

11-14-2023 @ 15:17:30 - Request
method: GET
uri: https://graph.facebook.com/v16.0/fbe_business?fbe_external_business_id=okpsdoor-6454b365f14df
user-agent: Facebook-for-WooCommerce/3.0.23 (WooCommerce/7.7.2; WordPress/6.4.1)
body:
duration: 0.30896s

11-14-2023 @ 15:17:30 - Response
code: 200
message: OK
body: {"business":{"name":"Okps Door"},"ads":[{"feature_instance_id":"1653664188416318","enabled":true}],"catalogs":[{"feature_instance_id":"925632232095199","enabled":true}],"catalog_feed_scheduled":{"enabled":false},"fb_shops":[{"enabled":false}],"ig_cta":{"enabled":false},"ig_shopping":{"enabled":true},"ig_shoppings":[{"feature_instance_id":"636856034922684","enabled":true}],"messenger_chat":{"enabled":true,"domains":["https:\/\/www.okpsdoor.com\/"],"default_locale":"en_US"},"messenger_chats":[{"feature_instance_id":"1644794592633150","enabled":true,"domains":["https:\/\/www.okpsdoor.com\/"],"default_locale":"en_US"}],"messenger_menu":{"enabled":false},"page_card":{"enabled":false},"page_cta":{"enabled":false},"page_post":{"enabled":false},"page_shop":{"enabled":false},"pixels":[{"feature_instance_id":"7027469227280260","enabled":true},{"enabled":false}],"thread_intent":{"enabled":false}}

11-14-2023 @ 15:17:30 - Request
method: POST
uri: https://graph.facebook.com/v16.0/1311088993098283/events
user-agent: Facebook-for-WooCommerce/3.0.23 (WooCommerce/7.7.2; WordPress/6.4.1)
body: {"data":[{"action_source":"website","event_time":1699967850,"event_id":"51715549-50c8-440a-8253-dca2abdbe254","event_source_url":"https:\/\/www.okpsdoor.com\/product\/p014-panel-door\/?noamp=mobile","custom_data":{"content_name":"P014 Panel Door","content_ids":"[\"P014_3940\"]","content_type":"product","contents":"[{\"id\":\"P014_3940\",\"quantity\":1}]","content_category":"Lacquered MDF Doors","value":0,"currency":"USD"},"user_data":{"client_ip_address":"114.119.130.213","client_user_agent":"Mozilla\/5.0 (Linux; Android 7.0;) AppleWebKit\/537.36 (KHTML, like Gecko) Mobile Safari\/537.36 (compatible; PetalBot;+https:\/\/webmaster.petalsearch.com\/site\/petalbot)","fbc":"","fbp":""},"event_name":"ViewContent"}],"partner_agent":"woocommerce-7.7.2-3.0.23"}
duration: 0.26635s

11-14-2023 @ 15:17:30 - Response
code: 200
message: OK
body: {"events_received":1,"messages":[],"fbtrace_id":"AYKBSgXZYVmLCNfvSFoKOIf"}

11-14-2023 @ 15:17:52 - Request
method: POST
uri: https://graph.facebook.com/v16.0/1311088993098283/events
user-agent: Facebook-for-WooCommerce/3.0.23 (WooCommerce/7.7.2; WordPress/6.4.1)
body: {"data":[{"action_source":"website","event_time":1699967871,"event_id":"cb56daec-50ee-482f-8815-a4b632696e1b","event_source_url":"https:\/\/www.okpsdoor.com\/product\/k007-wood-veneer-door\/?add-to-cart=3688","custom_data":{"content_ids":"[\"wc_post_id_3688\"]","content_name":"OKPS01 DOOR INTERIOR","content_type":"product","contents":"[{\"id\":\"wc_post_id_3688\",\"quantity\":1}]","value":90,"currency":"USD"},"user_data":{"client_ip_address":"216.244.66.249","client_user_agent":"Mozilla\/5.0 (compatible; DotBot\/1.2; +https:\/\/opensiteexplorer.org\/dotbot; help@moz.com)","fbc":"","fbp":""},"event_name":"AddToCart"}],"partner_agent":"woocommerce-7.7.2-3.0.23"}
duration: 0.34221s

11-14-2023 @ 15:17:52 - Response
code: 200
message: OK
body: {"events_received":1,"messages":[],"fbtrace_id":"A6X6ls_iAzuaPe1SdI1yop2"}

11-14-2023 @ 15:55:10 - Request
method: POST
uri: https://graph.facebook.com/v16.0/1311088993098283/events
user-agent: Facebook-for-WooCommerce/3.0.23 (WooCommerce/7.7.2; WordPress/6.4.1)
body: {"data":[{"action_source":"website","event_time":1699970110,"event_id":"97deaf91-353f-4343-8acc-ee0b67f6f5f1","event_source_url":"https:\/\/www.okpsdoor.com\/product\/k004-wood-veneer-door\/?noamp=mobile","custom_data":{"content_name":"K004 Wood Veneer Door","content_ids":"[\"K004 Wood Veneer Door_3967\"]","content_type":"product","contents":"[{\"id\":\"K004 Wood Veneer Door_3967\",\"quantity\":1}]","content_category":"Wood Veneer Doors","value":0,"currency":"USD"},"user_data":{"client_ip_address":"114.119.139.94","client_user_agent":"Mozilla\/5.0 (Linux; Android 7.0;) AppleWebKit\/537.36 (KHTML, like Gecko) Mobile Safari\/537.36 (compatible; PetalBot;+https:\/\/webmaster.petalsearch.com\/site\/petalbot)","fbc":"","fbp":""},"event_name":"ViewContent"}],"partner_agent":"woocommerce-7.7.2-3.0.23"}
duration: 0.29247s

11-14-2023 @ 15:55:10 - Response
code: 200
message: OK
body: {"events_received":1,"messages":[],"fbtrace_id":"AvkbTzTGEWDahov-NrW8Ssc"}

11-14-2023 @ 15:59:08 - Request
method: GET
uri: https://graph.facebook.com/v16.0/fbe_business?fbe_external_business_id=okpsdoor-6454b365f14df
user-agent: Facebook-for-WooCommerce/3.0.23 (WooCommerce/7.7.2; WordPress/6.4.1)
body:
duration: 0.231s

11-14-2023 @ 15:59:08 - Response
code: 200
message: OK
body: {"business":{"name":"Okps Door"},"ads":[{"feature_instance_id":"1653664188416318","enabled":true}],"catalogs":[{"feature_instance_id":"925632232095199","enabled":true}],"catalog_feed_scheduled":{"enabled":false},"fb_shops":[{"enabled":false}],"ig_cta":{"enabled":false},"ig_shopping":{"enabled":true},"ig_shoppings":[{"feature_instance_id":"636856034922684","enabled":true}],"messenger_chat":{"enabled":true,"domains":["https:\/\/www.okpsdoor.com\/"],"default_locale":"en_US"},"messenger_chats":[{"feature_instance_id":"1644794592633150","enabled":true,"domains":["https:\/\/www.okpsdoor.com\/"],"default_locale":"en_US"}],"messenger_menu":{"enabled":false},"page_card":{"enabled":false},"page_cta":{"enabled":false},"page_post":{"enabled":false},"page_shop":{"enabled":false},"pixels":[{"feature_instance_id":"7027469227280260","enabled":true},{"enabled":false}],"thread_intent":{"enabled":false}}

11-14-2023 @ 16:39:41 - Request
method: POST
uri: https://graph.facebook.com/v16.0/1311088993098283/events
user-agent: Facebook-for-WooCommerce/3.0.23 (WooCommerce/7.7.2; WordPress/6.4.1)
body: {"data":[{"action_source":"website","event_time":1699972780,"event_id":"e67495a4-4ae2-483c-850f-2a0722e9a97b","event_source_url":"https:\/\/www.okpsdoor.com\/product\/l015-lacquered-mdf-door\/?noamp=mobile","custom_data":{"content_name":"L015 Lacquered MDF Door","content_ids":"[\"L001-15_3736\"]","content_type":"product","contents":"[{\"id\":\"L001-15_3736\",\"quantity\":1}]","content_category":"Lacquered MDF Doors","value":"1","currency":"USD"},"user_data":{"client_ip_address":"47.128.55.30","client_user_agent":"Mozilla\/5.0 (compatible; Bytespider; spider-feedback@bytedance.com) AppleWebKit\/537.36 (KHTML, like Gecko) Chrome\/70.0.0.0 Safari\/537.36","fbc":"","fbp":""},"event_name":"ViewContent"}],"partner_agent":"woocommerce-7.7.2-3.0.23"}
duration: 0.27359s

11-14-2023 @ 16:39:41 - Response
code: 200
message: OK
body: {"events_received":1,"messages":[],"fbtrace_id":"AHVu6EWERY5vUIDyKNpDacs"}

11-14-2023 @ 17:23:28 - Request
method: GET
uri: https://graph.facebook.com/v16.0/fbe_business?fbe_external_business_id=okpsdoor-6454b365f14df
user-agent: Facebook-for-WooCommerce/3.0.23 (WooCommerce/7.7.2; WordPress/6.4.1)
body:
duration: 0.33838s

11-14-2023 @ 17:23:28 - Response
code: 200
message: OK
body: {"business":{"name":"Okps Door"},"ads":[{"feature_instance_id":"1653664188416318","enabled":true}],"catalogs":[{"feature_instance_id":"925632232095199","enabled":true}],"catalog_feed_scheduled":{"enabled":false},"fb_shops":[{"enabled":false}],"ig_cta":{"enabled":false},"ig_shopping":{"enabled":true},"ig_shoppings":[{"feature_instance_id":"636856034922684","enabled":true}],"messenger_chat":{"enabled":true,"domains":["https:\/\/www.okpsdoor.com\/"],"default_locale":"en_US"},"messenger_chats":[{"feature_instance_id":"1644794592633150","enabled":true,"domains":["https:\/\/www.okpsdoor.com\/"],"default_locale":"en_US"}],"messenger_menu":{"enabled":false},"page_card":{"enabled":false},"page_cta":{"enabled":false},"page_post":{"enabled":false},"page_shop":{"enabled":false},"pixels":[{"feature_instance_id":"7027469227280260","enabled":true},{"enabled":false}],"thread_intent":{"enabled":false}}

11-14-2023 @ 17:25:45 - Request
method: POST
uri: https://graph.facebook.com/v16.0/1311088993098283/events
user-agent: Facebook-for-WooCommerce/3.0.23 (WooCommerce/7.7.2; WordPress/6.4.1)
body: {"data":[{"action_source":"website","event_time":1699975545,"event_id":"16347198-61f8-45b7-bb72-3b7b78440ace","event_source_url":"https:\/\/www.okpsdoor.com\/product\/k008-wood-veneer-door\/?add-to-cart=3680","custom_data":{"content_ids":"[\"okps01_3680\"]","content_name":"Ak0001 Door PVC MDF","content_type":"product","contents":"[{\"id\":\"okps01_3680\",\"quantity\":1}]","value":90,"currency":"USD"},"user_data":{"client_ip_address":"216.244.66.249","client_user_agent":"Mozilla\/5.0 (compatible; DotBot\/1.2; +https:\/\/opensiteexplorer.org\/dotbot; help@moz.com)","fbc":"","fbp":""},"event_name":"AddToCart"}],"partner_agent":"woocommerce-7.7.2-3.0.23"}
duration: 0.2702s

11-14-2023 @ 17:25:45 - Response
code: 200
message: OK
body: {"events_received":1,"messages":[],"fbtrace_id":"AKwBM9XNDPbcJWf4K3tNA8r"}

11-14-2023 @ 17:26:06 - Request
method: POST
uri: https://graph.facebook.com/v16.0/1311088993098283/events
user-agent: Facebook-for-WooCommerce/3.0.23 (WooCommerce/7.7.2; WordPress/6.4.1)
body: {"data":[{"action_source":"website","event_time":1699975566,"event_id":"69e7c255-52ba-491d-9242-d4bfb75e828d","event_source_url":"https:\/\/www.okpsdoor.com\/product\/p010-panel-door\/?add-to-cart=3724","custom_data":{"content_ids":"[\"L001-3_3724\"]","content_name":"L003 Lacquered MDF Door","content_type":"product","contents":"[{\"id\":\"L001-3_3724\",\"quantity\":1}]","value":1,"currency":"USD"},"user_data":{"client_ip_address":"216.244.66.249","client_user_agent":"Mozilla\/5.0 (compatible; DotBot\/1.2; +https:\/\/opensiteexplorer.org\/dotbot; help@moz.com)","fbc":"","fbp":""},"event_name":"AddToCart"}],"partner_agent":"woocommerce-7.7.2-3.0.23"}
duration: 0.27906s

11-14-2023 @ 17:26:06 - Response
code: 200
message: OK
body: {"events_received":1,"messages":[],"fbtrace_id":"ASGIZhqnSl6mUz9bWmnDzI0"}

11-14-2023 @ 17:26:29 - Request
method: POST
uri: https://graph.facebook.com/v16.0/1311088993098283/events
user-agent: Facebook-for-WooCommerce/3.0.23 (WooCommerce/7.7.2; WordPress/6.4.1)
body: {"data":[{"action_source":"website","event_time":1699975588,"event_id":"147e1d9b-3305-4ee7-a9d1-39d0bdc048c8","event_source_url":"https:\/\/www.okpsdoor.com\/product\/p011-panel-door\/?add-to-cart=3680","custom_data":{"content_ids":"[\"okps01_3680\"]","content_name":"Ak0001 Door PVC MDF","content_type":"product","contents":"[{\"id\":\"okps01_3680\",\"quantity\":1}]","value":90,"currency":"USD"},"user_data":{"client_ip_address":"216.244.66.249","client_user_agent":"Mozilla\/5.0 (compatible; DotBot\/1.2; +https:\/\/opensiteexplorer.org\/dotbot; help@moz.com)","fbc":"","fbp":""},"event_name":"AddToCart"}],"partner_agent":"woocommerce-7.7.2-3.0.23"}
duration: 0.27406s

11-14-2023 @ 17:26:29 - Response
code: 200
message: OK
body: {"events_received":1,"messages":[],"fbtrace_id":"AE_AhlalqQsm-xJooc3SK1L"}

11-14-2023 @ 17:30:56 - Request
method: POST
uri: https://graph.facebook.com/v16.0/1311088993098283/events
user-agent: Facebook-for-WooCommerce/3.0.23 (WooCommerce/7.7.2; WordPress/6.4.1)
body: {"data":[{"action_source":"website","event_time":1699975856,"event_id":"522e0900-7932-4722-b55b-41b590c14609","event_source_url":"https:\/\/www.okpsdoor.com\/product\/k007-wood-fire-rated-door\/?add-to-cart=3723","custom_data":{"content_ids":"[\"L001-2_3723\"]","content_name":"L002 Lacquered MDF Door","content_type":"product","contents":"[{\"id\":\"L001-2_3723\",\"quantity\":1}]","value":0,"currency":"USD"},"user_data":{"client_ip_address":"216.244.66.249","client_user_agent":"Mozilla\/5.0 (compatible; DotBot\/1.2; +https:\/\/opensiteexplorer.org\/dotbot; help@moz.com)","fbc":"","fbp":""},"event_name":"AddToCart"}],"partner_agent":"woocommerce-7.7.2-3.0.23"}
duration: 0.29031s

11-14-2023 @ 17:30:56 - Response
code: 200
message: OK
body: {"events_received":1,"messages":[],"fbtrace_id":"Azg_RpJbVRxw84PKE7zPjBY"}

11-14-2023 @ 18:15:07 - Request
method: POST
uri: https://graph.facebook.com/v16.0/1311088993098283/events
user-agent: Facebook-for-WooCommerce/3.0.23 (WooCommerce/7.7.2; WordPress/6.4.1)
body: {"data":[{"action_source":"website","event_time":1699978507,"event_id":"b9bacf0b-915e-4f17-a905-88ac4495fc2c","event_source_url":"https:\/\/www.okpsdoor.com\/product\/p006-panel-door\/?add-to-cart=3765","custom_data":{"content_ids":"[\"L001-18-2_3765\"]","content_name":"L021 Lacquered MDF Door","content_type":"product","contents":"[{\"id\":\"L001-18-2_3765\",\"quantity\":1}]","value":1,"currency":"USD"},"user_data":{"client_ip_address":"216.244.66.249","client_user_agent":"Mozilla\/5.0 (compatible; DotBot\/1.2; +https:\/\/opensiteexplorer.org\/dotbot; help@moz.com)","fbc":"","fbp":""},"event_name":"AddToCart"}],"partner_agent":"woocommerce-7.7.2-3.0.23"}
duration: 0.27933s

11-14-2023 @ 18:15:07 - Response
code: 200
message: OK
body: {"events_received":1,"messages":[],"fbtrace_id":"ANNw0DhN8ScV7BLUCgiBb93"}

11-14-2023 @ 18:49:27 - Request
method: GET
uri: https://graph.facebook.com/v16.0/fbe_business?fbe_external_business_id=okpsdoor-6454b365f14df
user-agent: Facebook-for-WooCommerce/3.0.23 (WooCommerce/7.7.2; WordPress/6.4.1)
body:
duration: 0.46997s

11-14-2023 @ 18:49:27 - Response
code: 200
message: OK
body: {"business":{"name":"Okps Door"},"ads":[{"feature_instance_id":"1653664188416318","enabled":true}],"catalogs":[{"feature_instance_id":"925632232095199","enabled":true}],"catalog_feed_scheduled":{"enabled":false},"fb_shops":[{"enabled":false}],"ig_cta":{"enabled":false},"ig_shopping":{"enabled":true},"ig_shoppings":[{"feature_instance_id":"636856034922684","enabled":true}],"messenger_chat":{"enabled":true,"domains":["https:\/\/www.okpsdoor.com\/"],"default_locale":"en_US"},"messenger_chats":[{"feature_instance_id":"1644794592633150","enabled":true,"domains":["https:\/\/www.okpsdoor.com\/"],"default_locale":"en_US"}],"messenger_menu":{"enabled":false},"page_card":{"enabled":false},"page_cta":{"enabled":false},"page_post":{"enabled":false},"page_shop":{"enabled":false},"pixels":[{"feature_instance_id":"7027469227280260","enabled":true},{"enabled":false}],"thread_intent":{"enabled":false}}

11-14-2023 @ 19:31:06 - Request
method: GET
uri: https://graph.facebook.com/v16.0/fbe_business?fbe_external_business_id=okpsdoor-6454b365f14df
user-agent: Facebook-for-WooCommerce/3.0.23 (WooCommerce/7.7.2; WordPress/6.4.1)
body:
duration: 0.3615s

11-14-2023 @ 19:31:06 - Response
code: 200
message: OK
body: {"business":{"name":"Okps Door"},"ads":[{"feature_instance_id":"1653664188416318","enabled":true}],"catalogs":[{"feature_instance_id":"925632232095199","enabled":true}],"catalog_feed_scheduled":{"enabled":false},"fb_shops":[{"enabled":false}],"ig_cta":{"enabled":false},"ig_shopping":{"enabled":true},"ig_shoppings":[{"feature_instance_id":"636856034922684","enabled":true}],"messenger_chat":{"enabled":true,"domains":["https:\/\/www.okpsdoor.com\/"],"default_locale":"en_US"},"messenger_chats":[{"feature_instance_id":"1644794592633150","enabled":true,"domains":["https:\/\/www.okpsdoor.com\/"],"default_locale":"en_US"}],"messenger_menu":{"enabled":false},"page_card":{"enabled":false},"page_cta":{"enabled":false},"page_post":{"enabled":false},"page_shop":{"enabled":false},"pixels":[{"feature_instance_id":"7027469227280260","enabled":true},{"enabled":false}],"thread_intent":{"enabled":false}}

11-14-2023 @ 19:38:19 - Request
method: POST
uri: https://graph.facebook.com/v16.0/1311088993098283/events
user-agent: Facebook-for-WooCommerce/3.0.23 (WooCommerce/7.7.2; WordPress/6.4.1)
body: {"data":[{"action_source":"website","event_time":1699983499,"event_id":"6162f443-5dd2-473c-8728-439c21ae000e","event_source_url":"https:\/\/www.okpsdoor.com\/product\/k006-wood-veneer-door\/?noamp=mobile","custom_data":{"content_name":"K006 Wood Veneer Door","content_ids":"[\"K006 Wood Veneer Door_3965\"]","content_type":"product","contents":"[{\"id\":\"K006 Wood Veneer Door_3965\",\"quantity\":1}]","content_category":"Wood Veneer Doors","value":0,"currency":"USD"},"user_data":{"client_ip_address":"114.119.133.76","client_user_agent":"Mozilla\/5.0 (Linux; Android 7.0;) AppleWebKit\/537.36 (KHTML, like Gecko) Mobile Safari\/537.36 (compatible; PetalBot;+https:\/\/webmaster.petalsearch.com\/site\/petalbot)","fbc":"","fbp":""},"event_name":"ViewContent"}],"partner_agent":"woocommerce-7.7.2-3.0.23"}
duration: 0.27664s

11-14-2023 @ 19:38:19 - Response
code: 200
message: OK
body: {"events_received":1,"messages":[],"fbtrace_id":"AYLDCTTWw0vnvktR-dnlfnr"}

11-14-2023 @ 19:44:13 - Request
method: POST
uri: https://graph.facebook.com/v16.0/1311088993098283/events
user-agent: Facebook-for-WooCommerce/3.0.23 (WooCommerce/7.7.2; WordPress/6.4.1)
body: {"data":[{"action_source":"website","event_time":1699983853,"event_id":"3c24cab2-4055-476b-aaf3-62cedc38be33","event_source_url":"https:\/\/www.okpsdoor.com\/product\/k008-wood-veneer-door\/?noamp=mobile","custom_data":{"content_name":"K008 Wood Veneer Door","content_ids":"[\"K008_3963\"]","content_type":"product","contents":"[{\"id\":\"K008_3963\",\"quantity\":1}]","content_category":"Wood Veneer Doors","value":0,"currency":"USD"},"user_data":{"client_ip_address":"47.128.59.188","client_user_agent":"Mozilla\/5.0 (compatible; Bytespider; spider-feedback@bytedance.com) AppleWebKit\/537.36 (KHTML, like Gecko) Chrome\/70.0.0.0 Safari\/537.36","fbc":"","fbp":""},"event_name":"ViewContent"}],"partner_agent":"woocommerce-7.7.2-3.0.23"}
duration: 0.27891s

11-14-2023 @ 19:44:13 - Response
code: 200
message: OK
body: {"events_received":1,"messages":[],"fbtrace_id":"ARVxb6rS2LmMuZhKzavcIRd"}

11-14-2023 @ 19:50:08 - Request
method: GET
uri: https://graph.facebook.com/v16.0/fbe_business?fbe_external_business_id=okpsdoor-6454b365f14df
user-agent: Facebook-for-WooCommerce/3.0.23 (WooCommerce/7.7.2; WordPress/6.4.1)
body:
duration: 0.30331s

11-14-2023 @ 19:50:08 - Response
code: 200
message: OK
body: {"business":{"name":"Okps Door"},"ads":[{"feature_instance_id":"1653664188416318","enabled":true}],"catalogs":[{"feature_instance_id":"925632232095199","enabled":true}],"catalog_feed_scheduled":{"enabled":false},"fb_shops":[{"enabled":false}],"ig_cta":{"enabled":false},"ig_shopping":{"enabled":true},"ig_shoppings":[{"feature_instance_id":"636856034922684","enabled":true}],"messenger_chat":{"enabled":true,"domains":["https:\/\/www.okpsdoor.com\/"],"default_locale":"en_US"},"messenger_chats":[{"feature_instance_id":"1644794592633150","enabled":true,"domains":["https:\/\/www.okpsdoor.com\/"],"default_locale":"en_US"}],"messenger_menu":{"enabled":false},"page_card":{"enabled":false},"page_cta":{"enabled":false},"page_post":{"enabled":false},"page_shop":{"enabled":false},"pixels":[{"feature_instance_id":"7027469227280260","enabled":true},{"enabled":false}],"thread_intent":{"enabled":false}}

11-14-2023 @ 19:50:49 - Request
method: POST
uri: https://graph.facebook.com/v16.0/1311088993098283/events
user-agent: Facebook-for-WooCommerce/3.0.23 (WooCommerce/7.7.2; WordPress/6.4.1)
body: {"data":[{"action_source":"website","event_time":1699984249,"event_id":"bf708e25-0deb-4fe5-8fda-636196325588","event_source_url":"https:\/\/www.okpsdoor.com\/product\/jhon-vladimir-copy-2\/?add-to-cart=2904","custom_data":{"content_ids":"[\"$18\\\/m\\u00b2-1_2904\"]","content_name":"Jhon doe","content_type":"product","contents":"[{\"id\":\"$18\\\/m\\u00b2-1_2904\",\"quantity\":1}]","value":0,"currency":"USD"},"user_data":{"client_ip_address":"216.244.66.249","client_user_agent":"Mozilla\/5.0 (compatible; DotBot\/1.2; +https:\/\/opensiteexplorer.org\/dotbot; help@moz.com)","fbc":"","fbp":""},"event_name":"AddToCart"}],"partner_agent":"woocommerce-7.7.2-3.0.23"}
duration: 0.27326s

11-14-2023 @ 19:50:49 - Response
code: 200
message: OK
body: {"events_received":1,"messages":[],"fbtrace_id":"AH1fQzhVzbevYIvBl2a_zUO"}

11-14-2023 @ 19:50:56 - Request
method: POST
uri: https://graph.facebook.com/v16.0/1311088993098283/events
user-agent: Facebook-for-WooCommerce/3.0.23 (WooCommerce/7.7.2; WordPress/6.4.1)
body: {"data":[{"action_source":"website","event_time":1699984256,"event_id":"3646da5d-6506-4e0e-8053-9f1e9e9b444c","event_source_url":"https:\/\/www.okpsdoor.com\/product\/k002-wood-veneer-door\/?add-to-cart=3774","custom_data":{"content_ids":"[\"L001-18-11_3774\"]","content_name":"L042 Lacquered MDF Door","content_type":"product","contents":"[{\"id\":\"L001-18-11_3774\",\"quantity\":1}]","value":1,"currency":"USD"},"user_data":{"client_ip_address":"216.244.66.249","client_user_agent":"Mozilla\/5.0 (compatible; DotBot\/1.2; +https:\/\/opensiteexplorer.org\/dotbot; help@moz.com)","fbc":"","fbp":""},"event_name":"AddToCart"}],"partner_agent":"woocommerce-7.7.2-3.0.23"}
duration: 0.26649s

11-14-2023 @ 19:50:56 - Response
code: 200
message: OK
body: {"events_received":1,"messages":[],"fbtrace_id":"AO2HEQ1H5ZbkO4RH0eY1ib6"}

11-14-2023 @ 19:51:09 - Request
method: POST
uri: https://graph.facebook.com/v16.0/1311088993098283/events
user-agent: Facebook-for-WooCommerce/3.0.23 (WooCommerce/7.7.2; WordPress/6.4.1)
body: {"data":[{"action_source":"website","event_time":1699984268,"event_id":"adb35ed2-5422-4881-ba4d-c1286e5535c2","event_source_url":"https:\/\/www.okpsdoor.com\/product\/pvc010-pvc-door\/?add-to-cart=3680","custom_data":{"content_ids":"[\"okps01_3680\"]","content_name":"Ak0001 Door PVC MDF","content_type":"product","contents":"[{\"id\":\"okps01_3680\",\"quantity\":1}]","value":90,"currency":"USD"},"user_data":{"client_ip_address":"216.244.66.249","client_user_agent":"Mozilla\/5.0 (compatible; DotBot\/1.2; +https:\/\/opensiteexplorer.org\/dotbot; help@moz.com)","fbc":"","fbp":""},"event_name":"AddToCart"}],"partner_agent":"woocommerce-7.7.2-3.0.23"}
duration: 0.30805s

11-14-2023 @ 19:51:09 - Response
code: 200
message: OK
body: {"events_received":1,"messages":[],"fbtrace_id":"AoD_w-79CwgK5BoqX56Xr4o"}

11-14-2023 @ 19:56:07 - Request
method: POST
uri: https://graph.facebook.com/v16.0/1311088993098283/events
user-agent: Facebook-for-WooCommerce/3.0.23 (WooCommerce/7.7.2; WordPress/6.4.1)
body: {"data":[{"action_source":"website","event_time":1699984566,"event_id":"b3ea4b4e-e57e-4e4f-9765-0127d1274e2e","event_source_url":"https:\/\/www.okpsdoor.com\/product\/p017-panel-door\/?noamp=mobile","custom_data":{"content_name":"P017 Panel Door","content_ids":"[\"P001-4_3937\"]","content_type":"product","contents":"[{\"id\":\"P001-4_3937\",\"quantity\":1}]","content_category":"Lacquered MDF Doors","value":0,"currency":"USD"},"user_data":{"client_ip_address":"47.128.19.209","client_user_agent":"Mozilla\/5.0 (compatible; Bytespider; spider-feedback@bytedance.com) AppleWebKit\/537.36 (KHTML, like Gecko) Chrome\/70.0.0.0 Safari\/537.36","fbc":"","fbp":""},"event_name":"ViewContent"}],"partner_agent":"woocommerce-7.7.2-3.0.23"}
duration: 0.2766s

11-14-2023 @ 19:56:07 - Response
code: 200
message: OK
body: {"events_received":1,"messages":[],"fbtrace_id":"ARMcqc02uMPH52anMcjpYS2"}

11-14-2023 @ 20:12:06 - Request
method: POST
uri: https://graph.facebook.com/v16.0/1311088993098283/events
user-agent: Facebook-for-WooCommerce/3.0.23 (WooCommerce/7.7.2; WordPress/6.4.1)
body: {"data":[{"action_source":"website","event_time":1699985526,"event_id":"97261de9-1af5-4b7a-a55b-a605ac8895a0","event_source_url":"https:\/\/www.okpsdoor.com\/product\/ml009-melamine-door\/?noamp=mobile","custom_data":{"content_name":"ML009 Melamine Door","content_ids":"[\"ML009_3891\"]","content_type":"product","contents":"[{\"id\":\"ML009_3891\",\"quantity\":1}]","content_category":"Lacquered MDF Doors","value":0,"currency":"USD"},"user_data":{"client_ip_address":"114.119.138.183","client_user_agent":"Mozilla\/5.0 (Linux; Android 7.0;) AppleWebKit\/537.36 (KHTML, like Gecko) Mobile Safari\/537.36 (compatible; PetalBot;+https:\/\/webmaster.petalsearch.com\/site\/petalbot)","fbc":"","fbp":""},"event_name":"ViewContent"}],"partner_agent":"woocommerce-7.7.2-3.0.23"}
duration: 0.25777s

11-14-2023 @ 20:12:06 - Response
code: 200
message: OK
body: {"events_received":1,"messages":[],"fbtrace_id":"A8BUWiv4z8lOtc-_fg1H0Oa"}

11-14-2023 @ 20:59:27 - Request
method: GET
uri: https://graph.facebook.com/v16.0/fbe_business?fbe_external_business_id=okpsdoor-6454b365f14df
user-agent: Facebook-for-WooCommerce/3.0.23 (WooCommerce/7.7.2; WordPress/6.4.1)
body:
duration: 0.60814s

11-14-2023 @ 20:59:27 - Response
code: 200
message: OK
body: {"business":{"name":"Okps Door"},"ads":[{"feature_instance_id":"1653664188416318","enabled":true}],"catalogs":[{"feature_instance_id":"925632232095199","enabled":true}],"catalog_feed_scheduled":{"enabled":false},"fb_shops":[{"enabled":false}],"ig_cta":{"enabled":false},"ig_shopping":{"enabled":true},"ig_shoppings":[{"feature_instance_id":"636856034922684","enabled":true}],"messenger_chat":{"enabled":true,"domains":["https:\/\/www.okpsdoor.com\/"],"default_locale":"en_US"},"messenger_chats":[{"feature_instance_id":"1644794592633150","enabled":true,"domains":["https:\/\/www.okpsdoor.com\/"],"default_locale":"en_US"}],"messenger_menu":{"enabled":false},"page_card":{"enabled":false},"page_cta":{"enabled":false},"page_post":{"enabled":false},"page_shop":{"enabled":false},"pixels":[{"feature_instance_id":"7027469227280260","enabled":true},{"enabled":false}],"thread_intent":{"enabled":false}}

11-14-2023 @ 21:50:51 - Request
method: POST
uri: https://graph.facebook.com/v16.0/1311088993098283/events
user-agent: Facebook-for-WooCommerce/3.0.23 (WooCommerce/7.7.2; WordPress/6.4.1)
body: {"data":[{"action_source":"website","event_time":1699991450,"event_id":"357026d2-bc13-41c9-8bc3-aa269ff0972d","event_source_url":"https:\/\/www.okpsdoor.com\/product\/l017-lacquered-mdf-door-copy\/?noamp=mobile","custom_data":{"content_name":"L017 Lacquered MDF Door","content_ids":"[\"L001-17_3738\"]","content_type":"product","contents":"[{\"id\":\"L001-17_3738\",\"quantity\":1}]","content_category":"Lacquered MDF Doors","value":"1","currency":"USD"},"user_data":{"client_ip_address":"47.128.50.199","client_user_agent":"Mozilla\/5.0 (compatible; Bytespider; spider-feedback@bytedance.com) AppleWebKit\/537.36 (KHTML, like Gecko) Chrome\/70.0.0.0 Safari\/537.36","fbc":"","fbp":""},"event_name":"ViewContent"}],"partner_agent":"woocommerce-7.7.2-3.0.23"}
duration: 0.37486s

11-14-2023 @ 21:50:51 - Response
code: 200
message: OK
body: {"events_received":1,"messages":[],"fbtrace_id":"A53n_peXKonHg5VhttFh9ov"}

11-14-2023 @ 22:01:10 - Request
method: GET
uri: https://graph.facebook.com/v16.0/fbe_business?fbe_external_business_id=okpsdoor-6454b365f14df
user-agent: Facebook-for-WooCommerce/3.0.23 (WooCommerce/7.7.2; WordPress/6.4.1)
body:
duration: 0.46671s

11-14-2023 @ 22:01:10 - Response
code: 200
message: OK
body: {"business":{"name":"Okps Door"},"ads":[{"feature_instance_id":"1653664188416318","enabled":true}],"catalogs":[{"feature_instance_id":"925632232095199","enabled":true}],"catalog_feed_scheduled":{"enabled":false},"fb_shops":[{"enabled":false}],"ig_cta":{"enabled":false},"ig_shopping":{"enabled":true},"ig_shoppings":[{"feature_instance_id":"636856034922684","enabled":true}],"messenger_chat":{"enabled":true,"domains":["https:\/\/www.okpsdoor.com\/"],"default_locale":"en_US"},"messenger_chats":[{"feature_instance_id":"1644794592633150","enabled":true,"domains":["https:\/\/www.okpsdoor.com\/"],"default_locale":"en_US"}],"messenger_menu":{"enabled":false},"page_card":{"enabled":false},"page_cta":{"enabled":false},"page_post":{"enabled":false},"page_shop":{"enabled":false},"pixels":[{"feature_instance_id":"7027469227280260","enabled":true},{"enabled":false}],"thread_intent":{"enabled":false}}

11-14-2023 @ 22:58:57 - Request
method: POST
uri: https://graph.facebook.com/v16.0/1311088993098283/events
user-agent: Facebook-for-WooCommerce/3.0.23 (WooCommerce/7.7.2; WordPress/6.4.1)
body: {"data":[{"action_source":"website","event_time":1699995537,"event_id":"d74b7984-a711-4e14-92e6-86d2258f0f52","event_source_url":"https:\/\/www.okpsdoor.com\/product\/p002-panel-door\/?noamp=mobile","custom_data":{"content_name":"P002 Panel Door","content_ids":"[\"P002_3952\"]","content_type":"product","contents":"[{\"id\":\"P002_3952\",\"quantity\":1}]","content_category":"Lacquered MDF Doors","value":0,"currency":"USD"},"user_data":{"client_ip_address":"114.119.150.101","client_user_agent":"Mozilla\/5.0 (Linux; Android 7.0;) AppleWebKit\/537.36 (KHTML, like Gecko) Mobile Safari\/537.36 (compatible; PetalBot;+https:\/\/webmaster.petalsearch.com\/site\/petalbot)","fbc":"","fbp":""},"event_name":"ViewContent"}],"partner_agent":"woocommerce-7.7.2-3.0.23"}
duration: 0.35748s

11-14-2023 @ 22:58:57 - Response
code: 200
message: OK
body: {"events_received":1,"messages":[],"fbtrace_id":"APCR-gR-lY_V3aC6pAtEB-I"}

11-14-2023 @ 23:52:39 - Request
method: GET
uri: https://graph.facebook.com/v16.0/fbe_business?fbe_external_business_id=okpsdoor-6454b365f14df
user-agent: Facebook-for-WooCommerce/3.0.23 (WooCommerce/7.7.2; WordPress/6.4.1)
body:
duration: 0.40141s

11-14-2023 @ 23:52:39 - Response
code: 200
message: OK
body: {"business":{"name":"Okps Door"},"ads":[{"feature_instance_id":"1653664188416318","enabled":true}],"catalogs":[{"feature_instance_id":"925632232095199","enabled":true}],"catalog_feed_scheduled":{"enabled":false},"fb_shops":[{"enabled":false}],"ig_cta":{"enabled":false},"ig_shopping":{"enabled":true},"ig_shoppings":[{"feature_instance_id":"636856034922684","enabled":true}],"messenger_chat":{"enabled":true,"domains":["https:\/\/www.okpsdoor.com\/"],"default_locale":"en_US"},"messenger_chats":[{"feature_instance_id":"1644794592633150","enabled":true,"domains":["https:\/\/www.okpsdoor.com\/"],"default_locale":"en_US"}],"messenger_menu":{"enabled":false},"page_card":{"enabled":false},"page_cta":{"enabled":false},"page_post":{"enabled":false},"page_shop":{"enabled":false},"pixels":[{"feature_instance_id":"7027469227280260","enabled":true},{"enabled":false}],"thread_intent":{"enabled":false}}

11-15-2023 @ 00:18:48 - Request
method: GET
uri: https://graph.facebook.com/v16.0/fbe_business?fbe_external_business_id=okpsdoor-6454b365f14df
user-agent: Facebook-for-WooCommerce/3.0.23 (WooCommerce/7.7.2; WordPress/6.4.1)
body:
duration: 0.40546s

11-15-2023 @ 00:18:48 - Response
code: 200
message: OK
body: {"business":{"name":"Okps Door"},"ads":[{"feature_instance_id":"1653664188416318","enabled":true}],"catalogs":[{"feature_instance_id":"925632232095199","enabled":true}],"catalog_feed_scheduled":{"enabled":false},"fb_shops":[{"enabled":false}],"ig_cta":{"enabled":false},"ig_shopping":{"enabled":true},"ig_shoppings":[{"feature_instance_id":"636856034922684","enabled":true}],"messenger_chat":{"enabled":true,"domains":["https:\/\/www.okpsdoor.com\/"],"default_locale":"en_US"},"messenger_chats":[{"feature_instance_id":"1644794592633150","enabled":true,"domains":["https:\/\/www.okpsdoor.com\/"],"default_locale":"en_US"}],"messenger_menu":{"enabled":false},"page_card":{"enabled":false},"page_cta":{"enabled":false},"page_post":{"enabled":false},"page_shop":{"enabled":false},"pixels":[{"feature_instance_id":"7027469227280260","enabled":true},{"enabled":false}],"thread_intent":{"enabled":false}}

11-15-2023 @ 00:35:26 - Request
method: POST
uri: https://graph.facebook.com/v16.0/1311088993098283/events
user-agent: Facebook-for-WooCommerce/3.0.23 (WooCommerce/7.7.2; WordPress/6.4.1)
body: {"data":[{"action_source":"website","event_time":1700001326,"event_id":"931dfb3f-82de-4ca6-81e6-bc4bb60ef06c","event_source_url":"https:\/\/www.okpsdoor.com\/product\/l020-lacquered-mdf-door\/?noamp=mobile","custom_data":{"content_name":"L020 Lacquered MDF Door","content_ids":"[\"L001-18-1_3764\"]","content_type":"product","contents":"[{\"id\":\"L001-18-1_3764\",\"quantity\":1}]","content_category":"Lacquered MDF Doors","value":"1","currency":"USD"},"user_data":{"client_ip_address":"47.128.38.0","client_user_agent":"Mozilla\/5.0 (compatible; Bytespider; spider-feedback@bytedance.com) AppleWebKit\/537.36 (KHTML, like Gecko) Chrome\/70.0.0.0 Safari\/537.36","fbc":"","fbp":""},"event_name":"ViewContent"}],"partner_agent":"woocommerce-7.7.2-3.0.23"}
duration: 0.36327s

11-15-2023 @ 00:35:26 - Response
code: 200
message: OK
body: {"events_received":1,"messages":[],"fbtrace_id":"A2nJysTsBTpseRCp6yTRG0P"}

11-15-2023 @ 01:16:43 - Request
method: POST
uri: https://graph.facebook.com/v16.0/1311088993098283/events
user-agent: Facebook-for-WooCommerce/3.0.23 (WooCommerce/7.7.2; WordPress/6.4.1)
body: {"data":[{"action_source":"website","event_time":1700003802,"event_id":"f447afd4-c27f-4b78-872a-72eef3253734","event_source_url":"https:\/\/www.okpsdoor.com\/product\/l040-lacquered-mdf-door\/?noamp=mobile","custom_data":{"content_name":"L040 Lacquered MDF Door","content_ids":"[\"L001-18-9_3772\"]","content_type":"product","contents":"[{\"id\":\"L001-18-9_3772\",\"quantity\":1}]","content_category":"Lacquered MDF Doors","value":"1","currency":"USD"},"user_data":{"client_ip_address":"47.128.38.8","client_user_agent":"Mozilla\/5.0 (compatible; Bytespider; spider-feedback@bytedance.com) AppleWebKit\/537.36 (KHTML, like Gecko) Chrome\/70.0.0.0 Safari\/537.36","fbc":"","fbp":""},"event_name":"ViewContent"}],"partner_agent":"woocommerce-7.7.2-3.0.23"}
duration: 0.36149s

11-15-2023 @ 01:16:43 - Response
code: 200
message: OK
body: {"events_received":1,"messages":[],"fbtrace_id":"AJhICYmk3NwlHmXXNrXn4Yb"}

11-15-2023 @ 01:19:16 - Request
method: GET
uri: https://graph.facebook.com/v16.0/fbe_business?fbe_external_business_id=okpsdoor-6454b365f14df
user-agent: Facebook-for-WooCommerce/3.0.23 (WooCommerce/7.7.2; WordPress/6.4.1)
body:
duration: 0.28273s

11-15-2023 @ 01:19:16 - Response
code: 200
message: OK
body: {"business":{"name":"Okps Door"},"ads":[{"feature_instance_id":"1653664188416318","enabled":true}],"catalogs":[{"feature_instance_id":"925632232095199","enabled":true}],"catalog_feed_scheduled":{"enabled":false},"fb_shops":[{"enabled":false}],"ig_cta":{"enabled":false},"ig_shopping":{"enabled":true},"ig_shoppings":[{"feature_instance_id":"636856034922684","enabled":true}],"messenger_chat":{"enabled":true,"domains":["https:\/\/www.okpsdoor.com\/"],"default_locale":"en_US"},"messenger_chats":[{"feature_instance_id":"1644794592633150","enabled":true,"domains":["https:\/\/www.okpsdoor.com\/"],"default_locale":"en_US"}],"messenger_menu":{"enabled":false},"page_card":{"enabled":false},"page_cta":{"enabled":false},"page_post":{"enabled":false},"page_shop":{"enabled":false},"pixels":[{"feature_instance_id":"7027469227280260","enabled":true},{"enabled":false}],"thread_intent":{"enabled":false}}

11-15-2023 @ 01:19:16 - Request
method: POST
uri: https://graph.facebook.com/v16.0/1311088993098283/events
user-agent: Facebook-for-WooCommerce/3.0.23 (WooCommerce/7.7.2; WordPress/6.4.1)
body: {"data":[{"action_source":"website","event_time":1700003956,"event_id":"d3bfa0b5-4612-42c0-af04-8010842865ab","event_source_url":"https:\/\/www.okpsdoor.com\/product\/p019-panel-door\/?noamp=mobile","custom_data":{"content_name":"P019 Panel Door","content_ids":"[\"P019_3935\"]","content_type":"product","contents":"[{\"id\":\"P019_3935\",\"quantity\":1}]","content_category":"Lacquered MDF Doors","value":0,"currency":"USD"},"user_data":{"client_ip_address":"114.119.128.219","client_user_agent":"Mozilla\/5.0 (Linux; Android 7.0;) AppleWebKit\/537.36 (KHTML, like Gecko) Mobile Safari\/537.36 (compatible; PetalBot;+https:\/\/webmaster.petalsearch.com\/site\/petalbot)","fbc":"","fbp":""},"event_name":"ViewContent"}],"partner_agent":"woocommerce-7.7.2-3.0.23"}
duration: 0.36301s

11-15-2023 @ 01:19:16 - Response
code: 200
message: OK
body: {"events_received":1,"messages":[],"fbtrace_id":"AL0pEvHbqplbA6rufF-iGux"}

