11-11-2023 @ 02:24:18 - Request
method: POST
uri: https://graph.facebook.com/v16.0/1311088993098283/events
user-agent: Facebook-for-WooCommerce/3.0.23 (WooCommerce/7.7.2; WordPress/6.4.1)
body: {"data":[{"action_source":"website","event_time":1699662257,"event_id":"8f08df90-58e8-4d1f-bb06-ba41837e7d73","event_source_url":"https:\/\/www.okpsdoor.com\/product\/jhon-vladimir-copy-5\/?add-to-cart=3540","custom_data":{"content_ids":"[\"$18\\\/m\\u00b2-5_3540\"]","content_name":"Jhon Vladimir","content_type":"product","contents":"[{\"id\":\"$18\\\/m\\u00b2-5_3540\",\"quantity\":1}]","value":0,"currency":"USD"},"user_data":{"client_ip_address":"216.244.66.249","client_user_agent":"Mozilla\/5.0 (compatible; DotBot\/1.2; +https:\/\/opensiteexplorer.org\/dotbot; help@moz.com)","fbc":"","fbp":""},"event_name":"AddToCart"}],"partner_agent":"woocommerce-7.7.2-3.0.23"}
duration: 0.27838s

11-11-2023 @ 02:24:18 - Response
code: 200
message: OK
body: {"events_received":1,"messages":[],"fbtrace_id":"AFW7dyraLmPtYFFeqZJQFVB"}

11-11-2023 @ 02:24:33 - Request
method: POST
uri: https://graph.facebook.com/v16.0/1311088993098283/events
user-agent: Facebook-for-WooCommerce/3.0.23 (WooCommerce/7.7.2; WordPress/6.4.1)
body: {"data":[{"action_source":"website","event_time":1699662273,"event_id":"4a3f1a21-1e79-4c98-a62e-ecec27b7265a","event_source_url":"https:\/\/www.okpsdoor.com\/product\/k001-wood-veneer-door\/?add-to-cart=3680","custom_data":{"content_ids":"[\"okps01_3680\"]","content_name":"Ak0001 Door PVC MDF","content_type":"product","contents":"[{\"id\":\"okps01_3680\",\"quantity\":1}]","value":90,"currency":"USD"},"user_data":{"client_ip_address":"216.244.66.249","client_user_agent":"Mozilla\/5.0 (compatible; DotBot\/1.2; +https:\/\/opensiteexplorer.org\/dotbot; help@moz.com)","fbc":"","fbp":""},"event_name":"AddToCart"}],"partner_agent":"woocommerce-7.7.2-3.0.23"}
duration: 0.27604s

11-11-2023 @ 02:24:33 - Response
code: 200
message: OK
body: {"events_received":1,"messages":[],"fbtrace_id":"AwcOCvQB8h2SyBSkL9pGT-7"}

11-11-2023 @ 02:29:53 - Request
method: GET
uri: https://graph.facebook.com/v16.0/fbe_business?fbe_external_business_id=okpsdoor-6454b365f14df
user-agent: Facebook-for-WooCommerce/3.0.23 (WooCommerce/7.7.2; WordPress/6.4.1)
body:
duration: 0.32017s

11-11-2023 @ 02:29:53 - Response
code: 200
message: OK
body: {"business":{"name":"Okps Door"},"ads":[{"feature_instance_id":"1653664188416318","enabled":true}],"catalogs":[{"feature_instance_id":"925632232095199","enabled":true}],"catalog_feed_scheduled":{"enabled":false},"fb_shops":[{"enabled":false}],"ig_cta":{"enabled":false},"ig_shopping":{"enabled":true},"ig_shoppings":[{"feature_instance_id":"636856034922684","enabled":true}],"messenger_chat":{"enabled":true,"domains":["https:\/\/www.okpsdoor.com\/"],"default_locale":"en_US"},"messenger_chats":[{"feature_instance_id":"1644794592633150","enabled":true,"domains":["https:\/\/www.okpsdoor.com\/"],"default_locale":"en_US"}],"messenger_menu":{"enabled":false},"page_card":{"enabled":false},"page_cta":{"enabled":false},"page_post":{"enabled":false},"page_shop":{"enabled":false},"pixels":[{"feature_instance_id":"7027469227280260","enabled":true},{"enabled":false}],"thread_intent":{"enabled":false}}

11-11-2023 @ 03:05:39 - Request
method: GET
uri: https://graph.facebook.com/v16.0/fbe_business?fbe_external_business_id=okpsdoor-6454b365f14df
user-agent: Facebook-for-WooCommerce/3.0.23 (WooCommerce/7.7.2; WordPress/6.4.1)
body:
duration: 0.30076s

11-11-2023 @ 03:05:39 - Response
code: 200
message: OK
body: {"business":{"name":"Okps Door"},"ads":[{"feature_instance_id":"1653664188416318","enabled":true}],"catalogs":[{"feature_instance_id":"925632232095199","enabled":true}],"catalog_feed_scheduled":{"enabled":false},"fb_shops":[{"enabled":false}],"ig_cta":{"enabled":false},"ig_shopping":{"enabled":true},"ig_shoppings":[{"feature_instance_id":"636856034922684","enabled":true}],"messenger_chat":{"enabled":true,"domains":["https:\/\/www.okpsdoor.com\/"],"default_locale":"en_US"},"messenger_chats":[{"feature_instance_id":"1644794592633150","enabled":true,"domains":["https:\/\/www.okpsdoor.com\/"],"default_locale":"en_US"}],"messenger_menu":{"enabled":false},"page_card":{"enabled":false},"page_cta":{"enabled":false},"page_post":{"enabled":false},"page_shop":{"enabled":false},"pixels":[{"feature_instance_id":"7027469227280260","enabled":true},{"enabled":false}],"thread_intent":{"enabled":false}}

11-11-2023 @ 03:34:39 - Request
method: POST
uri: https://graph.facebook.com/v16.0/1311088993098283/events
user-agent: Facebook-for-WooCommerce/3.0.23 (WooCommerce/7.7.2; WordPress/6.4.1)
body: {"data":[{"action_source":"website","event_time":1699666478,"event_id":"ee9b8517-6f59-4448-924b-945a640ab5c0","event_source_url":"https:\/\/www.okpsdoor.com\/product\/l005-lacquered-mdf-door\/?noamp=mobile","custom_data":{"content_name":"L005 Lacquered MDF Door","content_ids":"[\"L001-5_3726\"]","content_type":"product","contents":"[{\"id\":\"L001-5_3726\",\"quantity\":1}]","content_category":"Lacquered MDF Doors","value":"1","currency":"USD"},"user_data":{"client_ip_address":"47.128.31.181","client_user_agent":"Mozilla\/5.0 (compatible; Bytespider; spider-feedback@bytedance.com) AppleWebKit\/537.36 (KHTML, like Gecko) Chrome\/70.0.0.0 Safari\/537.36","fbc":"","fbp":""},"event_name":"ViewContent"}],"partner_agent":"woocommerce-7.7.2-3.0.23"}
duration: 0.15814s

11-11-2023 @ 03:34:39 - Response
code: 200
message: OK
body: {"events_received":1,"messages":[],"fbtrace_id":"Ad6bq20TtWd6zQPnud4DQvs"}

11-11-2023 @ 03:48:35 - Request
method: GET
uri: https://graph.facebook.com/v16.0/fbe_business?fbe_external_business_id=okpsdoor-6454b365f14df
user-agent: Facebook-for-WooCommerce/3.0.23 (WooCommerce/7.7.2; WordPress/6.4.1)
body:
duration: 0.31189s

11-11-2023 @ 03:48:35 - Response
code: 200
message: OK
body: {"business":{"name":"Okps Door"},"ads":[{"feature_instance_id":"1653664188416318","enabled":true}],"catalogs":[{"feature_instance_id":"925632232095199","enabled":true}],"catalog_feed_scheduled":{"enabled":false},"fb_shops":[{"enabled":false}],"ig_cta":{"enabled":false},"ig_shopping":{"enabled":true},"ig_shoppings":[{"feature_instance_id":"636856034922684","enabled":true}],"messenger_chat":{"enabled":true,"domains":["https:\/\/www.okpsdoor.com\/"],"default_locale":"en_US"},"messenger_chats":[{"feature_instance_id":"1644794592633150","enabled":true,"domains":["https:\/\/www.okpsdoor.com\/"],"default_locale":"en_US"}],"messenger_menu":{"enabled":false},"page_card":{"enabled":false},"page_cta":{"enabled":false},"page_post":{"enabled":false},"page_shop":{"enabled":false},"pixels":[{"feature_instance_id":"7027469227280260","enabled":true},{"enabled":false}],"thread_intent":{"enabled":false}}

11-11-2023 @ 04:00:28 - Request
method: POST
uri: https://graph.facebook.com/v16.0/1311088993098283/events
user-agent: Facebook-for-WooCommerce/3.0.23 (WooCommerce/7.7.2; WordPress/6.4.1)
body: {"data":[{"action_source":"website","event_time":1699668028,"event_id":"1f964cc5-58f0-4de3-be6c-a300bace0c4b","event_source_url":"https:\/\/www.okpsdoor.com\/product\/k006-wood-veneer-door\/?add-to-cart=3734","custom_data":{"content_ids":"[\"L001-13_3734\"]","content_name":"L013 Lacquered MDF Door","content_type":"product","contents":"[{\"id\":\"L001-13_3734\",\"quantity\":1}]","value":1,"currency":"USD"},"user_data":{"client_ip_address":"216.244.66.249","client_user_agent":"Mozilla\/5.0 (compatible; DotBot\/1.2; +https:\/\/opensiteexplorer.org\/dotbot; help@moz.com)","fbc":"","fbp":""},"event_name":"AddToCart"}],"partner_agent":"woocommerce-7.7.2-3.0.23"}
duration: 0.30685s

11-11-2023 @ 04:00:28 - Response
code: 200
message: OK
body: {"events_received":1,"messages":[],"fbtrace_id":"ABAsQTXeTl3NaAzy4Cg1EU1"}

11-11-2023 @ 05:58:46 - Request
method: GET
uri: https://graph.facebook.com/v16.0/fbe_business?fbe_external_business_id=okpsdoor-6454b365f14df
user-agent: Facebook-for-WooCommerce/3.0.23 (WooCommerce/7.7.2; WordPress/6.4.1)
body:
duration: 0.41001s

11-11-2023 @ 05:58:46 - Response
code: 200
message: OK
body: {"business":{"name":"Okps Door"},"ads":[{"feature_instance_id":"1653664188416318","enabled":true}],"catalogs":[{"feature_instance_id":"925632232095199","enabled":true}],"catalog_feed_scheduled":{"enabled":false},"fb_shops":[{"enabled":false}],"ig_cta":{"enabled":false},"ig_shopping":{"enabled":true},"ig_shoppings":[{"feature_instance_id":"636856034922684","enabled":true}],"messenger_chat":{"enabled":true,"domains":["https:\/\/www.okpsdoor.com\/"],"default_locale":"en_US"},"messenger_chats":[{"feature_instance_id":"1644794592633150","enabled":true,"domains":["https:\/\/www.okpsdoor.com\/"],"default_locale":"en_US"}],"messenger_menu":{"enabled":false},"page_card":{"enabled":false},"page_cta":{"enabled":false},"page_post":{"enabled":false},"page_shop":{"enabled":false},"pixels":[{"feature_instance_id":"7027469227280260","enabled":true},{"enabled":false}],"thread_intent":{"enabled":false}}

11-11-2023 @ 06:59:09 - Request
method: GET
uri: https://graph.facebook.com/v16.0/fbe_business?fbe_external_business_id=okpsdoor-6454b365f14df
user-agent: Facebook-for-WooCommerce/3.0.23 (WooCommerce/7.7.2; WordPress/6.4.1)
body:
duration: 0.25166s

11-11-2023 @ 06:59:09 - Response
code: 200
message: OK
body: {"business":{"name":"Okps Door"},"ads":[{"feature_instance_id":"1653664188416318","enabled":true}],"catalogs":[{"feature_instance_id":"925632232095199","enabled":true}],"catalog_feed_scheduled":{"enabled":false},"fb_shops":[{"enabled":false}],"ig_cta":{"enabled":false},"ig_shopping":{"enabled":true},"ig_shoppings":[{"feature_instance_id":"636856034922684","enabled":true}],"messenger_chat":{"enabled":true,"domains":["https:\/\/www.okpsdoor.com\/"],"default_locale":"en_US"},"messenger_chats":[{"feature_instance_id":"1644794592633150","enabled":true,"domains":["https:\/\/www.okpsdoor.com\/"],"default_locale":"en_US"}],"messenger_menu":{"enabled":false},"page_card":{"enabled":false},"page_cta":{"enabled":false},"page_post":{"enabled":false},"page_shop":{"enabled":false},"pixels":[{"feature_instance_id":"7027469227280260","enabled":true},{"enabled":false}],"thread_intent":{"enabled":false}}

11-11-2023 @ 07:14:04 - Request
method: GET
uri: https://graph.facebook.com/v16.0/fbe_business?fbe_external_business_id=okpsdoor-6454b365f14df
user-agent: Facebook-for-WooCommerce/3.0.23 (WooCommerce/7.7.2; WordPress/6.4.1)
body:
duration: 0.3285s

11-11-2023 @ 07:14:04 - Response
code: 200
message: OK
body: {"business":{"name":"Okps Door"},"ads":[{"feature_instance_id":"1653664188416318","enabled":true}],"catalogs":[{"feature_instance_id":"925632232095199","enabled":true}],"catalog_feed_scheduled":{"enabled":false},"fb_shops":[{"enabled":false}],"ig_cta":{"enabled":false},"ig_shopping":{"enabled":true},"ig_shoppings":[{"feature_instance_id":"636856034922684","enabled":true}],"messenger_chat":{"enabled":true,"domains":["https:\/\/www.okpsdoor.com\/"],"default_locale":"en_US"},"messenger_chats":[{"feature_instance_id":"1644794592633150","enabled":true,"domains":["https:\/\/www.okpsdoor.com\/"],"default_locale":"en_US"}],"messenger_menu":{"enabled":false},"page_card":{"enabled":false},"page_cta":{"enabled":false},"page_post":{"enabled":false},"page_shop":{"enabled":false},"pixels":[{"feature_instance_id":"7027469227280260","enabled":true},{"enabled":false}],"thread_intent":{"enabled":false}}

11-11-2023 @ 07:18:03 - Request
method: POST
uri: https://graph.facebook.com/v16.0/1311088993098283/events
user-agent: Facebook-for-WooCommerce/3.0.23 (WooCommerce/7.7.2; WordPress/6.4.1)
body: {"data":[{"action_source":"website","event_time":1699679883,"event_id":"6e6df6bc-ea11-44bc-8755-9ca4d99fa465","event_source_url":"https:\/\/www.okpsdoor.com\/product\/l062-lacquered-mdf-door\/?noamp=mobile","custom_data":{"content_name":"L062 Lacquered MDF Door","content_ids":"[\"L062_3857\"]","content_type":"product","contents":"[{\"id\":\"L062_3857\",\"quantity\":1}]","content_category":"Lacquered MDF Doors","value":0,"currency":"USD"},"user_data":{"client_ip_address":"114.119.158.212","client_user_agent":"Mozilla\/5.0 (Linux; Android 7.0;) AppleWebKit\/537.36 (KHTML, like Gecko) Mobile Safari\/537.36 (compatible; PetalBot;+https:\/\/webmaster.petalsearch.com\/site\/petalbot)","fbc":"","fbp":""},"event_name":"ViewContent"}],"partner_agent":"woocommerce-7.7.2-3.0.23"}
duration: 0.28577s

11-11-2023 @ 07:18:03 - Response
code: 200
message: OK
body: {"events_received":1,"messages":[],"fbtrace_id":"AgaENNGUBA6AnoASd1eIDTn"}

11-11-2023 @ 07:28:11 - Request
method: POST
uri: https://graph.facebook.com/v16.0/1311088993098283/events
user-agent: Facebook-for-WooCommerce/3.0.23 (WooCommerce/7.7.2; WordPress/6.4.1)
body: {"data":[{"action_source":"website","event_time":1699680491,"event_id":"8ab6eda3-a83c-47eb-bd1d-51ebc4862d1b","event_source_url":"https:\/\/www.okpsdoor.com\/product\/k002-wood-veneer-door\/?noamp=mobile","custom_data":{"content_name":"K002 Wood Veneer Door","content_ids":"[\"K002_3969\"]","content_type":"product","contents":"[{\"id\":\"K002_3969\",\"quantity\":1}]","content_category":"Wood Veneer Doors","value":0,"currency":"USD"},"user_data":{"client_ip_address":"114.119.137.237","client_user_agent":"Mozilla\/5.0 (Linux; Android 7.0;) AppleWebKit\/537.36 (KHTML, like Gecko) Mobile Safari\/537.36 (compatible; PetalBot;+https:\/\/webmaster.petalsearch.com\/site\/petalbot)","fbc":"","fbp":""},"event_name":"ViewContent"}],"partner_agent":"woocommerce-7.7.2-3.0.23"}
duration: 0.26709s

11-11-2023 @ 07:28:11 - Response
code: 200
message: OK
body: {"events_received":1,"messages":[],"fbtrace_id":"AQ-KzVFmrlAQneJTx5S3Gnj"}

11-11-2023 @ 07:30:52 - Request
method: POST
uri: https://graph.facebook.com/v16.0/1311088993098283/events
user-agent: Facebook-for-WooCommerce/3.0.23 (WooCommerce/7.7.2; WordPress/6.4.1)
body: {"data":[{"action_source":"website","event_time":1699680651,"event_id":"3fb6ccd6-9823-4868-9ac7-53b398662ae8","event_source_url":"https:\/\/www.okpsdoor.com\/product\/ml001-lacquered-mdf-door\/?noamp=mobile","custom_data":{"content_name":"ML001 Lacquered MDF Door","content_ids":"[\"ML001_3871\"]","content_type":"product","contents":"[{\"id\":\"ML001_3871\",\"quantity\":1}]","content_category":"Lacquered MDF Doors","value":0,"currency":"USD"},"user_data":{"client_ip_address":"114.119.137.91","client_user_agent":"Mozilla\/5.0 (Linux; Android 7.0;) AppleWebKit\/537.36 (KHTML, like Gecko) Mobile Safari\/537.36 (compatible; PetalBot;+https:\/\/webmaster.petalsearch.com\/site\/petalbot)","fbc":"","fbp":""},"event_name":"ViewContent"}],"partner_agent":"woocommerce-7.7.2-3.0.23"}
duration: 0.26146s

11-11-2023 @ 07:30:52 - Response
code: 200
message: OK
body: {"events_received":1,"messages":[],"fbtrace_id":"A3khZn_U5-UyHY8PQ1oTruO"}

11-11-2023 @ 09:45:46 - Request
method: POST
uri: https://graph.facebook.com/v16.0/1311088993098283/events
user-agent: Facebook-for-WooCommerce/3.0.23 (WooCommerce/7.7.2; WordPress/6.4.1)
body: {"data":[{"action_source":"website","event_time":1699688746,"event_id":"f6b3351f-a80e-4be6-afb4-e4cf52908c7d","event_source_url":"https:\/\/www.okpsdoor.com\/product\/l059-lacquered-mdf-door\/?noamp=mobile","custom_data":{"content_name":"L059 Lacquered MDF Door","content_ids":"[\"L059_3859\"]","content_type":"product","contents":"[{\"id\":\"L059_3859\",\"quantity\":1}]","content_category":"Lacquered MDF Doors","value":0,"currency":"USD"},"user_data":{"client_ip_address":"114.119.136.148","client_user_agent":"Mozilla\/5.0 (Linux; Android 7.0;) AppleWebKit\/537.36 (KHTML, like Gecko) Mobile Safari\/537.36 (compatible; PetalBot;+https:\/\/webmaster.petalsearch.com\/site\/petalbot)","fbc":"","fbp":""},"event_name":"ViewContent"}],"partner_agent":"woocommerce-7.7.2-3.0.23"}
duration: 0.31542s

11-11-2023 @ 09:45:46 - Response
code: 200
message: OK
body: {"events_received":1,"messages":[],"fbtrace_id":"AQSUgiQFDtwe_6JM8geONzt"}

11-11-2023 @ 09:50:58 - Request
method: GET
uri: https://graph.facebook.com/v16.0/fbe_business?fbe_external_business_id=okpsdoor-6454b365f14df
user-agent: Facebook-for-WooCommerce/3.0.23 (WooCommerce/7.7.2; WordPress/6.4.1)
body:
duration: 0.43279s

11-11-2023 @ 09:50:58 - Response
code: 200
message: OK
body: {"business":{"name":"Okps Door"},"ads":[{"feature_instance_id":"1653664188416318","enabled":true}],"catalogs":[{"feature_instance_id":"925632232095199","enabled":true}],"catalog_feed_scheduled":{"enabled":false},"fb_shops":[{"enabled":false}],"ig_cta":{"enabled":false},"ig_shopping":{"enabled":true},"ig_shoppings":[{"feature_instance_id":"636856034922684","enabled":true}],"messenger_chat":{"enabled":true,"domains":["https:\/\/www.okpsdoor.com\/"],"default_locale":"en_US"},"messenger_chats":[{"feature_instance_id":"1644794592633150","enabled":true,"domains":["https:\/\/www.okpsdoor.com\/"],"default_locale":"en_US"}],"messenger_menu":{"enabled":false},"page_card":{"enabled":false},"page_cta":{"enabled":false},"page_post":{"enabled":false},"page_shop":{"enabled":false},"pixels":[{"feature_instance_id":"7027469227280260","enabled":true},{"enabled":false}],"thread_intent":{"enabled":false}}

11-11-2023 @ 10:23:50 - Request
method: GET
uri: https://graph.facebook.com/v16.0/fbe_business?fbe_external_business_id=okpsdoor-6454b365f14df
user-agent: Facebook-for-WooCommerce/3.0.23 (WooCommerce/7.7.2; WordPress/6.4.1)
body:
duration: 0.58736s

11-11-2023 @ 10:23:50 - Response
code: 200
message: OK
body: {"business":{"name":"Okps Door"},"ads":[{"feature_instance_id":"1653664188416318","enabled":true}],"catalogs":[{"feature_instance_id":"925632232095199","enabled":true}],"catalog_feed_scheduled":{"enabled":false},"fb_shops":[{"enabled":false}],"ig_cta":{"enabled":false},"ig_shopping":{"enabled":true},"ig_shoppings":[{"feature_instance_id":"636856034922684","enabled":true}],"messenger_chat":{"enabled":true,"domains":["https:\/\/www.okpsdoor.com\/"],"default_locale":"en_US"},"messenger_chats":[{"feature_instance_id":"1644794592633150","enabled":true,"domains":["https:\/\/www.okpsdoor.com\/"],"default_locale":"en_US"}],"messenger_menu":{"enabled":false},"page_card":{"enabled":false},"page_cta":{"enabled":false},"page_post":{"enabled":false},"page_shop":{"enabled":false},"pixels":[{"feature_instance_id":"7027469227280260","enabled":true},{"enabled":false}],"thread_intent":{"enabled":false}}

11-11-2023 @ 10:23:51 - Request
method: GET
uri: https://graph.facebook.com/v16.0/1668026370292586/product_feeds
user-agent: Facebook-for-WooCommerce/3.0.23 (WooCommerce/7.7.2; WordPress/6.4.1)
body:
duration: 0.38412s

11-11-2023 @ 10:23:51 - Response
code: 200
message: OK
body: {"data":[{"id":"1190280915023372","file_name":"Okps Door - Catalogue - Fil d\u2019actualit\u00e9","name":"Okps Door - Catalogue - Fil d\u2019actualit\u00e9"}],"paging":{"cursors":{"before":"QVFIUnhHSmRUQk8zWlVJdWxpTzM3cDJWcDBsendLN1otRDBCV18wbTlMX3RfVVRBSlVIRVNJSUp2SE42R1hJVmszTW9OV3BYSXpPZAUl2Y3djSTJJcURKRWdR","after":"QVFIUnhHSmRUQk8zWlVJdWxpTzM3cDJWcDBsendLN1otRDBCV18wbTlMX3RfVVRBSlVIRVNJSUp2SE42R1hJVmszTW9OV3BYSXpPZAUl2Y3djSTJJcURKRWdR"}}}

11-11-2023 @ 10:23:51 - Request
method: GET
uri: https://graph.facebook.com/v16.0/1190280915023372/?fields=created_time,latest_upload,product_count,schedule,update_schedule
user-agent: Facebook-for-WooCommerce/3.0.23 (WooCommerce/7.7.2; WordPress/6.4.1)
body:
duration: 0.37464s

11-11-2023 @ 10:23:51 - Response
code: 200
message: OK
body: {"created_time":"2023-05-05T07:48:28+0000","product_count":0,"id":"1190280915023372"}

11-11-2023 @ 10:23:52 - Request
method: GET
uri: https://graph.facebook.com/v16.0/fbe_business/fbe_installs?fbe_external_business_id=okpsdoor-6454b365f14df
user-agent: Facebook-for-WooCommerce/3.0.23 (WooCommerce/7.7.2; WordPress/6.4.1)
body:
duration: 0.79983s

11-11-2023 @ 10:23:52 - Response
code: 200
message: OK
body: {"data":[{"business_manager_id":"543747223972335","commerce_merchant_settings_id":"250740394101322","onsite_eligible":false,"pixel_id":"1311088993098283","profiles":["106325218977906","17841454389513479"],"ad_account_id":"783785203099424","catalog_id":"1668026370292586","pages":["106325218977906"],"instagram_profiles":["17841454389513479"],"ig_shop":{"status":"NOT_ELIGIBLE","reasons":[{"code":"UNKNOWN","message":"Your account is not eligible for Instagram Shopping at this time."}]},"token_type":"User","installed_features":[{"feature_instance_id":"7027469227280260","feature_type":"pixel","connected_assets":{"ad_account_id":"783785203099424","ig_profile_id":"17841454389513479","page_id":"106325218977906","pixel_id":"1311088993098283"},"additional_info":{"onsite_eligible":false,"pixel_is_consolidated_container":true}},{"feature_instance_id":"1653664188416318","feature_type":"ads","connected_assets":{"ad_account_id":"783785203099424","catalog_id":"1668026370292586","ig_profile_id":"17841454389513479","page_id":"106325218977906","pixel_id":"1311088993098283"},"additional_info":{"onsite_eligible":false,"pixel_is_consolidated_container":true}},{"feature_instance_id":"925632232095199","feature_type":"catalog","connected_assets":{"ad_account_id":"783785203099424","catalog_id":"1668026370292586","ig_profile_id":"17841454389513479","page_id":"106325218977906","pixel_id":"1311088993098283"},"additional_info":{"onsite_eligible":false,"pixel_is_consolidated_container":true}},{"feature_instance_id":"636856034922684","feature_type":"ig_shopping","connected_assets":{"catalog_id":"1668026370292586","commerce_merchant_settings_id":"250740394101322","ig_profile_id":"17841454389513479","page_id":"106325218977906"},"additional_info":{"onsite_eligible":false}},{"feature_instance_id":"1644794592633150","feature_type":"messenger_chat","connected_assets":{"ig_profile_id":"17841454389513479","page_id":"106325218977906"},"additional_info":{"onsite_eligible":false}}]}]}

11-11-2023 @ 10:23:52 - Retrieving page access token
11-11-2023 @ 11:03:29 - Request
method: GET
uri: https://graph.facebook.com/v16.0/fbe_business?fbe_external_business_id=okpsdoor-6454b365f14df
user-agent: Facebook-for-WooCommerce/3.0.23 (WooCommerce/7.7.2; WordPress/6.4.1)
body:
duration: 0.29831s

11-11-2023 @ 11:03:29 - Response
code: 200
message: OK
body: {"business":{"name":"Okps Door"},"ads":[{"feature_instance_id":"1653664188416318","enabled":true}],"catalogs":[{"feature_instance_id":"925632232095199","enabled":true}],"catalog_feed_scheduled":{"enabled":false},"fb_shops":[{"enabled":false}],"ig_cta":{"enabled":false},"ig_shopping":{"enabled":true},"ig_shoppings":[{"feature_instance_id":"636856034922684","enabled":true}],"messenger_chat":{"enabled":true,"domains":["https:\/\/www.okpsdoor.com\/"],"default_locale":"en_US"},"messenger_chats":[{"feature_instance_id":"1644794592633150","enabled":true,"domains":["https:\/\/www.okpsdoor.com\/"],"default_locale":"en_US"}],"messenger_menu":{"enabled":false},"page_card":{"enabled":false},"page_cta":{"enabled":false},"page_post":{"enabled":false},"page_shop":{"enabled":false},"pixels":[{"feature_instance_id":"7027469227280260","enabled":true},{"enabled":false}],"thread_intent":{"enabled":false}}

11-11-2023 @ 11:26:26 - Request
method: POST
uri: https://graph.facebook.com/v16.0/1311088993098283/events
user-agent: Facebook-for-WooCommerce/3.0.23 (WooCommerce/7.7.2; WordPress/6.4.1)
body: {"data":[{"action_source":"website","event_time":1699694786,"event_id":"c4c28e23-528b-499c-9712-d2fab540ba3a","event_source_url":"https:\/\/www.okpsdoor.com\/product\/p010-panel-door\/?add-to-cart=3774","custom_data":{"content_ids":"[\"L001-18-11_3774\"]","content_name":"L042 Lacquered MDF Door","content_type":"product","contents":"[{\"id\":\"L001-18-11_3774\",\"quantity\":1}]","value":1,"currency":"USD"},"user_data":{"client_ip_address":"216.244.66.249","client_user_agent":"Mozilla\/5.0 (compatible; DotBot\/1.2; +https:\/\/opensiteexplorer.org\/dotbot; help@moz.com)","fbc":"","fbp":""},"event_name":"AddToCart"}],"partner_agent":"woocommerce-7.7.2-3.0.23"}
duration: 0.07959s

11-11-2023 @ 11:26:26 - Response
code: 200
message: OK
body: {"events_received":1,"messages":[],"fbtrace_id":"AuG_0x0I-_6G5oktwqfeSp-"}

11-11-2023 @ 11:26:49 - Request
method: POST
uri: https://graph.facebook.com/v16.0/1311088993098283/events
user-agent: Facebook-for-WooCommerce/3.0.23 (WooCommerce/7.7.2; WordPress/6.4.1)
body: {"data":[{"action_source":"website","event_time":1699694809,"event_id":"4451f1db-2837-48dd-a3cb-55d1fd4c0edc","event_source_url":"https:\/\/www.okpsdoor.com\/product\/pvc004-pvc-door\/?add-to-cart=3723","custom_data":{"content_ids":"[\"L001-2_3723\"]","content_name":"L002 Lacquered MDF Door","content_type":"product","contents":"[{\"id\":\"L001-2_3723\",\"quantity\":1}]","value":0,"currency":"USD"},"user_data":{"client_ip_address":"216.244.66.249","client_user_agent":"Mozilla\/5.0 (compatible; DotBot\/1.2; +https:\/\/opensiteexplorer.org\/dotbot; help@moz.com)","fbc":"","fbp":""},"event_name":"AddToCart"}],"partner_agent":"woocommerce-7.7.2-3.0.23"}
duration: 0.27859s

11-11-2023 @ 11:26:49 - Response
code: 200
message: OK
body: {"events_received":1,"messages":[],"fbtrace_id":"AzSjbKfvRvttQSIwqJ0osmU"}

11-11-2023 @ 12:21:38 - Request
method: GET
uri: https://graph.facebook.com/v16.0/fbe_business?fbe_external_business_id=okpsdoor-6454b365f14df
user-agent: Facebook-for-WooCommerce/3.0.23 (WooCommerce/7.7.2; WordPress/6.4.1)
body:
duration: 0.49092s

11-11-2023 @ 12:21:38 - Response
code: 200
message: OK
body: {"business":{"name":"Okps Door"},"ads":[{"feature_instance_id":"1653664188416318","enabled":true}],"catalogs":[{"feature_instance_id":"925632232095199","enabled":true}],"catalog_feed_scheduled":{"enabled":false},"fb_shops":[{"enabled":false}],"ig_cta":{"enabled":false},"ig_shopping":{"enabled":true},"ig_shoppings":[{"feature_instance_id":"636856034922684","enabled":true}],"messenger_chat":{"enabled":true,"domains":["https:\/\/www.okpsdoor.com\/"],"default_locale":"en_US"},"messenger_chats":[{"feature_instance_id":"1644794592633150","enabled":true,"domains":["https:\/\/www.okpsdoor.com\/"],"default_locale":"en_US"}],"messenger_menu":{"enabled":false},"page_card":{"enabled":false},"page_cta":{"enabled":false},"page_post":{"enabled":false},"page_shop":{"enabled":false},"pixels":[{"feature_instance_id":"7027469227280260","enabled":true},{"enabled":false}],"thread_intent":{"enabled":false}}

11-11-2023 @ 12:21:42 - Request
method: POST
uri: https://graph.facebook.com/v16.0/1311088993098283/events
user-agent: Facebook-for-WooCommerce/3.0.23 (WooCommerce/7.7.2; WordPress/6.4.1)
body: {"data":[{"action_source":"website","event_time":1699698098,"event_id":"f9edd7c4-8e74-425d-9c76-9818ba4cde04","event_source_url":"https:\/\/www.okpsdoor.com\/product\/ml004-melamine-door\/?noamp=mobile","custom_data":{"content_name":"ML004 Melamine Door","content_ids":"[\"ML004_3896\"]","content_type":"product","contents":"[{\"id\":\"ML004_3896\",\"quantity\":1}]","content_category":"Lacquered MDF Doors","value":0,"currency":"USD"},"user_data":{"client_ip_address":"114.119.145.169","client_user_agent":"Mozilla\/5.0 (Linux; Android 7.0;) AppleWebKit\/537.36 (KHTML, like Gecko) Mobile Safari\/537.36 (compatible; PetalBot;+https:\/\/webmaster.petalsearch.com\/site\/petalbot)","fbc":"","fbp":""},"event_name":"ViewContent"}],"partner_agent":"woocommerce-7.7.2-3.0.23"}
duration: 4.52864s

11-11-2023 @ 12:21:42 - Response
code: 200
message: OK
body: {"events_received":1,"messages":[],"fbtrace_id":"AfbGFhvjYjhTjgGAB-LVZjK"}

11-11-2023 @ 12:39:36 - Request
method: POST
uri: https://graph.facebook.com/v16.0/1311088993098283/events
user-agent: Facebook-for-WooCommerce/3.0.23 (WooCommerce/7.7.2; WordPress/6.4.1)
body: {"data":[{"action_source":"website","event_time":1699699175,"event_id":"18803d73-0716-4d30-b090-168b96e4db95","event_source_url":"https:\/\/www.okpsdoor.com\/product\/l029-lacquered-mdf-door\/?noamp=mobile","custom_data":{"content_name":"L041 Lacquered MDF Door","content_ids":"[\"L001-18-10_3773\"]","content_type":"product","contents":"[{\"id\":\"L001-18-10_3773\",\"quantity\":1}]","content_category":"Lacquered MDF Doors","value":"1","currency":"USD"},"user_data":{"client_ip_address":"114.119.156.144","client_user_agent":"Mozilla\/5.0 (Linux; Android 7.0;) AppleWebKit\/537.36 (KHTML, like Gecko) Mobile Safari\/537.36 (compatible; PetalBot;+https:\/\/webmaster.petalsearch.com\/site\/petalbot)","fbc":"","fbp":""},"event_name":"ViewContent"}],"partner_agent":"woocommerce-7.7.2-3.0.23"}
duration: 0.11799s

11-11-2023 @ 12:39:36 - Response
code: 200
message: OK
body: {"events_received":1,"messages":[],"fbtrace_id":"Ak13n8BYiXsjj8X7_nuZo4W"}

11-11-2023 @ 13:19:57 - Request
method: POST
uri: https://graph.facebook.com/v16.0/1311088993098283/events
user-agent: Facebook-for-WooCommerce/3.0.23 (WooCommerce/7.7.2; WordPress/6.4.1)
body: {"data":[{"action_source":"website","event_time":1699701596,"event_id":"3b358fc8-289f-4af1-ac52-7595248ff54d","event_source_url":"https:\/\/www.okpsdoor.com\/product\/l053-lacquered-mdf-door\/?noamp=mobile","custom_data":{"content_name":"L053 Lacquered MDF Door","content_ids":"[\"L053_3866\"]","content_type":"product","contents":"[{\"id\":\"L053_3866\",\"quantity\":1}]","content_category":"Lacquered MDF Doors","value":0,"currency":"USD"},"user_data":{"client_ip_address":"47.128.24.157","client_user_agent":"Mozilla\/5.0 (compatible; Bytespider; spider-feedback@bytedance.com) AppleWebKit\/537.36 (KHTML, like Gecko) Chrome\/70.0.0.0 Safari\/537.36","fbc":"","fbp":""},"event_name":"ViewContent"}],"partner_agent":"woocommerce-7.7.2-3.0.23"}
duration: 0.29605s

11-11-2023 @ 13:19:57 - Response
code: 200
message: OK
body: {"events_received":1,"messages":[],"fbtrace_id":"Appb0F7yQ6Fa5uQzhVS46mQ"}

11-11-2023 @ 14:24:28 - Request
method: GET
uri: https://graph.facebook.com/v16.0/fbe_business?fbe_external_business_id=okpsdoor-6454b365f14df
user-agent: Facebook-for-WooCommerce/3.0.23 (WooCommerce/7.7.2; WordPress/6.4.1)
body:
duration: 0.45318s

11-11-2023 @ 14:24:28 - Response
code: 200
message: OK
body: {"business":{"name":"Okps Door"},"ads":[{"feature_instance_id":"1653664188416318","enabled":true}],"catalogs":[{"feature_instance_id":"925632232095199","enabled":true}],"catalog_feed_scheduled":{"enabled":false},"fb_shops":[{"enabled":false}],"ig_cta":{"enabled":false},"ig_shopping":{"enabled":true},"ig_shoppings":[{"feature_instance_id":"636856034922684","enabled":true}],"messenger_chat":{"enabled":true,"domains":["https:\/\/www.okpsdoor.com\/"],"default_locale":"en_US"},"messenger_chats":[{"feature_instance_id":"1644794592633150","enabled":true,"domains":["https:\/\/www.okpsdoor.com\/"],"default_locale":"en_US"}],"messenger_menu":{"enabled":false},"page_card":{"enabled":false},"page_cta":{"enabled":false},"page_post":{"enabled":false},"page_shop":{"enabled":false},"pixels":[{"feature_instance_id":"7027469227280260","enabled":true},{"enabled":false}],"thread_intent":{"enabled":false}}

11-11-2023 @ 15:06:11 - Request
method: GET
uri: https://graph.facebook.com/v16.0/fbe_business?fbe_external_business_id=okpsdoor-6454b365f14df
user-agent: Facebook-for-WooCommerce/3.0.23 (WooCommerce/7.7.2; WordPress/6.4.1)
body:
duration: 0.3239s

11-11-2023 @ 15:06:11 - Response
code: 200
message: OK
body: {"business":{"name":"Okps Door"},"ads":[{"feature_instance_id":"1653664188416318","enabled":true}],"catalogs":[{"feature_instance_id":"925632232095199","enabled":true}],"catalog_feed_scheduled":{"enabled":false},"fb_shops":[{"enabled":false}],"ig_cta":{"enabled":false},"ig_shopping":{"enabled":true},"ig_shoppings":[{"feature_instance_id":"636856034922684","enabled":true}],"messenger_chat":{"enabled":true,"domains":["https:\/\/www.okpsdoor.com\/"],"default_locale":"en_US"},"messenger_chats":[{"feature_instance_id":"1644794592633150","enabled":true,"domains":["https:\/\/www.okpsdoor.com\/"],"default_locale":"en_US"}],"messenger_menu":{"enabled":false},"page_card":{"enabled":false},"page_cta":{"enabled":false},"page_post":{"enabled":false},"page_shop":{"enabled":false},"pixels":[{"feature_instance_id":"7027469227280260","enabled":true},{"enabled":false}],"thread_intent":{"enabled":false}}

11-11-2023 @ 15:19:02 - Request
method: POST
uri: https://graph.facebook.com/v16.0/1311088993098283/events
user-agent: Facebook-for-WooCommerce/3.0.23 (WooCommerce/7.7.2; WordPress/6.4.1)
body: {"data":[{"action_source":"website","event_time":1699708741,"event_id":"74429def-d587-47a9-882d-83c0b2b97e6d","event_source_url":"https:\/\/www.okpsdoor.com\/product\/pvc007-pvc-door\/?noamp=mobile","custom_data":{"content_name":"PVC007 PVC Door","content_ids":"[\"PVC007_3985\"]","content_type":"product","contents":"[{\"id\":\"PVC007_3985\",\"quantity\":1}]","content_category":"PVC Doors","value":0,"currency":"USD"},"user_data":{"client_ip_address":"114.119.159.26","client_user_agent":"Mozilla\/5.0 (Linux; Android 7.0;) AppleWebKit\/537.36 (KHTML, like Gecko) Mobile Safari\/537.36 (compatible; PetalBot;+https:\/\/webmaster.petalsearch.com\/site\/petalbot)","fbc":"","fbp":""},"event_name":"ViewContent"}],"partner_agent":"woocommerce-7.7.2-3.0.23"}
duration: 0.3401s

11-11-2023 @ 15:19:02 - Response
code: 200
message: OK
body: {"events_received":1,"messages":[],"fbtrace_id":"AWv6hGfqUuHdbcmc0GallOC"}

11-11-2023 @ 15:26:24 - Request
method: POST
uri: https://graph.facebook.com/v16.0/1311088993098283/events
user-agent: Facebook-for-WooCommerce/3.0.23 (WooCommerce/7.7.2; WordPress/6.4.1)
body: {"data":[{"action_source":"website","event_time":1699709183,"event_id":"a06b8e1f-da05-49e6-a935-78c647016209","event_source_url":"https:\/\/www.okpsdoor.com\/product\/k008-wood-veneer-door\/?add-to-cart=3765","custom_data":{"content_ids":"[\"L001-18-2_3765\"]","content_name":"L021 Lacquered MDF Door","content_type":"product","contents":"[{\"id\":\"L001-18-2_3765\",\"quantity\":1}]","value":1,"currency":"USD"},"user_data":{"client_ip_address":"216.244.66.249","client_user_agent":"Mozilla\/5.0 (compatible; DotBot\/1.2; +https:\/\/opensiteexplorer.org\/dotbot; help@moz.com)","fbc":"","fbp":""},"event_name":"AddToCart"}],"partner_agent":"woocommerce-7.7.2-3.0.23"}
duration: 0.27277s

11-11-2023 @ 15:26:24 - Response
code: 200
message: OK
body: {"events_received":1,"messages":[],"fbtrace_id":"ABizC8TsAx56z1sF_D5yEDi"}

11-11-2023 @ 15:44:56 - Request
method: POST
uri: https://graph.facebook.com/v16.0/1311088993098283/events
user-agent: Facebook-for-WooCommerce/3.0.23 (WooCommerce/7.7.2; WordPress/6.4.1)
body: {"data":[{"action_source":"website","event_time":1699710295,"event_id":"a9b735fb-df9b-4af1-bf07-582f9412ecf4","event_source_url":"https:\/\/www.okpsdoor.com\/product\/l042-lacquered-mdf-door\/?noamp=mobile","custom_data":{"content_name":"L042 Lacquered MDF Door","content_ids":"[\"L001-18-11_3774\"]","content_type":"product","contents":"[{\"id\":\"L001-18-11_3774\",\"quantity\":1}]","content_category":"Lacquered MDF Doors","value":"1","currency":"USD"},"user_data":{"client_ip_address":"114.119.135.152","client_user_agent":"Mozilla\/5.0 (Linux; Android 7.0;) AppleWebKit\/537.36 (KHTML, like Gecko) Mobile Safari\/537.36 (compatible; PetalBot;+https:\/\/webmaster.petalsearch.com\/site\/petalbot)","fbc":"","fbp":""},"event_name":"ViewContent"}],"partner_agent":"woocommerce-7.7.2-3.0.23"}
duration: 0.2747s

11-11-2023 @ 15:44:56 - Response
code: 200
message: OK
body: {"events_received":1,"messages":[],"fbtrace_id":"AEyZxgFeJyw8eDoC8lRkqC7"}

11-11-2023 @ 15:46:17 - Request
method: GET
uri: https://graph.facebook.com/v16.0/fbe_business?fbe_external_business_id=okpsdoor-6454b365f14df
user-agent: Facebook-for-WooCommerce/3.0.23 (WooCommerce/7.7.2; WordPress/6.4.1)
body:
duration: 0.31493s

11-11-2023 @ 15:46:17 - Response
code: 200
message: OK
body: {"business":{"name":"Okps Door"},"ads":[{"feature_instance_id":"1653664188416318","enabled":true}],"catalogs":[{"feature_instance_id":"925632232095199","enabled":true}],"catalog_feed_scheduled":{"enabled":false},"fb_shops":[{"enabled":false}],"ig_cta":{"enabled":false},"ig_shopping":{"enabled":true},"ig_shoppings":[{"feature_instance_id":"636856034922684","enabled":true}],"messenger_chat":{"enabled":true,"domains":["https:\/\/www.okpsdoor.com\/"],"default_locale":"en_US"},"messenger_chats":[{"feature_instance_id":"1644794592633150","enabled":true,"domains":["https:\/\/www.okpsdoor.com\/"],"default_locale":"en_US"}],"messenger_menu":{"enabled":false},"page_card":{"enabled":false},"page_cta":{"enabled":false},"page_post":{"enabled":false},"page_shop":{"enabled":false},"pixels":[{"feature_instance_id":"7027469227280260","enabled":true},{"enabled":false}],"thread_intent":{"enabled":false}}

11-11-2023 @ 16:14:54 - Request
method: POST
uri: https://graph.facebook.com/v16.0/1311088993098283/events
user-agent: Facebook-for-WooCommerce/3.0.23 (WooCommerce/7.7.2; WordPress/6.4.1)
body: {"data":[{"action_source":"website","event_time":1699712093,"event_id":"41230aa9-0ffa-4af8-83ec-f78c89063268","event_source_url":"https:\/\/www.okpsdoor.com\/product\/l044-lacquered-mdf-door\/?noamp=mobile","custom_data":{"content_name":"L044 Lacquered MDF Door","content_ids":"[\"L001-18-13_3776\"]","content_type":"product","contents":"[{\"id\":\"L001-18-13_3776\",\"quantity\":1}]","content_category":"Lacquered MDF Doors","value":"1","currency":"USD"},"user_data":{"client_ip_address":"114.119.156.17","client_user_agent":"Mozilla\/5.0 (Linux; Android 7.0;) AppleWebKit\/537.36 (KHTML, like Gecko) Mobile Safari\/537.36 (compatible; PetalBot;+https:\/\/webmaster.petalsearch.com\/site\/petalbot)","fbc":"","fbp":""},"event_name":"ViewContent"}],"partner_agent":"woocommerce-7.7.2-3.0.23"}
duration: 0.31589s

11-11-2023 @ 16:14:54 - Response
code: 200
message: OK
body: {"events_received":1,"messages":[],"fbtrace_id":"AOYDi8k5zKpx0hU6jRcYJBE"}

11-11-2023 @ 16:58:41 - Request
method: POST
uri: https://graph.facebook.com/v16.0/1311088993098283/events
user-agent: Facebook-for-WooCommerce/3.0.23 (WooCommerce/7.7.2; WordPress/6.4.1)
body: {"data":[{"action_source":"website","event_time":1699714721,"event_id":"4caf351c-3c4d-4488-bd06-630232d33638","event_source_url":"https:\/\/www.okpsdoor.com\/product\/k007-wood-veneer-door\/?add-to-cart=3765","custom_data":{"content_ids":"[\"L001-18-2_3765\"]","content_name":"L021 Lacquered MDF Door","content_type":"product","contents":"[{\"id\":\"L001-18-2_3765\",\"quantity\":1}]","value":1,"currency":"USD"},"user_data":{"client_ip_address":"216.244.66.249","client_user_agent":"Mozilla\/5.0 (compatible; DotBot\/1.2; +https:\/\/opensiteexplorer.org\/dotbot; help@moz.com)","fbc":"","fbp":""},"event_name":"AddToCart"}],"partner_agent":"woocommerce-7.7.2-3.0.23"}
duration: 0.26547s

11-11-2023 @ 16:58:41 - Response
code: 200
message: OK
body: {"events_received":1,"messages":[],"fbtrace_id":"AkukW713Bpb6aFD_MIWAx8E"}

11-11-2023 @ 17:15:41 - Request
method: POST
uri: https://graph.facebook.com/v16.0/1311088993098283/events
user-agent: Facebook-for-WooCommerce/3.0.23 (WooCommerce/7.7.2; WordPress/6.4.1)
body: {"data":[{"action_source":"website","event_time":1699715741,"event_id":"2111e2ed-1356-42d6-ace1-30399cd6e714","event_source_url":"https:\/\/www.okpsdoor.com\/product\/l019-lacquered-mdf-door-copy\/?noamp=mobile","custom_data":{"content_name":"L019 Lacquered MDF Door","content_ids":"[\"L001-18_3739\"]","content_type":"product","contents":"[{\"id\":\"L001-18_3739\",\"quantity\":1}]","content_category":"Lacquered MDF Doors","value":"1","currency":"USD"},"user_data":{"client_ip_address":"47.128.28.15","client_user_agent":"Mozilla\/5.0 (compatible; Bytespider; spider-feedback@bytedance.com) AppleWebKit\/537.36 (KHTML, like Gecko) Chrome\/70.0.0.0 Safari\/537.36","fbc":"","fbp":""},"event_name":"ViewContent"}],"partner_agent":"woocommerce-7.7.2-3.0.23"}
duration: 0.26145s

11-11-2023 @ 17:15:41 - Response
code: 200
message: OK
body: {"events_received":1,"messages":[],"fbtrace_id":"A1c4m_zqF_ftRe_Cl_H7t1V"}

11-11-2023 @ 17:15:41 - Request
method: GET
uri: https://graph.facebook.com/v16.0/fbe_business?fbe_external_business_id=okpsdoor-6454b365f14df
user-agent: Facebook-for-WooCommerce/3.0.23 (WooCommerce/7.7.2; WordPress/6.4.1)
body:
duration: 0.38768s

11-11-2023 @ 17:15:41 - Response
code: 200
message: OK
body: {"business":{"name":"Okps Door"},"ads":[{"feature_instance_id":"1653664188416318","enabled":true}],"catalogs":[{"feature_instance_id":"925632232095199","enabled":true}],"catalog_feed_scheduled":{"enabled":false},"fb_shops":[{"enabled":false}],"ig_cta":{"enabled":false},"ig_shopping":{"enabled":true},"ig_shoppings":[{"feature_instance_id":"636856034922684","enabled":true}],"messenger_chat":{"enabled":true,"domains":["https:\/\/www.okpsdoor.com\/"],"default_locale":"en_US"},"messenger_chats":[{"feature_instance_id":"1644794592633150","enabled":true,"domains":["https:\/\/www.okpsdoor.com\/"],"default_locale":"en_US"}],"messenger_menu":{"enabled":false},"page_card":{"enabled":false},"page_cta":{"enabled":false},"page_post":{"enabled":false},"page_shop":{"enabled":false},"pixels":[{"feature_instance_id":"7027469227280260","enabled":true},{"enabled":false}],"thread_intent":{"enabled":false}}

11-11-2023 @ 17:36:00 - Request
method: POST
uri: https://graph.facebook.com/v16.0/1311088993098283/events
user-agent: Facebook-for-WooCommerce/3.0.23 (WooCommerce/7.7.2; WordPress/6.4.1)
body: {"data":[{"action_source":"website","event_time":1699716960,"event_id":"678a59bc-5c23-476b-8845-ec00f49207b8","event_source_url":"https:\/\/www.okpsdoor.com\/product\/l040-lacquered-mdf-door\/?noamp=mobile","custom_data":{"content_name":"L040 Lacquered MDF Door","content_ids":"[\"L001-18-9_3772\"]","content_type":"product","contents":"[{\"id\":\"L001-18-9_3772\",\"quantity\":1}]","content_category":"Lacquered MDF Doors","value":"1","currency":"USD"},"user_data":{"client_ip_address":"114.119.136.8","client_user_agent":"Mozilla\/5.0 (Linux; Android 7.0;) AppleWebKit\/537.36 (KHTML, like Gecko) Mobile Safari\/537.36 (compatible; PetalBot;+https:\/\/webmaster.petalsearch.com\/site\/petalbot)","fbc":"","fbp":""},"event_name":"ViewContent"}],"partner_agent":"woocommerce-7.7.2-3.0.23"}
duration: 0.11848s

11-11-2023 @ 17:36:00 - Response
code: 200
message: OK
body: {"events_received":1,"messages":[],"fbtrace_id":"A3DSEYmkiv0eTkk8fCahinm"}

11-11-2023 @ 18:10:28 - Request
method: POST
uri: https://graph.facebook.com/v16.0/1311088993098283/events
user-agent: Facebook-for-WooCommerce/3.0.23 (WooCommerce/7.7.2; WordPress/6.4.1)
body: {"data":[{"action_source":"website","event_time":1699719028,"event_id":"a88c498d-11af-4eb8-8b6e-cdcc5c23f27d","event_source_url":"https:\/\/www.okpsdoor.com\/product\/l021-lacquered-mdf-door\/?noamp=mobile","custom_data":{"content_name":"L021 Lacquered MDF Door","content_ids":"[\"L001-18-2_3765\"]","content_type":"product","contents":"[{\"id\":\"L001-18-2_3765\",\"quantity\":1}]","content_category":"Lacquered MDF Doors","value":"1","currency":"USD"},"user_data":{"client_ip_address":"114.119.140.161","client_user_agent":"Mozilla\/5.0 (Linux; Android 7.0;) AppleWebKit\/537.36 (KHTML, like Gecko) Mobile Safari\/537.36 (compatible; PetalBot;+https:\/\/webmaster.petalsearch.com\/site\/petalbot)","fbc":"","fbp":""},"event_name":"ViewContent"}],"partner_agent":"woocommerce-7.7.2-3.0.23"}
duration: 0.33099s

11-11-2023 @ 18:10:28 - Response
code: 200
message: OK
body: {"events_received":1,"messages":[],"fbtrace_id":"AnXfXUbdG8GHzcmnvnnfyAq"}

11-11-2023 @ 18:10:28 - Request
method: GET
uri: https://graph.facebook.com/v16.0/fbe_business?fbe_external_business_id=okpsdoor-6454b365f14df
user-agent: Facebook-for-WooCommerce/3.0.23 (WooCommerce/7.7.2; WordPress/6.4.1)
body:
duration: 0.31266s

11-11-2023 @ 18:10:28 - Response
code: 200
message: OK
body: {"business":{"name":"Okps Door"},"ads":[{"feature_instance_id":"1653664188416318","enabled":true}],"catalogs":[{"feature_instance_id":"925632232095199","enabled":true}],"catalog_feed_scheduled":{"enabled":false},"fb_shops":[{"enabled":false}],"ig_cta":{"enabled":false},"ig_shopping":{"enabled":true},"ig_shoppings":[{"feature_instance_id":"636856034922684","enabled":true}],"messenger_chat":{"enabled":true,"domains":["https:\/\/www.okpsdoor.com\/"],"default_locale":"en_US"},"messenger_chats":[{"feature_instance_id":"1644794592633150","enabled":true,"domains":["https:\/\/www.okpsdoor.com\/"],"default_locale":"en_US"}],"messenger_menu":{"enabled":false},"page_card":{"enabled":false},"page_cta":{"enabled":false},"page_post":{"enabled":false},"page_shop":{"enabled":false},"pixels":[{"feature_instance_id":"7027469227280260","enabled":true},{"enabled":false}],"thread_intent":{"enabled":false}}

11-11-2023 @ 18:31:28 - Request
method: POST
uri: https://graph.facebook.com/v16.0/1311088993098283/events
user-agent: Facebook-for-WooCommerce/3.0.23 (WooCommerce/7.7.2; WordPress/6.4.1)
body: {"data":[{"action_source":"website","event_time":1699720288,"event_id":"e73612ec-b666-4888-a71e-ff29515a9f31","event_source_url":"https:\/\/www.okpsdoor.com\/product\/pvc008-pvc-door\/?add-to-cart=3723","custom_data":{"content_ids":"[\"L001-2_3723\"]","content_name":"L002 Lacquered MDF Door","content_type":"product","contents":"[{\"id\":\"L001-2_3723\",\"quantity\":1}]","value":0,"currency":"USD"},"user_data":{"client_ip_address":"216.244.66.249","client_user_agent":"Mozilla\/5.0 (compatible; DotBot\/1.2; +https:\/\/opensiteexplorer.org\/dotbot; help@moz.com)","fbc":"","fbp":""},"event_name":"AddToCart"}],"partner_agent":"woocommerce-7.7.2-3.0.23"}
duration: 0.29274s

11-11-2023 @ 18:31:28 - Response
code: 200
message: OK
body: {"events_received":1,"messages":[],"fbtrace_id":"AGUC2JJRKB7DR6i_DSYuZvS"}

11-11-2023 @ 19:13:12 - Request
method: POST
uri: https://graph.facebook.com/v16.0/1311088993098283/events
user-agent: Facebook-for-WooCommerce/3.0.23 (WooCommerce/7.7.2; WordPress/6.4.1)
body: {"data":[{"action_source":"website","event_time":1699722792,"event_id":"922dafbc-5ccc-4fc4-ac3b-80ddf6053bb3","event_source_url":"https:\/\/www.okpsdoor.com\/product\/l007-lacquered-mdf-door\/?noamp=mobile","custom_data":{"content_name":"L007 Lacquered MDF Door","content_ids":"[\"L001-7_3728\"]","content_type":"product","contents":"[{\"id\":\"L001-7_3728\",\"quantity\":1}]","content_category":"Lacquered MDF Doors","value":"1","currency":"USD"},"user_data":{"client_ip_address":"114.119.130.136","client_user_agent":"Mozilla\/5.0 (Linux; Android 7.0;) AppleWebKit\/537.36 (KHTML, like Gecko) Mobile Safari\/537.36 (compatible; PetalBot;+https:\/\/webmaster.petalsearch.com\/site\/petalbot)","fbc":"","fbp":""},"event_name":"ViewContent"}],"partner_agent":"woocommerce-7.7.2-3.0.23"}
duration: 0.27133s

11-11-2023 @ 19:13:12 - Response
code: 200
message: OK
body: {"events_received":1,"messages":[],"fbtrace_id":"AtaWwmzSsVYzge6dfgKmgqH"}

11-11-2023 @ 19:16:33 - Request
method: POST
uri: https://graph.facebook.com/v16.0/1311088993098283/events
user-agent: Facebook-for-WooCommerce/3.0.23 (WooCommerce/7.7.2; WordPress/6.4.1)
body: {"data":[{"action_source":"website","event_time":1699722992,"event_id":"c767e2d8-11f1-4be5-a3a0-e72321d05a53","event_source_url":"https:\/\/www.okpsdoor.com\/product\/k003-wood-veneer-door\/?add-to-cart=3734","custom_data":{"content_ids":"[\"L001-13_3734\"]","content_name":"L013 Lacquered MDF Door","content_type":"product","contents":"[{\"id\":\"L001-13_3734\",\"quantity\":1}]","value":1,"currency":"USD"},"user_data":{"client_ip_address":"216.244.66.249","client_user_agent":"Mozilla\/5.0 (compatible; DotBot\/1.2; +https:\/\/opensiteexplorer.org\/dotbot; help@moz.com)","fbc":"","fbp":""},"event_name":"AddToCart"}],"partner_agent":"woocommerce-7.7.2-3.0.23"}
duration: 0.26385s

11-11-2023 @ 19:16:33 - Response
code: 200
message: OK
body: {"events_received":1,"messages":[],"fbtrace_id":"AC0sLsvo4nweENyPZ8HIyuH"}

11-11-2023 @ 19:16:43 - Request
method: POST
uri: https://graph.facebook.com/v16.0/1311088993098283/events
user-agent: Facebook-for-WooCommerce/3.0.23 (WooCommerce/7.7.2; WordPress/6.4.1)
body: {"data":[{"action_source":"website","event_time":1699723003,"event_id":"99e89afd-4194-4953-b675-4213f6de8b2e","event_source_url":"https:\/\/www.okpsdoor.com\/product\/k004-wood-veneer-door\/?add-to-cart=3723","custom_data":{"content_ids":"[\"L001-2_3723\"]","content_name":"L002 Lacquered MDF Door","content_type":"product","contents":"[{\"id\":\"L001-2_3723\",\"quantity\":1}]","value":0,"currency":"USD"},"user_data":{"client_ip_address":"216.244.66.249","client_user_agent":"Mozilla\/5.0 (compatible; DotBot\/1.2; +https:\/\/opensiteexplorer.org\/dotbot; help@moz.com)","fbc":"","fbp":""},"event_name":"AddToCart"}],"partner_agent":"woocommerce-7.7.2-3.0.23"}
duration: 0.31101s

11-11-2023 @ 19:16:43 - Response
code: 200
message: OK
body: {"events_received":1,"messages":[],"fbtrace_id":"APvpz_sfiMISkI04ZByOtKP"}

11-11-2023 @ 19:16:56 - Request
method: POST
uri: https://graph.facebook.com/v16.0/1311088993098283/events
user-agent: Facebook-for-WooCommerce/3.0.23 (WooCommerce/7.7.2; WordPress/6.4.1)
body: {"data":[{"action_source":"website","event_time":1699723015,"event_id":"03eb7f8d-c2fc-4ea4-a2c2-8ff023de6c6d","event_source_url":"https:\/\/www.okpsdoor.com\/product\/pvc002-pvc-door\/?add-to-cart=3723","custom_data":{"content_ids":"[\"L001-2_3723\"]","content_name":"L002 Lacquered MDF Door","content_type":"product","contents":"[{\"id\":\"L001-2_3723\",\"quantity\":1}]","value":0,"currency":"USD"},"user_data":{"client_ip_address":"216.244.66.249","client_user_agent":"Mozilla\/5.0 (compatible; DotBot\/1.2; +https:\/\/opensiteexplorer.org\/dotbot; help@moz.com)","fbc":"","fbp":""},"event_name":"AddToCart"}],"partner_agent":"woocommerce-7.7.2-3.0.23"}
duration: 0.26285s

11-11-2023 @ 19:16:56 - Response
code: 200
message: OK
body: {"events_received":1,"messages":[],"fbtrace_id":"AZtim26jw27wWgxtz7gtQCU"}

11-11-2023 @ 19:17:08 - Request
method: POST
uri: https://graph.facebook.com/v16.0/1311088993098283/events
user-agent: Facebook-for-WooCommerce/3.0.23 (WooCommerce/7.7.2; WordPress/6.4.1)
body: {"data":[{"action_source":"website","event_time":1699723028,"event_id":"8de17653-fb8d-4d80-be52-7dd64d21c177","event_source_url":"https:\/\/www.okpsdoor.com\/product\/pvc007-pvc-door\/?add-to-cart=3774","custom_data":{"content_ids":"[\"L001-18-11_3774\"]","content_name":"L042 Lacquered MDF Door","content_type":"product","contents":"[{\"id\":\"L001-18-11_3774\",\"quantity\":1}]","value":1,"currency":"USD"},"user_data":{"client_ip_address":"216.244.66.249","client_user_agent":"Mozilla\/5.0 (compatible; DotBot\/1.2; +https:\/\/opensiteexplorer.org\/dotbot; help@moz.com)","fbc":"","fbp":""},"event_name":"AddToCart"}],"partner_agent":"woocommerce-7.7.2-3.0.23"}
duration: 0.27198s

11-11-2023 @ 19:17:08 - Response
code: 200
message: OK
body: {"events_received":1,"messages":[],"fbtrace_id":"A-8kyqGor6C5qB4NmgNyWyi"}

11-11-2023 @ 19:34:15 - Request
method: GET
uri: https://graph.facebook.com/v16.0/fbe_business?fbe_external_business_id=okpsdoor-6454b365f14df
user-agent: Facebook-for-WooCommerce/3.0.23 (WooCommerce/7.7.2; WordPress/6.4.1)
body:
duration: 0.25813s

11-11-2023 @ 19:34:15 - Response
code: 200
message: OK
body: {"business":{"name":"Okps Door"},"ads":[{"feature_instance_id":"1653664188416318","enabled":true}],"catalogs":[{"feature_instance_id":"925632232095199","enabled":true}],"catalog_feed_scheduled":{"enabled":false},"fb_shops":[{"enabled":false}],"ig_cta":{"enabled":false},"ig_shopping":{"enabled":true},"ig_shoppings":[{"feature_instance_id":"636856034922684","enabled":true}],"messenger_chat":{"enabled":true,"domains":["https:\/\/www.okpsdoor.com\/"],"default_locale":"en_US"},"messenger_chats":[{"feature_instance_id":"1644794592633150","enabled":true,"domains":["https:\/\/www.okpsdoor.com\/"],"default_locale":"en_US"}],"messenger_menu":{"enabled":false},"page_card":{"enabled":false},"page_cta":{"enabled":false},"page_post":{"enabled":false},"page_shop":{"enabled":false},"pixels":[{"feature_instance_id":"7027469227280260","enabled":true},{"enabled":false}],"thread_intent":{"enabled":false}}

11-11-2023 @ 19:35:28 - Request
method: POST
uri: https://graph.facebook.com/v16.0/1311088993098283/events
user-agent: Facebook-for-WooCommerce/3.0.23 (WooCommerce/7.7.2; WordPress/6.4.1)
body: {"data":[{"action_source":"website","event_time":1699724127,"event_id":"e6c72bae-e92b-443c-aefb-a1d07bddfaba","event_source_url":"https:\/\/www.okpsdoor.com\/product\/ml003-melamine-door\/?noamp=mobile","custom_data":{"content_name":"ML003 Melamine Door","content_ids":"[\"ML003_3897\"]","content_type":"product","contents":"[{\"id\":\"ML003_3897\",\"quantity\":1}]","content_category":"Lacquered MDF Doors","value":0,"currency":"USD"},"user_data":{"client_ip_address":"114.119.159.129","client_user_agent":"Mozilla\/5.0 (Linux; Android 7.0;) AppleWebKit\/537.36 (KHTML, like Gecko) Mobile Safari\/537.36 (compatible; PetalBot;+https:\/\/webmaster.petalsearch.com\/site\/petalbot)","fbc":"","fbp":""},"event_name":"ViewContent"}],"partner_agent":"woocommerce-7.7.2-3.0.23"}
duration: 0.27673s

11-11-2023 @ 19:35:28 - Response
code: 200
message: OK
body: {"events_received":1,"messages":[],"fbtrace_id":"AncJv9uWNp-h-_4RlH3xJAD"}

11-11-2023 @ 20:06:54 - Request
method: GET
uri: https://graph.facebook.com/v16.0/fbe_business?fbe_external_business_id=okpsdoor-6454b365f14df
user-agent: Facebook-for-WooCommerce/3.0.23 (WooCommerce/7.7.2; WordPress/6.4.1)
body:
duration: 0.35298s

11-11-2023 @ 20:06:54 - Response
code: 200
message: OK
body: {"business":{"name":"Okps Door"},"ads":[{"feature_instance_id":"1653664188416318","enabled":true}],"catalogs":[{"feature_instance_id":"925632232095199","enabled":true}],"catalog_feed_scheduled":{"enabled":false},"fb_shops":[{"enabled":false}],"ig_cta":{"enabled":false},"ig_shopping":{"enabled":true},"ig_shoppings":[{"feature_instance_id":"636856034922684","enabled":true}],"messenger_chat":{"enabled":true,"domains":["https:\/\/www.okpsdoor.com\/"],"default_locale":"en_US"},"messenger_chats":[{"feature_instance_id":"1644794592633150","enabled":true,"domains":["https:\/\/www.okpsdoor.com\/"],"default_locale":"en_US"}],"messenger_menu":{"enabled":false},"page_card":{"enabled":false},"page_cta":{"enabled":false},"page_post":{"enabled":false},"page_shop":{"enabled":false},"pixels":[{"feature_instance_id":"7027469227280260","enabled":true},{"enabled":false}],"thread_intent":{"enabled":false}}

11-11-2023 @ 20:51:02 - Request
method: POST
uri: https://graph.facebook.com/v16.0/1311088993098283/events
user-agent: Facebook-for-WooCommerce/3.0.23 (WooCommerce/7.7.2; WordPress/6.4.1)
body: {"data":[{"action_source":"website","event_time":1699728661,"event_id":"1501030c-2428-44a6-8b7b-5e9d721379e6","event_source_url":"https:\/\/www.okpsdoor.com\/product\/p021-panel-door\/?noamp=mobile","custom_data":{"content_name":"P021 Panel Door","content_ids":"[\"P021_3899\"]","content_type":"product","contents":"[{\"id\":\"P021_3899\",\"quantity\":1}]","content_category":"Lacquered MDF Doors","value":0,"currency":"USD"},"user_data":{"client_ip_address":"114.119.130.33","client_user_agent":"Mozilla\/5.0 (Linux; Android 7.0;) AppleWebKit\/537.36 (KHTML, like Gecko) Mobile Safari\/537.36 (compatible; PetalBot;+https:\/\/webmaster.petalsearch.com\/site\/petalbot)","fbc":"","fbp":""},"event_name":"ViewContent"}],"partner_agent":"woocommerce-7.7.2-3.0.23"}
duration: 0.26242s

11-11-2023 @ 20:51:02 - Response
code: 200
message: OK
body: {"events_received":1,"messages":[],"fbtrace_id":"ABDZnbV8EBTvQUtrTloJ4xS"}

11-11-2023 @ 21:15:01 - Request
method: GET
uri: https://graph.facebook.com/v16.0/fbe_business?fbe_external_business_id=okpsdoor-6454b365f14df
user-agent: Facebook-for-WooCommerce/3.0.23 (WooCommerce/7.7.2; WordPress/6.4.1)
body:
duration: 0.36282s

11-11-2023 @ 21:15:01 - Response
code: 200
message: OK
body: {"business":{"name":"Okps Door"},"ads":[{"feature_instance_id":"1653664188416318","enabled":true}],"catalogs":[{"feature_instance_id":"925632232095199","enabled":true}],"catalog_feed_scheduled":{"enabled":false},"fb_shops":[{"enabled":false}],"ig_cta":{"enabled":false},"ig_shopping":{"enabled":true},"ig_shoppings":[{"feature_instance_id":"636856034922684","enabled":true}],"messenger_chat":{"enabled":true,"domains":["https:\/\/www.okpsdoor.com\/"],"default_locale":"en_US"},"messenger_chats":[{"feature_instance_id":"1644794592633150","enabled":true,"domains":["https:\/\/www.okpsdoor.com\/"],"default_locale":"en_US"}],"messenger_menu":{"enabled":false},"page_card":{"enabled":false},"page_cta":{"enabled":false},"page_post":{"enabled":false},"page_shop":{"enabled":false},"pixels":[{"feature_instance_id":"7027469227280260","enabled":true},{"enabled":false}],"thread_intent":{"enabled":false}}

11-11-2023 @ 21:33:18 - Request
method: POST
uri: https://graph.facebook.com/v16.0/1311088993098283/events
user-agent: Facebook-for-WooCommerce/3.0.23 (WooCommerce/7.7.2; WordPress/6.4.1)
body: {"data":[{"action_source":"website","event_time":1699731198,"event_id":"5e5d2281-8583-4bc3-ac33-38512809d9df","event_source_url":"https:\/\/www.okpsdoor.com\/product\/p015-panel-door\/?noamp=mobile","custom_data":{"content_name":"P015 Panel Door","content_ids":"[\"P015_3939\"]","content_type":"product","contents":"[{\"id\":\"P015_3939\",\"quantity\":1}]","content_category":"Lacquered MDF Doors","value":0,"currency":"USD"},"user_data":{"client_ip_address":"114.119.159.236","client_user_agent":"Mozilla\/5.0 (Linux; Android 7.0;) AppleWebKit\/537.36 (KHTML, like Gecko) Mobile Safari\/537.36 (compatible; PetalBot;+https:\/\/webmaster.petalsearch.com\/site\/petalbot)","fbc":"","fbp":""},"event_name":"ViewContent"}],"partner_agent":"woocommerce-7.7.2-3.0.23"}
duration: 0.27324s

11-11-2023 @ 21:33:18 - Response
code: 200
message: OK
body: {"events_received":1,"messages":[],"fbtrace_id":"A4JncDduMfTqT4bh_Gis1mp"}

11-11-2023 @ 21:52:32 - Request
method: GET
uri: https://graph.facebook.com/v16.0/fbe_business?fbe_external_business_id=okpsdoor-6454b365f14df
user-agent: Facebook-for-WooCommerce/3.0.23 (WooCommerce/7.7.2; WordPress/6.4.1)
body:
duration: 0.45075s

11-11-2023 @ 21:52:32 - Response
code: 200
message: OK
body: {"business":{"name":"Okps Door"},"ads":[{"feature_instance_id":"1653664188416318","enabled":true}],"catalogs":[{"feature_instance_id":"925632232095199","enabled":true}],"catalog_feed_scheduled":{"enabled":false},"fb_shops":[{"enabled":false}],"ig_cta":{"enabled":false},"ig_shopping":{"enabled":true},"ig_shoppings":[{"feature_instance_id":"636856034922684","enabled":true}],"messenger_chat":{"enabled":true,"domains":["https:\/\/www.okpsdoor.com\/"],"default_locale":"en_US"},"messenger_chats":[{"feature_instance_id":"1644794592633150","enabled":true,"domains":["https:\/\/www.okpsdoor.com\/"],"default_locale":"en_US"}],"messenger_menu":{"enabled":false},"page_card":{"enabled":false},"page_cta":{"enabled":false},"page_post":{"enabled":false},"page_shop":{"enabled":false},"pixels":[{"feature_instance_id":"7027469227280260","enabled":true},{"enabled":false}],"thread_intent":{"enabled":false}}

11-11-2023 @ 23:27:34 - Request
method: GET
uri: https://graph.facebook.com/v16.0/fbe_business?fbe_external_business_id=okpsdoor-6454b365f14df
user-agent: Facebook-for-WooCommerce/3.0.23 (WooCommerce/7.7.2; WordPress/6.4.1)
body:
duration: 0.42976s

11-11-2023 @ 23:27:34 - Response
code: 200
message: OK
body: {"business":{"name":"Okps Door"},"ads":[{"feature_instance_id":"1653664188416318","enabled":true}],"catalogs":[{"feature_instance_id":"925632232095199","enabled":true}],"catalog_feed_scheduled":{"enabled":false},"fb_shops":[{"enabled":false}],"ig_cta":{"enabled":false},"ig_shopping":{"enabled":true},"ig_shoppings":[{"feature_instance_id":"636856034922684","enabled":true}],"messenger_chat":{"enabled":true,"domains":["https:\/\/www.okpsdoor.com\/"],"default_locale":"en_US"},"messenger_chats":[{"feature_instance_id":"1644794592633150","enabled":true,"domains":["https:\/\/www.okpsdoor.com\/"],"default_locale":"en_US"}],"messenger_menu":{"enabled":false},"page_card":{"enabled":false},"page_cta":{"enabled":false},"page_post":{"enabled":false},"page_shop":{"enabled":false},"pixels":[{"feature_instance_id":"7027469227280260","enabled":true},{"enabled":false}],"thread_intent":{"enabled":false}}

11-11-2023 @ 23:49:06 - Request
method: GET
uri: https://graph.facebook.com/v16.0/fbe_business?fbe_external_business_id=okpsdoor-6454b365f14df
user-agent: Facebook-for-WooCommerce/3.0.23 (WooCommerce/7.7.2; WordPress/6.4.1)
body:
duration: 0.43877s

11-11-2023 @ 23:49:06 - Response
code: 200
message: OK
body: {"business":{"name":"Okps Door"},"ads":[{"feature_instance_id":"1653664188416318","enabled":true}],"catalogs":[{"feature_instance_id":"925632232095199","enabled":true}],"catalog_feed_scheduled":{"enabled":false},"fb_shops":[{"enabled":false}],"ig_cta":{"enabled":false},"ig_shopping":{"enabled":true},"ig_shoppings":[{"feature_instance_id":"636856034922684","enabled":true}],"messenger_chat":{"enabled":true,"domains":["https:\/\/www.okpsdoor.com\/"],"default_locale":"en_US"},"messenger_chats":[{"feature_instance_id":"1644794592633150","enabled":true,"domains":["https:\/\/www.okpsdoor.com\/"],"default_locale":"en_US"}],"messenger_menu":{"enabled":false},"page_card":{"enabled":false},"page_cta":{"enabled":false},"page_post":{"enabled":false},"page_shop":{"enabled":false},"pixels":[{"feature_instance_id":"7027469227280260","enabled":true},{"enabled":false}],"thread_intent":{"enabled":false}}

11-11-2023 @ 23:52:18 - Request
method: POST
uri: https://graph.facebook.com/v16.0/1311088993098283/events
user-agent: Facebook-for-WooCommerce/3.0.23 (WooCommerce/7.7.2; WordPress/6.4.1)
body: {"data":[{"action_source":"website","event_time":1699739538,"event_id":"c69798ff-a3e6-4a39-9c20-869a1b840e9c","event_source_url":"https:\/\/www.okpsdoor.com\/shop\/page\/11\/?add-to-cart=2901","custom_data":{"content_ids":"[\"$18\\\/m\\u00b2_2901\"]","content_name":"Jhon Vladimir","content_type":"product","contents":"[{\"id\":\"$18\\\/m\\u00b2_2901\",\"quantity\":1}]","value":0,"currency":"USD"},"user_data":{"client_ip_address":"216.244.66.249","client_user_agent":"Mozilla\/5.0 (compatible; DotBot\/1.2; +https:\/\/opensiteexplorer.org\/dotbot; help@moz.com)","fbc":"","fbp":""},"event_name":"AddToCart"}],"partner_agent":"woocommerce-7.7.2-3.0.23"}
duration: 0.26618s

11-11-2023 @ 23:52:18 - Response
code: 200
message: OK
body: {"events_received":1,"messages":[],"fbtrace_id":"Auczy5SWRQxUax2lZ7JgHsx"}

11-12-2023 @ 01:35:11 - Request
method: POST
uri: https://graph.facebook.com/v16.0/1311088993098283/events
user-agent: Facebook-for-WooCommerce/3.0.23 (WooCommerce/7.7.2; WordPress/6.4.1)
body: {"data":[{"action_source":"website","event_time":1699745711,"event_id":"3a0c88b8-7c01-48d8-95b9-658467915e5b","event_source_url":"https:\/\/www.okpsdoor.com\/product\/l053-lacquered-mdf-door\/?noamp=mobile","custom_data":{"content_name":"L053 Lacquered MDF Door","content_ids":"[\"L053_3866\"]","content_type":"product","contents":"[{\"id\":\"L053_3866\",\"quantity\":1}]","content_category":"Lacquered MDF Doors","value":0,"currency":"USD"},"user_data":{"client_ip_address":"47.128.39.174","client_user_agent":"Mozilla\/5.0 (compatible; Bytespider; spider-feedback@bytedance.com) AppleWebKit\/537.36 (KHTML, like Gecko) Chrome\/70.0.0.0 Safari\/537.36","fbc":"","fbp":""},"event_name":"ViewContent"}],"partner_agent":"woocommerce-7.7.2-3.0.23"}
duration: 0.3036s

11-12-2023 @ 01:35:11 - Response
code: 200
message: OK
body: {"events_received":1,"messages":[],"fbtrace_id":"A-ULPSUMN2hC7vTXS3o4UkP"}

11-12-2023 @ 01:35:11 - Request
method: GET
uri: https://graph.facebook.com/v16.0/fbe_business?fbe_external_business_id=okpsdoor-6454b365f14df
user-agent: Facebook-for-WooCommerce/3.0.23 (WooCommerce/7.7.2; WordPress/6.4.1)
body:
duration: 0.43818s

11-12-2023 @ 01:35:11 - Response
code: 200
message: OK
body: {"business":{"name":"Okps Door"},"ads":[{"feature_instance_id":"1653664188416318","enabled":true}],"catalogs":[{"feature_instance_id":"925632232095199","enabled":true}],"catalog_feed_scheduled":{"enabled":false},"fb_shops":[{"enabled":false}],"ig_cta":{"enabled":false},"ig_shopping":{"enabled":true},"ig_shoppings":[{"feature_instance_id":"636856034922684","enabled":true}],"messenger_chat":{"enabled":true,"domains":["https:\/\/www.okpsdoor.com\/"],"default_locale":"en_US"},"messenger_chats":[{"feature_instance_id":"1644794592633150","enabled":true,"domains":["https:\/\/www.okpsdoor.com\/"],"default_locale":"en_US"}],"messenger_menu":{"enabled":false},"page_card":{"enabled":false},"page_cta":{"enabled":false},"page_post":{"enabled":false},"page_shop":{"enabled":false},"pixels":[{"feature_instance_id":"7027469227280260","enabled":true},{"enabled":false}],"thread_intent":{"enabled":false}}

